6.602975130081176758e-01,6.621633768081665039e-01,6.665219068527221680e-01,6.624180078506469727e-01,6.673145294189453125e-01,6.636933684349060059e-01,6.591472029685974121e-01,6.663606166839599609e-01,6.607449650764465332e-01,6.645703911781311035e-01
6.065970063209533691e-01,6.230298280715942383e-01,6.340929865837097168e-01,6.259221434593200684e-01,6.228237152099609375e-01,6.201419830322265625e-01,6.056978702545166016e-01,6.330245733261108398e-01,6.176736950874328613e-01,6.181275844573974609e-01
5.612201690673828125e-01,5.764259696006774902e-01,5.861375331878662109e-01,5.834338068962097168e-01,5.844756960868835449e-01,5.768281221389770508e-01,5.637670159339904785e-01,5.816207528114318848e-01,5.809667706489562988e-01,5.810300707817077637e-01
5.155818462371826172e-01,5.397294759750366211e-01,5.518051981925964355e-01,5.388145446777343750e-01,5.433836579322814941e-01,5.463199019432067871e-01,5.297350883483886719e-01,5.302253961563110352e-01,5.540786385536193848e-01,5.359044075012207031e-01
4.823631942272186279e-01,5.043251514434814453e-01,5.218313932418823242e-01,5.001816153526306152e-01,5.051525831222534180e-01,5.125401616096496582e-01,4.933805763721466064e-01,4.882246851921081543e-01,5.170624852180480957e-01,4.919922649860382080e-01
4.459813237190246582e-01,4.645017981529235840e-01,4.929577410221099854e-01,4.511099457740783691e-01,4.810508489608764648e-01,4.677151739597320557e-01,4.585693478584289551e-01,4.448098838329315186e-01,4.834500253200531006e-01,4.600827395915985107e-01
4.105025529861450195e-01,4.426256418228149414e-01,4.657295346260070801e-01,4.240075647830963135e-01,4.493732154369354248e-01,4.446392953395843506e-01,4.305270314216613770e-01,4.028374552726745605e-01,4.566176235675811768e-01,4.274129867553710938e-01
3.953255712985992432e-01,4.155511558055877686e-01,4.401864409446716309e-01,3.869330883026123047e-01,4.293405711650848389e-01,4.097514152526855469e-01,3.947146534919738770e-01,3.673235476016998291e-01,4.249921441078186035e-01,3.987263143062591553e-01
3.597875535488128662e-01,3.907986283302307129e-01,4.214896261692047119e-01,3.555991649627685547e-01,3.922215402126312256e-01,3.937709331512451172e-01,3.788328468799591064e-01,3.483645021915435791e-01,3.953177928924560547e-01,3.608312904834747314e-01
3.342243731021881104e-01,3.636616468429565430e-01,4.026730358600616455e-01,3.314552903175354004e-01,3.804278671741485596e-01,3.691191375255584717e-01,3.495880961418151855e-01,3.133643269538879395e-01,3.706457018852233887e-01,3.478011190891265869e-01
3.199941515922546387e-01,3.510233163833618164e-01,3.745833337306976318e-01,3.049144446849822998e-01,3.646286427974700928e-01,3.441250324249267578e-01,3.339070677757263184e-01,2.964161932468414307e-01,3.529396355152130127e-01,3.167023956775665283e-01
3.114042878150939941e-01,3.311979174613952637e-01,3.527961075305938721e-01,2.865482270717620850e-01,3.456038236618041992e-01,3.307265639305114746e-01,3.132863044738769531e-01,2.866501510143280029e-01,3.324894607067108154e-01,3.111945092678070068e-01
2.868636250495910645e-01,3.141010105609893799e-01,3.491818606853485107e-01,2.870380878448486328e-01,3.286489546298980713e-01,3.070770204067230225e-01,3.124276697635650635e-01,2.575845420360565186e-01,3.149282336235046387e-01,2.967629432678222656e-01
2.849882543087005615e-01,3.021925985813140869e-01,3.241617679595947266e-01,2.680741846561431885e-01,3.195403218269348145e-01,2.908252775669097900e-01,2.895774841308593750e-01,2.345471531152725220e-01,2.948078215122222900e-01,2.791050374507904053e-01
2.619995772838592529e-01,2.964233160018920898e-01,3.086860477924346924e-01,2.467354685068130493e-01,3.046654462814331055e-01,2.870824038982391357e-01,2.929637432098388672e-01,2.312781810760498047e-01,2.897257506847381592e-01,2.507302165031433105e-01
2.531276941299438477e-01,2.757900953292846680e-01,2.993289232254028320e-01,2.433828264474868774e-01,2.913200855255126953e-01,2.717291414737701416e-01,2.724063098430633545e-01,2.205465286970138550e-01,2.764569222927093506e-01,2.616248428821563721e-01
2.501230835914611816e-01,2.721816003322601318e-01,2.867043912410736084e-01,2.295920103788375854e-01,2.761554121971130371e-01,2.633908092975616455e-01,2.634015083312988281e-01,2.127096205949783325e-01,2.688723802566528320e-01,2.579188942909240723e-01
2.386063635349273682e-01,2.505681514739990234e-01,2.739527821540832520e-01,2.160307914018630981e-01,2.728322744369506836e-01,2.536448240280151367e-01,2.643334567546844482e-01,1.987255513668060303e-01,2.580349147319793701e-01,2.405174821615219116e-01
2.233524471521377563e-01,2.480070590972900391e-01,2.713783979415893555e-01,2.238691151142120361e-01,2.598098814487457275e-01,2.477450221776962280e-01,2.463922202587127686e-01,1.897159963846206665e-01,2.469504773616790771e-01,2.302420437335968018e-01
2.177281826734542847e-01,2.528022229671478271e-01,2.733613252639770508e-01,2.008718848228454590e-01,2.601830065250396729e-01,2.403711974620819092e-01,2.408668696880340576e-01,1.825988292694091797e-01,2.455248981714248657e-01,2.053989768028259277e-01
2.123175561428070068e-01,2.377162277698516846e-01,2.508365213871002197e-01,1.914707720279693604e-01,2.553793191909790039e-01,2.370782792568206787e-01,2.361841797828674316e-01,1.825947612524032593e-01,2.346169799566268921e-01,2.259278297424316406e-01
1.942476332187652588e-01,2.321056425571441650e-01,2.462929338216781616e-01,1.882999688386917114e-01,2.365471720695495605e-01,2.206365466117858887e-01,2.414661496877670288e-01,1.688146740198135376e-01,2.264985740184783936e-01,2.070443779230117798e-01
1.974817067384719849e-01,2.295383214950561523e-01,2.466983348131179810e-01,1.920039802789688110e-01,2.391875535249710083e-01,2.236161679029464722e-01,2.289035767316818237e-01,1.566184908151626587e-01,2.200266569852828979e-01,2.040933519601821899e-01
1.791526526212692261e-01,2.246749252080917358e-01,2.239669859409332275e-01,1.934516727924346924e-01,2.364770621061325073e-01,2.149989455938339233e-01,2.292345315217971802e-01,1.537604629993438721e-01,2.059508711099624634e-01,2.047005295753479004e-01
1.938110589981079102e-01,2.100484520196914673e-01,2.316947430372238159e-01,1.777125597000122070e-01,2.259361594915390015e-01,2.015610933303833008e-01,2.082938700914382935e-01,1.593609750270843506e-01,1.983999311923980713e-01,1.893682032823562622e-01
1.796085387468338013e-01,2.032699882984161377e-01,2.152247279882431030e-01,1.747226268053054810e-01,2.140072733163833618e-01,1.968638449907302856e-01,2.117971777915954590e-01,1.552171707153320312e-01,2.081934958696365356e-01,1.843347102403640747e-01
1.825757026672363281e-01,2.117588222026824951e-01,2.161046713590621948e-01,1.660806536674499512e-01,2.112679630517959595e-01,1.978334188461303711e-01,2.050563842058181763e-01,1.410378813743591309e-01,2.021403610706329346e-01,1.773201674222946167e-01
1.692449897527694702e-01,2.053124457597732544e-01,2.142751961946487427e-01,1.798100471496582031e-01,2.177364826202392578e-01,2.037741243839263916e-01,1.970608830451965332e-01,1.578660607337951660e-01,1.842013299465179443e-01,1.907146126031875610e-01
1.618527919054031372e-01,1.992660462856292725e-01,2.225813865661621094e-01,1.666763871908187866e-01,2.144217640161514282e-01,1.915211379528045654e-01,2.102074325084686279e-01,1.389617472887039185e-01,1.915675103664398193e-01,1.741930097341537476e-01
1.729665696620941162e-01,2.055253386497497559e-01,2.098890095949172974e-01,1.616613268852233887e-01,2.190507501363754272e-01,1.977743059396743774e-01,1.873549968004226685e-01,1.298452764749526978e-01,1.947298198938369751e-01,1.756206303834915161e-01
1.622026711702346802e-01,1.832163929939270020e-01,2.003600895404815674e-01,1.562187075614929199e-01,1.927543431520462036e-01,1.828287839889526367e-01,1.922437101602554321e-01,1.294655054807662964e-01,1.793938726186752319e-01,1.665537804365158081e-01
1.446302086114883423e-01,1.884476989507675171e-01,1.901797056198120117e-01,1.667990237474441528e-01,1.934749186038970947e-01,1.880120784044265747e-01,1.813094168901443481e-01,1.293866634368896484e-01,1.833098679780960083e-01,1.510267853736877441e-01
1.655809730291366577e-01,1.867490857839584351e-01,1.758624315261840820e-01,1.477175503969192505e-01,1.984061002731323242e-01,1.753044128417968750e-01,1.811568289995193481e-01,1.379491984844207764e-01,1.763665676116943359e-01,1.572944968938827515e-01
1.420588046312332153e-01,1.899921745061874390e-01,1.905100494623184204e-01,1.499105095863342285e-01,1.964280456304550171e-01,1.679141521453857422e-01,1.735423952341079712e-01,1.243853345513343811e-01,1.775397062301635742e-01,1.721358895301818848e-01
1.359689980745315552e-01,1.853353679180145264e-01,1.785458177328109741e-01,1.480480730533599854e-01,1.968868672847747803e-01,1.783198416233062744e-01,1.778783053159713745e-01,1.204116493463516235e-01,1.681995540857315063e-01,1.576610505580902100e-01
1.495668143033981323e-01,1.684814393520355225e-01,1.745144277811050415e-01,1.372870653867721558e-01,1.910068094730377197e-01,1.681871861219406128e-01,1.567121893167495728e-01,1.194356679916381836e-01,1.598802357912063599e-01,1.544024795293807983e-01
1.402066349983215332e-01,1.766342669725418091e-01,1.718223839998245239e-01,1.473776698112487793e-01,1.848694086074829102e-01,1.607810109853744507e-01,1.824094802141189575e-01,1.145528107881546021e-01,1.626856178045272827e-01,1.368454247713088989e-01
1.466237008571624756e-01,1.768598705530166626e-01,1.727464497089385986e-01,1.283796131610870361e-01,1.893877387046813965e-01,1.598248481750488281e-01,1.615078896284103394e-01,1.155097261071205139e-01,1.612592786550521851e-01,1.508365124464035034e-01
1.298230886459350586e-01,1.676359027624130249e-01,1.644194424152374268e-01,1.293786019086837769e-01,1.955013126134872437e-01,1.610348075628280640e-01,1.468294709920883179e-01,1.176309362053871155e-01,1.758816838264465332e-01,1.313353031873703003e-01
1.436912119388580322e-01,1.601451486349105835e-01,1.692573726177215576e-01,1.524727344512939453e-01,1.704849153757095337e-01,1.590628772974014282e-01,1.539614051580429077e-01,1.164076700806617737e-01,1.541684269905090332e-01,1.451366990804672241e-01
1.471026092767715454e-01,1.672514528036117554e-01,1.705770790576934814e-01,1.285264194011688232e-01,1.848985850811004639e-01,1.530673652887344360e-01,1.677514016628265381e-01,1.103470176458358765e-01,1.460341513156890869e-01,1.500480324029922485e-01
1.358620673418045044e-01,1.519229859113693237e-01,1.504232287406921387e-01,1.312458068132400513e-01,1.701164245605468750e-01,1.683831065893173218e-01,1.557521671056747437e-01,1.025675609707832336e-01,1.479401141405105591e-01,1.332437098026275635e-01
1.224877759814262390e-01,1.677717119455337524e-01,1.541856825351715088e-01,1.357852518558502197e-01,1.740979850292205811e-01,1.516942232847213745e-01,1.484261602163314819e-01,9.833922982215881348e-02,1.559972167015075684e-01,1.368092596530914307e-01
1.354918926954269409e-01,1.519512832164764404e-01,1.647700071334838867e-01,1.199378743767738342e-01,1.764023303985595703e-01,1.427280157804489136e-01,1.508101373910903931e-01,1.014213263988494873e-01,1.411407738924026489e-01,1.381548792123794556e-01
1.251486390829086304e-01,1.650016903877258301e-01,1.423987150192260742e-01,1.124799922108650208e-01,1.724018305540084839e-01,1.446252316236495972e-01,1.415069401264190674e-01,9.088316559791564941e-02,1.532413512468338013e-01,1.177587062120437622e-01
1.245542019605636597e-01,1.373087912797927856e-01,1.427473574876785278e-01,1.236355230212211609e-01,1.675304174423217773e-01,1.545519977807998657e-01,1.473302394151687622e-01,1.008429378271102905e-01,1.400176584720611572e-01,1.453515589237213135e-01
1.238472312688827515e-01,1.321629285812377930e-01,1.439191997051239014e-01,1.290510296821594238e-01,1.685587614774703979e-01,1.334552317857742310e-01,1.267593204975128174e-01,1.066634804010391235e-01,1.443046331405639648e-01,1.160969957709312439e-01
1.242894604802131653e-01,1.584929078817367554e-01,1.513136476278305054e-01,1.160292029380798340e-01,1.550217568874359131e-01,1.407149285078048706e-01,1.513481736183166504e-01,9.980201721191406250e-02,1.430767625570297241e-01,1.233053505420684814e-01
1.255165338516235352e-01,1.580831408500671387e-01,1.426858603954315186e-01,1.156305670738220215e-01,1.679022610187530518e-01,1.333371698856353760e-01,1.396927535533905029e-01,1.078621596097946167e-01,1.323879957199096680e-01,1.273220032453536987e-01
1.040019318461418152e-01,1.424429565668106079e-01,1.393889039754867554e-01,1.174171194434165955e-01,1.561437100172042847e-01,1.334553360939025879e-01,1.291155666112899780e-01,9.617982804775238037e-02,1.356538683176040649e-01,1.203313320875167847e-01
1.156489253044128418e-01,1.333554238080978394e-01,1.224387884140014648e-01,1.183577179908752441e-01,1.566131263971328735e-01,1.316083222627639771e-01,1.345641463994979858e-01,9.133085608482360840e-02,1.379521787166595459e-01,1.192389354109764099e-01
1.344254463911056519e-01,1.363842487335205078e-01,1.375890523195266724e-01,1.180739179253578186e-01,1.726464182138442993e-01,1.338078528642654419e-01,1.214197203516960144e-01,9.280105680227279663e-02,1.319436877965927124e-01,1.350802332162857056e-01
1.095185652375221252e-01,1.375635117292404175e-01,1.362132728099822998e-01,1.242707073688507080e-01,1.576226204633712769e-01,1.284888535737991333e-01,1.269738674163818359e-01,8.966636657714843750e-02,1.355875581502914429e-01,1.134692206978797913e-01
1.195601597428321838e-01,1.385763883590698242e-01,1.184439063072204590e-01,1.077615767717361450e-01,1.567614674568176270e-01,1.359754651784896851e-01,1.268076598644256592e-01,7.966070622205734253e-02,1.237167567014694214e-01,1.107108220458030701e-01
1.162660196423530579e-01,1.459936797618865967e-01,1.257241964340209961e-01,1.046546846628189087e-01,1.575065255165100098e-01,1.312048137187957764e-01,1.298194080591201782e-01,9.173542261123657227e-02,1.207148060202598572e-01,1.247225552797317505e-01
1.088389307260513306e-01,1.330452412366867065e-01,1.297848671674728394e-01,9.902723878622055054e-02,1.577964127063751221e-01,1.251145005226135254e-01,1.296761035919189453e-01,9.000132977962493896e-02,1.316202878952026367e-01,1.136103719472885132e-01
1.089776083827018738e-01,1.272740364074707031e-01,1.305584311485290527e-01,1.073998659849166870e-01,1.587272584438323975e-01,1.101634874939918518e-01,1.264208257198333740e-01,8.677765727043151855e-02,1.287077963352203369e-01,1.023670956492424011e-01
1.045257225632667542e-01,1.305106878280639648e-01,1.305072158575057983e-01,1.229786798357963562e-01,1.451879292726516724e-01,1.318471133708953857e-01,1.207548454403877258e-01,8.513808250427246094e-02,1.249400153756141663e-01,1.161481142044067383e-01
1.006553098559379578e-01,1.295864731073379517e-01,1.315774321556091309e-01,1.036944165825843811e-01,1.440502107143402100e-01,1.270297914743423462e-01,1.104099527001380920e-01,9.594912827014923096e-02,1.260527819395065308e-01,9.713714569807052612e-02
1.160947009921073914e-01,1.290808767080307007e-01,1.173447519540786743e-01,1.195280626416206360e-01,1.385129541158676147e-01,1.258705109357833862e-01,1.187977716326713562e-01,8.808663487434387207e-02,1.118406131863594055e-01,1.135941892862319946e-01
1.065549030900001526e-01,1.365845650434494019e-01,1.177906766533851624e-01,1.145899593830108643e-01,1.367673575878143311e-01,1.261156946420669556e-01,1.137013062834739685e-01,8.214204758405685425e-02,1.154675707221031189e-01,1.101665720343589783e-01
9.768684208393096924e-02,1.335781067609786987e-01,1.323297023773193359e-01,1.002301797270774841e-01,1.480059474706649780e-01,1.214885115623474121e-01,1.393034309148788452e-01,7.280899584293365479e-02,1.222458332777023315e-01,1.077949330210685730e-01
1.040563285350799561e-01,1.297271400690078735e-01,1.075876131653785706e-01,1.012570410966873169e-01,1.410211771726608276e-01,1.115992888808250427e-01,1.160077005624771118e-01,7.846993952989578247e-02,1.128783002495765686e-01,1.130315735936164856e-01
8.682067692279815674e-02,1.189483627676963806e-01,1.115916594862937927e-01,1.064990460872650146e-01,1.392135769128799438e-01,1.084110587835311890e-01,1.155438646674156189e-01,7.878589630126953125e-02,1.148259639739990234e-01,8.947702497243881226e-02
9.535302221775054932e-02,1.422222256660461426e-01,1.205309182405471802e-01,1.012065336108207703e-01,1.372640132904052734e-01,1.190717294812202454e-01,1.105064228177070618e-01,7.962249219417572021e-02,1.165573298931121826e-01,1.014884337782859802e-01
1.033517271280288696e-01,1.160645037889480591e-01,1.097964942455291748e-01,9.315557777881622314e-02,1.458619832992553711e-01,1.150369569659233093e-01,1.133559718728065491e-01,7.513022422790527344e-02,1.204602122306823730e-01,1.046621352434158325e-01
9.984709322452545166e-02,1.118505671620368958e-01,1.170147880911827087e-01,9.580780565738677979e-02,1.220878958702087402e-01,1.126985400915145874e-01,1.127991527318954468e-01,8.003011345863342285e-02,1.037358269095420837e-01,9.703782945871353149e-02
9.846746176481246948e-02,1.210074573755264282e-01,1.140808761119842529e-01,9.652742743492126465e-02,1.412496417760848999e-01,1.323664933443069458e-01,1.256070882081985474e-01,7.745771110057830811e-02,9.636780619621276855e-02,9.646622091531753540e-02
8.930549770593643188e-02,1.245660111308097839e-01,1.198739632964134216e-01,9.350671619176864624e-02,1.299415230751037598e-01,1.141673475503921509e-01,1.179663166403770447e-01,7.253911346197128296e-02,1.102438867092132568e-01,9.599187225103378296e-02
9.209822118282318115e-02,1.276278495788574219e-01,1.213275268673896790e-01,9.648370742797851562e-02,1.366166174411773682e-01,1.105254963040351868e-01,1.141537278890609741e-01,7.818652689456939697e-02,1.096927300095558167e-01,9.522105008363723755e-02
9.766460210084915161e-02,1.188255026936531067e-01,1.095629557967185974e-01,1.024422049522399902e-01,1.255906522274017334e-01,1.197084784507751465e-01,9.000465273857116699e-02,7.635029405355453491e-02,1.149442270398139954e-01,9.751036018133163452e-02
8.958543092012405396e-02,1.177262440323829651e-01,1.038301810622215271e-01,9.743740409612655640e-02,1.169404834508895874e-01,1.000016853213310242e-01,1.071232557296752930e-01,7.176320254802703857e-02,9.835793823003768921e-02,1.018978729844093323e-01
9.087494015693664551e-02,1.205359995365142822e-01,1.048444733023643494e-01,9.060519933700561523e-02,1.355882138013839722e-01,1.168267577886581421e-01,1.009355559945106506e-01,7.026889175176620483e-02,1.099539697170257568e-01,8.237979561090469360e-02
9.759928286075592041e-02,1.109614968299865723e-01,7.850179821252822876e-02,9.398652613162994385e-02,1.354558318853378296e-01,1.230051070451736450e-01,1.150227859616279602e-01,7.449907064437866211e-02,1.073648780584335327e-01,1.034381762146949768e-01
8.435954153537750244e-02,1.219191551208496094e-01,9.069666266441345215e-02,8.544368296861648560e-02,1.177062466740608215e-01,1.079443842172622681e-01,9.488156437873840332e-02,7.051292061805725098e-02,1.175105646252632141e-01,9.208939969539642334e-02
8.435147255659103394e-02,1.065469756722450256e-01,9.932445734739303589e-02,9.850778430700302124e-02,1.341904550790786743e-01,1.008126214146614075e-01,1.139415726065635681e-01,8.025985956192016602e-02,1.092612370848655701e-01,8.734973520040512085e-02
9.759416431188583374e-02,1.207923293113708496e-01,9.552402794361114502e-02,9.153112769126892090e-02,1.213201656937599182e-01,1.046757698059082031e-01,9.306293725967407227e-02,6.551132351160049438e-02,1.033581644296646118e-01,9.011995792388916016e-02
8.338937163352966309e-02,1.185358464717864990e-01,9.531535953283309937e-02,9.369000792503356934e-02,1.178757101297378540e-01,9.535491466522216797e-02,1.139115616679191589e-01,6.266432255506515503e-02,1.021618545055389404e-01,8.715634047985076904e-02
9.078760445117950439e-02,1.084450259804725647e-01,9.705971926450729370e-02,9.606929123401641846e-02,1.151957213878631592e-01,1.147575229406356812e-01,9.013014286756515503e-02,6.790374964475631714e-02,1.044539734721183777e-01,8.702741563320159912e-02
8.676783740520477295e-02,1.159415170550346375e-01,9.854432940483093262e-02,7.586798071861267090e-02,1.369807273149490356e-01,1.052173748612403870e-01,9.632067382335662842e-02,7.643402367830276489e-02,1.060272231698036194e-01,9.424240887165069580e-02
9.423826634883880615e-02,1.138066574931144714e-01,1.041688024997711182e-01,8.538842946290969849e-02,1.237888783216476440e-01,1.138057559728622437e-01,1.116204261779785156e-01,6.412601470947265625e-02,9.098558872938156128e-02,9.312582015991210938e-02
8.047123253345489502e-02,1.136076375842094421e-01,9.712743014097213745e-02,8.236725628376007080e-02,1.190580204129219055e-01,9.471298009157180786e-02,1.002161651849746704e-01,6.605068594217300415e-02,1.043028384447097778e-01,8.345610648393630981e-02
7.048897445201873779e-02,1.051306948065757751e-01,9.896809607744216919e-02,8.472565561532974243e-02,1.130323484539985657e-01,1.012400835752487183e-01,9.055974334478378296e-02,6.658533215522766113e-02,9.896950423717498779e-02,8.308953791856765747e-02
8.683396130800247192e-02,1.127002909779548645e-01,9.632331132888793945e-02,7.895180583000183105e-02,1.077063456177711487e-01,1.014991924166679382e-01,9.581847488880157471e-02,6.716465204954147339e-02,1.058127135038375854e-01,9.056507050991058350e-02
9.413727372884750366e-02,1.112379208207130432e-01,9.050066024065017700e-02,8.413404971361160278e-02,1.036089286208152771e-01,9.443779289722442627e-02,8.530702441930770874e-02,7.310894876718521118e-02,9.511117637157440186e-02,8.406318724155426025e-02
7.992034405469894409e-02,1.081594973802566528e-01,1.011643856763839722e-01,8.523163199424743652e-02,1.210563331842422485e-01,9.301845729351043701e-02,1.041333451867103577e-01,6.752916425466537476e-02,9.647668153047561646e-02,8.593870699405670166e-02
6.952274590730667114e-02,1.016489416360855103e-01,8.663506060838699341e-02,7.959017902612686157e-02,1.175011098384857178e-01,1.046067774295806885e-01,9.262029826641082764e-02,6.498318910598754883e-02,1.105097457766532898e-01,8.471906930208206177e-02
8.028093725442886353e-02,1.076553910970687866e-01,9.560690820217132568e-02,9.629662334918975830e-02,1.198845133185386658e-01,9.919037669897079468e-02,9.194994717836380005e-02,6.643769145011901855e-02,9.101922065019607544e-02,8.265870809555053711e-02
8.100863546133041382e-02,9.585342556238174438e-02,7.397426664829254150e-02,8.299330621957778931e-02,1.052117720246315002e-01,9.276318550109863281e-02,8.635114133358001709e-02,5.290881544351577759e-02,8.584552258253097534e-02,7.819068431854248047e-02
8.857167512178421021e-02,9.138231724500656128e-02,9.160486608743667603e-02,7.728859782218933105e-02,9.510972350835800171e-02,1.011044010519981384e-01,9.175001084804534912e-02,5.817519128322601318e-02,9.925591200590133667e-02,7.535112649202346802e-02
6.607192754745483398e-02,1.124243289232254028e-01,8.484906703233718872e-02,7.377807050943374634e-02,1.121495068073272705e-01,9.599684923887252808e-02,8.954985439777374268e-02,6.979525834321975708e-02,9.749946743249893188e-02,8.120998740196228027e-02
8.055199682712554932e-02,1.036698967218399048e-01,9.025696665048599243e-02,7.244452089071273804e-02,1.102910637855529785e-01,9.421436488628387451e-02,8.092693239450454712e-02,7.112246751785278320e-02,9.326718002557754517e-02,7.538428902626037598e-02
8.544135838747024536e-02,1.086003631353378296e-01,8.801682293415069580e-02,7.845743745565414429e-02,1.118353232741355896e-01,1.022598445415496826e-01,8.213268220424652100e-02,6.887365132570266724e-02,7.776293158531188965e-02,7.828790694475173950e-02
6.268733739852905273e-02,1.026740446686744690e-01,7.773971557617187500e-02,7.784762978553771973e-02,1.025240048766136169e-01,9.410283714532852173e-02,9.573799371719360352e-02,5.843137949705123901e-02,9.428955614566802979e-02,8.352010697126388550e-02
8.146849274635314941e-02,1.082499250769615173e-01,8.252544701099395752e-02,8.227249979972839355e-02,1.148655861616134644e-01,9.898940473794937134e-02,9.723971784114837646e-02,6.128546968102455139e-02,9.656259417533874512e-02,8.690525591373443604e-02
7.789138704538345337e-02,9.535039961338043213e-02,8.781933784484863281e-02,9.332765638828277588e-02,1.061672791838645935e-01,9.925986081361770630e-02,9.554070979356765747e-02,5.144391581416130066e-02,8.841938525438308716e-02,7.570588588714599609e-02
7.634712755680084229e-02,1.028555855154991150e-01,7.743834704160690308e-02,8.032073080539703369e-02,1.042583063244819641e-01,8.509511500597000122e-02,8.783024549484252930e-02,4.544182121753692627e-02,8.812638372182846069e-02,7.397744804620742798e-02
7.264585047960281372e-02,9.540389478206634521e-02,7.392720133066177368e-02,7.275008410215377808e-02,1.130737364292144775e-01,9.199527651071548462e-02,8.615392446517944336e-02,5.736755952239036560e-02,9.431167691946029663e-02,7.840600609779357910e-02
8.354445546865463257e-02,8.968696743249893188e-02,7.124835252761840820e-02,8.796928077936172485e-02,1.030584499239921570e-01,9.363080561161041260e-02,8.272292464971542358e-02,6.368936598300933838e-02,9.092798829078674316e-02,7.087516784667968750e-02
6.511532515287399292e-02,1.035592555999755859e-01,7.533153146505355835e-02,7.913529872894287109e-02,1.039228811860084534e-01,8.650451153516769409e-02,7.872627675533294678e-02,5.825093761086463928e-02,8.098004758358001709e-02,7.244007289409637451e-02
6.735554337501525879e-02,8.705843240022659302e-02,8.296677470207214355e-02,7.419560849666595459e-02,1.025963351130485535e-01,9.043053537607192993e-02,9.183359146118164062e-02,5.109921842813491821e-02,9.758683294057846069e-02,7.578635960817337036e-02
7.121335715055465698e-02,1.031878739595413208e-01,7.481893897056579590e-02,6.853040307760238647e-02,1.046057716012001038e-01,9.410519897937774658e-02,8.259426802396774292e-02,5.179915949702262878e-02,9.243269264698028564e-02,8.259718865156173706e-02
7.062517106533050537e-02,1.002867221832275391e-01,7.991975545883178711e-02,8.964985609054565430e-02,1.001809909939765930e-01,8.286873996257781982e-02,7.198518514633178711e-02,5.489647760987281799e-02,9.717769920825958252e-02,8.463399112224578857e-02
7.621704787015914917e-02,9.919374436140060425e-02,8.245909959077835083e-02,7.662995159626007080e-02,1.045297086238861084e-01,8.215777575969696045e-02,8.171707391738891602e-02,5.852953344583511353e-02,7.938337326049804688e-02,6.309382617473602295e-02
6.665307283401489258e-02,8.784910291433334351e-02,7.668890804052352905e-02,7.887599617242813110e-02,9.978303313255310059e-02,8.492929488420486450e-02,8.965688198804855347e-02,4.475319758057594299e-02,9.853386133909225464e-02,6.545276939868927002e-02
6.965477764606475830e-02,9.848572313785552979e-02,6.983748078346252441e-02,7.006430625915527344e-02,1.011468470096588135e-01,8.895636349916458130e-02,8.706225454807281494e-02,5.581627413630485535e-02,7.735680043697357178e-02,7.386426627635955811e-02
6.364712119102478027e-02,9.672857075929641724e-02,7.430610805749893188e-02,7.606401294469833374e-02,1.028292402625083923e-01,8.359178900718688965e-02,1.032439321279525757e-01,4.774770885705947876e-02,9.349708259105682373e-02,6.814662367105484009e-02
7.272811233997344971e-02,9.141740947961807251e-02,6.339558213949203491e-02,6.814029067754745483e-02,9.908765554428100586e-02,7.956627011299133301e-02,7.285393029451370239e-02,4.858055710792541504e-02,7.234890758991241455e-02,6.937158852815628052e-02
8.029840886592864990e-02,8.160620182752609253e-02,7.139685750007629395e-02,7.453735917806625366e-02,9.374465793371200562e-02,8.613213896751403809e-02,8.692648261785507202e-02,5.595003813505172729e-02,8.295708149671554565e-02,7.217673212289810181e-02
6.144488230347633362e-02,1.029298380017280579e-01,8.682077378034591675e-02,8.041843771934509277e-02,9.568373858928680420e-02,7.921613752841949463e-02,7.762593775987625122e-02,5.763402581214904785e-02,7.815951108932495117e-02,7.706553488969802856e-02
7.038398832082748413e-02,9.335250407457351685e-02,6.384982168674468994e-02,6.660202145576477051e-02,1.074152290821075439e-01,8.195926249027252197e-02,6.319341808557510376e-02,5.501987040042877197e-02,7.560244202613830566e-02,6.607282161712646484e-02
7.039415836334228516e-02,9.408242255449295044e-02,6.468027830123901367e-02,7.743773609399795532e-02,9.299583733081817627e-02,7.153491675853729248e-02,9.322945028543472290e-02,4.761377722024917603e-02,8.188623189926147461e-02,7.689164578914642334e-02
6.354345381259918213e-02,9.080746769905090332e-02,7.435639202594757080e-02,7.149470597505569458e-02,9.405928105115890503e-02,9.115155041217803955e-02,8.694040030241012573e-02,5.684045702219009399e-02,7.333007454872131348e-02,8.435244113206863403e-02
6.992456316947937012e-02,9.903983026742935181e-02,7.916473597288131714e-02,7.826274633407592773e-02,9.180780500173568726e-02,8.566929399967193604e-02,7.105935364961624146e-02,4.194811731576919556e-02,7.742086797952651978e-02,7.299122959375381470e-02
7.470072805881500244e-02,8.723896741867065430e-02,7.908593863248825073e-02,6.995736807584762573e-02,9.168757498264312744e-02,9.179735928773880005e-02,7.922737300395965576e-02,4.802036285400390625e-02,8.165322244167327881e-02,6.118309125304222107e-02
6.853751838207244873e-02,9.412405639886856079e-02,7.151898741722106934e-02,7.508073747158050537e-02,9.092997759580612183e-02,8.009576052427291870e-02,8.223109692335128784e-02,4.902936518192291260e-02,7.656916975975036621e-02,7.406798750162124634e-02
7.481477409601211548e-02,8.858241140842437744e-02,7.146512717008590698e-02,7.840612530708312988e-02,8.131144940853118896e-02,8.003811538219451904e-02,7.523618638515472412e-02,4.175501689314842224e-02,7.376497983932495117e-02,6.729197502136230469e-02
6.346558779478073120e-02,9.026750922203063965e-02,8.372794091701507568e-02,7.424516975879669189e-02,1.001544296741485596e-01,8.113944530487060547e-02,7.321306318044662476e-02,5.524609610438346863e-02,7.588205486536026001e-02,6.827381253242492676e-02
6.684863567352294922e-02,7.865355163812637329e-02,6.512388586997985840e-02,6.637201458215713501e-02,7.902489602565765381e-02,7.766006141901016235e-02,7.592424750328063965e-02,5.421116948127746582e-02,8.064333349466323853e-02,6.953036040067672729e-02
7.306890189647674561e-02,8.659017831087112427e-02,7.400238513946533203e-02,8.358921855688095093e-02,8.277729153633117676e-02,7.883719354867935181e-02,9.246796369552612305e-02,4.588767141103744507e-02,8.381982147693634033e-02,7.267634570598602295e-02
6.225166097283363342e-02,8.343961089849472046e-02,7.720821350812911987e-02,7.128010690212249756e-02,1.025747656822204590e-01,8.304352313280105591e-02,8.146467059850692749e-02,4.583917185664176941e-02,8.533537387847900391e-02,5.169267952442169189e-02
6.785015761852264404e-02,9.370968490839004517e-02,7.177730649709701538e-02,6.839757412672042847e-02,9.540289640426635742e-02,8.092835545539855957e-02,6.379256397485733032e-02,4.764501005411148071e-02,7.705259323120117188e-02,6.262464821338653564e-02
6.322170794010162354e-02,1.034852117300033569e-01,7.391645759344100952e-02,6.779313087463378906e-02,8.587802201509475708e-02,8.189756423234939575e-02,7.816281914710998535e-02,4.327119141817092896e-02,7.720848172903060913e-02,6.364531815052032471e-02
6.543876975774765015e-02,8.717580884695053101e-02,6.220353022217750549e-02,6.551657617092132568e-02,8.509295433759689331e-02,6.934321671724319458e-02,8.466228097677230835e-02,5.618739128112792969e-02,7.118842750787734985e-02,7.210254669189453125e-02
6.804241240024566650e-02,7.201647013425827026e-02,6.776104867458343506e-02,6.439903378486633301e-02,8.176893740892410278e-02,7.692445814609527588e-02,8.172374963760375977e-02,5.119752511382102966e-02,7.568196207284927368e-02,7.709150016307830811e-02
6.681932508945465088e-02,8.296462893486022949e-02,6.174303963780403137e-02,7.509781420230865479e-02,8.606677502393722534e-02,7.543049752712249756e-02,8.841592818498611450e-02,4.303611442446708679e-02,9.331654757261276245e-02,6.654383242130279541e-02
6.471975147724151611e-02,8.019246906042098999e-02,7.714598625898361206e-02,8.004302531480789185e-02,1.014765799045562744e-01,7.915904372930526733e-02,7.653747498989105225e-02,4.828939586877822876e-02,7.692325860261917114e-02,5.974204093217849731e-02
5.338543280959129333e-02,9.210996329784393311e-02,6.833970546722412109e-02,6.676593422889709473e-02,8.127265423536300659e-02,6.718913465738296509e-02,7.332205772399902344e-02,4.956431314349174500e-02,6.789279729127883911e-02,5.378313735127449036e-02
6.027399748563766479e-02,8.821690827608108521e-02,6.226100400090217590e-02,6.562022119760513306e-02,9.174254536628723145e-02,6.773228943347930908e-02,6.762567907571792603e-02,3.891738504171371460e-02,6.028800457715988159e-02,7.302174717187881470e-02
6.743104755878448486e-02,7.288809865713119507e-02,7.561715692281723022e-02,5.772543698549270630e-02,1.032414808869361877e-01,8.104445785284042358e-02,6.357529014348983765e-02,4.820506274700164795e-02,7.234398275613784790e-02,6.833953410387039185e-02
6.654036045074462891e-02,8.030144870281219482e-02,6.395256519317626953e-02,7.194025814533233643e-02,8.456277847290039062e-02,7.231732457876205444e-02,7.755656540393829346e-02,4.767750948667526245e-02,7.006167620420455933e-02,5.540075525641441345e-02
5.591801181435585022e-02,8.973022550344467163e-02,6.379924714565277100e-02,7.077536731958389282e-02,7.712484896183013916e-02,7.529349625110626221e-02,7.473780959844589233e-02,4.494786262512207031e-02,6.473861634731292725e-02,7.237537205219268799e-02
5.014797672629356384e-02,8.676908910274505615e-02,6.483813375234603882e-02,5.879359319806098938e-02,8.768437802791595459e-02,8.891946077346801758e-02,8.658645302057266235e-02,4.478979483246803284e-02,7.140497118234634399e-02,6.677359342575073242e-02
5.564294010400772095e-02,8.055081963539123535e-02,7.530178129673004150e-02,6.790746748447418213e-02,8.743051439523696899e-02,6.919437646865844727e-02,8.098360151052474976e-02,4.457638785243034363e-02,6.179108843207359314e-02,6.347501277923583984e-02
5.981342494487762451e-02,7.847688347101211548e-02,6.999100744724273682e-02,7.314415276050567627e-02,7.097399234771728516e-02,7.016571611166000366e-02,6.911031901836395264e-02,4.382478818297386169e-02,6.668520718812942505e-02,5.995365977287292480e-02
6.703435629606246948e-02,8.270489424467086792e-02,5.708926543593406677e-02,5.377798527479171753e-02,9.398318827152252197e-02,6.989938020706176758e-02,7.304645329713821411e-02,4.756391793489456177e-02,8.067885786294937134e-02,6.418807059526443481e-02
5.701654404401779175e-02,7.482559233903884888e-02,6.261944025754928589e-02,6.421957165002822876e-02,8.209572732448577881e-02,6.605754792690277100e-02,7.719730585813522339e-02,4.168860986828804016e-02,7.021719962358474731e-02,5.214937403798103333e-02
6.199601292610168457e-02,7.110175490379333496e-02,6.783819943666458130e-02,5.628637596964836121e-02,7.535595446825027466e-02,6.673000007867813110e-02,6.291776150465011597e-02,4.536902531981468201e-02,7.379340380430221558e-02,6.285363435745239258e-02
7.514292746782302856e-02,7.630218565464019775e-02,5.814401805400848389e-02,6.498122215270996094e-02,8.819366246461868286e-02,7.068132609128952026e-02,6.730068475008010864e-02,4.876855760812759399e-02,7.862786203622817993e-02,5.874953046441078186e-02
4.583652690052986145e-02,7.461467385292053223e-02,7.149006426334381104e-02,6.781885027885437012e-02,7.744007557630538940e-02,6.878886371850967407e-02,7.816568762063980103e-02,4.670631885528564453e-02,5.659025534987449646e-02,6.514054536819458008e-02
6.147721409797668457e-02,8.326886594295501709e-02,6.692615896463394165e-02,6.381959468126296997e-02,8.469021320343017578e-02,6.876692920923233032e-02,7.514815777540206909e-02,3.444084897637367249e-02,7.754084467887878418e-02,5.050590634346008301e-02
5.229347571730613708e-02,7.381932437419891357e-02,6.453841924667358398e-02,6.520000845193862915e-02,9.616887569427490234e-02,7.630656659603118896e-02,6.861851364374160767e-02,4.400302469730377197e-02,7.643951475620269775e-02,4.943361878395080566e-02
5.475713685154914856e-02,7.892058044672012329e-02,5.955399945378303528e-02,6.458470225334167480e-02,8.105033636093139648e-02,6.297443062067031860e-02,6.978953629732131958e-02,4.316486418247222900e-02,7.331709563732147217e-02,6.351436674594879150e-02
5.388186499476432800e-02,7.313050329685211182e-02,5.898265913128852844e-02,6.054595857858657837e-02,9.272379428148269653e-02,6.394884735345840454e-02,7.414831966161727905e-02,4.068874195218086243e-02,5.931786447763442993e-02,6.224353238940238953e-02
6.292271614074707031e-02,8.318684995174407959e-02,6.960679590702056885e-02,6.846869736909866333e-02,8.015080541372299194e-02,5.997118726372718811e-02,5.969105288386344910e-02,4.686311259865760803e-02,7.126145064830780029e-02,5.989501625299453735e-02
6.344889104366302490e-02,6.547609716653823853e-02,6.707923114299774170e-02,6.809493154287338257e-02,7.742788642644882202e-02,6.393501162528991699e-02,6.579990684986114502e-02,3.871481493115425110e-02,6.352598220109939575e-02,6.255360692739486694e-02
6.204443424940109253e-02,7.719374448060989380e-02,5.087921768426895142e-02,6.016303598880767822e-02,8.378631621599197388e-02,7.253955304622650146e-02,7.118796557188034058e-02,4.732812196016311646e-02,5.996595695614814758e-02,4.924326762557029724e-02
5.822945013642311096e-02,6.788931787014007568e-02,5.655463039875030518e-02,6.062449887394905090e-02,9.315641224384307861e-02,6.600400060415267944e-02,8.243583887815475464e-02,4.221725836396217346e-02,6.596433371305465698e-02,5.555011704564094543e-02
5.906734243035316467e-02,8.148819208145141602e-02,6.359259784221649170e-02,6.349854916334152222e-02,7.937712222337722778e-02,6.904803961515426636e-02,7.423136383295059204e-02,5.105893313884735107e-02,7.883749157190322876e-02,6.998798996210098267e-02
5.611776560544967651e-02,7.704156637191772461e-02,5.789703130722045898e-02,6.841022521257400513e-02,7.105713337659835815e-02,6.237284466624259949e-02,6.636296212673187256e-02,4.396227747201919556e-02,6.981610506772994995e-02,5.966220796108245850e-02
5.142979323863983154e-02,7.107638567686080933e-02,5.377862975001335144e-02,5.951369181275367737e-02,7.984692603349685669e-02,7.486556470394134521e-02,5.927835777401924133e-02,4.016811773180961609e-02,6.143078953027725220e-02,6.889887899160385132e-02
5.218361690640449524e-02,7.242482155561447144e-02,6.394451856613159180e-02,6.699089705944061279e-02,8.559914678335189819e-02,7.036336511373519897e-02,5.916902050375938416e-02,4.496078938245773315e-02,8.507988601922988892e-02,4.848234727978706360e-02
5.622322484850883484e-02,8.002327382564544678e-02,6.966167688369750977e-02,6.261648982763290405e-02,9.876357764005661011e-02,7.290817797183990479e-02,7.394302636384963989e-02,3.724132105708122253e-02,6.856159120798110962e-02,5.747030302882194519e-02
5.639201775193214417e-02,9.399558603763580322e-02,5.687396600842475891e-02,5.811293050646781921e-02,7.710812985897064209e-02,6.814970821142196655e-02,7.352514564990997314e-02,3.565146774053573608e-02,5.902892351150512695e-02,6.074596196413040161e-02
5.845706164836883545e-02,7.371119409799575806e-02,6.469475477933883667e-02,5.453021824359893799e-02,8.026652783155441284e-02,5.717595294117927551e-02,6.337127089500427246e-02,4.784974455833435059e-02,6.235942244529724121e-02,6.289777159690856934e-02
5.801833793520927429e-02,6.552572548389434814e-02,6.455102562904357910e-02,4.998348280787467957e-02,8.099354803562164307e-02,5.935584008693695068e-02,5.673861876130104065e-02,4.310359060764312744e-02,6.141836196184158325e-02,5.445623397827148438e-02
5.670338869094848633e-02,7.540866732597351074e-02,5.946904793381690979e-02,6.290835142135620117e-02,8.225522935390472412e-02,6.130982190370559692e-02,6.666431576013565063e-02,4.263973236083984375e-02,6.715851277112960815e-02,5.216182768344879150e-02
6.248268857598304749e-02,6.978501379489898682e-02,5.710377916693687439e-02,6.691659241914749146e-02,7.537607103586196899e-02,6.426827609539031982e-02,6.482136249542236328e-02,4.227121174335479736e-02,7.123007625341415405e-02,5.036569014191627502e-02
5.559863150119781494e-02,8.055210858583450317e-02,5.194131657481193542e-02,6.520413607358932495e-02,8.121120184659957886e-02,6.462821364402770996e-02,7.215233147144317627e-02,3.980533406138420105e-02,6.450046598911285400e-02,6.026148051023483276e-02
5.435915291309356689e-02,7.857489585876464844e-02,5.000638961791992188e-02,6.334315985441207886e-02,8.267635107040405273e-02,5.946908891201019287e-02,7.425909489393234253e-02,3.848524391651153564e-02,5.494708567857742310e-02,5.862383916974067688e-02
7.125385850667953491e-02,6.529734283685684204e-02,6.905775517225265503e-02,5.619480088353157043e-02,8.301596343517303467e-02,6.403790414333343506e-02,7.002513855695724487e-02,3.854675218462944031e-02,5.818189680576324463e-02,6.156973540782928467e-02
5.301696807146072388e-02,7.216420024633407593e-02,5.838780105113983154e-02,4.831121489405632019e-02,9.400696307420730591e-02,6.713107973337173462e-02,6.128448992967605591e-02,3.847033530473709106e-02,7.103677839040756226e-02,5.093355104327201843e-02
6.329364329576492310e-02,6.804636865854263306e-02,6.236220896244049072e-02,6.410735845565795898e-02,7.257366925477981567e-02,5.767451599240303040e-02,6.960178166627883911e-02,4.051641747355461121e-02,6.070528924465179443e-02,5.736182630062103271e-02
4.903339967131614685e-02,7.209140807390213013e-02,4.266488924622535706e-02,6.065380945801734924e-02,6.961554288864135742e-02,5.636658519506454468e-02,6.484064459800720215e-02,3.903445601463317871e-02,7.074965536594390869e-02,6.384208053350448608e-02
5.054460093379020691e-02,7.916969805955886841e-02,5.626020208001136780e-02,6.156422570347785950e-02,7.124676555395126343e-02,7.856225222349166870e-02,6.861997395753860474e-02,3.246044367551803589e-02,5.497292056679725647e-02,4.733838513493537903e-02
4.580375552177429199e-02,7.352107018232345581e-02,5.690310522913932800e-02,5.776919797062873840e-02,8.611585944890975952e-02,6.606850028038024902e-02,6.529731303453445435e-02,4.095939919352531433e-02,7.224080711603164673e-02,6.456632167100906372e-02
5.493260547518730164e-02,6.482814997434616089e-02,5.046426504850387573e-02,5.190913751721382141e-02,7.620674371719360352e-02,5.621515959501266479e-02,6.557522714138031006e-02,4.707500338554382324e-02,5.673189461231231689e-02,4.893426597118377686e-02
4.801021516323089600e-02,7.113955169916152954e-02,5.660581588745117188e-02,5.293449014425277710e-02,8.879624307155609131e-02,6.145229190587997437e-02,7.295622676610946655e-02,3.888373076915740967e-02,5.150113999843597412e-02,4.606506600975990295e-02
5.553170666098594666e-02,7.741868495941162109e-02,5.230660364031791687e-02,6.153910607099533081e-02,6.950274854898452759e-02,5.891138315200805664e-02,6.732581555843353271e-02,3.999259322881698608e-02,7.336363941431045532e-02,5.577838420867919922e-02
6.196314468979835510e-02,6.643192470073699951e-02,4.436842724680900574e-02,6.233784928917884827e-02,6.543231755495071411e-02,6.729615479707717896e-02,6.810242682695388794e-02,3.190374374389648438e-02,6.170299649238586426e-02,6.707426160573959351e-02
4.454826563596725464e-02,7.523673027753829956e-02,6.225197017192840576e-02,5.493815988302230835e-02,7.463893294334411621e-02,6.138472631573677063e-02,6.361719220876693726e-02,3.386746719479560852e-02,6.240531429648399353e-02,5.884295329451560974e-02
4.532492533326148987e-02,7.675740867853164673e-02,6.162618845701217651e-02,5.231667682528495789e-02,7.218800485134124756e-02,5.630502104759216309e-02,6.605349481105804443e-02,4.036062210798263550e-02,5.858043953776359558e-02,6.102537363767623901e-02
5.316964536905288696e-02,6.814994663000106812e-02,5.304121971130371094e-02,6.181519851088523865e-02,7.448560744524002075e-02,6.167162582278251648e-02,6.077491864562034607e-02,3.686511889100074768e-02,6.490162760019302368e-02,5.711720511317253113e-02
4.582346975803375244e-02,6.532546877861022949e-02,4.859201610088348389e-02,6.256109476089477539e-02,7.663242518901824951e-02,6.744136661291122437e-02,6.436572223901748657e-02,3.752880543470382690e-02,7.125914096832275391e-02,4.819081723690032959e-02
6.002700328826904297e-02,6.044070050120353699e-02,4.716116189956665039e-02,5.841816216707229614e-02,7.669173926115036011e-02,5.643430724740028381e-02,5.462819710373878479e-02,3.876136988401412964e-02,6.354301422834396362e-02,4.514128342270851135e-02
5.665685608983039856e-02,7.688143849372863770e-02,5.181919410824775696e-02,5.357810109853744507e-02,7.840881496667861938e-02,5.579682067036628723e-02,5.773573368787765503e-02,3.566798567771911621e-02,5.301422253251075745e-02,5.643233284354209900e-02
4.670972749590873718e-02,7.122170925140380859e-02,6.722205877304077148e-02,4.870383441448211670e-02,6.608126312494277954e-02,5.665243417024612427e-02,5.785050615668296814e-02,4.526446014642715454e-02,5.930533632636070251e-02,5.522048100829124451e-02
4.868487641215324402e-02,7.204931974411010742e-02,5.847504734992980957e-02,6.513437628746032715e-02,7.502122223377227783e-02,4.984200745820999146e-02,6.177751719951629639e-02,3.650389239192008972e-02,6.953641027212142944e-02,5.922358855605125427e-02
6.065950915217399597e-02,7.052198052406311035e-02,5.407337844371795654e-02,6.707811355590820312e-02,8.138649910688400269e-02,5.157958343625068665e-02,7.930099219083786011e-02,3.428561985492706299e-02,5.102451890707015991e-02,5.453056842088699341e-02
5.825185775756835938e-02,5.800474062561988831e-02,4.509963840246200562e-02,5.859797075390815735e-02,7.515802234411239624e-02,6.793875992298126221e-02,6.014077365398406982e-02,3.606247156858444214e-02,6.080636754631996155e-02,6.234148517251014709e-02
6.121453642845153809e-02,6.993644684553146362e-02,6.107873469591140747e-02,5.637761950492858887e-02,8.502287417650222778e-02,6.035162135958671570e-02,6.297233700752258301e-02,3.333380073308944702e-02,5.698877945542335510e-02,5.184971168637275696e-02
5.229680985212326050e-02,7.548850774765014648e-02,5.125887691974639893e-02,5.261667072772979736e-02,7.101859897375106812e-02,5.977613478899002075e-02,5.610423535108566284e-02,3.848298639059066772e-02,7.175619900226593018e-02,4.241596162319183350e-02
5.502581596374511719e-02,6.608116626739501953e-02,6.234152615070343018e-02,6.531890481710433960e-02,7.187402248382568359e-02,5.324554815888404846e-02,5.079879611730575562e-02,3.326978906989097595e-02,6.109774857759475708e-02,5.092540010809898376e-02
5.827060341835021973e-02,6.242260336875915527e-02,5.631661415100097656e-02,6.302937120199203491e-02,8.029808849096298218e-02,5.956714227795600891e-02,6.265980750322341919e-02,3.369244560599327087e-02,6.694763898849487305e-02,4.719516634941101074e-02
5.496675521135330200e-02,6.473981589078903198e-02,4.532417282462120056e-02,4.795418679714202881e-02,6.574323028326034546e-02,5.571382865309715271e-02,6.586109846830368042e-02,3.843783587217330933e-02,6.040931120514869690e-02,5.512357503175735474e-02
5.280385166406631470e-02,6.103647500276565552e-02,4.751319810748100281e-02,5.362281948328018188e-02,5.957937240600585938e-02,5.624144896864891052e-02,6.383077055215835571e-02,2.777780964970588684e-02,5.755423381924629211e-02,4.971010982990264893e-02
5.372979491949081421e-02,8.001526445150375366e-02,5.583271756768226624e-02,4.941286519169807434e-02,6.393689662218093872e-02,5.653231218457221985e-02,5.880638957023620605e-02,4.044432565569877625e-02,5.489799380302429199e-02,5.234566330909729004e-02
5.275969952344894409e-02,7.049033045768737793e-02,5.626864358782768250e-02,4.548892751336097717e-02,6.099166721105575562e-02,4.916850849986076355e-02,6.319592148065567017e-02,3.980471193790435791e-02,4.989660531282424927e-02,4.950961470603942871e-02
5.440998449921607971e-02,6.168622523546218872e-02,4.780766367912292480e-02,4.886302351951599121e-02,7.741254568099975586e-02,5.741408467292785645e-02,5.199380591511726379e-02,3.320777416229248047e-02,5.829805135726928711e-02,5.379970744252204895e-02
4.478374123573303223e-02,7.140628993511199951e-02,6.389090418815612793e-02,5.097197741270065308e-02,8.136074244976043701e-02,6.566125899553298950e-02,6.229875981807708740e-02,3.360005468130111694e-02,6.645599007606506348e-02,4.545536637306213379e-02
6.012291088700294495e-02,6.283662468194961548e-02,5.243667960166931152e-02,4.365669935941696167e-02,7.858860492706298828e-02,6.565649062395095825e-02,5.999239534139633179e-02,3.744310885667800903e-02,5.531921982765197754e-02,5.638904869556427002e-02
5.391216650605201721e-02,7.205980271100997925e-02,4.251839220523834229e-02,5.119335651397705078e-02,6.335140764713287354e-02,6.052573397755622864e-02,7.170981168746948242e-02,4.094168543815612793e-02,6.446671485900878906e-02,5.803392454981803894e-02
5.784097313880920410e-02,7.043150812387466431e-02,5.136071890592575073e-02,5.818212777376174927e-02,7.034520804882049561e-02,6.651443243026733398e-02,6.353629380464553833e-02,2.816109545528888702e-02,5.944437533617019653e-02,4.215082526206970215e-02
5.148345232009887695e-02,6.696914136409759521e-02,5.003969371318817139e-02,5.641400441527366638e-02,6.821221858263015747e-02,5.699034407734870911e-02,6.634935736656188965e-02,4.198002815246582031e-02,6.193168833851814270e-02,4.102410376071929932e-02
4.585881531238555908e-02,5.574913322925567627e-02,5.007621273398399353e-02,5.576022341847419739e-02,5.415546149015426636e-02,4.882638528943061829e-02,5.535122752189636230e-02,3.416177257895469666e-02,5.265371501445770264e-02,4.842564463615417480e-02
5.177187174558639526e-02,5.707432702183723450e-02,4.362051188945770264e-02,5.344380810856819153e-02,8.334317803382873535e-02,5.348358303308486938e-02,5.364912003278732300e-02,2.580574713647365570e-02,4.412901774048805237e-02,4.451828822493553162e-02
4.530739784240722656e-02,6.578212231397628784e-02,4.525953903794288635e-02,6.418396532535552979e-02,6.815922260284423828e-02,5.255015566945075989e-02,6.293287128210067749e-02,4.269983246922492981e-02,6.621917337179183960e-02,5.418882146477699280e-02
5.267705395817756653e-02,6.561257690191268921e-02,4.870358109474182129e-02,4.723118245601654053e-02,7.280325889587402344e-02,6.154390051960945129e-02,5.436744913458824158e-02,3.901404142379760742e-02,5.657084658741950989e-02,5.042556300759315491e-02
4.299965128302574158e-02,6.627611070871353149e-02,5.984516814351081848e-02,6.264387071132659912e-02,8.023209869861602783e-02,5.567448213696479797e-02,6.790982186794281006e-02,3.826906532049179077e-02,5.262739956378936768e-02,5.282383039593696594e-02
5.020331963896751404e-02,6.512101739645004272e-02,5.004167184233665466e-02,4.843477159738540649e-02,6.658619642257690430e-02,5.737768113613128662e-02,6.237814202904701233e-02,2.965193428099155426e-02,5.938545614480972290e-02,4.915396869182586670e-02
