6.160401105880737305e-01,6.177945137023925781e-01,6.150376200675964355e-01,6.290726661682128906e-01,6.152881979942321777e-01,6.180450916290283203e-01,6.190476417541503906e-01,6.230576634407043457e-01,6.192982196807861328e-01,6.112781763076782227e-01
6.541353464126586914e-01,6.220551133155822754e-01,6.283208131790161133e-01,6.403508782386779785e-01,6.355889439582824707e-01,6.345864534378051758e-01,6.588972210884094238e-01,6.293233036994934082e-01,6.318295598030090332e-01,6.363408565521240234e-01
6.934837102890014648e-01,6.766917109489440918e-01,6.769423484802246094e-01,6.842105388641357422e-01,6.739348173141479492e-01,6.764410734176635742e-01,6.977443695068359375e-01,6.872180700302124023e-01,6.684210300445556641e-01,6.774436235427856445e-01
7.273182868957519531e-01,7.117794752120971680e-01,7.037593722343444824e-01,7.190476059913635254e-01,7.167919874191284180e-01,7.050125598907470703e-01,7.253133058547973633e-01,7.378445863723754883e-01,6.984962224960327148e-01,7.197995185852050781e-01
7.553884983062744141e-01,7.426065206527709961e-01,7.380952239036560059e-01,7.543859481811523438e-01,7.293233275413513184e-01,7.245613932609558105e-01,7.543859481811523438e-01,7.596490979194641113e-01,7.258145213127136230e-01,7.441102862358093262e-01
7.781955003738403320e-01,7.659147977828979492e-01,7.563909888267517090e-01,7.897242903709411621e-01,7.563909888267517090e-01,7.571428418159484863e-01,7.822055220603942871e-01,7.909774184226989746e-01,7.551378607749938965e-01,7.691729068756103516e-01
7.944862246513366699e-01,7.766917347908020020e-01,7.701754570007324219e-01,8.077694177627563477e-01,7.759398221969604492e-01,7.739348411560058594e-01,7.989975214004516602e-01,8.213032484054565430e-01,7.654135227203369141e-01,7.899749279022216797e-01
8.130325675010681152e-01,7.954887151718139648e-01,7.987468838691711426e-01,8.288220763206481934e-01,7.839599251747131348e-01,7.919799685478210449e-01,8.157894611358642578e-01,8.428571224212646484e-01,7.917293310165405273e-01,8.082706928253173828e-01
8.318295478820800781e-01,8.107769489288330078e-01,8.067669272422790527e-01,8.533834815025329590e-01,8.050125241279602051e-01,8.122807145118713379e-01,8.305764198303222656e-01,8.466165661811828613e-01,8.055137991905212402e-01,8.248120546340942383e-01
8.398496508598327637e-01,8.323308229446411133e-01,8.172932267189025879e-01,8.606516122817993164e-01,8.210526108741760254e-01,8.208020329475402832e-01,8.488721847534179688e-01,8.639097809791564941e-01,8.223057389259338379e-01,8.373433351516723633e-01
8.533834815025329590e-01,8.388471007347106934e-01,8.270676732063293457e-01,8.784461021423339844e-01,8.223057389259338379e-01,8.323308229446411133e-01,8.568922281265258789e-01,8.706766963005065918e-01,8.365914821624755859e-01,8.561403751373291016e-01
8.561403751373291016e-01,8.543859720230102539e-01,8.473684191703796387e-01,8.817042708396911621e-01,8.393483757972717285e-01,8.428571224212646484e-01,8.689222931861877441e-01,8.786967396736145020e-01,8.481202721595764160e-01,8.558897376060485840e-01
8.741854429244995117e-01,8.508771657943725586e-01,8.456140160560607910e-01,8.847118020057678223e-01,8.501253128051757812e-01,8.541353344917297363e-01,8.664160370826721191e-01,8.939849734306335449e-01,8.581453561782836914e-01,8.634085059165954590e-01
8.709273338317871094e-01,8.686716556549072266e-01,8.639097809791564941e-01,8.907268047332763672e-01,8.526315689086914062e-01,8.661653995513916016e-01,8.759398460388183594e-01,9.095237851142883301e-01,8.676691651344299316e-01,8.739348649978637695e-01
8.864661455154418945e-01,8.659147620201110840e-01,8.689222931861877441e-01,9.020050168037414551e-01,8.583959937095642090e-01,8.704260587692260742e-01,8.711779713630676270e-01,9.075188040733337402e-01,8.739348649978637695e-01,8.892230391502380371e-01
8.884711861610412598e-01,8.789473772048950195e-01,8.721804618835449219e-01,9.082706570625305176e-01,8.694235682487487793e-01,8.764411211013793945e-01,8.789473772048950195e-01,9.092732071876525879e-01,8.807017803192138672e-01,8.837092518806457520e-01
8.909774422645568848e-01,8.781954646110534668e-01,8.807017803192138672e-01,9.145363569259643555e-01,8.731829524040222168e-01,8.776942491531372070e-01,8.889724016189575195e-01,9.150375723838806152e-01,8.849623799324035645e-01,8.852130174636840820e-01
8.987468481063842773e-01,8.892230391502380371e-01,8.784461021423339844e-01,9.190475940704345703e-01,8.759398460388183594e-01,8.844611644744873047e-01,8.917292952537536621e-01,9.175438880920410156e-01,8.887218236923217773e-01,8.884711861610412598e-01
9.050125479698181152e-01,8.922305703163146973e-01,8.864661455154418945e-01,9.137844443321228027e-01,8.721804618835449219e-01,8.892230391502380371e-01,9.002506136894226074e-01,9.243108034133911133e-01,8.962405920028686523e-01,8.959899544715881348e-01
9.065163135528564453e-01,8.827067613601684570e-01,8.889724016189575195e-01,9.228070378303527832e-01,8.824561238288879395e-01,8.889724016189575195e-01,8.954887390136718750e-01,9.250626564025878906e-01,8.934836983680725098e-01,9.145363569259643555e-01
9.125313162803649902e-01,8.969925045967102051e-01,8.964912295341491699e-01,9.253132939338684082e-01,8.829573988914489746e-01,8.919799327850341797e-01,9.075188040733337402e-01,9.273182749748229980e-01,8.972430825233459473e-01,9.005012512207031250e-01
9.172932505607604980e-01,9.002506136894226074e-01,8.994987607002258301e-01,9.295739531517028809e-01,8.884711861610412598e-01,9.067668914794921875e-01,8.979949951171875000e-01,9.298245906829833984e-01,9.052631855010986328e-01,9.137844443321228027e-01
9.157894849777221680e-01,8.974937200546264648e-01,9.010025262832641602e-01,9.243108034133911133e-01,8.904761672019958496e-01,9.050125479698181152e-01,9.035087823867797852e-01,9.393483996391296387e-01,9.077694416046142578e-01,9.147869944572448730e-01
9.235588908195495605e-01,9.030075073242187500e-01,9.082706570625305176e-01,9.250626564025878906e-01,8.954887390136718750e-01,9.082706570625305176e-01,9.075188040733337402e-01,9.385964870452880859e-01,9.157894849777221680e-01,9.162907004356384277e-01
9.243108034133911133e-01,9.097744226455688477e-01,9.092732071876525879e-01,9.335839748382568359e-01,8.992481231689453125e-01,9.102756977081298828e-01,9.177944660186767578e-01,9.363408684730529785e-01,9.185463786125183105e-01,9.185463786125183105e-01
9.233082532882690430e-01,9.115288257598876953e-01,9.122806787490844727e-01,9.345864653587341309e-01,9.010025262832641602e-01,9.110275506973266602e-01,9.120301008224487305e-01,9.375939965248107910e-01,9.167919754981994629e-01,9.230576157569885254e-01
9.253132939338684082e-01,9.082706570625305176e-01,9.100250601768493652e-01,9.365915060043334961e-01,9.052631855010986328e-01,9.145363569259643555e-01,9.125313162803649902e-01,9.401002526283264160e-01,9.203007221221923828e-01,9.210526347160339355e-01
9.320802092552185059e-01,9.122806787490844727e-01,9.167919754981994629e-01,9.393483996391296387e-01,8.999999761581420898e-01,9.072681665420532227e-01,9.200501441955566406e-01,9.385964870452880859e-01,9.233082532882690430e-01,9.213032722473144531e-01
9.343358278274536133e-01,9.162907004356384277e-01,9.135338068008422852e-01,9.403508901596069336e-01,9.062656760215759277e-01,9.185463786125183105e-01,9.102756977081298828e-01,9.481202960014343262e-01,9.268170595169067383e-01,9.308270812034606934e-01
9.265664219856262207e-01,9.085212945938110352e-01,9.177944660186767578e-01,9.411027431488037109e-01,9.015037417411804199e-01,9.180451035499572754e-01,9.228070378303527832e-01,9.491227865219116211e-01,9.243108034133911133e-01,9.295739531517028809e-01
9.348371028900146484e-01,9.180451035499572754e-01,9.223057627677917480e-01,9.418546557426452637e-01,9.152882099151611328e-01,9.210526347160339355e-01,9.197995066642761230e-01,9.476190209388732910e-01,9.288220405578613281e-01,9.298245906829833984e-01
9.406015276908874512e-01,9.170426130294799805e-01,9.275689125061035156e-01,9.368420839309692383e-01,9.137844443321228027e-01,9.220551252365112305e-01,9.245613813400268555e-01,9.506265521049499512e-01,9.250626564025878906e-01,9.383458495140075684e-01
9.353383183479309082e-01,9.165413379669189453e-01,9.345864653587341309e-01,9.471178054809570312e-01,9.082706570625305176e-01,9.258145093917846680e-01,9.238095283508300781e-01,9.473684430122375488e-01,9.305764436721801758e-01,9.345864653587341309e-01
9.421052336692810059e-01,9.160401225090026855e-01,9.268170595169067383e-01,9.451127648353576660e-01,9.125313162803649902e-01,9.260651469230651855e-01,9.290726780891418457e-01,9.526315927505493164e-01,9.305764436721801758e-01,9.375939965248107910e-01
9.473684430122375488e-01,9.240601658821105957e-01,9.303258061408996582e-01,9.468671679496765137e-01,9.115288257598876953e-01,9.240601658821105957e-01,9.230576157569885254e-01,9.568922519683837891e-01,9.333333373069763184e-01,9.421052336692810059e-01
9.423558712005615234e-01,9.288220405578613281e-01,9.330826997756958008e-01,9.521303176879882812e-01,9.155388474464416504e-01,9.308270812034606934e-01,9.370927214622497559e-01,9.531328082084655762e-01,9.380952119827270508e-01,9.373433589935302734e-01
9.446115493774414062e-01,9.268170595169067383e-01,9.338346123695373535e-01,9.441102743148803711e-01,9.160401225090026855e-01,9.285714030265808105e-01,9.225564002990722656e-01,9.563909769058227539e-01,9.401002526283264160e-01,9.458646774291992188e-01
9.443609118461608887e-01,9.255639314651489258e-01,9.333333373069763184e-01,9.518796801567077637e-01,9.142857193946838379e-01,9.328320622444152832e-01,9.343358278274536133e-01,9.531328082084655762e-01,9.373433589935302734e-01,9.403508901596069336e-01
9.518796801567077637e-01,9.313282966613769531e-01,9.378446340560913086e-01,9.526315927505493164e-01,9.117794632911682129e-01,9.340851902961730957e-01,9.448621273040771484e-01,9.548872113227844238e-01,9.295739531517028809e-01,9.501253366470336914e-01
9.448621273040771484e-01,9.335839748382568359e-01,9.330826997756958008e-01,9.438596367835998535e-01,9.295739531517028809e-01,9.350877404212951660e-01,9.368420839309692383e-01,9.526315927505493164e-01,9.403508901596069336e-01,9.378446340560913086e-01
9.403508901596069336e-01,9.293233156204223633e-01,9.368420839309692383e-01,9.553884863853454590e-01,9.203007221221923828e-01,9.323308467864990234e-01,9.338346123695373535e-01,9.619047641754150391e-01,9.421052336692810059e-01,9.398496150970458984e-01
9.458646774291992188e-01,9.355889558792114258e-01,9.421052336692810059e-01,9.526315927505493164e-01,9.268170595169067383e-01,9.268170595169067383e-01,9.363408684730529785e-01,9.604009985923767090e-01,9.416040182113647461e-01,9.456140398979187012e-01
9.513784646987915039e-01,9.265664219856262207e-01,9.406015276908874512e-01,9.468671679496765137e-01,9.228070378303527832e-01,9.385964870452880859e-01,9.431077837944030762e-01,9.644110202789306641e-01,9.398496150970458984e-01,9.476190209388732910e-01
9.453634023666381836e-01,9.323308467864990234e-01,9.363408684730529785e-01,9.596491456031799316e-01,9.248120188713073730e-01,9.433584213256835938e-01,9.418546557426452637e-01,9.636591672897338867e-01,9.471178054809570312e-01,9.481202960014343262e-01
9.506265521049499512e-01,9.298245906829833984e-01,9.471178054809570312e-01,9.583960175514221191e-01,9.220551252365112305e-01,9.406015276908874512e-01,9.456140398979187012e-01,9.689223170280456543e-01,9.380952119827270508e-01,9.533834457397460938e-01
9.513784646987915039e-01,9.431077837944030762e-01,9.473684430122375488e-01,9.581453800201416016e-01,9.305764436721801758e-01,9.375939965248107910e-01,9.426065087318420410e-01,9.621554017066955566e-01,9.478696584701538086e-01,9.431077837944030762e-01
9.521303176879882812e-01,9.431077837944030762e-01,9.451127648353576660e-01,9.521303176879882812e-01,9.258145093917846680e-01,9.426065087318420410e-01,9.468671679496765137e-01,9.636591672897338867e-01,9.418546557426452637e-01,9.533834457397460938e-01
9.518796801567077637e-01,9.325814247131347656e-01,9.416040182113647461e-01,9.598997235298156738e-01,9.335839748382568359e-01,9.438596367835998535e-01,9.406015276908874512e-01,9.629072546958923340e-01,9.436089992523193359e-01,9.548872113227844238e-01
9.461153149604797363e-01,9.283208250999450684e-01,9.433584213256835938e-01,9.588972330093383789e-01,9.283208250999450684e-01,9.461153149604797363e-01,9.426065087318420410e-01,9.583960175514221191e-01,9.486215710639953613e-01,9.486215710639953613e-01
9.573934674263000488e-01,9.408521056175231934e-01,9.486215710639953613e-01,9.586465954780578613e-01,9.275689125061035156e-01,9.433584213256835938e-01,9.501253366470336914e-01,9.644110202789306641e-01,9.471178054809570312e-01,9.536340832710266113e-01
9.558897018432617188e-01,9.426065087318420410e-01,9.523809552192687988e-01,9.568922519683837891e-01,9.290726780891418457e-01,9.456140398979187012e-01,9.503759145736694336e-01,9.629072546958923340e-01,9.473684430122375488e-01,9.548872113227844238e-01
9.468671679496765137e-01,9.416040182113647461e-01,9.458646774291992188e-01,9.596491456031799316e-01,9.280701875686645508e-01,9.483709335327148438e-01,9.536340832710266113e-01,9.666666388511657715e-01,9.461153149604797363e-01,9.493734240531921387e-01
9.571428298950195312e-01,9.395989775657653809e-01,9.511278271675109863e-01,9.543859362602233887e-01,9.338346123695373535e-01,9.501253366470336914e-01,9.498746991157531738e-01,9.661654233932495117e-01,9.473684430122375488e-01,9.571428298950195312e-01
9.543859362602233887e-01,9.453634023666381836e-01,9.566416144371032715e-01,9.596491456031799316e-01,9.323308467864990234e-01,9.451127648353576660e-01,9.516291022300720215e-01,9.674185514450073242e-01,9.521303176879882812e-01,9.576441049575805664e-01
9.553884863853454590e-01,9.406015276908874512e-01,9.561403393745422363e-01,9.626566171646118164e-01,9.318295717239379883e-01,9.491227865219116211e-01,9.453634023666381836e-01,9.654135107994079590e-01,9.526315927505493164e-01,9.491227865219116211e-01
9.598997235298156738e-01,9.453634023666381836e-01,9.501253366470336914e-01,9.664160609245300293e-01,9.325814247131347656e-01,9.491227865219116211e-01,9.488722085952758789e-01,9.656641483306884766e-01,9.513784646987915039e-01,9.551378488540649414e-01
9.576441049575805664e-01,9.461153149604797363e-01,9.493734240531921387e-01,9.611529111862182617e-01,9.310777187347412109e-01,9.556391239166259766e-01,9.506265521049499512e-01,9.664160609245300293e-01,9.508771896362304688e-01,9.611529111862182617e-01
9.571428298950195312e-01,9.428571462631225586e-01,9.511278271675109863e-01,9.526315927505493164e-01,9.348371028900146484e-01,9.471178054809570312e-01,9.506265521049499512e-01,9.669172763824462891e-01,9.523809552192687988e-01,9.576441049575805664e-01
9.591478705406188965e-01,9.466165304183959961e-01,9.521303176879882812e-01,9.624060392379760742e-01,9.360902309417724609e-01,9.496240615844726562e-01,9.596491456031799316e-01,9.636591672897338867e-01,9.521303176879882812e-01,9.631578922271728516e-01
9.571428298950195312e-01,9.543859362602233887e-01,9.563909769058227539e-01,9.573934674263000488e-01,9.401002526283264160e-01,9.498746991157531738e-01,9.521303176879882812e-01,9.671679139137268066e-01,9.563909769058227539e-01,9.546365737915039062e-01
9.563909769058227539e-01,9.426065087318420410e-01,9.526315927505493164e-01,9.598997235298156738e-01,9.423558712005615234e-01,9.516291022300720215e-01,9.563909769058227539e-01,9.686716794967651367e-01,9.556391239166259766e-01,9.598997235298156738e-01
9.624060392379760742e-01,9.451127648353576660e-01,9.496240615844726562e-01,9.636591672897338867e-01,9.388471245765686035e-01,9.516291022300720215e-01,9.493734240531921387e-01,9.734335541725158691e-01,9.576441049575805664e-01,9.586465954780578613e-01
9.604009985923767090e-01,9.468671679496765137e-01,9.611529111862182617e-01,9.629072546958923340e-01,9.383458495140075684e-01,9.583960175514221191e-01,9.568922519683837891e-01,9.684210419654846191e-01,9.591478705406188965e-01,9.588972330093383789e-01
9.686716794967651367e-01,9.483709335327148438e-01,9.563909769058227539e-01,9.626566171646118164e-01,9.388471245765686035e-01,9.538847208023071289e-01,9.563909769058227539e-01,9.694235324859619141e-01,9.558897018432617188e-01,9.669172763824462891e-01
9.649122953414916992e-01,9.443609118461608887e-01,9.546365737915039062e-01,9.634085297584533691e-01,9.383458495140075684e-01,9.548872113227844238e-01,9.566416144371032715e-01,9.719298481941223145e-01,9.591478705406188965e-01,9.661654233932495117e-01
9.609022736549377441e-01,9.561403393745422363e-01,9.593985080718994141e-01,9.654135107994079590e-01,9.385964870452880859e-01,9.568922519683837891e-01,9.546365737915039062e-01,9.716792106628417969e-01,9.553884863853454590e-01,9.588972330093383789e-01
9.621554017066955566e-01,9.553884863853454590e-01,9.568922519683837891e-01,9.646616578102111816e-01,9.501253366470336914e-01,9.528822302818298340e-01,9.561403393745422363e-01,9.701754450798034668e-01,9.576441049575805664e-01,9.646616578102111816e-01
9.639097452163696289e-01,9.508771896362304688e-01,9.591478705406188965e-01,9.629072546958923340e-01,9.406015276908874512e-01,9.503759145736694336e-01,9.478696584701538086e-01,9.684210419654846191e-01,9.654135107994079590e-01,9.609022736549377441e-01
9.679198265075683594e-01,9.468671679496765137e-01,9.546365737915039062e-01,9.664160609245300293e-01,9.471178054809570312e-01,9.571428298950195312e-01,9.558897018432617188e-01,9.744361042976379395e-01,9.591478705406188965e-01,9.656641483306884766e-01
9.654135107994079590e-01,9.513784646987915039e-01,9.558897018432617188e-01,9.639097452163696289e-01,9.481202960014343262e-01,9.576441049575805664e-01,9.558897018432617188e-01,9.686716794967651367e-01,9.606516361236572266e-01,9.674185514450073242e-01
9.614034891128540039e-01,9.508771896362304688e-01,9.573934674263000488e-01,9.636591672897338867e-01,9.503759145736694336e-01,9.568922519683837891e-01,9.654135107994079590e-01,9.726817011833190918e-01,9.561403393745422363e-01,9.614034891128540039e-01
9.671679139137268066e-01,9.513784646987915039e-01,9.586465954780578613e-01,9.661654233932495117e-01,9.543859362602233887e-01,9.604009985923767090e-01,9.621554017066955566e-01,9.731829762458801270e-01,9.604009985923767090e-01,9.609022736549377441e-01
9.684210419654846191e-01,9.526315927505493164e-01,9.588972330093383789e-01,9.679198265075683594e-01,9.471178054809570312e-01,9.536340832710266113e-01,9.611529111862182617e-01,9.751879572868347168e-01,9.586465954780578613e-01,9.679198265075683594e-01
9.629072546958923340e-01,9.523809552192687988e-01,9.721804261207580566e-01,9.661654233932495117e-01,9.448621273040771484e-01,9.516291022300720215e-01,9.596491456031799316e-01,9.724310636520385742e-01,9.611529111862182617e-01,9.601503610610961914e-01
9.711779356002807617e-01,9.513784646987915039e-01,9.614034891128540039e-01,9.724310636520385742e-01,9.518796801567077637e-01,9.604009985923767090e-01,9.656641483306884766e-01,9.726817011833190918e-01,9.566416144371032715e-01,9.641603827476501465e-01
9.689223170280456543e-01,9.566416144371032715e-01,9.649122953414916992e-01,9.661654233932495117e-01,9.438596367835998535e-01,9.573934674263000488e-01,9.583960175514221191e-01,9.671679139137268066e-01,9.601503610610961914e-01,9.664160609245300293e-01
9.651629328727722168e-01,9.486215710639953613e-01,9.629072546958923340e-01,9.686716794967651367e-01,9.461153149604797363e-01,9.611529111862182617e-01,9.644110202789306641e-01,9.784461259841918945e-01,9.593985080718994141e-01,9.656641483306884766e-01
9.696741700172424316e-01,9.503759145736694336e-01,9.679198265075683594e-01,9.656641483306884766e-01,9.523809552192687988e-01,9.636591672897338867e-01,9.601503610610961914e-01,9.766917228698730469e-01,9.646616578102111816e-01,9.671679139137268066e-01
9.679198265075683594e-01,9.546365737915039062e-01,9.639097452163696289e-01,9.656641483306884766e-01,9.506265521049499512e-01,9.526315927505493164e-01,9.639097452163696289e-01,9.764410853385925293e-01,9.649122953414916992e-01,9.686716794967651367e-01
9.664160609245300293e-01,9.531328082084655762e-01,9.636591672897338867e-01,9.746867418289184570e-01,9.438596367835998535e-01,9.591478705406188965e-01,9.656641483306884766e-01,9.714285731315612793e-01,9.593985080718994141e-01,9.656641483306884766e-01
9.661654233932495117e-01,9.566416144371032715e-01,9.629072546958923340e-01,9.689223170280456543e-01,9.491227865219116211e-01,9.573934674263000488e-01,9.576441049575805664e-01,9.786967635154724121e-01,9.689223170280456543e-01,9.661654233932495117e-01
9.694235324859619141e-01,9.573934674263000488e-01,9.666666388511657715e-01,9.716792106628417969e-01,9.543859362602233887e-01,9.631578922271728516e-01,9.654135107994079590e-01,9.759398698806762695e-01,9.606516361236572266e-01,9.679198265075683594e-01
9.729323387145996094e-01,9.581453800201416016e-01,9.634085297584533691e-01,9.711779356002807617e-01,9.553884863853454590e-01,9.629072546958923340e-01,9.676691889762878418e-01,9.736841917037963867e-01,9.636591672897338867e-01,9.716792106628417969e-01
9.694235324859619141e-01,9.573934674263000488e-01,9.639097452163696289e-01,9.731829762458801270e-01,9.583960175514221191e-01,9.631578922271728516e-01,9.611529111862182617e-01,9.741854667663574219e-01,9.614034891128540039e-01,9.666666388511657715e-01
9.636591672897338867e-01,9.538847208023071289e-01,9.626566171646118164e-01,9.709272980690002441e-01,9.611529111862182617e-01,9.621554017066955566e-01,9.671679139137268066e-01,9.716792106628417969e-01,9.654135107994079590e-01,9.724310636520385742e-01
9.749373197555541992e-01,9.561403393745422363e-01,9.616541266441345215e-01,9.704260826110839844e-01,9.513784646987915039e-01,9.626566171646118164e-01,9.619047641754150391e-01,9.729323387145996094e-01,9.669172763824462891e-01,9.691729545593261719e-01
9.731829762458801270e-01,9.581453800201416016e-01,9.651629328727722168e-01,9.731829762458801270e-01,9.528822302818298340e-01,9.624060392379760742e-01,9.664160609245300293e-01,9.759398698806762695e-01,9.611529111862182617e-01,9.701754450798034668e-01
9.701754450798034668e-01,9.548872113227844238e-01,9.621554017066955566e-01,9.659147858619689941e-01,9.521303176879882812e-01,9.659147858619689941e-01,9.686716794967651367e-01,9.741854667663574219e-01,9.684210419654846191e-01,9.711779356002807617e-01
9.679198265075683594e-01,9.616541266441345215e-01,9.726817011833190918e-01,9.716792106628417969e-01,9.601503610610961914e-01,9.646616578102111816e-01,9.671679139137268066e-01,9.802005290985107422e-01,9.714285731315612793e-01,9.754385948181152344e-01
9.679198265075683594e-01,9.611529111862182617e-01,9.659147858619689941e-01,9.759398698806762695e-01,9.651629328727722168e-01,9.621554017066955566e-01,9.679198265075683594e-01,9.766917228698730469e-01,9.641603827476501465e-01,9.724310636520385742e-01
9.771929979324340820e-01,9.558897018432617188e-01,9.659147858619689941e-01,9.731829762458801270e-01,9.573934674263000488e-01,9.664160609245300293e-01,9.661654233932495117e-01,9.731829762458801270e-01,9.646616578102111816e-01,9.694235324859619141e-01
9.696741700172424316e-01,9.546365737915039062e-01,9.641603827476501465e-01,9.744361042976379395e-01,9.596491456031799316e-01,9.621554017066955566e-01,9.729323387145996094e-01,9.751879572868347168e-01,9.649122953414916992e-01,9.711779356002807617e-01
9.681704044342041016e-01,9.568922519683837891e-01,9.699248075485229492e-01,9.731829762458801270e-01,9.548872113227844238e-01,9.583960175514221191e-01,9.689223170280456543e-01,9.759398698806762695e-01,9.711779356002807617e-01,9.726817011833190918e-01
9.779448509216308594e-01,9.576441049575805664e-01,9.721804261207580566e-01,9.736841917037963867e-01,9.598997235298156738e-01,9.634085297584533691e-01,9.634085297584533691e-01,9.771929979324340820e-01,9.654135107994079590e-01,9.699248075485229492e-01
9.726817011833190918e-01,9.576441049575805664e-01,9.671679139137268066e-01,9.729323387145996094e-01,9.556391239166259766e-01,9.626566171646118164e-01,9.649122953414916992e-01,9.756892323493957520e-01,9.644110202789306641e-01,9.686716794967651367e-01
9.714285731315612793e-01,9.548872113227844238e-01,9.684210419654846191e-01,9.674185514450073242e-01,9.576441049575805664e-01,9.601503610610961914e-01,9.669172763824462891e-01,9.822055101394653320e-01,9.694235324859619141e-01,9.724310636520385742e-01
9.731829762458801270e-01,9.586465954780578613e-01,9.689223170280456543e-01,9.714285731315612793e-01,9.601503610610961914e-01,9.671679139137268066e-01,9.684210419654846191e-01,9.839599132537841797e-01,9.696741700172424316e-01,9.721804261207580566e-01
9.726817011833190918e-01,9.624060392379760742e-01,9.716792106628417969e-01,9.739348292350769043e-01,9.568922519683837891e-01,9.646616578102111816e-01,9.681704044342041016e-01,9.771929979324340820e-01,9.639097452163696289e-01,9.701754450798034668e-01
9.684210419654846191e-01,9.629072546958923340e-01,9.736841917037963867e-01,9.679198265075683594e-01,9.598997235298156738e-01,9.631578922271728516e-01,9.674185514450073242e-01,9.749373197555541992e-01,9.666666388511657715e-01,9.736841917037963867e-01
9.789473414421081543e-01,9.581453800201416016e-01,9.719298481941223145e-01,9.704260826110839844e-01,9.591478705406188965e-01,9.676691889762878418e-01,9.721804261207580566e-01,9.776942133903503418e-01,9.689223170280456543e-01,9.719298481941223145e-01
9.764410853385925293e-01,9.684210419654846191e-01,9.716792106628417969e-01,9.724310636520385742e-01,9.631578922271728516e-01,9.684210419654846191e-01,9.684210419654846191e-01,9.809523820877075195e-01,9.641603827476501465e-01,9.736841917037963867e-01
9.749373197555541992e-01,9.566416144371032715e-01,9.729323387145996094e-01,9.736841917037963867e-01,9.598997235298156738e-01,9.671679139137268066e-01,9.676691889762878418e-01,9.809523820877075195e-01,9.721804261207580566e-01,9.731829762458801270e-01
9.736841917037963867e-01,9.626566171646118164e-01,9.706767201423645020e-01,9.666666388511657715e-01,9.626566171646118164e-01,9.724310636520385742e-01,9.754385948181152344e-01,9.791979789733886719e-01,9.644110202789306641e-01,9.704260826110839844e-01
9.719298481941223145e-01,9.614034891128540039e-01,9.709272980690002441e-01,9.719298481941223145e-01,9.621554017066955566e-01,9.699248075485229492e-01,9.726817011833190918e-01,9.784461259841918945e-01,9.696741700172424316e-01,9.781954884529113770e-01
9.736841917037963867e-01,9.626566171646118164e-01,9.724310636520385742e-01,9.726817011833190918e-01,9.611529111862182617e-01,9.716792106628417969e-01,9.659147858619689941e-01,9.839599132537841797e-01,9.649122953414916992e-01,9.771929979324340820e-01
9.754385948181152344e-01,9.614034891128540039e-01,9.761904478073120117e-01,9.769423604011535645e-01,9.586465954780578613e-01,9.671679139137268066e-01,9.706767201423645020e-01,9.784461259841918945e-01,9.726817011833190918e-01,9.721804261207580566e-01
9.779448509216308594e-01,9.601503610610961914e-01,9.731829762458801270e-01,9.744361042976379395e-01,9.639097452163696289e-01,9.704260826110839844e-01,9.611529111862182617e-01,9.827067852020263672e-01,9.641603827476501465e-01,9.766917228698730469e-01
9.724310636520385742e-01,9.656641483306884766e-01,9.776942133903503418e-01,9.764410853385925293e-01,9.616541266441345215e-01,9.719298481941223145e-01,9.716792106628417969e-01,9.807017445564270020e-01,9.704260826110839844e-01,9.736841917037963867e-01
9.704260826110839844e-01,9.684210419654846191e-01,9.726817011833190918e-01,9.746867418289184570e-01,9.629072546958923340e-01,9.661654233932495117e-01,9.674185514450073242e-01,9.769423604011535645e-01,9.736841917037963867e-01,9.746867418289184570e-01
9.776942133903503418e-01,9.583960175514221191e-01,9.694235324859619141e-01,9.721804261207580566e-01,9.624060392379760742e-01,9.701754450798034668e-01,9.706767201423645020e-01,9.761904478073120117e-01,9.744361042976379395e-01,9.756892323493957520e-01
9.764410853385925293e-01,9.631578922271728516e-01,9.739348292350769043e-01,9.769423604011535645e-01,9.563909769058227539e-01,9.681704044342041016e-01,9.789473414421081543e-01,9.779448509216308594e-01,9.759398698806762695e-01,9.769423604011535645e-01
9.746867418289184570e-01,9.634085297584533691e-01,9.764410853385925293e-01,9.734335541725158691e-01,9.659147858619689941e-01,9.729323387145996094e-01,9.639097452163696289e-01,9.839599132537841797e-01,9.729323387145996094e-01,9.734335541725158691e-01
9.779448509216308594e-01,9.616541266441345215e-01,9.734335541725158691e-01,9.746867418289184570e-01,9.644110202789306641e-01,9.719298481941223145e-01,9.691729545593261719e-01,9.784461259841918945e-01,9.724310636520385742e-01,9.686716794967651367e-01
9.769423604011535645e-01,9.644110202789306641e-01,9.719298481941223145e-01,9.721804261207580566e-01,9.644110202789306641e-01,9.686716794967651367e-01,9.741854667663574219e-01,9.862155318260192871e-01,9.739348292350769043e-01,9.744361042976379395e-01
9.769423604011535645e-01,9.671679139137268066e-01,9.686716794967651367e-01,9.771929979324340820e-01,9.629072546958923340e-01,9.661654233932495117e-01,9.739348292350769043e-01,9.796992540359497070e-01,9.709272980690002441e-01,9.817042350769042969e-01
9.759398698806762695e-01,9.626566171646118164e-01,9.744361042976379395e-01,9.729323387145996094e-01,9.644110202789306641e-01,9.686716794967651367e-01,9.729323387145996094e-01,9.817042350769042969e-01,9.719298481941223145e-01,9.749373197555541992e-01
9.729323387145996094e-01,9.661654233932495117e-01,9.739348292350769043e-01,9.746867418289184570e-01,9.714285731315612793e-01,9.689223170280456543e-01,9.744361042976379395e-01,9.859648942947387695e-01,9.766917228698730469e-01,9.761904478073120117e-01
9.769423604011535645e-01,9.649122953414916992e-01,9.694235324859619141e-01,9.746867418289184570e-01,9.621554017066955566e-01,9.704260826110839844e-01,9.739348292350769043e-01,9.809523820877075195e-01,9.726817011833190918e-01,9.764410853385925293e-01
9.774436354637145996e-01,9.711779356002807617e-01,9.759398698806762695e-01,9.781954884529113770e-01,9.699248075485229492e-01,9.724310636520385742e-01,9.729323387145996094e-01,9.796992540359497070e-01,9.711779356002807617e-01,9.734335541725158691e-01
9.704260826110839844e-01,9.659147858619689941e-01,9.714285731315612793e-01,9.696741700172424316e-01,9.679198265075683594e-01,9.731829762458801270e-01,9.636591672897338867e-01,9.829574227333068848e-01,9.691729545593261719e-01,9.724310636520385742e-01
9.766917228698730469e-01,9.669172763824462891e-01,9.726817011833190918e-01,9.759398698806762695e-01,9.646616578102111816e-01,9.671679139137268066e-01,9.719298481941223145e-01,9.837092757225036621e-01,9.726817011833190918e-01,9.791979789733886719e-01
9.749373197555541992e-01,9.634085297584533691e-01,9.754385948181152344e-01,9.769423604011535645e-01,9.674185514450073242e-01,9.734335541725158691e-01,9.794486165046691895e-01,9.817042350769042969e-01,9.749373197555541992e-01,9.796992540359497070e-01
9.779448509216308594e-01,9.609022736549377441e-01,9.719298481941223145e-01,9.781954884529113770e-01,9.661654233932495117e-01,9.726817011833190918e-01,9.731829762458801270e-01,9.839599132537841797e-01,9.749373197555541992e-01,9.776942133903503418e-01
9.764410853385925293e-01,9.664160609245300293e-01,9.776942133903503418e-01,9.776942133903503418e-01,9.676691889762878418e-01,9.759398698806762695e-01,9.699248075485229492e-01,9.769423604011535645e-01,9.756892323493957520e-01,9.739348292350769043e-01
9.764410853385925293e-01,9.731829762458801270e-01,9.754385948181152344e-01,9.786967635154724121e-01,9.701754450798034668e-01,9.719298481941223145e-01,9.711779356002807617e-01,9.791979789733886719e-01,9.719298481941223145e-01,9.744361042976379395e-01
9.754385948181152344e-01,9.716792106628417969e-01,9.769423604011535645e-01,9.779448509216308594e-01,9.669172763824462891e-01,9.726817011833190918e-01,9.674185514450073242e-01,9.829574227333068848e-01,9.669172763824462891e-01,9.751879572868347168e-01
9.766917228698730469e-01,9.706767201423645020e-01,9.724310636520385742e-01,9.729323387145996094e-01,9.606516361236572266e-01,9.734335541725158691e-01,9.711779356002807617e-01,9.839599132537841797e-01,9.749373197555541992e-01,9.786967635154724121e-01
9.799498915672302246e-01,9.664160609245300293e-01,9.766917228698730469e-01,9.779448509216308594e-01,9.731829762458801270e-01,9.764410853385925293e-01,9.739348292350769043e-01,9.814536571502685547e-01,9.764410853385925293e-01,9.822055101394653320e-01
9.769423604011535645e-01,9.661654233932495117e-01,9.786967635154724121e-01,9.786967635154724121e-01,9.669172763824462891e-01,9.754385948181152344e-01,9.776942133903503418e-01,9.854636788368225098e-01,9.776942133903503418e-01,9.746867418289184570e-01
9.746867418289184570e-01,9.726817011833190918e-01,9.711779356002807617e-01,9.827067852020263672e-01,9.619047641754150391e-01,9.699248075485229492e-01,9.749373197555541992e-01,9.817042350769042969e-01,9.749373197555541992e-01,9.771929979324340820e-01
9.756892323493957520e-01,9.686716794967651367e-01,9.744361042976379395e-01,9.749373197555541992e-01,9.691729545593261719e-01,9.739348292350769043e-01,9.734335541725158691e-01,9.822055101394653320e-01,9.764410853385925293e-01,9.784461259841918945e-01
9.809523820877075195e-01,9.664160609245300293e-01,9.781954884529113770e-01,9.749373197555541992e-01,9.719298481941223145e-01,9.686716794967651367e-01,9.744361042976379395e-01,9.812030196189880371e-01,9.739348292350769043e-01,9.739348292350769043e-01
9.817042350769042969e-01,9.669172763824462891e-01,9.761904478073120117e-01,9.819548726081848145e-01,9.656641483306884766e-01,9.694235324859619141e-01,9.654135107994079590e-01,9.834586381912231445e-01,9.766917228698730469e-01,9.746867418289184570e-01
9.794486165046691895e-01,9.689223170280456543e-01,9.746867418289184570e-01,9.724310636520385742e-01,9.674185514450073242e-01,9.769423604011535645e-01,9.731829762458801270e-01,9.824561476707458496e-01,9.784461259841918945e-01,9.784461259841918945e-01
9.776942133903503418e-01,9.704260826110839844e-01,9.769423604011535645e-01,9.741854667663574219e-01,9.759398698806762695e-01,9.746867418289184570e-01,9.736841917037963867e-01,9.834586381912231445e-01,9.754385948181152344e-01,9.789473414421081543e-01
9.744361042976379395e-01,9.684210419654846191e-01,9.794486165046691895e-01,9.824561476707458496e-01,9.659147858619689941e-01,9.769423604011535645e-01,9.756892323493957520e-01,9.842105507850646973e-01,9.716792106628417969e-01,9.771929979324340820e-01
9.802005290985107422e-01,9.724310636520385742e-01,9.789473414421081543e-01,9.796992540359497070e-01,9.709272980690002441e-01,9.784461259841918945e-01,9.716792106628417969e-01,9.842105507850646973e-01,9.761904478073120117e-01,9.844611287117004395e-01
9.774436354637145996e-01,9.709272980690002441e-01,9.746867418289184570e-01,9.807017445564270020e-01,9.731829762458801270e-01,9.759398698806762695e-01,9.749373197555541992e-01,9.827067852020263672e-01,9.754385948181152344e-01,9.751879572868347168e-01
9.746867418289184570e-01,9.696741700172424316e-01,9.786967635154724121e-01,9.796992540359497070e-01,9.649122953414916992e-01,9.736841917037963867e-01,9.756892323493957520e-01,9.834586381912231445e-01,9.734335541725158691e-01,9.786967635154724121e-01
9.847117662429809570e-01,9.674185514450073242e-01,9.754385948181152344e-01,9.789473414421081543e-01,9.719298481941223145e-01,9.751879572868347168e-01,9.699248075485229492e-01,9.817042350769042969e-01,9.804511070251464844e-01,9.779448509216308594e-01
9.791979789733886719e-01,9.691729545593261719e-01,9.751879572868347168e-01,9.802005290985107422e-01,9.709272980690002441e-01,9.739348292350769043e-01,9.726817011833190918e-01,9.872180223464965820e-01,9.741854667663574219e-01,9.822055101394653320e-01
9.809523820877075195e-01,9.746867418289184570e-01,9.761904478073120117e-01,9.769423604011535645e-01,9.651629328727722168e-01,9.744361042976379395e-01,9.746867418289184570e-01,9.832080006599426270e-01,9.706767201423645020e-01,9.817042350769042969e-01
9.822055101394653320e-01,9.691729545593261719e-01,9.789473414421081543e-01,9.779448509216308594e-01,9.689223170280456543e-01,9.774436354637145996e-01,9.761904478073120117e-01,9.864661693572998047e-01,9.751879572868347168e-01,9.754385948181152344e-01
9.819548726081848145e-01,9.731829762458801270e-01,9.804511070251464844e-01,9.796992540359497070e-01,9.656641483306884766e-01,9.779448509216308594e-01,9.719298481941223145e-01,9.852130413055419922e-01,9.789473414421081543e-01,9.784461259841918945e-01
9.759398698806762695e-01,9.701754450798034668e-01,9.776942133903503418e-01,9.794486165046691895e-01,9.706767201423645020e-01,9.796992540359497070e-01,9.789473414421081543e-01,9.827067852020263672e-01,9.771929979324340820e-01,9.794486165046691895e-01
9.771929979324340820e-01,9.739348292350769043e-01,9.751879572868347168e-01,9.796992540359497070e-01,9.729323387145996094e-01,9.786967635154724121e-01,9.764410853385925293e-01,9.839599132537841797e-01,9.784461259841918945e-01,9.789473414421081543e-01
9.789473414421081543e-01,9.706767201423645020e-01,9.824561476707458496e-01,9.799498915672302246e-01,9.686716794967651367e-01,9.746867418289184570e-01,9.756892323493957520e-01,9.817042350769042969e-01,9.794486165046691895e-01,9.807017445564270020e-01
9.784461259841918945e-01,9.759398698806762695e-01,9.794486165046691895e-01,9.799498915672302246e-01,9.674185514450073242e-01,9.776942133903503418e-01,9.701754450798034668e-01,9.839599132537841797e-01,9.789473414421081543e-01,9.776942133903503418e-01
9.786967635154724121e-01,9.676691889762878418e-01,9.776942133903503418e-01,9.784461259841918945e-01,9.724310636520385742e-01,9.771929979324340820e-01,9.756892323493957520e-01,9.807017445564270020e-01,9.739348292350769043e-01,9.749373197555541992e-01
9.809523820877075195e-01,9.719298481941223145e-01,9.789473414421081543e-01,9.789473414421081543e-01,9.756892323493957520e-01,9.814536571502685547e-01,9.756892323493957520e-01,9.827067852020263672e-01,9.759398698806762695e-01,9.776942133903503418e-01
9.839599132537841797e-01,9.741854667663574219e-01,9.809523820877075195e-01,9.789473414421081543e-01,9.711779356002807617e-01,9.744361042976379395e-01,9.814536571502685547e-01,9.852130413055419922e-01,9.789473414421081543e-01,9.771929979324340820e-01
9.809523820877075195e-01,9.756892323493957520e-01,9.784461259841918945e-01,9.771929979324340820e-01,9.709272980690002441e-01,9.764410853385925293e-01,9.794486165046691895e-01,9.847117662429809570e-01,9.684210419654846191e-01,9.852130413055419922e-01
9.784461259841918945e-01,9.696741700172424316e-01,9.756892323493957520e-01,9.789473414421081543e-01,9.619047641754150391e-01,9.746867418289184570e-01,9.739348292350769043e-01,9.862155318260192871e-01,9.749373197555541992e-01,9.794486165046691895e-01
9.789473414421081543e-01,9.654135107994079590e-01,9.781954884529113770e-01,9.812030196189880371e-01,9.711779356002807617e-01,9.784461259841918945e-01,9.726817011833190918e-01,9.887217879295349121e-01,9.804511070251464844e-01,9.789473414421081543e-01
9.804511070251464844e-01,9.724310636520385742e-01,9.744361042976379395e-01,9.804511070251464844e-01,9.711779356002807617e-01,9.789473414421081543e-01,9.761904478073120117e-01,9.812030196189880371e-01,9.809523820877075195e-01,9.802005290985107422e-01
9.786967635154724121e-01,9.761904478073120117e-01,9.756892323493957520e-01,9.859648942947387695e-01,9.701754450798034668e-01,9.786967635154724121e-01,9.781954884529113770e-01,9.829574227333068848e-01,9.799498915672302246e-01,9.804511070251464844e-01
9.807017445564270020e-01,9.721804261207580566e-01,9.789473414421081543e-01,9.794486165046691895e-01,9.691729545593261719e-01,9.776942133903503418e-01,9.781954884529113770e-01,9.849624037742614746e-01,9.761904478073120117e-01,9.829574227333068848e-01
9.789473414421081543e-01,9.726817011833190918e-01,9.796992540359497070e-01,9.769423604011535645e-01,9.719298481941223145e-01,9.774436354637145996e-01,9.754385948181152344e-01,9.847117662429809570e-01,9.759398698806762695e-01,9.814536571502685547e-01
9.837092757225036621e-01,9.704260826110839844e-01,9.819548726081848145e-01,9.789473414421081543e-01,9.699248075485229492e-01,9.786967635154724121e-01,9.769423604011535645e-01,9.854636788368225098e-01,9.781954884529113770e-01,9.776942133903503418e-01
9.809523820877075195e-01,9.696741700172424316e-01,9.827067852020263672e-01,9.794486165046691895e-01,9.664160609245300293e-01,9.794486165046691895e-01,9.734335541725158691e-01,9.832080006599426270e-01,9.817042350769042969e-01,9.761904478073120117e-01
9.744361042976379395e-01,9.771929979324340820e-01,9.751879572868347168e-01,9.817042350769042969e-01,9.689223170280456543e-01,9.769423604011535645e-01,9.724310636520385742e-01,9.854636788368225098e-01,9.781954884529113770e-01,9.779448509216308594e-01
9.807017445564270020e-01,9.754385948181152344e-01,9.774436354637145996e-01,9.847117662429809570e-01,9.689223170280456543e-01,9.759398698806762695e-01,9.796992540359497070e-01,9.832080006599426270e-01,9.769423604011535645e-01,9.794486165046691895e-01
9.759398698806762695e-01,9.726817011833190918e-01,9.739348292350769043e-01,9.804511070251464844e-01,9.769423604011535645e-01,9.781954884529113770e-01,9.759398698806762695e-01,9.862155318260192871e-01,9.774436354637145996e-01,9.807017445564270020e-01
9.827067852020263672e-01,9.731829762458801270e-01,9.849624037742614746e-01,9.804511070251464844e-01,9.759398698806762695e-01,9.819548726081848145e-01,9.776942133903503418e-01,9.854636788368225098e-01,9.771929979324340820e-01,9.789473414421081543e-01
9.819548726081848145e-01,9.714285731315612793e-01,9.789473414421081543e-01,9.791979789733886719e-01,9.726817011833190918e-01,9.724310636520385742e-01,9.761904478073120117e-01,9.869674444198608398e-01,9.822055101394653320e-01,9.827067852020263672e-01
9.827067852020263672e-01,9.741854667663574219e-01,9.796992540359497070e-01,9.827067852020263672e-01,9.709272980690002441e-01,9.809523820877075195e-01,9.759398698806762695e-01,9.847117662429809570e-01,9.754385948181152344e-01,9.789473414421081543e-01
9.824561476707458496e-01,9.749373197555541992e-01,9.824561476707458496e-01,9.842105507850646973e-01,9.719298481941223145e-01,9.819548726081848145e-01,9.774436354637145996e-01,9.817042350769042969e-01,9.807017445564270020e-01,9.852130413055419922e-01
9.829574227333068848e-01,9.739348292350769043e-01,9.807017445564270020e-01,9.852130413055419922e-01,9.684210419654846191e-01,9.802005290985107422e-01,9.736841917037963867e-01,9.854636788368225098e-01,9.822055101394653320e-01,9.829574227333068848e-01
9.807017445564270020e-01,9.719298481941223145e-01,9.807017445564270020e-01,9.769423604011535645e-01,9.756892323493957520e-01,9.789473414421081543e-01,9.789473414421081543e-01,9.859648942947387695e-01,9.751879572868347168e-01,9.807017445564270020e-01
9.789473414421081543e-01,9.744361042976379395e-01,9.834586381912231445e-01,9.804511070251464844e-01,9.731829762458801270e-01,9.776942133903503418e-01,9.766917228698730469e-01,9.884711503982543945e-01,9.804511070251464844e-01,9.751879572868347168e-01
9.844611287117004395e-01,9.724310636520385742e-01,9.771929979324340820e-01,9.794486165046691895e-01,9.729323387145996094e-01,9.807017445564270020e-01,9.746867418289184570e-01,9.872180223464965820e-01,9.789473414421081543e-01,9.791979789733886719e-01
9.834586381912231445e-01,9.719298481941223145e-01,9.786967635154724121e-01,9.822055101394653320e-01,9.751879572868347168e-01,9.802005290985107422e-01,9.769423604011535645e-01,9.842105507850646973e-01,9.799498915672302246e-01,9.776942133903503418e-01
9.819548726081848145e-01,9.739348292350769043e-01,9.796992540359497070e-01,9.807017445564270020e-01,9.744361042976379395e-01,9.786967635154724121e-01,9.799498915672302246e-01,9.867168068885803223e-01,9.756892323493957520e-01,9.809523820877075195e-01
9.859648942947387695e-01,9.739348292350769043e-01,9.819548726081848145e-01,9.809523820877075195e-01,9.719298481941223145e-01,9.761904478073120117e-01,9.781954884529113770e-01,9.862155318260192871e-01,9.764410853385925293e-01,9.857142567634582520e-01
9.789473414421081543e-01,9.786967635154724121e-01,9.812030196189880371e-01,9.799498915672302246e-01,9.724310636520385742e-01,9.822055101394653320e-01,9.799498915672302246e-01,9.867168068885803223e-01,9.807017445564270020e-01,9.854636788368225098e-01
9.812030196189880371e-01,9.704260826110839844e-01,9.799498915672302246e-01,9.827067852020263672e-01,9.709272980690002441e-01,9.829574227333068848e-01,9.781954884529113770e-01,9.862155318260192871e-01,9.822055101394653320e-01,9.814536571502685547e-01
9.864661693572998047e-01,9.719298481941223145e-01,9.796992540359497070e-01,9.862155318260192871e-01,9.751879572868347168e-01,9.812030196189880371e-01,9.804511070251464844e-01,9.819548726081848145e-01,9.802005290985107422e-01,9.807017445564270020e-01
9.822055101394653320e-01,9.741854667663574219e-01,9.807017445564270020e-01,9.776942133903503418e-01,9.739348292350769043e-01,9.837092757225036621e-01,9.761904478073120117e-01,9.882205724716186523e-01,9.759398698806762695e-01,9.829574227333068848e-01
9.807017445564270020e-01,9.749373197555541992e-01,9.786967635154724121e-01,9.809523820877075195e-01,9.696741700172424316e-01,9.832080006599426270e-01,9.736841917037963867e-01,9.874686598777770996e-01,9.827067852020263672e-01,9.817042350769042969e-01
9.791979789733886719e-01,9.784461259841918945e-01,9.834586381912231445e-01,9.776942133903503418e-01,9.716792106628417969e-01,9.761904478073120117e-01,9.766917228698730469e-01,9.894737005233764648e-01,9.814536571502685547e-01,9.786967635154724121e-01
9.791979789733886719e-01,9.724310636520385742e-01,9.779448509216308594e-01,9.786967635154724121e-01,9.711779356002807617e-01,9.784461259841918945e-01,9.771929979324340820e-01,9.882205724716186523e-01,9.796992540359497070e-01,9.824561476707458496e-01
9.849624037742614746e-01,9.746867418289184570e-01,9.824561476707458496e-01,9.832080006599426270e-01,9.769423604011535645e-01,9.789473414421081543e-01,9.802005290985107422e-01,9.842105507850646973e-01,9.766917228698730469e-01,9.874686598777770996e-01
9.839599132537841797e-01,9.779448509216308594e-01,9.781954884529113770e-01,9.769423604011535645e-01,9.764410853385925293e-01,9.799498915672302246e-01,9.819548726081848145e-01,9.884711503982543945e-01,9.796992540359497070e-01,9.827067852020263672e-01
9.807017445564270020e-01,9.779448509216308594e-01,9.817042350769042969e-01,9.809523820877075195e-01,9.734335541725158691e-01,9.779448509216308594e-01,9.827067852020263672e-01,9.857142567634582520e-01,9.766917228698730469e-01,9.822055101394653320e-01
9.829574227333068848e-01,9.746867418289184570e-01,9.827067852020263672e-01,9.839599132537841797e-01,9.764410853385925293e-01,9.817042350769042969e-01,9.771929979324340820e-01,9.857142567634582520e-01,9.791979789733886719e-01,9.776942133903503418e-01
9.814536571502685547e-01,9.769423604011535645e-01,9.794486165046691895e-01,9.827067852020263672e-01,9.774436354637145996e-01,9.794486165046691895e-01,9.771929979324340820e-01,9.909774661064147949e-01,9.822055101394653320e-01,9.834586381912231445e-01
9.807017445564270020e-01,9.726817011833190918e-01,9.791979789733886719e-01,9.857142567634582520e-01,9.766917228698730469e-01,9.812030196189880371e-01,9.764410853385925293e-01,9.854636788368225098e-01,9.819548726081848145e-01,9.804511070251464844e-01
9.786967635154724121e-01,9.756892323493957520e-01,9.776942133903503418e-01,9.872180223464965820e-01,9.789473414421081543e-01,9.824561476707458496e-01,9.771929979324340820e-01,9.862155318260192871e-01,9.822055101394653320e-01,9.824561476707458496e-01
9.827067852020263672e-01,9.802005290985107422e-01,9.827067852020263672e-01,9.849624037742614746e-01,9.706767201423645020e-01,9.812030196189880371e-01,9.824561476707458496e-01,9.892230629920959473e-01,9.804511070251464844e-01,9.837092757225036621e-01
9.824561476707458496e-01,9.744361042976379395e-01,9.774436354637145996e-01,9.814536571502685547e-01,9.691729545593261719e-01,9.784461259841918945e-01,9.774436354637145996e-01,9.867168068885803223e-01,9.771929979324340820e-01,9.829574227333068848e-01
9.779448509216308594e-01,9.769423604011535645e-01,9.814536571502685547e-01,9.864661693572998047e-01,9.706767201423645020e-01,9.774436354637145996e-01,9.796992540359497070e-01,9.882205724716186523e-01,9.799498915672302246e-01,9.822055101394653320e-01
9.829574227333068848e-01,9.714285731315612793e-01,9.834586381912231445e-01,9.839599132537841797e-01,9.766917228698730469e-01,9.791979789733886719e-01,9.764410853385925293e-01,9.842105507850646973e-01,9.784461259841918945e-01,9.796992540359497070e-01
9.791979789733886719e-01,9.726817011833190918e-01,9.809523820877075195e-01,9.812030196189880371e-01,9.759398698806762695e-01,9.791979789733886719e-01,9.789473414421081543e-01,9.899749159812927246e-01,9.812030196189880371e-01,9.852130413055419922e-01
9.812030196189880371e-01,9.766917228698730469e-01,9.822055101394653320e-01,9.812030196189880371e-01,9.736841917037963867e-01,9.799498915672302246e-01,9.764410853385925293e-01,9.854636788368225098e-01,9.766917228698730469e-01,9.847117662429809570e-01
9.847117662429809570e-01,9.802005290985107422e-01,9.832080006599426270e-01,9.822055101394653320e-01,9.802005290985107422e-01,9.844611287117004395e-01,9.807017445564270020e-01,9.882205724716186523e-01,9.814536571502685547e-01,9.839599132537841797e-01
9.819548726081848145e-01,9.781954884529113770e-01,9.839599132537841797e-01,9.819548726081848145e-01,9.726817011833190918e-01,9.824561476707458496e-01,9.844611287117004395e-01,9.914786815643310547e-01,9.857142567634582520e-01,9.852130413055419922e-01
9.837092757225036621e-01,9.784461259841918945e-01,9.857142567634582520e-01,9.764410853385925293e-01,9.759398698806762695e-01,9.827067852020263672e-01,9.764410853385925293e-01,9.852130413055419922e-01,9.776942133903503418e-01,9.837092757225036621e-01
9.814536571502685547e-01,9.744361042976379395e-01,9.809523820877075195e-01,9.857142567634582520e-01,9.751879572868347168e-01,9.812030196189880371e-01,9.799498915672302246e-01,9.892230629920959473e-01,9.794486165046691895e-01,9.834586381912231445e-01
9.862155318260192871e-01,9.749373197555541992e-01,9.784461259841918945e-01,9.799498915672302246e-01,9.709272980690002441e-01,9.781954884529113770e-01,9.774436354637145996e-01,9.857142567634582520e-01,9.827067852020263672e-01,9.827067852020263672e-01
9.817042350769042969e-01,9.744361042976379395e-01,9.839599132537841797e-01,9.832080006599426270e-01,9.771929979324340820e-01,9.796992540359497070e-01,9.794486165046691895e-01,9.894737005233764648e-01,9.799498915672302246e-01,9.799498915672302246e-01
