5.481114983558654785e-01,5.272863507270812988e-01,5.336436629295349121e-01,5.326154828071594238e-01,5.943934321403503418e-01,5.816219449043273926e-01,6.140328645706176758e-01,5.405150055885314941e-01,5.518994927406311035e-01,5.286966562271118164e-01
4.601971507072448730e-01,4.578885734081268311e-01,4.413530230522155762e-01,4.376620352268218994e-01,5.001134872436523438e-01,5.008315443992614746e-01,4.610572457313537598e-01,4.480639696121215820e-01,4.623718857765197754e-01,4.492611587047576904e-01
4.210768938064575195e-01,4.170396029949188232e-01,3.811414241790771484e-01,3.909736573696136475e-01,4.295323193073272705e-01,4.198597669601440430e-01,3.978666961193084717e-01,4.114187657833099365e-01,4.236882030963897705e-01,4.121351242065429688e-01
3.839049637317657471e-01,3.906728327274322510e-01,3.530598580837249756e-01,3.669521808624267578e-01,3.882172405719757080e-01,3.810244798660278320e-01,3.671673536300659180e-01,3.930249512195587158e-01,3.841246962547302246e-01,3.815235197544097900e-01
3.632192611694335938e-01,3.668294250965118408e-01,3.510133326053619385e-01,3.525159657001495361e-01,3.646273314952850342e-01,3.506810665130615234e-01,3.383085429668426514e-01,3.674584329128265381e-01,3.673400580883026123e-01,3.577441573143005371e-01
3.480993509292602539e-01,3.384405970573425293e-01,3.400653004646301270e-01,3.235653340816497803e-01,3.502562046051025391e-01,3.408006727695465088e-01,3.251318633556365967e-01,3.431264460086822510e-01,3.382406234741210938e-01,3.261845707893371582e-01
3.288662731647491455e-01,3.335889279842376709e-01,3.274398446083068848e-01,3.172219097614288330e-01,3.259829878807067871e-01,3.132464289665222168e-01,3.024982213973999023e-01,3.298709690570831299e-01,3.284271657466888428e-01,3.103972673416137695e-01
3.043008148670196533e-01,3.019108772277832031e-01,3.192293047904968262e-01,3.081602752208709717e-01,3.088846504688262939e-01,2.968321442604064941e-01,2.829561531543731689e-01,3.240686953067779541e-01,3.223513960838317871e-01,2.918325364589691162e-01
2.807218730449676514e-01,2.842392921447753906e-01,3.065823018550872803e-01,3.044197857379913330e-01,2.995226979255676270e-01,2.854747176170349121e-01,2.682970166206359863e-01,3.084831535816192627e-01,3.062776327133178711e-01,2.799926102161407471e-01
2.918841242790222168e-01,2.815392017364501953e-01,2.909098863601684570e-01,2.894790470600128174e-01,2.907248437404632568e-01,2.655028402805328369e-01,2.671836018562316895e-01,3.043843507766723633e-01,2.948594093322753906e-01,2.778714299201965332e-01
2.760018408298492432e-01,2.597039043903350830e-01,2.848899960517883301e-01,2.895275652408599854e-01,2.798735797405242920e-01,2.524693310260772705e-01,2.622653841972351074e-01,2.934192419052124023e-01,2.851546108722686768e-01,2.694241404533386230e-01
2.573130428791046143e-01,2.592001855373382568e-01,2.786183357238769531e-01,2.734864056110382080e-01,2.755113542079925537e-01,2.470240890979766846e-01,2.583065330982208252e-01,2.871541082859039307e-01,2.773621082305908203e-01,2.617079019546508789e-01
2.507665157318115234e-01,2.603960931301116943e-01,2.726365327835083008e-01,2.768663167953491211e-01,2.807078063488006592e-01,2.394979894161224365e-01,2.435054033994674683e-01,2.698642909526824951e-01,2.746224701404571533e-01,2.558350563049316406e-01
2.472355961799621582e-01,2.462665438652038574e-01,2.663640379905700684e-01,2.646992504596710205e-01,2.745948731899261475e-01,2.311524748802185059e-01,2.411701828241348267e-01,2.737369239330291748e-01,2.542223930358886719e-01,2.487136423587799072e-01
2.432424873113632202e-01,2.399270683526992798e-01,2.606361806392669678e-01,2.638518214225769043e-01,2.619307637214660645e-01,2.207461446523666382e-01,2.387906312942504883e-01,2.676054835319519043e-01,2.509941458702087402e-01,2.466747015714645386e-01
2.408387511968612671e-01,2.284105718135833740e-01,2.511995136737823486e-01,2.535344958305358887e-01,2.646136581897735596e-01,2.204649001359939575e-01,2.347240447998046875e-01,2.580084502696990967e-01,2.441575676202774048e-01,2.296833842992782593e-01
2.268459647893905640e-01,2.394020855426788330e-01,2.553671300411224365e-01,2.407082766294479370e-01,2.452077120542526245e-01,2.101398557424545288e-01,2.271666377782821655e-01,2.619622349739074707e-01,2.351229190826416016e-01,2.280796468257904053e-01
2.310188859701156616e-01,2.329757064580917358e-01,2.461664378643035889e-01,2.359836697578430176e-01,2.492013722658157349e-01,1.993536204099655151e-01,2.242336124181747437e-01,2.515674829483032227e-01,2.288285642862319946e-01,2.431011945009231567e-01
2.196492701768875122e-01,2.172716856002807617e-01,2.389611452817916870e-01,2.354583293199539185e-01,2.500155866146087646e-01,1.988595426082611084e-01,2.231668680906295776e-01,2.551263570785522461e-01,2.204148471355438232e-01,2.296746671199798584e-01
2.121614813804626465e-01,2.272251844406127930e-01,2.501989305019378662e-01,2.219373583793640137e-01,2.429827004671096802e-01,1.851878762245178223e-01,2.142498344182968140e-01,2.529797554016113281e-01,2.287630289793014526e-01,2.223813086748123169e-01
2.146062701940536499e-01,2.151603996753692627e-01,2.369124442338943481e-01,2.146507650613784790e-01,2.312223762273788452e-01,1.881366223096847534e-01,2.068449258804321289e-01,2.445530593395233154e-01,2.185210138559341431e-01,2.200875431299209595e-01
2.040494829416275024e-01,2.151503860950469971e-01,2.314582169055938721e-01,2.139756679534912109e-01,2.361671179533004761e-01,1.802413016557693481e-01,2.071022987365722656e-01,2.467286437749862671e-01,2.146574705839157104e-01,2.116675823926925659e-01
2.050313353538513184e-01,2.158581614494323730e-01,2.375929802656173706e-01,2.044786661863327026e-01,2.287340611219406128e-01,1.725839674472808838e-01,2.060770243406295776e-01,2.385799735784530640e-01,2.005637288093566895e-01,2.171436399221420288e-01
2.065398842096328735e-01,2.016513496637344360e-01,2.296806424856185913e-01,2.004915922880172729e-01,2.210027873516082764e-01,1.757404804229736328e-01,1.959411948919296265e-01,2.364534437656402588e-01,2.007555365562438965e-01,2.048753798007965088e-01
1.947777122259140015e-01,2.156313359737396240e-01,2.267587482929229736e-01,1.942545324563980103e-01,2.254054099321365356e-01,1.760234534740447998e-01,1.952674835920333862e-01,2.279035747051239014e-01,2.042530179023742676e-01,2.087207585573196411e-01
1.934658288955688477e-01,1.987242251634597778e-01,2.212441116571426392e-01,1.910990476608276367e-01,2.229103744029998779e-01,1.734377294778823853e-01,1.925518810749053955e-01,2.286143451929092407e-01,1.939710825681686401e-01,1.994638890027999878e-01
1.886118948459625244e-01,2.001829892396926880e-01,2.330697029829025269e-01,1.876556426286697388e-01,2.279881089925765991e-01,1.680149435997009277e-01,1.872296333312988281e-01,2.173539400100708008e-01,1.832060217857360840e-01,2.043484151363372803e-01
1.851409673690795898e-01,1.922297179698944092e-01,2.148953825235366821e-01,1.873578578233718872e-01,2.123087346553802490e-01,1.650954782962799072e-01,1.810031980276107788e-01,2.098103910684585571e-01,1.833366304636001587e-01,1.916615664958953857e-01
1.867670416831970215e-01,2.060900330543518066e-01,2.232788503170013428e-01,1.892557889223098755e-01,2.130394279956817627e-01,1.589434146881103516e-01,1.884970068931579590e-01,2.210202962160110474e-01,1.890742331743240356e-01,1.973425447940826416e-01
1.860154122114181519e-01,1.939986944198608398e-01,2.236371785402297974e-01,1.727867573499679565e-01,2.135672867298126221e-01,1.637524515390396118e-01,1.832696050405502319e-01,2.120963782072067261e-01,1.834985762834548950e-01,1.977056711912155151e-01
1.777821928262710571e-01,1.967648267745971680e-01,2.135735154151916504e-01,1.771792024374008179e-01,2.121394872665405273e-01,1.745512187480926514e-01,1.731347590684890747e-01,2.055945694446563721e-01,1.821599751710891724e-01,1.964614689350128174e-01
1.821029037237167358e-01,1.997862160205841064e-01,2.062340676784515381e-01,1.755416244268417358e-01,2.090277671813964844e-01,1.608395278453826904e-01,1.833682954311370850e-01,2.023867219686508179e-01,1.710172593593597412e-01,1.867726594209671021e-01
1.846025586128234863e-01,1.876428872346878052e-01,2.078722119331359863e-01,1.675207465887069702e-01,2.156996279954910278e-01,1.691745221614837646e-01,1.702853590250015259e-01,2.111385911703109741e-01,1.897502243518829346e-01,1.854451745748519897e-01
1.741760820150375366e-01,1.865820735692977905e-01,2.041717171669006348e-01,1.771620512008666992e-01,2.174669951200485229e-01,1.589977592229843140e-01,1.792058795690536499e-01,2.107320278882980347e-01,1.756863296031951904e-01,1.857347786426544189e-01
1.833618432283401489e-01,1.839513331651687622e-01,2.082022726535797119e-01,1.575338989496231079e-01,1.986581534147262573e-01,1.571612805128097534e-01,1.718315631151199341e-01,1.936495453119277954e-01,1.713964492082595825e-01,1.870866119861602783e-01
1.835925132036209106e-01,1.888851374387741089e-01,2.088300436735153198e-01,1.670458465814590454e-01,2.060623914003372192e-01,1.553941667079925537e-01,1.710084229707717896e-01,1.978590488433837891e-01,1.705017238855361938e-01,1.798783540725708008e-01
1.774456351995468140e-01,1.819561719894409180e-01,2.003194987773895264e-01,1.611668914556503296e-01,2.008851170539855957e-01,1.671640872955322266e-01,1.661884188652038574e-01,2.007040381431579590e-01,1.666961610317230225e-01,1.864102929830551147e-01
1.739266663789749146e-01,1.791447550058364868e-01,1.972836703062057495e-01,1.620490700006484985e-01,2.045608758926391602e-01,1.512989848852157593e-01,1.712061911821365356e-01,1.912313103675842285e-01,1.693288236856460571e-01,1.764653921127319336e-01
1.696816831827163696e-01,1.794822067022323608e-01,1.958178281784057617e-01,1.563857942819595337e-01,2.093194574117660522e-01,1.557562947273254395e-01,1.649423986673355103e-01,1.942691653966903687e-01,1.580775380134582520e-01,1.884807944297790527e-01
1.778256297111511230e-01,1.756891012191772461e-01,2.084744125604629517e-01,1.636154204607009888e-01,2.047028690576553345e-01,1.510988175868988037e-01,1.643316447734832764e-01,1.835409104824066162e-01,1.617793440818786621e-01,1.780567616224288940e-01
1.724833995103836060e-01,1.866228878498077393e-01,1.919191926717758179e-01,1.577914059162139893e-01,1.962579339742660522e-01,1.599394679069519043e-01,1.733228117227554321e-01,1.920801550149917603e-01,1.613767594099044800e-01,1.762948632240295410e-01
1.572439521551132202e-01,1.747314482927322388e-01,1.958631873130798340e-01,1.646608263254165649e-01,1.961971074342727661e-01,1.452595889568328857e-01,1.670023053884506226e-01,1.797201931476593018e-01,1.582751125097274780e-01,1.778487116098403931e-01
1.664031744003295898e-01,1.697454899549484253e-01,1.899445503950119019e-01,1.527509540319442749e-01,2.071357667446136475e-01,1.448390930891036987e-01,1.677102893590927124e-01,1.729316115379333496e-01,1.654973626136779785e-01,1.693445891141891479e-01
1.538699567317962646e-01,1.723269224166870117e-01,2.021760493516921997e-01,1.482999175786972046e-01,1.944815814495086670e-01,1.502321660518646240e-01,1.590259969234466553e-01,1.807590723037719727e-01,1.549966186285018921e-01,1.772328019142150879e-01
1.773725003004074097e-01,1.736649125814437866e-01,1.864720880985260010e-01,1.491042077541351318e-01,2.075892537832260132e-01,1.480077058076858521e-01,1.603438109159469604e-01,1.725712716579437256e-01,1.665854454040527344e-01,1.714448183774948120e-01
1.728090196847915649e-01,1.652263104915618896e-01,1.900040507316589355e-01,1.599797755479812622e-01,1.983926296234130859e-01,1.513611972332000732e-01,1.632824242115020752e-01,1.710484921932220459e-01,1.515733152627944946e-01,1.615226715803146362e-01
1.605403125286102295e-01,1.668005734682083130e-01,1.881089806556701660e-01,1.486210674047470093e-01,2.016213685274124146e-01,1.447665393352508545e-01,1.525837481021881104e-01,1.689200103282928467e-01,1.608491688966751099e-01,1.749825626611709595e-01
1.532917469739913940e-01,1.712012737989425659e-01,1.826496422290802002e-01,1.490356624126434326e-01,1.907298564910888672e-01,1.515059769153594971e-01,1.474917829036712646e-01,1.733471751213073730e-01,1.618563532829284668e-01,1.759808212518692017e-01
1.694874614477157593e-01,1.599140763282775879e-01,1.798886656761169434e-01,1.513992547988891602e-01,1.948272734880447388e-01,1.459435373544692993e-01,1.592862606048583984e-01,1.689658463001251221e-01,1.495246142148971558e-01,1.596219986677169800e-01
1.559315174818038940e-01,1.624919176101684570e-01,1.813513040542602539e-01,1.500727385282516479e-01,1.850348860025405884e-01,1.479484885931015015e-01,1.619572639465332031e-01,1.592203378677368164e-01,1.506532579660415649e-01,1.668030619621276855e-01
1.676297187805175781e-01,1.692170649766921997e-01,1.846864372491836548e-01,1.496667116880416870e-01,1.999686062335968018e-01,1.431278735399246216e-01,1.529468297958374023e-01,1.570216864347457886e-01,1.537568420171737671e-01,1.791684478521347046e-01
1.633147746324539185e-01,1.546683460474014282e-01,1.808991283178329468e-01,1.544747799634933472e-01,1.828517466783523560e-01,1.569615751504898071e-01,1.621960848569869995e-01,1.735625714063644409e-01,1.528210043907165527e-01,1.641723513603210449e-01
1.623004078865051270e-01,1.618234068155288696e-01,1.912931352853775024e-01,1.477784514427185059e-01,1.967376321554183960e-01,1.551314890384674072e-01,1.530611515045166016e-01,1.595607101917266846e-01,1.603734493255615234e-01,1.640092581510543823e-01
1.660905331373214722e-01,1.648389846086502075e-01,1.760881841182708740e-01,1.433222442865371704e-01,1.865811645984649658e-01,1.437537670135498047e-01,1.491471081972122192e-01,1.625038087368011475e-01,1.425274908542633057e-01,1.647136062383651733e-01
1.565890163183212280e-01,1.677433401346206665e-01,1.849017590284347534e-01,1.437212675809860229e-01,1.831448972225189209e-01,1.383206993341445923e-01,1.528261154890060425e-01,1.648019701242446899e-01,1.561883240938186646e-01,1.659107655286788940e-01
1.648630350828170776e-01,1.728882938623428345e-01,1.735219508409500122e-01,1.432673186063766479e-01,1.836163103580474854e-01,1.371316611766815186e-01,1.406389772891998291e-01,1.639322787523269653e-01,1.552178412675857544e-01,1.524378359317779541e-01
1.606858670711517334e-01,1.548433154821395874e-01,1.830946058034896851e-01,1.584841310977935791e-01,1.851223409175872803e-01,1.437757760286331177e-01,1.491570919752120972e-01,1.585594415664672852e-01,1.478876024484634399e-01,1.520513445138931274e-01
1.510669887065887451e-01,1.578504145145416260e-01,1.885536909103393555e-01,1.429308503866195679e-01,1.949019730091094971e-01,1.401345431804656982e-01,1.438223272562026978e-01,1.572894901037216187e-01,1.415714621543884277e-01,1.556697338819503784e-01
1.588959544897079468e-01,1.589369773864746094e-01,1.762403249740600586e-01,1.422181427478790283e-01,1.786722093820571899e-01,1.509903520345687866e-01,1.507295966148376465e-01,1.559311151504516602e-01,1.437112689018249512e-01,1.646005809307098389e-01
1.573072969913482666e-01,1.585563123226165771e-01,1.827651560306549072e-01,1.394354403018951416e-01,1.871710866689682007e-01,1.422595679759979248e-01,1.484694480895996094e-01,1.527861505746841431e-01,1.529015302658081055e-01,1.584747582674026489e-01
1.520040780305862427e-01,1.604271829128265381e-01,1.754295825958251953e-01,1.411385983228683472e-01,1.944533586502075195e-01,1.373628824949264526e-01,1.436617523431777954e-01,1.525222957134246826e-01,1.480467468500137329e-01,1.469207406044006348e-01
1.471044570207595825e-01,1.629432886838912964e-01,1.665993481874465942e-01,1.375145614147186279e-01,1.802966594696044922e-01,1.399506777524948120e-01,1.486426442861557007e-01,1.481658071279525757e-01,1.521937102079391479e-01,1.630421429872512817e-01
1.493749767541885376e-01,1.473637074232101440e-01,1.661709398031234741e-01,1.364012062549591064e-01,1.746113300323486328e-01,1.328805088996887207e-01,1.434477716684341431e-01,1.568572968244552612e-01,1.467433422803878784e-01,1.630212813615798950e-01
1.473363935947418213e-01,1.570594906806945801e-01,1.726271659135818481e-01,1.449645608663558960e-01,1.826001405715942383e-01,1.339294612407684326e-01,1.400695294141769409e-01,1.543374508619308472e-01,1.454121768474578857e-01,1.564168334007263184e-01
1.515232473611831665e-01,1.588187813758850098e-01,1.725415289402008057e-01,1.324867755174636841e-01,1.839481741189956665e-01,1.383370608091354370e-01,1.379178464412689209e-01,1.430766284465789795e-01,1.524820476770401001e-01,1.580079048871994019e-01
1.638157814741134644e-01,1.500837504863739014e-01,1.609930694103240967e-01,1.454307138919830322e-01,1.824391633272171021e-01,1.297730505466461182e-01,1.507489681243896484e-01,1.534435153007507324e-01,1.458480805158615112e-01,1.550996750593185425e-01
1.514787375926971436e-01,1.573740392923355103e-01,1.680477857589721680e-01,1.329911798238754272e-01,1.957160979509353638e-01,1.354736685752868652e-01,1.410056799650192261e-01,1.489503532648086548e-01,1.470374017953872681e-01,1.558463573455810547e-01
1.447260677814483643e-01,1.502896398305892944e-01,1.691841632127761841e-01,1.340112835168838501e-01,1.871552318334579468e-01,1.334457695484161377e-01,1.446191072463989258e-01,1.559743583202362061e-01,1.406620442867279053e-01,1.414451897144317627e-01
1.417976468801498413e-01,1.526347100734710693e-01,1.645592898130416870e-01,1.335349529981613159e-01,1.876482963562011719e-01,1.425568759441375732e-01,1.428690850734710693e-01,1.555284112691879272e-01,1.464793384075164795e-01,1.489907056093215942e-01
1.554952561855316162e-01,1.482258737087249756e-01,1.706207394599914551e-01,1.406636387109756470e-01,1.811519712209701538e-01,1.303930580615997314e-01,1.416411101818084717e-01,1.389605849981307983e-01,1.353364586830139160e-01,1.510322988033294678e-01
1.497124284505844116e-01,1.525003463029861450e-01,1.685439646244049072e-01,1.411791294813156128e-01,1.767477542161941528e-01,1.263739913702011108e-01,1.359451115131378174e-01,1.497651934623718262e-01,1.414602547883987427e-01,1.408504843711853027e-01
1.507098674774169922e-01,1.538905501365661621e-01,1.603041589260101318e-01,1.333067417144775391e-01,1.764779537916183472e-01,1.361980289220809937e-01,1.479546874761581421e-01,1.497959792613983154e-01,1.452775001525878906e-01,1.392579376697540283e-01
1.437759548425674438e-01,1.619064807891845703e-01,1.689122319221496582e-01,1.363854259252548218e-01,1.923576593399047852e-01,1.310233473777770996e-01,1.392101645469665527e-01,1.392946988344192505e-01,1.357249766588211060e-01,1.497469842433929443e-01
1.473064422607421875e-01,1.580049395561218262e-01,1.687142401933670044e-01,1.376126706600189209e-01,1.744667887687683105e-01,1.368940472602844238e-01,1.412590146064758301e-01,1.322462707757949829e-01,1.285124868154525757e-01,1.547684818506240845e-01
1.439214348793029785e-01,1.471817493438720703e-01,1.652330011129379272e-01,1.294785439968109131e-01,1.680735349655151367e-01,1.367699503898620605e-01,1.408701837062835693e-01,1.413901150226593018e-01,1.497772783041000366e-01,1.474065333604812622e-01
1.427310109138488770e-01,1.449864804744720459e-01,1.517084836959838867e-01,1.325482279062271118e-01,1.753616034984588623e-01,1.386616230010986328e-01,1.347919404506683350e-01,1.476102769374847412e-01,1.452403813600540161e-01,1.498822122812271118e-01
1.449845135211944580e-01,1.450156122446060181e-01,1.641637235879898071e-01,1.332482397556304932e-01,1.706295013427734375e-01,1.419121772050857544e-01,1.391378492116928101e-01,1.427346020936965942e-01,1.384339332580566406e-01,1.363298594951629639e-01
1.581062823534011841e-01,1.539338082075119019e-01,1.707119196653366089e-01,1.340751051902770996e-01,1.748299449682235718e-01,1.332583874464035034e-01,1.328751593828201294e-01,1.425362676382064819e-01,1.333676278591156006e-01,1.525841653347015381e-01
1.478921025991439819e-01,1.456365287303924561e-01,1.595402508974075317e-01,1.332098990678787231e-01,1.701318323612213135e-01,1.328452676534652710e-01,1.348695904016494751e-01,1.377869993448257446e-01,1.382427811622619629e-01,1.439074277877807617e-01
1.436074078083038330e-01,1.479802131652832031e-01,1.690285652875900269e-01,1.253164708614349365e-01,1.769003570079803467e-01,1.366790533065795898e-01,1.301892101764678955e-01,1.401922255754470825e-01,1.363483965396881104e-01,1.423197984695434570e-01
1.458482444286346436e-01,1.430950164794921875e-01,1.716960668563842773e-01,1.396421492099761963e-01,1.635664850473403931e-01,1.286117732524871826e-01,1.370972841978073120e-01,1.450552642345428467e-01,1.459826081991195679e-01,1.472747176885604858e-01
1.428417414426803589e-01,1.520366519689559937e-01,1.555012464523315430e-01,1.349555850028991699e-01,1.792603880167007446e-01,1.434482932090759277e-01,1.356858313083648682e-01,1.345116645097732544e-01,1.290601640939712524e-01,1.439087986946105957e-01
1.523561030626296997e-01,1.368276029825210571e-01,1.563705205917358398e-01,1.318445801734924316e-01,1.716208308935165405e-01,1.301736533641815186e-01,1.315501779317855835e-01,1.395135223865509033e-01,1.291071176528930664e-01,1.489100307226181030e-01
1.411627382040023804e-01,1.419754028320312500e-01,1.622903943061828613e-01,1.333750933408737183e-01,1.750633269548416138e-01,1.291775107383728027e-01,1.346124559640884399e-01,1.342296302318572998e-01,1.316296160221099854e-01,1.422084420919418335e-01
1.512169092893600464e-01,1.408419758081436157e-01,1.591236591339111328e-01,1.355302929878234863e-01,1.678162366151809692e-01,1.244543492794036865e-01,1.323977708816528320e-01,1.402051150798797607e-01,1.321368366479873657e-01,1.466762423515319824e-01
1.436936706304550171e-01,1.436496973037719727e-01,1.548852175474166870e-01,1.307561397552490234e-01,1.639824956655502319e-01,1.287159770727157593e-01,1.424633264541625977e-01,1.264680474996566772e-01,1.408747583627700806e-01,1.480432450771331787e-01
1.379974782466888428e-01,1.452558785676956177e-01,1.572322547435760498e-01,1.286453306674957275e-01,1.664613038301467896e-01,1.193653196096420288e-01,1.333796977996826172e-01,1.292356252670288086e-01,1.316269040107727051e-01,1.447199881076812744e-01
1.469475030899047852e-01,1.436258554458618164e-01,1.498155891895294189e-01,1.329155862331390381e-01,1.636093854904174805e-01,1.268747299909591675e-01,1.346942931413650513e-01,1.355379223823547363e-01,1.331570446491241455e-01,1.396396905183792114e-01
1.426423639059066772e-01,1.329309195280075073e-01,1.637772172689437866e-01,1.295754462480545044e-01,1.720988154411315918e-01,1.224211677908897400e-01,1.285378783941268921e-01,1.317166984081268311e-01,1.346599310636520386e-01,1.428407579660415649e-01
1.457962095737457275e-01,1.466862559318542480e-01,1.546553969383239746e-01,1.330243647098541260e-01,1.666547805070877075e-01,1.317219138145446777e-01,1.343666911125183105e-01,1.307420134544372559e-01,1.410581916570663452e-01,1.334394514560699463e-01
1.400106400251388550e-01,1.417400389909744263e-01,1.546753048896789551e-01,1.307317614555358887e-01,1.586084961891174316e-01,1.323254704475402832e-01,1.250288933515548706e-01,1.324081122875213623e-01,1.355610340833663940e-01,1.570610255002975464e-01
1.446342170238494873e-01,1.393699645996093750e-01,1.622886061668395996e-01,1.271932274103164673e-01,1.695189774036407471e-01,1.298741251230239868e-01,1.293480545282363892e-01,1.367768049240112305e-01,1.248947605490684509e-01,1.424452662467956543e-01
1.350905001163482666e-01,1.410708874464035034e-01,1.566568017005920410e-01,1.295087337493896484e-01,1.668028831481933594e-01,1.247519925236701965e-01,1.265932470560073853e-01,1.365628093481063843e-01,1.391958147287368774e-01,1.288731992244720459e-01
1.491868942975997925e-01,1.445083320140838623e-01,1.560267508029937744e-01,1.256948858499526978e-01,1.498631089925765991e-01,1.197056472301483154e-01,1.395587027072906494e-01,1.210976243019104004e-01,1.313691735267639160e-01,1.440504491329193115e-01
1.362985670566558838e-01,1.377950757741928101e-01,1.567321866750717163e-01,1.326902061700820923e-01,1.525503844022750854e-01,1.230655014514923096e-01,1.248395070433616638e-01,1.318163573741912842e-01,1.334055215120315552e-01,1.323365122079849243e-01
1.397061496973037720e-01,1.371546685695648193e-01,1.580393612384796143e-01,1.286633610725402832e-01,1.673545539379119873e-01,1.283711791038513184e-01,1.282642036676406860e-01,1.390372514724731445e-01,1.399739980697631836e-01,1.311291456222534180e-01
1.379731148481369019e-01,1.394264698028564453e-01,1.463306844234466553e-01,1.254471838474273682e-01,1.577562838792800903e-01,1.135487258434295654e-01,1.362105607986450195e-01,1.407335847616195679e-01,1.324108839035034180e-01,1.407295465469360352e-01
1.467012465000152588e-01,1.537929326295852661e-01,1.488202214241027832e-01,1.337545663118362427e-01,1.569792032241821289e-01,1.247483789920806885e-01,1.253604292869567871e-01,1.282010674476623535e-01,1.329767554998397827e-01,1.402224153280258179e-01
1.344915032386779785e-01,1.364386677742004395e-01,1.471435725688934326e-01,1.283188462257385254e-01,1.497862786054611206e-01,1.296650022268295288e-01,1.320854127407073975e-01,1.341886073350906372e-01,1.240524277091026306e-01,1.352323293685913086e-01
1.359933018684387207e-01,1.368717104196548462e-01,1.575597971677780151e-01,1.283022314310073853e-01,1.572301834821701050e-01,1.234800964593887329e-01,1.328379213809967041e-01,1.308262199163436890e-01,1.303668469190597534e-01,1.429838389158248901e-01
1.451186537742614746e-01,1.388010531663894653e-01,1.541030108928680420e-01,1.289136856794357300e-01,1.502551734447479248e-01,1.308105289936065674e-01,1.359154582023620605e-01,1.299688220024108887e-01,1.375125497579574585e-01,1.432500183582305908e-01
1.294175535440444946e-01,1.250151395797729492e-01,1.487568318843841553e-01,1.298836469650268555e-01,1.546235382556915283e-01,1.245884150266647339e-01,1.252128183841705322e-01,1.273121833801269531e-01,1.343137919902801514e-01,1.446482390165328979e-01
1.346829980611801147e-01,1.277550756931304932e-01,1.504452973604202271e-01,1.246868818998336792e-01,1.589934676885604858e-01,1.243219971656799316e-01,1.253133118152618408e-01,1.290004700422286987e-01,1.362698376178741455e-01,1.426745057106018066e-01
1.354393213987350464e-01,1.359605491161346436e-01,1.602115184068679810e-01,1.342639327049255371e-01,1.613408923149108887e-01,1.198322027921676636e-01,1.255631148815155029e-01,1.278509646654129028e-01,1.286350190639495850e-01,1.393318027257919312e-01
1.342044621706008911e-01,1.343698799610137939e-01,1.631033122539520264e-01,1.211945489048957825e-01,1.666242182254791260e-01,1.234438121318817139e-01,1.309914439916610718e-01,1.271685808897018433e-01,1.306522935628890991e-01,1.419522911310195923e-01
1.375985741615295410e-01,1.388989239931106567e-01,1.476859152317047119e-01,1.346656680107116699e-01,1.524887531995773315e-01,1.234388127923011780e-01,1.247001737356185913e-01,1.296451538801193237e-01,1.215366944670677185e-01,1.381492167711257935e-01
1.339121311902999878e-01,1.202988922595977783e-01,1.510099023580551147e-01,1.191863268613815308e-01,1.558482348918914795e-01,1.204507648944854736e-01,1.290654391050338745e-01,1.233245879411697388e-01,1.312202215194702148e-01,1.226888671517372131e-01
1.345163285732269287e-01,1.359868943691253662e-01,1.560472846031188965e-01,1.257492303848266602e-01,1.487987339496612549e-01,1.172480285167694092e-01,1.216110214591026306e-01,1.229251772165298462e-01,1.363188475370407104e-01,1.446119397878646851e-01
1.302482485771179199e-01,1.305966973304748535e-01,1.580963283777236938e-01,1.240211948752403259e-01,1.508167535066604614e-01,1.211740747094154358e-01,1.348314732313156128e-01,1.282360702753067017e-01,1.197123378515243530e-01,1.352932006120681763e-01
1.373234093189239502e-01,1.253351122140884399e-01,1.436429768800735474e-01,1.280020475387573242e-01,1.490884870290756226e-01,1.204899623990058899e-01,1.239445880055427551e-01,1.219733282923698425e-01,1.254531294107437134e-01,1.479588150978088379e-01
1.459701508283615112e-01,1.329940259456634521e-01,1.425360590219497681e-01,1.183665990829467773e-01,1.538690924644470215e-01,1.161121353507041931e-01,1.311997473239898682e-01,1.354265809059143066e-01,1.314924061298370361e-01,1.395361274480819702e-01
1.421577632427215576e-01,1.337814182043075562e-01,1.512500941753387451e-01,1.193510293960571289e-01,1.641376018524169922e-01,1.278747171163558960e-01,1.260662972927093506e-01,1.240392699837684631e-01,1.355004608631134033e-01,1.434936821460723877e-01
1.371987611055374146e-01,1.358617395162582397e-01,1.441435664892196655e-01,1.253508627414703369e-01,1.537245810031890869e-01,1.170441433787345886e-01,1.190340295433998108e-01,1.204114556312561035e-01,1.387853026390075684e-01,1.384797990322113037e-01
1.373506784439086914e-01,1.305512487888336182e-01,1.460078060626983643e-01,1.373594701290130615e-01,1.454035937786102295e-01,1.165473237633705139e-01,1.272944808006286621e-01,1.236179247498512268e-01,1.237136647105216980e-01,1.342392116785049438e-01
1.262075006961822510e-01,1.349233984947204590e-01,1.437199413776397705e-01,1.290398538112640381e-01,1.512116640806198120e-01,1.158889532089233398e-01,1.284985840320587158e-01,1.248815432190895081e-01,1.230081692337989807e-01,1.339865177869796753e-01
1.337478905916213989e-01,1.341723501682281494e-01,1.380604058504104614e-01,1.322447359561920166e-01,1.437163800001144409e-01,1.183752194046974182e-01,1.270282119512557983e-01,1.191745921969413757e-01,1.261582374572753906e-01,1.416859477758407593e-01
1.287472248077392578e-01,1.275234669446945190e-01,1.412127614021301270e-01,1.233981922268867493e-01,1.566705852746963501e-01,1.259310394525527954e-01,1.208391487598419189e-01,1.229249686002731323e-01,1.219560354948043823e-01,1.288977861404418945e-01
1.401101648807525635e-01,1.310833841562271118e-01,1.434393525123596191e-01,1.300510466098785400e-01,1.496506780385971069e-01,1.124056503176689148e-01,1.277700513601303101e-01,1.227168515324592590e-01,1.221334710717201233e-01,1.393145918846130371e-01
1.471393108367919922e-01,1.354354768991470337e-01,1.379162669181823730e-01,1.371802836656570435e-01,1.526658087968826294e-01,1.232037246227264404e-01,1.155890524387359619e-01,1.269651353359222412e-01,1.249236762523651123e-01,1.374177187681198120e-01
1.390331685543060303e-01,1.355385631322860718e-01,1.595087349414825439e-01,1.168280392885208130e-01,1.411010921001434326e-01,1.132582202553749084e-01,1.265754848718643188e-01,1.342501342296600342e-01,1.385832130908966064e-01,1.349653005599975586e-01
1.298622488975524902e-01,1.238913163542747498e-01,1.502151489257812500e-01,1.192928701639175415e-01,1.468156874179840088e-01,1.197201162576675415e-01,1.154800206422805786e-01,1.246571391820907593e-01,1.239253133535385132e-01,1.351010650396347046e-01
1.368226259946823120e-01,1.289490014314651489e-01,1.500905156135559082e-01,1.181510835886001587e-01,1.395795196294784546e-01,1.115930527448654175e-01,1.223221421241760254e-01,1.178200393915176392e-01,1.219575703144073486e-01,1.319318115711212158e-01
1.363537609577178955e-01,1.250998973846435547e-01,1.512136608362197876e-01,1.162836477160453796e-01,1.533174961805343628e-01,1.170741319656372070e-01,1.216728910803794861e-01,1.289806514978408813e-01,1.222013235092163086e-01,1.329750269651412964e-01
1.230580583214759827e-01,1.230892837047576904e-01,1.473927944898605347e-01,1.232610195875167847e-01,1.678034067153930664e-01,1.136344671249389648e-01,1.328417509794235229e-01,1.229013502597808838e-01,1.261425018310546875e-01,1.433832794427871704e-01
1.394657790660858154e-01,1.118658185005187988e-01,1.432910263538360596e-01,1.238356530666351318e-01,1.481733024120330811e-01,1.134925559163093567e-01,1.220120564103126526e-01,1.232002526521682739e-01,1.274856328964233398e-01,1.338480114936828613e-01
1.296465098857879639e-01,1.310565173625946045e-01,1.461625397205352783e-01,1.211184561252593994e-01,1.423328071832656860e-01,1.104138270020484924e-01,1.332926303148269653e-01,1.256434470415115356e-01,1.328912079334259033e-01,1.349537074565887451e-01
1.327460706233978271e-01,1.256029605865478516e-01,1.382016539573669434e-01,1.244632825255393982e-01,1.500966846942901611e-01,1.213595494627952576e-01,1.113075986504554749e-01,1.197234839200973511e-01,1.265165209770202637e-01,1.290532946586608887e-01
1.234839037060737610e-01,1.248942241072654724e-01,1.397243142127990723e-01,1.254275292158126831e-01,1.415563374757766724e-01,1.153523623943328857e-01,1.106664761900901794e-01,1.175827682018280029e-01,1.259061694145202637e-01,1.288185417652130127e-01
1.341319978237152100e-01,1.230173110961914062e-01,1.402250975370407104e-01,1.168610379099845886e-01,1.434273570775985718e-01,1.233834549784660339e-01,1.241031661629676819e-01,1.227558702230453491e-01,1.199503764510154724e-01,1.315206289291381836e-01
1.233917772769927979e-01,1.182459965348243713e-01,1.395355612039566040e-01,1.159681230783462524e-01,1.527201384305953979e-01,1.058754846453666687e-01,1.321251392364501953e-01,1.157254576683044434e-01,1.175028383731842041e-01,1.337321102619171143e-01
1.232696473598480225e-01,1.302364319562911987e-01,1.399303078651428223e-01,1.230202466249465942e-01,1.498171836137771606e-01,1.128100827336311340e-01,1.246665790677070618e-01,1.335818767547607422e-01,1.268271505832672119e-01,1.294611990451812744e-01
1.273024380207061768e-01,1.226579174399375916e-01,1.429729908704757690e-01,1.278323233127593994e-01,1.531077921390533447e-01,1.093581989407539368e-01,1.241827383637428284e-01,1.241842061281204224e-01,1.178656220436096191e-01,1.331036388874053955e-01
1.315681934356689453e-01,1.139670759439468384e-01,1.355508714914321899e-01,1.237741485238075256e-01,1.405681371688842773e-01,1.108710765838623047e-01,1.111041158437728882e-01,1.157154589891433716e-01,1.325364261865615845e-01,1.286851763725280762e-01
1.108306720852851868e-01,1.260069012641906738e-01,1.459589898586273193e-01,1.244533807039260864e-01,1.496489346027374268e-01,1.177022457122802734e-01,1.274207085371017456e-01,1.264930069446563721e-01,1.190676093101501465e-01,1.421143859624862671e-01
1.285052746534347534e-01,1.310333460569381714e-01,1.348388642072677612e-01,1.206883862614631653e-01,1.410218626260757446e-01,1.127818599343299866e-01,1.205381453037261963e-01,1.286717653274536133e-01,1.198032647371292114e-01,1.379971355199813843e-01
1.294179707765579224e-01,1.328710317611694336e-01,1.502554565668106079e-01,1.058491244912147522e-01,1.464808136224746704e-01,1.205749362707138062e-01,1.175377219915390015e-01,1.276459246873855591e-01,1.355067491531372070e-01,1.430668681859970093e-01
1.283520460128784180e-01,1.304127275943756104e-01,1.468111574649810791e-01,1.262667775154113770e-01,1.432176977396011353e-01,1.144985035061836243e-01,1.242949366569519043e-01,1.253360062837600708e-01,1.248013079166412354e-01,1.320250034332275391e-01
1.271950006484985352e-01,1.295403540134429932e-01,1.370663940906524658e-01,1.271236836910247803e-01,1.487022191286087036e-01,1.077116429805755615e-01,1.197358071804046631e-01,1.254834681749343872e-01,1.229024678468704224e-01,1.317283064126968384e-01
1.246979236602783203e-01,1.226683035492897034e-01,1.469975262880325317e-01,1.233468204736709595e-01,1.457494497299194336e-01,1.179397106170654297e-01,1.257758438587188721e-01,1.225002333521842957e-01,1.180566102266311646e-01,1.291331052780151367e-01
1.236481443047523499e-01,1.205182746052742004e-01,1.441620588302612305e-01,1.268080919981002808e-01,1.401911526918411255e-01,1.176924183964729309e-01,1.238954216241836548e-01,1.333047896623611450e-01,1.138799339532852173e-01,1.293622106313705444e-01
1.165235638618469238e-01,1.243621334433555603e-01,1.402831971645355225e-01,1.251731514930725098e-01,1.501427590847015381e-01,1.138055697083473206e-01,1.188083589076995850e-01,1.243193969130516052e-01,1.209170594811439514e-01,1.285723596811294556e-01
1.355354785919189453e-01,1.186672896146774292e-01,1.381667554378509521e-01,1.188167929649353027e-01,1.423250883817672729e-01,1.079820320010185242e-01,1.190091967582702637e-01,1.155102998018264771e-01,1.203211247920989990e-01,1.348055452108383179e-01
1.226408481597900391e-01,1.225087121129035950e-01,1.371931284666061401e-01,1.170984357595443726e-01,1.395970731973648071e-01,1.186557784676551819e-01,1.235881894826889038e-01,1.177204921841621399e-01,1.293382048606872559e-01,1.308753043413162231e-01
1.181583106517791748e-01,1.109606996178627014e-01,1.364047974348068237e-01,1.234440878033638000e-01,1.387723237276077271e-01,1.139904707670211792e-01,1.092131659388542175e-01,1.280293166637420654e-01,1.215288788080215454e-01,1.331703811883926392e-01
1.160425543785095215e-01,1.165483742952346802e-01,1.497760564088821411e-01,1.242147088050842285e-01,1.387837976217269897e-01,1.098042502999305725e-01,1.273785233497619629e-01,1.243713051080703735e-01,1.089367270469665527e-01,1.282962262630462646e-01
1.271392703056335449e-01,1.337827593088150024e-01,1.318270266056060791e-01,1.214426606893539429e-01,1.395434141159057617e-01,1.141374334692955017e-01,1.241926103830337524e-01,1.183754280209541321e-01,1.158969104290008545e-01,1.283399015665054321e-01
1.260359436273574829e-01,1.185507997870445251e-01,1.395829021930694580e-01,1.285124421119689941e-01,1.438206881284713745e-01,1.139530837535858154e-01,1.219947189092636108e-01,1.278107166290283203e-01,1.234461441636085510e-01,1.321904212236404419e-01
1.205920875072479248e-01,1.197269856929779053e-01,1.322734355926513672e-01,1.189550682902336121e-01,1.458009332418441772e-01,1.093379110097885132e-01,1.162018850445747375e-01,1.321026235818862915e-01,1.065808385610580444e-01,1.291343420743942261e-01
1.210938468575477600e-01,1.139774322509765625e-01,1.456263214349746704e-01,1.144308745861053467e-01,1.373275220394134521e-01,1.040286049246788025e-01,1.243455186486244202e-01,1.119107529520988464e-01,1.142248958349227905e-01,1.188216656446456909e-01
1.182487905025482178e-01,1.204032450914382935e-01,1.370053291320800781e-01,1.213865056633949280e-01,1.449731886386871338e-01,1.156334653496742249e-01,1.157182976603507996e-01,1.206055358052253723e-01,1.200389489531517029e-01,1.294508278369903564e-01
1.249147430062294006e-01,1.217287629842758179e-01,1.290993243455886841e-01,1.150468811392784119e-01,1.396404802799224854e-01,1.155690774321556091e-01,1.145191192626953125e-01,1.191678643226623535e-01,1.156346723437309265e-01,1.374515891075134277e-01
1.199633479118347168e-01,1.162567734718322754e-01,1.389539688825607300e-01,1.201222985982894897e-01,1.321296244859695435e-01,1.138759627938270569e-01,1.178749054670333862e-01,1.227681264281272888e-01,1.217110455036163330e-01,1.303579658269882202e-01
1.121291369199752808e-01,1.146784648299217224e-01,1.397803425788879395e-01,1.277792006731033325e-01,1.468849778175354004e-01,1.136300861835479736e-01,1.118462979793548584e-01,1.141537427902221680e-01,1.133761852979660034e-01,1.312958747148513794e-01
1.224160715937614441e-01,1.098232418298721313e-01,1.390766352415084839e-01,1.192969381809234619e-01,1.382052153348922729e-01,1.203036010265350342e-01,1.125307381153106689e-01,1.282297223806381226e-01,1.147783100605010986e-01,1.311098933219909668e-01
1.278783082962036133e-01,1.226901113986968994e-01,1.362799555063247681e-01,1.173734515905380249e-01,1.353062391281127930e-01,1.113211736083030701e-01,1.263422369956970215e-01,1.237153261899948120e-01,1.153692156076431274e-01,1.255524307489395142e-01
1.251913458108901978e-01,1.180637329816818237e-01,1.376483440399169922e-01,1.163443848490715027e-01,1.442920565605163574e-01,1.129089891910552979e-01,1.134253442287445068e-01,1.129469573497772217e-01,1.157311573624610901e-01,1.256755143404006958e-01
1.177827790379524231e-01,1.226116418838500977e-01,1.336666047573089600e-01,1.135720312595367432e-01,1.371930241584777832e-01,1.113196834921836853e-01,1.157801598310470581e-01,1.304210722446441650e-01,1.145663186907768250e-01,1.221527606248855591e-01
1.157620847225189209e-01,1.180826202034950256e-01,1.332179009914398193e-01,1.278939545154571533e-01,1.346746832132339478e-01,1.047134473919868469e-01,1.113368421792984009e-01,1.173000484704971313e-01,1.303000152111053467e-01,1.269519329071044922e-01
1.135275736451148987e-01,1.209433749318122864e-01,1.245746314525604248e-01,1.196694597601890564e-01,1.428619474172592163e-01,1.134743392467498779e-01,1.279543340206146240e-01,1.169429346919059753e-01,1.106950044631958008e-01,1.266300082206726074e-01
1.205303668975830078e-01,1.140008643269538879e-01,1.279381215572357178e-01,1.118752360343933105e-01,1.388461291790008545e-01,1.051673367619514465e-01,1.213183552026748657e-01,1.160288974642753601e-01,1.195403486490249634e-01,1.248013004660606384e-01
1.143574193120002747e-01,1.106497645378112793e-01,1.405385136604309082e-01,1.281677335500717163e-01,1.373733133077621460e-01,1.111760959029197693e-01,1.146843582391738892e-01,1.169735044240951538e-01,1.134999543428421021e-01,1.325742155313491821e-01
1.250999271869659424e-01,1.117990761995315552e-01,1.401716619729995728e-01,1.229314804077148438e-01,1.410353630781173706e-01,1.077437251806259155e-01,1.167508214712142944e-01,1.183763444423675537e-01,1.261107325553894043e-01,1.242504194378852844e-01
1.139998733997344971e-01,1.143615990877151489e-01,1.331530362367630005e-01,1.068479493260383606e-01,1.406385749578475952e-01,1.080960482358932495e-01,1.166702881455421448e-01,1.186296939849853516e-01,1.156272813677787781e-01,1.224838644266128540e-01
1.224401667714118958e-01,1.160736754536628723e-01,1.394453644752502441e-01,1.232569068670272827e-01,1.314108520746231079e-01,1.106407567858695984e-01,1.191985756158828735e-01,1.183667331933975220e-01,1.189293935894966125e-01,1.275650858879089355e-01
1.177723109722137451e-01,1.123190373182296753e-01,1.326858997344970703e-01,1.228909716010093689e-01,1.445212662220001221e-01,1.151400879025459290e-01,1.151876002550125122e-01,1.133875921368598938e-01,1.115512326359748840e-01,1.240788996219635010e-01
1.258292645215988159e-01,1.136848479509353638e-01,1.330602169036865234e-01,1.151180416345596313e-01,1.378891617059707642e-01,1.089511290192604065e-01,1.129304170608520508e-01,1.119057089090347290e-01,1.124725118279457092e-01,1.331597715616226196e-01
1.147198453545570374e-01,1.168084591627120972e-01,1.330408602952957153e-01,1.151277050375938416e-01,1.342677175998687744e-01,9.770543128252029419e-02,1.089503392577171326e-01,1.175834909081459045e-01,1.106895878911018372e-01,1.150563880801200867e-01
1.232175156474113464e-01,1.132858097553253174e-01,1.372906565666198730e-01,1.246659979224205017e-01,1.386729776859283447e-01,1.164575368165969849e-01,1.166040748357772827e-01,1.178504899144172668e-01,1.102306321263313293e-01,1.248650699853897095e-01
1.203594058752059937e-01,1.162668541073799133e-01,1.324171721935272217e-01,1.132015585899353027e-01,1.426043361425399780e-01,1.032149642705917358e-01,1.069633588194847107e-01,1.181734949350357056e-01,1.144095361232757568e-01,1.178807020187377930e-01
1.183936074376106262e-01,1.296394318342208862e-01,1.215211078524589539e-01,1.190375089645385742e-01,1.401871144771575928e-01,1.072891876101493835e-01,1.117610782384872437e-01,1.186483874917030334e-01,1.015383526682853699e-01,1.296368390321731567e-01
1.146680265665054321e-01,1.160519644618034363e-01,1.446680426597595215e-01,1.192022562026977539e-01,1.369382739067077637e-01,1.001070737838745117e-01,1.242943853139877319e-01,1.114537194371223450e-01,1.193698421120643616e-01,1.284675002098083496e-01
1.176568940281867981e-01,1.274657547473907471e-01,1.402449458837509155e-01,1.079740151762962341e-01,1.362026482820510864e-01,1.048918515443801880e-01,1.047159284353256226e-01,1.113811060786247253e-01,1.138234883546829224e-01,1.303369998931884766e-01
1.206606701016426086e-01,1.121418476104736328e-01,1.308400630950927734e-01,1.177393794059753418e-01,1.291073262691497803e-01,1.152125597000122070e-01,1.137469932436943054e-01,1.156652569770812988e-01,1.154461503028869629e-01,1.286785155534744263e-01
1.170812472701072693e-01,1.045459359884262085e-01,1.306168586015701294e-01,1.136327609419822693e-01,1.455821245908737183e-01,1.166482493281364441e-01,1.160871088504791260e-01,1.137310564517974854e-01,1.195430979132652283e-01,1.232193708419799805e-01
1.101391166448593140e-01,1.201638579368591309e-01,1.222563311457633972e-01,1.252721995115280151e-01,1.470348536968231201e-01,1.123404279351234436e-01,1.169954016804695129e-01,1.100823357701301575e-01,1.105749234557151794e-01,1.324991732835769653e-01
1.133644431829452515e-01,1.142647787928581238e-01,1.302879303693771362e-01,1.257455050945281982e-01,1.280056089162826538e-01,1.027436703443527222e-01,1.200838759541511536e-01,1.246917620301246643e-01,1.046581268310546875e-01,1.239850968122482300e-01
1.203115209937095642e-01,1.195082738995552063e-01,1.354004740715026855e-01,1.174042969942092896e-01,1.335679441690444946e-01,1.127448678016662598e-01,1.146081611514091492e-01,1.146160513162612915e-01,1.127425432205200195e-01,1.276999115943908691e-01
1.107366830110549927e-01,1.105429753661155701e-01,1.353105604648590088e-01,1.132538914680480957e-01,1.256108731031417847e-01,1.105769723653793335e-01,1.228807866573333740e-01,1.171184629201889038e-01,1.129164025187492371e-01,1.235342323780059814e-01
1.119347512722015381e-01,1.063988655805587769e-01,1.364818811416625977e-01,1.230122819542884827e-01,1.272289752960205078e-01,1.055117025971412659e-01,1.180125176906585693e-01,1.221450045704841614e-01,1.085535436868667603e-01,1.199362799525260925e-01
1.083893999457359314e-01,1.138395369052886963e-01,1.446521580219268799e-01,1.093497872352600098e-01,1.437327116727828979e-01,1.063042432069778442e-01,1.065078079700469971e-01,1.115017011761665344e-01,1.068244576454162598e-01,1.248942762613296509e-01
1.272269785404205322e-01,1.040600240230560303e-01,1.294369250535964966e-01,1.145135909318923950e-01,1.395350098609924316e-01,1.067167744040489197e-01,1.159612238407135010e-01,1.224924549460411072e-01,1.098609939217567444e-01,1.152334436774253845e-01
1.190813332796096802e-01,1.131923943758010864e-01,1.264903992414474487e-01,1.196966022253036499e-01,1.346025019884109497e-01,1.091969758272171021e-01,1.053318679332733154e-01,1.161439195275306702e-01,1.112050339579582214e-01,1.145705655217170715e-01
1.193113103508949280e-01,1.159312576055526733e-01,1.318159401416778564e-01,1.218150407075881958e-01,1.283536404371261597e-01,9.874803572893142700e-02,1.170676797628402710e-01,1.141617745161056519e-01,1.072300449013710022e-01,1.320575326681137085e-01
1.128832027316093445e-01,1.066278815269470215e-01,1.330187916755676270e-01,1.132080033421516418e-01,1.361337304115295410e-01,1.061327084898948669e-01,1.087784394621849060e-01,1.169265061616897583e-01,1.203903183341026306e-01,1.242018640041351318e-01
1.208208352327346802e-01,1.100697144865989685e-01,1.325442194938659668e-01,1.169084087014198303e-01,1.284581422805786133e-01,1.065056174993515015e-01,1.110356003046035767e-01,1.073774173855781555e-01,1.088289991021156311e-01,1.278268247842788696e-01
1.124108135700225830e-01,1.130857616662979126e-01,1.275414079427719116e-01,1.200053617358207703e-01,1.312757283449172974e-01,1.079860776662826538e-01,1.075937971472740173e-01,1.099138855934143066e-01,9.955377131700515747e-02,1.263802051544189453e-01
1.200074553489685059e-01,1.120303720235824585e-01,1.341852992773056030e-01,1.129172593355178833e-01,1.318608075380325317e-01,9.975676983594894409e-02,1.159512475132942200e-01,1.158359572291374207e-01,1.159537732601165771e-01,1.337300539016723633e-01
1.154808029532432556e-01,1.116073653101921082e-01,1.231313645839691162e-01,1.083397343754768372e-01,1.280582249164581299e-01,1.036374345421791077e-01,1.100723966956138611e-01,1.085327044129371643e-01,1.085967496037483215e-01,1.215312257409095764e-01
1.167774945497512817e-01,1.137162968516349792e-01,1.366356909275054932e-01,1.236906498670578003e-01,1.250542849302291870e-01,1.094239726662635803e-01,1.074538156390190125e-01,1.184933707118034363e-01,1.114081889390945435e-01,1.269706338644027710e-01
1.161861345171928406e-01,1.141130849719047546e-01,1.361344754695892334e-01,1.154610663652420044e-01,1.317491382360458374e-01,1.005339473485946655e-01,1.107767149806022644e-01,1.085472628474235535e-01,1.116111949086189270e-01,1.324781179428100586e-01
1.169216558337211609e-01,1.109408065676689148e-01,1.282527297735214233e-01,1.179630830883979797e-01,1.313157677650451660e-01,1.014271527528762817e-01,1.219887062907218933e-01,1.012574359774589539e-01,1.112445220351219177e-01,1.207522526383399963e-01
1.221330091357231140e-01,1.213574334979057312e-01,1.211737766861915588e-01,1.264123320579528809e-01,1.435040682554244995e-01,1.040427908301353455e-01,1.186079904437065125e-01,1.067556887865066528e-01,1.027142256498336792e-01,1.292564272880554199e-01
1.249630451202392578e-01,1.104386225342750549e-01,1.352460235357284546e-01,1.139383986592292786e-01,1.309923976659774780e-01,1.038325428962707520e-01,1.190109029412269592e-01,1.179171428084373474e-01,1.111865118145942688e-01,1.207276657223701477e-01
1.183419898152351379e-01,1.174249723553657532e-01,1.286899745464324951e-01,1.167648360133171082e-01,1.301033049821853638e-01,1.133546829223632812e-01,1.060046032071113586e-01,1.139433458447456360e-01,1.112247183918952942e-01,1.274009197950363159e-01
1.149906218051910400e-01,1.068278029561042786e-01,1.223706305027008057e-01,1.205521821975708008e-01,1.292647570371627808e-01,1.067195907235145569e-01,1.106803938746452332e-01,1.021767184138298035e-01,1.111183315515518188e-01,1.297947019338607788e-01
1.065274477005004883e-01,1.126466691493988037e-01,1.283275187015533447e-01,1.106171235442161560e-01,1.391014754772186279e-01,1.059518307447433472e-01,1.085548251867294312e-01,1.197971776127815247e-01,1.128019765019416809e-01,1.159369051456451416e-01
1.136599108576774597e-01,1.100843250751495361e-01,1.341993212699890137e-01,1.079763099551200867e-01,1.318533271551132202e-01,1.065041720867156982e-01,1.137359589338302612e-01,1.125718578696250916e-01,1.003475710749626160e-01,1.313706487417221069e-01
1.125168278813362122e-01,1.100979596376419067e-01,1.180354058742523193e-01,1.152740791440010071e-01,1.237760558724403381e-01,1.091504916548728943e-01,1.107155829668045044e-01,1.151081174612045288e-01,1.093134582042694092e-01,1.295735836029052734e-01
1.140611544251441956e-01,1.081581115722656250e-01,1.349554359912872314e-01,1.138070076704025269e-01,1.349908858537673950e-01,1.086476296186447144e-01,1.137077510356903076e-01,1.059988886117935181e-01,1.086853817105293274e-01,1.266349852085113525e-01
1.129618734121322632e-01,1.099141463637351990e-01,1.151957362890243530e-01,1.157499104738235474e-01,1.254060119390487671e-01,1.052440330386161804e-01,1.121420487761497498e-01,1.195884719491004944e-01,1.130305156111717224e-01,1.259095221757888794e-01
