6.450632810592651367e-01,6.586878895759582520e-01,6.534880995750427246e-01,6.490340232849121094e-01,6.575973033905029297e-01,6.582596898078918457e-01,6.543457508087158203e-01,6.603791713714599609e-01,6.512823104858398438e-01,6.559413075447082520e-01
5.758716464042663574e-01,5.897335410118103027e-01,5.759199857711791992e-01,5.749400258064270020e-01,5.856176614761352539e-01,5.936063528060913086e-01,5.810222029685974121e-01,5.937750935554504395e-01,5.818738937377929688e-01,5.854120850563049316e-01
5.124734640121459961e-01,5.137032270431518555e-01,5.193904638290405273e-01,5.102949142456054688e-01,5.232191681861877441e-01,5.138954520225524902e-01,5.236210227012634277e-01,5.291670560836791992e-01,5.266733765602111816e-01,5.258747935295104980e-01
4.597404897212982178e-01,4.610209167003631592e-01,4.701691865921020508e-01,4.556593596935272217e-01,4.840962290763854980e-01,4.565178155899047852e-01,4.744544327259063721e-01,4.708400070667266846e-01,4.978661239147186279e-01,4.861951470375061035e-01
4.109988212585449219e-01,4.195846617221832275e-01,4.245050549507141113e-01,4.004330635070800781e-01,4.393243789672851562e-01,3.998213112354278564e-01,4.283564388751983643e-01,4.201147258281707764e-01,4.624816775321960449e-01,4.370937347412109375e-01
3.676264286041259766e-01,3.695417642593383789e-01,3.775330781936645508e-01,3.540389239788055420e-01,3.925414681434631348e-01,3.482212424278259277e-01,3.772093951702117920e-01,3.682013452053070068e-01,4.287559688091278076e-01,3.899388015270233154e-01
3.241814374923706055e-01,3.280372619628906250e-01,3.312633335590362549e-01,3.141537308692932129e-01,3.414171040058135986e-01,3.076720833778381348e-01,3.223661482334136963e-01,3.184933066368103027e-01,3.983892798423767090e-01,3.489758074283599854e-01
2.849953472614288330e-01,3.031699359416961670e-01,2.961439788341522217e-01,2.761660814285278320e-01,3.007752001285552979e-01,2.599876821041107178e-01,2.897253632545471191e-01,2.672912776470184326e-01,3.555411696434020996e-01,3.085211515426635742e-01
2.440719455480575562e-01,2.722197771072387695e-01,2.547927200794219971e-01,2.485383599996566772e-01,2.672864794731140137e-01,2.425358742475509644e-01,2.575331032276153564e-01,2.296057790517807007e-01,3.333425819873809814e-01,2.783055007457733154e-01
2.159706503152847290e-01,2.511549890041351318e-01,2.273867726325988770e-01,2.190355509519577026e-01,2.396479398012161255e-01,2.219424247741699219e-01,2.191761732101440430e-01,2.053728848695755005e-01,2.995331287384033203e-01,2.605599462985992432e-01
1.832241714000701904e-01,2.312981039285659790e-01,2.135334163904190063e-01,1.970036476850509644e-01,2.155781388282775879e-01,1.969177871942520142e-01,1.850010901689529419e-01,1.781723350286483765e-01,2.768927216529846191e-01,2.308980524539947510e-01
1.682816445827484131e-01,2.073162496089935303e-01,1.737393885850906372e-01,1.777357161045074463e-01,1.885203719139099121e-01,1.819557249546051025e-01,1.749746501445770264e-01,1.659585833549499512e-01,2.603921890258789062e-01,2.143561393022537231e-01
1.609519273042678833e-01,1.901555508375167847e-01,1.578714251518249512e-01,1.692832559347152710e-01,1.695029288530349731e-01,1.612173020839691162e-01,1.539320200681686401e-01,1.433333009481430054e-01,2.397966831922531128e-01,1.944091171026229858e-01
1.382705420255661011e-01,1.654433161020278931e-01,1.526994109153747559e-01,1.497183144092559814e-01,1.449280828237533569e-01,1.580477952957153320e-01,1.430963128805160522e-01,1.236633732914924622e-01,2.304316908121109009e-01,1.818552166223526001e-01
1.168984919786453247e-01,1.640117019414901733e-01,1.492675840854644775e-01,1.360147446393966675e-01,1.292205750942230225e-01,1.426877677440643311e-01,1.399186402559280396e-01,1.272305548191070557e-01,2.177199274301528931e-01,1.660921573638916016e-01
1.185584738850593567e-01,1.629296392202377319e-01,1.145000159740447998e-01,1.345115453004837036e-01,1.297528743743896484e-01,1.314351260662078857e-01,1.102167665958404541e-01,1.281771510839462280e-01,1.969369351863861084e-01,1.609031856060028076e-01
1.364431530237197876e-01,1.456964761018753052e-01,1.179515495896339417e-01,1.210026815533638000e-01,1.095211431384086609e-01,1.197078004479408264e-01,1.005277261137962341e-01,1.060990765690803528e-01,1.788711696863174438e-01,1.496859043836593628e-01
9.915295243263244629e-02,1.361837387084960938e-01,1.122116595506668091e-01,1.253002882003784180e-01,1.027414351701736450e-01,9.776483476161956787e-02,1.085085198283195496e-01,9.033262729644775391e-02,1.770377457141876221e-01,1.534139066934585571e-01
1.030998229980468750e-01,1.302418708801269531e-01,9.499032795429229736e-02,9.843193739652633667e-02,9.189514070749282837e-02,1.282238960266113281e-01,8.354666829109191895e-02,8.996381610631942749e-02,1.666048914194107056e-01,1.264250427484512329e-01
1.098964959383010864e-01,1.163875162601470947e-01,7.291206717491149902e-02,8.565138280391693115e-02,8.350639045238494873e-02,1.161473318934440613e-01,8.996459841728210449e-02,9.530029445886611938e-02,1.655319631099700928e-01,1.144010797142982483e-01
8.668052405118942261e-02,1.130390092730522156e-01,8.744304627180099487e-02,8.934503793716430664e-02,9.358092397451400757e-02,8.440449088811874390e-02,1.009041219949722290e-01,1.075736358761787415e-01,1.498100161552429199e-01,1.268610358238220215e-01
8.109712600708007812e-02,1.201247796416282654e-01,6.658940017223358154e-02,1.044854596257209778e-01,7.660228013992309570e-02,9.726240485906600952e-02,7.173230499029159546e-02,8.635251969099044800e-02,1.437212526798248291e-01,1.333415359258651733e-01
7.839424908161163330e-02,1.174601837992668152e-01,8.105985820293426514e-02,1.210560649633407593e-01,6.863877922296524048e-02,9.527917951345443726e-02,4.978991672396659851e-02,7.273121178150177002e-02,1.546139419078826904e-01,1.262572705745697021e-01
6.977991759777069092e-02,1.072116941213607788e-01,1.058497801423072815e-01,7.483988255262374878e-02,6.893648207187652588e-02,7.690130919218063354e-02,5.806646123528480530e-02,6.917672604322433472e-02,1.398251652717590332e-01,1.182913929224014282e-01
8.712404966354370117e-02,9.356787800788879395e-02,5.674438551068305969e-02,6.312529742717742920e-02,5.432379618287086487e-02,6.409309059381484985e-02,7.773028314113616943e-02,7.314401119947433472e-02,1.267651915550231934e-01,9.963476657867431641e-02
8.782768249511718750e-02,7.741261273622512817e-02,5.570423603057861328e-02,6.593931466341018677e-02,7.494102418422698975e-02,7.016294449567794800e-02,1.041534543037414551e-01,8.982814848423004150e-02,1.322746723890304565e-01,1.055819466710090637e-01
6.528525799512863159e-02,8.809494972229003906e-02,3.204131871461868286e-02,7.877689599990844727e-02,7.458852976560592651e-02,9.871026873588562012e-02,5.653582513332366943e-02,8.217870444059371948e-02,1.134920790791511536e-01,1.202158927917480469e-01
6.034977734088897705e-02,9.424199908971786499e-02,4.528634622693061829e-02,1.095139756798744202e-01,4.652472585439682007e-02,6.529717892408370972e-02,4.212874546647071838e-02,6.375730037689208984e-02,1.001704037189483643e-01,1.075147464871406555e-01
5.875271931290626526e-02,8.829114586114883423e-02,7.712195068597793579e-02,7.598018646240234375e-02,3.249013423919677734e-02,4.182616621255874634e-02,4.298256337642669678e-02,5.238177627325057983e-02,8.931642770767211914e-02,9.819796681404113770e-02
7.843414694070816040e-02,8.952990919351577759e-02,9.321217983961105347e-02,5.359549447894096375e-02,4.384354874491691589e-02,4.578827694058418274e-02,7.160606235265731812e-02,5.911233648657798767e-02,1.169873550534248352e-01,8.258780837059020996e-02
9.695507586002349854e-02,9.067268669605255127e-02,6.070848554372787476e-02,4.828472808003425598e-02,7.213516533374786377e-02,8.711119741201400757e-02,6.928925961256027222e-02,6.329865753650665283e-02,1.272590160369873047e-01,7.075003534555435181e-02
6.657128781080245972e-02,9.418907761573791504e-02,3.176428005099296570e-02,7.261912524700164795e-02,4.809140786528587341e-02,8.448013663291931152e-02,4.586051777005195618e-02,5.325845256447792053e-02,9.802374243736267090e-02,6.502581387758255005e-02
6.428381800651550293e-02,7.424194365739822388e-02,1.917495019733905792e-02,8.269237726926803589e-02,5.222862586379051208e-02,6.196344643831253052e-02,5.455319210886955261e-02,6.578326225280761719e-02,8.596816658973693848e-02,1.104141026735305786e-01
4.256625473499298096e-02,6.604161113500595093e-02,2.650913223624229431e-02,7.034913450479507446e-02,4.168694466352462769e-02,4.321831837296485901e-02,5.290452390909194946e-02,6.576882302761077881e-02,8.537463098764419556e-02,1.132781580090522766e-01
3.677752986550331116e-02,6.548377871513366699e-02,7.740803062915802002e-02,7.257529348134994507e-02,5.916544049978256226e-02,3.288069367408752441e-02,3.237879648804664612e-02,5.515289306640625000e-02,1.044794693589210510e-01,7.796520739793777466e-02
3.647495061159133911e-02,8.621028065681457520e-02,6.202479824423789978e-02,4.703649505972862244e-02,5.024779215455055237e-02,2.723973803222179413e-02,1.833607256412506104e-02,5.340611934661865234e-02,8.633700758218765259e-02,6.179532781243324280e-02
4.616327956318855286e-02,7.747321575880050659e-02,3.238064050674438477e-02,3.971581533551216125e-02,2.851036004722118378e-02,4.593907296657562256e-02,9.961289353668689728e-03,4.709911718964576721e-02,7.558156549930572510e-02,6.051899492740631104e-02
6.373781710863113403e-02,5.645865947008132935e-02,2.849026024341583252e-02,5.530427023768424988e-02,2.148848213255405426e-02,9.219785779714584351e-02,5.964315496385097504e-03,4.689779132604598999e-02,7.602284103631973267e-02,6.970057636499404907e-02
7.238079607486724854e-02,3.810296207666397095e-02,2.373512461781501770e-02,8.096796274185180664e-02,4.306246340274810791e-02,6.929469108581542969e-02,4.033042117953300476e-03,4.675620421767234802e-02,1.028695702552795410e-01,7.409173250198364258e-02
5.596709623932838440e-02,3.589137271046638489e-02,8.048742264509201050e-02,6.736678630113601685e-02,5.541541427373886108e-02,3.112095408141613007e-02,2.869365271180868149e-03,5.799477174878120422e-02,8.506414294242858887e-02,8.924011886119842529e-02
3.601325303316116333e-02,6.508247554302215576e-02,6.237050145864486694e-02,5.199500545859336853e-02,4.668813198804855347e-02,1.500742882490158081e-02,1.955141080543398857e-03,7.163412868976593018e-02,6.431333720684051514e-02,6.882099807262420654e-02
2.919548563659191132e-02,1.029872596263885498e-01,2.293522283434867859e-02,4.723098129034042358e-02,2.905578166246414185e-02,1.603357493877410889e-02,1.686343108303844929e-03,5.182310938835144043e-02,4.822321981191635132e-02,5.726927146315574646e-02
2.513079531490802765e-02,8.393231779336929321e-02,1.687886565923690796e-02,4.378946870565414429e-02,4.061028361320495605e-02,6.376481801271438599e-02,2.404621243476867676e-01,3.703625500202178955e-02,3.979629278182983398e-02,5.568167194724082947e-02
2.363271266222000122e-02,6.511862576007843018e-02,9.614678099751472473e-03,5.938232690095901489e-02,3.151745349168777466e-02,7.227115333080291748e-02,1.267670542001724243e-01,4.071962460875511169e-02,3.638576343655586243e-02,6.472352892160415649e-02
5.102323368191719055e-02,3.980953991413116455e-02,2.762878127396106720e-02,6.661117821931838989e-02,3.371158987283706665e-02,4.458726942539215088e-02,4.569293931126594543e-02,3.740790113806724548e-02,6.308326870203018188e-02,5.161815136671066284e-02
8.884365856647491455e-02,3.196275979280471802e-02,5.586016178131103516e-02,6.747024506330490112e-02,4.190656915307044983e-02,3.639538958668708801e-02,1.844250969588756561e-02,2.678457833826541901e-02,1.444333642721176147e-01,4.760225489735603333e-02
8.309582620859146118e-02,3.188559785485267639e-02,7.176329940557479858e-02,5.019669607281684875e-02,2.843808569014072418e-02,2.504041604697704315e-02,1.055872254073619843e-02,2.374669723212718964e-02,1.157258078455924988e-01,6.606780737638473511e-02
4.225766658782958984e-02,9.043533354997634888e-02,5.450758337974548340e-02,4.333313181996345520e-02,1.995970495045185089e-02,2.666640281677246094e-02,7.355948910117149353e-03,4.030082747340202332e-02,6.013293936848640442e-02,8.322525769472122192e-02
2.138711325824260712e-02,8.085196465253829956e-02,2.049817703664302826e-02,4.349906370043754578e-02,2.013407461345195770e-02,4.432912170886993408e-02,4.351508338004350662e-03,6.127060204744338989e-02,4.657658934593200684e-02,5.823262780904769897e-02
1.429063361138105392e-02,5.455587059259414673e-02,9.615963324904441833e-03,5.252134799957275391e-02,1.824459247291088104e-02,4.640945792198181152e-02,2.564363647252321243e-03,7.795849442481994629e-02,3.590301424264907837e-02,3.648173436522483826e-02
1.133046112954616547e-02,2.907467447221279144e-02,4.590978380292654037e-03,4.669250547885894775e-02,4.231238365173339844e-02,4.595699533820152283e-02,2.029870636761188507e-03,5.392346531152725220e-02,3.854890912771224976e-02,2.776944078505039215e-02
9.858747944235801697e-03,2.327273413538932800e-02,2.483555115759372711e-03,4.470077529549598694e-02,7.676690071821212769e-02,2.747610770165920258e-02,1.367170712910592556e-03,3.031086362898349762e-02,6.696506589651107788e-02,2.564822882413864136e-02
9.099286980926990509e-03,1.742510125041007996e-02,2.220365684479475021e-03,4.397747665643692017e-02,4.081592708826065063e-02,3.333546593785285950e-02,9.559036116115748882e-04,2.141906321048736572e-02,7.743500173091888428e-02,3.025691024959087372e-02
8.763318881392478943e-03,3.588328510522842407e-02,1.793326460756361485e-03,4.046595469117164612e-02,1.455119345337152481e-02,2.780027873814105988e-02,6.427610642276704311e-04,1.744768954813480377e-02,7.187356799840927124e-02,6.786493211984634399e-02
8.254548534750938416e-03,1.308520734310150146e-01,1.444748369976878166e-03,3.607018664479255676e-02,6.844222079962491989e-03,3.566070273518562317e-02,4.741535813082009554e-04,1.704753749072551727e-02,5.336046591401100159e-02,7.271848618984222412e-02
8.220974355936050415e-03,8.042684942483901978e-02,1.394303049892187119e-03,6.472910940647125244e-02,5.877640098333358765e-03,1.717271283268928528e-02,3.351616032887250185e-04,1.663872972130775452e-02,3.801843523979187012e-02,7.046984881162643433e-02
7.983664050698280334e-03,4.272878542542457581e-02,8.370858267880976200e-04,6.582790613174438477e-02,6.446858402341604233e-03,1.112610101699829102e-02,2.455941867083311081e-04,1.646592095494270325e-02,3.497028350830078125e-02,4.106575623154640198e-02
7.758383173495531082e-03,2.164283394813537598e-02,7.282111910171806812e-04,4.394272342324256897e-02,2.976159006357192993e-02,3.475698083639144897e-02,1.839242468122392893e-04,2.875193767249584198e-02,3.348031640052795410e-02,3.299931064248085022e-02
7.443556562066078186e-03,1.637408323585987091e-02,1.807186007499694824e-01,3.375899791717529297e-02,7.048022747039794922e-02,4.911822825670242310e-02,1.408213429385796189e-04,1.132056638598442078e-01,3.470703586935997009e-02,2.475460246205329895e-02
1.969147026538848877e-01,1.204631384462118149e-02,1.122404709458351135e-01,3.105656802654266357e-02,4.014223814010620117e-02,2.919799275696277618e-02,1.093004029826261103e-04,7.093438506126403809e-02,7.630447298288345337e-02,2.031478285789489746e-02
1.590509712696075439e-01,9.998310357332229614e-03,3.251510858535766602e-02,2.774143591523170471e-02,1.786179095506668091e-02,3.013105504214763641e-02,8.513874490745365620e-05,3.804618120193481445e-02,7.161673903465270996e-02,2.491698786616325378e-02
5.511516705155372620e-02,9.957148693501949310e-03,9.820162318646907806e-03,2.517603151500225067e-02,8.624946698546409607e-03,2.100235410034656525e-02,6.643830420216545463e-05,3.191115334630012512e-02,6.837970018386840820e-02,5.981753766536712646e-02
2.559077553451061249e-02,7.624788582324981689e-02,4.243841394782066345e-03,2.470492944121360779e-02,8.960088714957237244e-03,1.975603587925434113e-02,5.176383274374529719e-05,2.869935333728790283e-02,4.103683680295944214e-02,7.019457966089248657e-02
1.369582396000623703e-02,1.382678449153900146e-01,2.477817703038454056e-03,2.385753765702247620e-02,3.659058362245559692e-02,2.018733136355876923e-02,4.097189230378717184e-05,2.985704690217971802e-02,2.622929587960243225e-02,4.418622702360153198e-02
1.143112499266862869e-02,6.702454388141632080e-02,1.413773396052420139e-03,2.431650459766387939e-02,4.055639728903770447e-02,2.099270746111869812e-02,3.361839480930939317e-05,3.344443440437316895e-02,1.951099187135696411e-02,4.149015247821807861e-02
9.821010753512382507e-03,3.229386359453201294e-02,1.067855861037969589e-03,2.362928912043571472e-02,3.098303079605102539e-02,3.364506736397743225e-02,2.561674227763433009e-05,2.199670672416687012e-02,2.115591987967491150e-02,4.753744602203369141e-02
9.082764387130737305e-03,2.048446238040924072e-02,7.409411482512950897e-04,3.539446368813514709e-02,2.686210162937641144e-02,3.869499266147613525e-02,1.996829632844310254e-05,4.912854731082916260e-02,4.399525001645088196e-02,3.971641510725021362e-02
8.629384450614452362e-03,1.350229419767856598e-02,5.527599132619798183e-04,1.605085730552673340e-01,2.043226175010204315e-02,1.927596144378185272e-02,1.567889194120652974e-05,4.358669370412826538e-02,6.559568643569946289e-02,2.558127790689468384e-02
7.811809424310922623e-03,1.011170912533998489e-02,4.485098470468074083e-04,6.574942171573638916e-02,3.049835935235023499e-02,8.366782218217849731e-03,1.237563719769241288e-05,2.822300605475902557e-02,5.195778980851173401e-02,1.998051628470420837e-02
7.273961324244737625e-03,8.182941935956478119e-03,3.162671055179089308e-04,3.890570998191833496e-02,3.135364875197410583e-02,3.541423473507165909e-03,9.710130143503192812e-06,2.136175520718097687e-02,5.462848767638206482e-02,1.742625609040260315e-02
7.168896030634641647e-03,7.269042078405618668e-03,2.564097230788320303e-04,2.835544012486934662e-02,1.611815579235553741e-02,1.282621291466057301e-03,7.687007382628507912e-06,1.596428267657756805e-02,4.149198904633522034e-02,1.513865124434232712e-02
7.738837506622076035e-03,7.048260886222124100e-03,1.746225025271996856e-04,2.588271535933017731e-02,1.597472839057445526e-02,7.364650373347103596e-04,6.080919320083921775e-06,1.577937975525856018e-02,2.618689835071563721e-02,1.423710584640502930e-02
8.318080008029937744e-02,9.273061528801918030e-03,1.252171205123886466e-04,2.553744986653327942e-02,1.608433760702610016e-02,4.891627468168735504e-04,4.780105882673524320e-06,1.700437627732753754e-02,1.971762627363204956e-02,1.417571585625410080e-02
1.931968778371810913e-01,8.066073060035705566e-03,8.962602441897615790e-05,2.511746436357498169e-02,2.401827089488506317e-02,3.526478249114006758e-04,3.822576218226458877e-06,3.535996004939079285e-02,2.106169238686561584e-02,2.191005647182464600e-02
6.015798449516296387e-02,9.389010816812515259e-02,6.624933303100988269e-05,2.393654361367225647e-02,3.089399263262748718e-02,2.634304692037403584e-04,3.027253796972217970e-06,8.176029473543167114e-02,1.872524619102478027e-02,1.164508908987045288e-01
2.611547522246837616e-02,1.638799309730529785e-01,5.025249629397876561e-05,2.712246030569076538e-02,1.527976989746093750e-02,1.995793281821534038e-04,2.407193051112699322e-06,4.525056853890419006e-02,3.008019179105758667e-02,7.228265702724456787e-02
1.277646981179714203e-02,4.962657764554023743e-02,3.835674942820332944e-05,4.817864671349525452e-02,1.062354817986488342e-02,1.535928313387557864e-04,1.896100570775161032e-06,2.950992248952388763e-02,6.530458480119705200e-02,2.635093405842781067e-02
8.942049928009510040e-03,2.858478389680385590e-02,2.784348180284723639e-05,1.010249331593513489e-01,1.980602368712425232e-02,1.179384416900575161e-04,1.510834067630639765e-06,2.146819606423377991e-02,5.051625147461891174e-02,1.639110408723354340e-02
7.512666750699281693e-03,1.890326291322708130e-02,2.212925755884498358e-05,6.925764679908752441e-02,1.551381498575210571e-02,9.177946049021556973e-05,1.197260871776961721e-06,1.904765516519546509e-02,4.840802773833274841e-02,1.423457451164722443e-02
6.604888476431369781e-03,2.504191733896732330e-02,1.767351750459056348e-05,3.404403105378150940e-02,3.123731724917888641e-02,7.088296842994168401e-05,9.557758176015340723e-07,1.444303523749113083e-02,2.819102257490158081e-02,1.395294629037380219e-02
6.136775016784667969e-03,5.408812686800956726e-02,1.377809076075209305e-05,2.530124410986900330e-02,7.375403307378292084e-03,5.585110193351283669e-05,7.726661124252132140e-07,1.400407403707504272e-02,2.937338501214981079e-02,1.318211946636438370e-02
5.516909528523683548e-03,4.543203860521316528e-02,1.020099443849176168e-05,2.399466373026371002e-02,6.763298995792865753e-03,4.343542241258546710e-05,6.083775474508001935e-07,1.392991561442613602e-02,2.302591502666473389e-02,1.260489597916603088e-02
4.931718111038208008e-03,2.830575779080390930e-02,7.823904525139369071e-06,2.286354452371597290e-02,2.168381586670875549e-03,3.374632433406077325e-05,4.888722742180107161e-07,1.317728497087955475e-02,2.410079725086688995e-02,1.233480963855981827e-02
4.815096966922283173e-03,2.802797034382820129e-02,6.144476628833217546e-06,2.282316796481609344e-02,1.735407975502312183e-03,2.676686017366591841e-05,3.874419860494526802e-07,1.331962179392576218e-02,3.171682730317115784e-02,1.786031946539878845e-02
4.959970247000455856e-03,3.550685942173004150e-02,4.900829935650108382e-06,2.352325245738029480e-02,2.781463554129004478e-03,2.085857158817816526e-05,3.096133980307058664e-07,1.228298898786306381e-02,4.233094677329063416e-02,1.422889977693557739e-01
5.081670358777046204e-03,3.887523710727691650e-02,3.889462277584243566e-06,3.480184823274612427e-02,3.360298462212085724e-03,1.668699587753508240e-05,2.505173313238628907e-07,1.610915921628475189e-02,3.366503491997718811e-02,6.996999680995941162e-02
4.520622082054615021e-03,3.664920106530189514e-02,3.023344106622971594e-06,7.957474887371063232e-02,3.211889415979385376e-02,1.303887438552919775e-05,1.984124224918559776e-07,1.146473288536071777e-01,3.032420203089714050e-02,3.037789463996887207e-02
4.086277447640895844e-03,2.769829705357551575e-02,2.367688011872814968e-06,7.377294450998306274e-02,5.974793061614036560e-02,1.036844787449808791e-05,1.572122982906876132e-07,5.379734933376312256e-02,3.639979287981987000e-02,1.787919551134109497e-02
3.980024252086877823e-03,1.330721192061901093e-02,1.857720462794532068e-06,3.881190717220306396e-02,2.558851614594459534e-02,8.190699190890882164e-06,1.260209074871454504e-07,2.633053064346313477e-02,3.182722255587577820e-02,1.351837255060672760e-02
3.883240977302193642e-03,7.206612266600131989e-03,1.550653678350499831e-06,2.548388205468654633e-02,1.034645084291696548e-02,6.401253813237417489e-06,1.006554484206390043e-07,1.644350960850715637e-02,2.301686070859432220e-02,1.260907296091318130e-02
3.825497580692172050e-03,7.184637710452079773e-03,1.161865725407551508e-06,2.300046198070049286e-02,1.441707368940114975e-02,5.089907062938436866e-06,8.036904119990140316e-08,1.343291159719228745e-02,1.140081882476806641e-02,1.259776391088962555e-02
3.763088490813970566e-03,5.903438664972782135e-03,9.224693258147453889e-07,2.183606661856174469e-02,3.657865151762962341e-02,4.000214175903238356e-06,6.366783367184325471e-08,1.344414986670017242e-02,6.137162446975708008e-03,1.232875697314739227e-02
3.753369208425283432e-03,4.844924435019493103e-03,7.405223527712223586e-07,2.137748152017593384e-02,1.387097500264644623e-02,3.165065436405711807e-06,5.049209761409656494e-08,1.284632086753845215e-02,5.201302934437990189e-03,1.170794572681188583e-02
1.869744062423706055e-02,7.696439046412706375e-03,5.735437866860593203e-07,2.140204794704914093e-02,1.248108595609664917e-02,2.468998673066380434e-06,4.057294944459499675e-08,1.215776521712541580e-02,4.920859355479478836e-03,1.151858922094106674e-02
2.696791291236877441e-01,1.002347320318222046e-01,4.641955229089944623e-07,2.071277052164077759e-02,1.116444170475006104e-02,1.986036977541516535e-06,3.178912066914563184e-08,1.200563088059425354e-02,4.623141139745712280e-03,1.122544985264539719e-02
1.034089848399162292e-01,8.143401145935058594e-02,3.710104010679060593e-07,2.099214866757392883e-02,5.727464798837900162e-03,1.578047090333711822e-06,2.503692364541620918e-08,1.122504938393831253e-02,4.395375028252601624e-03,1.104378979653120041e-02
3.427842259407043457e-02,3.114185854792594910e-02,2.928524054368608631e-07,9.453371167182922363e-02,1.837291941046714783e-02,1.245408270733605605e-06,1.933041815505021077e-08,1.559557113796472549e-02,4.521306604146957397e-03,1.114873308688402176e-02
1.419668365269899368e-02,1.499620918184518814e-02,2.364157722922755056e-07,6.894032657146453857e-02,1.199739519506692886e-02,1.004544060378975701e-06,1.517751790913735022e-08,9.327975660562515259e-02,3.919655922800302505e-03,1.425107661634683609e-02
8.238233625888824463e-03,8.476344868540763855e-03,1.773196913745778147e-07,3.518038988113403320e-02,2.408607117831707001e-02,7.925718250589852687e-07,1.189104636978299823e-08,4.940339177846908569e-02,3.946931101381778717e-03,1.559394299983978271e-01
7.358957547694444656e-03,5.767915863543748856e-03,1.399735793938816641e-07,3.455301001667976379e-02,1.756004989147186279e-02,6.295946377576910891e-07,9.381381005368893966e-09,2.390601858496665955e-02,6.936604622751474380e-03,6.323912739753723145e-02
6.692758295685052872e-03,4.707242827862501144e-03,1.146976487120809907e-07,3.029597550630569458e-02,5.908074788749217987e-03,4.992727440367161762e-07,6.782079786660233367e-09,1.493818778544664383e-02,1.861756891012191772e-01,2.448750287294387817e-02
6.646728608757257462e-03,4.046390764415264130e-03,8.804745732504670741e-08,2.659358270466327667e-02,1.704298774711787701e-03,4.029200511013186770e-07,4.720567492455529646e-09,1.345605961978435516e-02,9.245483577251434326e-02,1.644571498036384583e-02
5.929287057369947433e-03,4.815279040485620499e-03,7.242180544153598021e-08,2.520644478499889374e-02,2.803014125674962997e-03,3.183386922955833143e-07,3.555364225249491028e-09,9.794672951102256775e-03,3.292961791157722473e-02,1.212341804057359695e-02
5.572644993662834167e-03,1.032544579356908798e-02,5.703518368704862951e-08,2.305033244192600250e-02,3.330516070127487183e-02,2.527889364500879310e-07,2.569423118714553311e-09,9.857607074081897736e-03,2.080745622515678406e-02,1.097340043634176254e-02
5.436918698251247406e-03,4.042518511414527893e-02,4.469598735568069969e-08,2.340066619217395782e-02,3.778400272130966187e-02,2.038505755308506195e-07,2.001759868974772871e-09,8.907040581107139587e-03,1.085654553025960922e-02,1.072528120130300522e-02
5.318137817084789276e-03,1.193310245871543884e-01,3.585240193615391036e-08,3.414740413427352905e-02,1.854865066707134247e-02,1.620826424186816439e-07,1.643235658654873532e-09,8.244247175753116608e-03,9.132039733231067657e-03,1.052770391106605530e-02
5.246110260486602783e-03,3.824348375201225281e-02,2.835327883587979159e-08,5.038684606552124023e-02,8.356128819286823273e-03,1.298454179732289049e-07,1.195080479021726205e-09,7.256437093019485474e-03,9.696785360574722290e-03,1.143580209463834763e-02
5.180130712687969208e-03,1.861949823796749115e-02,2.249738706439075031e-08,5.790966749191284180e-02,5.457440391182899475e-03,1.040914554550909088e-07,8.365563242129780974e-10,2.284719049930572510e-02,8.161493577063083649e-03,1.082553248852491379e-02
5.087742581963539124e-03,8.422527462244033813e-03,1.825485185236175312e-08,3.622164949774742126e-02,2.267271094024181366e-02,8.311781840575349634e-08,4.182781898620646643e-10,8.463915437459945679e-02,2.076104469597339630e-02,3.713588044047355652e-02
5.051489453762769699e-03,4.568029660731554031e-03,1.365379187490134427e-08,2.910621464252471924e-02,2.129199914634227753e-02,6.581904443692110362e-08,4.481552073887229426e-10,4.324921220541000366e-02,8.386917412281036377e-02,1.085906922817230225e-01
5.025882273912429810e-03,3.404458984732627869e-03,1.033744556622195887e-08,2.501373179256916046e-02,1.484303083270788193e-02,5.282255344241093553e-08,2.688931022287732731e-10,2.290711551904678345e-02,5.247743800282478333e-02,4.763904213905334473e-02
4.951497074216604233e-03,2.863558940589427948e-03,8.186300526347167761e-09,2.269805595278739929e-02,7.269922643899917603e-03,4.278387777389980329e-08,2.091390949310323322e-10,1.437123119831085205e-02,3.495590761303901672e-02,2.046969719231128693e-02
8.056810498237609863e-02,2.661620266735553741e-03,5.975401951019421176e-09,2.015387453138828278e-02,3.190605435520410538e-03,3.334274367716716370e-08,1.792620774043740539e-10,8.616240695118904114e-03,1.362731587141752243e-02,1.775749213993549347e-02
1.822749376296997070e-01,5.435541737824678421e-03,4.242535656118207044e-09,1.951950229704380035e-02,2.008252963423728943e-02,2.688931033389962977e-08,1.792620774043740539e-10,7.527406327426433563e-03,8.789580315351486206e-03,1.359536778181791306e-02
5.263783037662506104e-02,8.724422752857208252e-02,3.137086368454333751e-09,1.912553422152996063e-02,1.127275638282299042e-02,2.100354024037187628e-08,1.792620774043740539e-10,7.567119784653186798e-03,6.583069451153278351e-03,1.247654203325510025e-02
1.952882483601570129e-02,6.878287345170974731e-02,2.569422896669948386e-09,1.845628581941127777e-02,1.445132587105035782e-02,1.649211078813550557e-08,8.963103176329312305e-11,7.301125209778547287e-03,6.046906579285860062e-03,1.188275590538978577e-02
1.285845693200826645e-02,2.741864696145057678e-02,2.031636858745855534e-09,1.857153140008449554e-02,6.029954180121421814e-03,1.341477862126794207e-08,0.000000000000000000e+00,5.881452467292547226e-03,5.691462662070989609e-03,9.868956170976161957e-03
8.761043660342693329e-03,1.048141531646251678e-02,1.434096619234992431e-09,1.874487660825252533e-02,8.360993117094039917e-03,1.024781504099792073e-08,0.000000000000000000e+00,3.737461939454078674e-02,5.473231896758079529e-03,9.410979226231575012e-03
7.761528715491294861e-03,4.314186982810497284e-03,9.560644498307624417e-10,1.845670118927955627e-02,2.906332910060882568e-02,7.797900103412302997e-09,0.000000000000000000e+00,6.303955614566802979e-02,5.272121634334325790e-03,9.154973551630973816e-03
6.091123446822166443e-03,3.304597688838839531e-03,6.274172292819457653e-10,6.181675940752029419e-02,1.775292307138442993e-02,6.184541767595419515e-09,0.000000000000000000e+00,2.409808337688446045e-02,4.914810415357351303e-03,9.126926772296428680e-03
5.363728851079940796e-03,2.782515250146389008e-03,4.182781621064890487e-10,8.161976933479309082e-02,8.130098693072795868e-03,4.720567936544739496e-09,0.000000000000000000e+00,1.041468326002359390e-02,4.692797083407640457e-03,8.943381719291210175e-03
5.028330720961093903e-03,3.221900900825858116e-03,2.688931022287732731e-10,4.815792664885520935e-02,1.487440313212573528e-03,3.435856488209765303e-09,0.000000000000000000e+00,7.890660315752029419e-03,4.803129937499761581e-03,8.990865200757980347e-03
4.867509473115205765e-03,2.226019278168678284e-03,2.390160847021149948e-10,2.844914421439170837e-02,4.264417220838367939e-04,2.688931077798883962e-09,0.000000000000000000e+00,8.527714759111404419e-03,4.838505759835243225e-03,9.096785448491573334e-03
4.737234674394130707e-03,1.994080143049359322e-03,1.792620774043740539e-10,1.991863548755645752e-02,2.883798733819276094e-04,1.702989749219341320e-09,0.000000000000000000e+00,7.222084794193506241e-03,1.507003754377365112e-01,8.780853822827339172e-03
4.734043963253498077e-03,1.939620124176144600e-03,1.493850598777157757e-10,1.886987313628196716e-02,2.245640062028542161e-04,1.254834458563891531e-09,0.000000000000000000e+00,7.905689999461174011e-03,1.054560318589210510e-01,9.023251943290233612e-03
4.556389059871435165e-03,3.224769979715347290e-02,1.195080423510574974e-10,1.836601644754409790e-02,1.780069869710132480e-04,8.365563797241293287e-10,0.000000000000000000e+00,2.352254465222358704e-02,3.827318549156188965e-02,8.928553201258182526e-03
4.540381953120231628e-03,1.129228472709655762e-01,1.195080423510574974e-10,1.788032613694667816e-02,1.433963479939848185e-04,3.585241548087481078e-10,0.000000000000000000e+00,5.154081806540489197e-02,1.644654758274555206e-02,8.783577010035514832e-03
4.468076862394809723e-03,3.386121615767478943e-02,5.975402117552874870e-11,1.734972000122070312e-02,1.163226261269301176e-04,1.493850598777157757e-10,0.000000000000000000e+00,2.669569477438926697e-02,1.101758051663637161e-02,8.863385766744613647e-03
4.411675035953521729e-03,1.395768299698829651e-02,0.000000000000000000e+00,1.719702593982219696e-02,9.475876868236809969e-05,1.195080423510574974e-10,0.000000000000000000e+00,1.295427046716213226e-02,7.507063914090394974e-03,2.538240328431129456e-02
1.318452656269073486e-01,4.771185107529163361e-03,0.000000000000000000e+00,1.728067547082901001e-02,7.656573870917782187e-05,5.975402117552874870e-11,0.000000000000000000e+00,1.023123320192098618e-02,6.091262679547071457e-03,1.527664214372634888e-01
1.366327404975891113e-01,3.096898086369037628e-03,0.000000000000000000e+00,1.692796871066093445e-02,6.151572597445920110e-05,2.987701058776437435e-11,0.000000000000000000e+00,7.429846096783876419e-03,5.236164201050996780e-03,5.704750493168830872e-02
3.769524767994880676e-02,2.723665209487080574e-03,0.000000000000000000e+00,1.664584316313266754e-02,4.958444696967490017e-05,0.000000000000000000e+00,0.000000000000000000e+00,6.147247739136219025e-03,4.933426156640052795e-03,2.264029718935489655e-02
1.710027828812599182e-02,2.115353243425488472e-03,0.000000000000000000e+00,1.670402102172374725e-02,4.079657810507342219e-05,0.000000000000000000e+00,0.000000000000000000e+00,4.829307086765766144e-03,5.393445491790771484e-03,1.420971751213073730e-02
1.045067608356475830e-02,1.947208656929433346e-03,0.000000000000000000e+00,2.270783297717571259e-02,3.261918027419596910e-05,0.000000000000000000e+00,0.000000000000000000e+00,5.342001095414161682e-03,9.614258073270320892e-03,1.163503713905811310e-02
8.299118839204311371e-03,1.804021419957280159e-03,0.000000000000000000e+00,7.909622788429260254e-02,2.652285911608487368e-05,0.000000000000000000e+00,0.000000000000000000e+00,5.169349722564220428e-03,6.491447985172271729e-02,1.100806519389152527e-02
7.454655598849058151e-03,1.747830072417855263e-03,0.000000000000000000e+00,4.819599539041519165e-02,2.120643148373346776e-05,0.000000000000000000e+00,0.000000000000000000e+00,4.488533362746238708e-03,9.001489728689193726e-02,1.054383721202611923e-02
7.134791929274797440e-03,1.766921719536185265e-03,0.000000000000000000e+00,3.114663623273372650e-02,1.766903551470022649e-05,0.000000000000000000e+00,0.000000000000000000e+00,2.005216106772422791e-02,4.496148228645324707e-02,1.079102233052253723e-02
6.930806674063205719e-03,8.601962774991989136e-02,0.000000000000000000e+00,2.312491461634635925e-02,1.546223393233958632e-05,0.000000000000000000e+00,0.000000000000000000e+00,7.824891060590744019e-02,2.256170287728309631e-02,1.072812080383300781e-02
6.665715947747230530e-03,9.275438636541366577e-02,0.000000000000000000e+00,2.151335217058658600e-02,1.175854595203418285e-05,0.000000000000000000e+00,0.000000000000000000e+00,2.465491369366645813e-02,1.026736944913864136e-02,1.043635420501232147e-02
6.644962821155786514e-03,2.298157289624214172e-02,0.000000000000000000e+00,2.025408297777175903e-02,9.939298251993022859e-06,0.000000000000000000e+00,0.000000000000000000e+00,1.031311508268117905e-02,6.638070102781057358e-03,1.053582131862640381e-02
6.421613506972789764e-03,1.159400865435600281e-02,0.000000000000000000e+00,1.689341664314270020e-02,7.142938557080924511e-06,0.000000000000000000e+00,0.000000000000000000e+00,6.067252252250909805e-03,5.825270898640155792e-03,1.032949145883321762e-02
6.201044190675020218e-03,5.777232814580202103e-03,0.000000000000000000e+00,1.725201867520809174e-02,5.784656423202250153e-06,0.000000000000000000e+00,0.000000000000000000e+00,4.602528177201747894e-03,5.494573619216680527e-03,1.034092064946889877e-02
5.930873099714517593e-03,4.263538867235183716e-03,0.000000000000000000e+00,1.683938130736351013e-02,4.621881998900789768e-06,0.000000000000000000e+00,0.000000000000000000e+00,2.761416835710406303e-03,5.106273572891950607e-03,1.021274738013744354e-02
5.655848421156406403e-03,3.783721011132001877e-03,0.000000000000000000e+00,1.652027107775211334e-02,3.858903710352024063e-06,0.000000000000000000e+00,0.000000000000000000e+00,3.031273372471332550e-03,4.926989320665597916e-03,1.756405271589756012e-02
5.132560618221759796e-03,3.323103301227092743e-03,0.000000000000000000e+00,1.646860130131244659e-02,3.074138248848612420e-06,0.000000000000000000e+00,0.000000000000000000e+00,1.829677959904074669e-03,4.701870959252119064e-03,1.550158709287643433e-01
5.022362340241670609e-03,3.178620245307683945e-03,0.000000000000000000e+00,1.624220609664916992e-02,2.428197376502794214e-06,0.000000000000000000e+00,0.000000000000000000e+00,1.374753308482468128e-03,4.576423671096563339e-03,5.807088315486907959e-02
8.031635545194149017e-03,2.989234868437051773e-03,0.000000000000000000e+00,1.620396971702575684e-02,1.930848839037935250e-06,0.000000000000000000e+00,0.000000000000000000e+00,1.069859601557254791e-03,4.433965776115655899e-03,3.186001256108283997e-02
1.550635993480682373e-01,2.712107263505458832e-03,0.000000000000000000e+00,1.597044989466667175e-02,1.694703428256616462e-06,0.000000000000000000e+00,0.000000000000000000e+00,3.031354863196611404e-03,6.599668413400650024e-02,1.889201253652572632e-02
9.879746288061141968e-02,2.682656748220324516e-03,0.000000000000000000e+00,1.618585176765918732e-02,1.356644588668132201e-06,0.000000000000000000e+00,0.000000000000000000e+00,8.747389912605285645e-02,1.188962385058403015e-01,1.537999790161848068e-02
3.442516922950744629e-02,2.703374717384576797e-03,0.000000000000000000e+00,1.749604940414428711e-02,1.045832732415874489e-06,0.000000000000000000e+00,0.000000000000000000e+00,4.631542041897773743e-02,4.781805723905563354e-02,1.358759868890047073e-02
1.638994179666042328e-02,2.627001609653234482e-03,0.000000000000000000e+00,1.113387048244476318e-01,7.910901445029594470e-07,0.000000000000000000e+00,0.000000000000000000e+00,1.125324610620737076e-02,2.202616073191165924e-02,1.317465305328369141e-02
1.115965470671653748e-02,2.770243678241968155e-03,0.000000000000000000e+00,6.363917142152786255e-02,6.898949322931002825e-07,0.000000000000000000e+00,0.000000000000000000e+00,5.100399255752563477e-03,1.429569628089666367e-02,1.274202857166528702e-02
8.469969965517520905e-03,7.550552487373352051e-03,0.000000000000000000e+00,2.643734961748123169e-02,5.060393277744879015e-07,0.000000000000000000e+00,0.000000000000000000e+00,2.567537128925323486e-03,1.150206010788679123e-02,1.026715245097875595e-02
7.778271101415157318e-03,1.394058614969253540e-01,0.000000000000000000e+00,1.887735724449157715e-02,4.049992128329904517e-07,0.000000000000000000e+00,0.000000000000000000e+00,2.541626105085015297e-03,1.505949627608060837e-02,9.889520704746246338e-03
7.265614811331033707e-03,4.294391348958015442e-02,0.000000000000000000e+00,1.727063022553920746e-02,3.239461534576548729e-07,0.000000000000000000e+00,0.000000000000000000e+00,1.648506964556872845e-03,7.723831105977296829e-03,9.808524511754512787e-03
6.929325871169567108e-03,1.231761462986469269e-02,0.000000000000000000e+00,1.697697676718235016e-02,2.771315905647497857e-07,0.000000000000000000e+00,0.000000000000000000e+00,3.571626264601945877e-03,5.541387945413589478e-03,9.743444621562957764e-03
6.815279833972454071e-03,5.750253330916166306e-03,0.000000000000000000e+00,1.708811149001121521e-02,2.407995509656757349e-07,0.000000000000000000e+00,0.000000000000000000e+00,4.092290624976158142e-02,5.116423126310110092e-03,9.497003629803657532e-03
6.742829922586679459e-03,4.451290704309940338e-03,0.000000000000000000e+00,1.636763662099838257e-02,1.830832019322770066e-07,0.000000000000000000e+00,0.000000000000000000e+00,4.498457908630371094e-02,4.970642272382974625e-03,9.592702612280845642e-03
7.104766089469194412e-03,3.711020108312368393e-03,0.000000000000000000e+00,1.619185693562030792e-02,1.357896763920507510e-07,0.000000000000000000e+00,0.000000000000000000e+00,1.690937019884586334e-02,4.698747768998146057e-03,9.467771276831626892e-03
7.441508583724498749e-03,3.470214549452066422e-03,0.000000000000000000e+00,1.584511250257492065e-02,1.098566002610823489e-07,0.000000000000000000e+00,0.000000000000000000e+00,1.137610804289579391e-02,4.540950525552034378e-03,9.521705098450183868e-03
5.688491463661193848e-02,3.217621939256787300e-03,0.000000000000000000e+00,1.587297581136226654e-02,8.822616592851773021e-08,0.000000000000000000e+00,0.000000000000000000e+00,1.344071608036756516e-02,4.530991427600383759e-03,9.391760453581809998e-03
1.127005815505981445e-01,3.028136910870671272e-03,0.000000000000000000e+00,1.576379872858524323e-02,7.274989854977320647e-08,0.000000000000000000e+00,0.000000000000000000e+00,5.028001032769680023e-03,1.013114303350448608e-02,9.538816288113594055e-03
3.739400207996368408e-02,3.007943043485283852e-03,0.000000000000000000e+00,1.592359691858291626e-02,5.560091054235272168e-08,0.000000000000000000e+00,0.000000000000000000e+00,3.882061224430799484e-03,1.247780174016952515e-01,9.586195461452007294e-03
1.170712243765592575e-02,2.730709966272115707e-03,0.000000000000000000e+00,1.632039621472358704e-02,4.535308661957060394e-08,0.000000000000000000e+00,0.000000000000000000e+00,2.830085577443242073e-03,6.372655183076858521e-02,9.447931312024593353e-03
6.579435430467128754e-03,2.606013556942343712e-03,0.000000000000000000e+00,1.719401031732559204e-02,3.558340111453617283e-08,0.000000000000000000e+00,0.000000000000000000e+00,2.288182033225893974e-03,2.408843673765659332e-02,9.488289244472980499e-03
5.068042315542697906e-03,2.631700830534100533e-03,0.000000000000000000e+00,6.322266161441802979e-02,2.850260294451345544e-08,0.000000000000000000e+00,0.000000000000000000e+00,8.498047245666384697e-04,1.504545286297798157e-02,9.566896595060825348e-03
4.581762943416833878e-03,2.552594291046261787e-03,0.000000000000000000e+00,7.295042276382446289e-02,2.381191244182900846e-08,0.000000000000000000e+00,0.000000000000000000e+00,4.768005164805799723e-04,1.121077220886945724e-02,9.405128657817840576e-03
4.269724246114492416e-03,2.474876586347818375e-03,0.000000000000000000e+00,2.788353152573108673e-02,1.885235967336029717e-08,0.000000000000000000e+00,0.000000000000000000e+00,1.001525903120636940e-03,7.928480394184589386e-03,4.302153363823890686e-02
4.131562076508998871e-03,2.390732523053884506e-03,0.000000000000000000e+00,1.909533329308032990e-02,1.786641412593326095e-08,0.000000000000000000e+00,0.000000000000000000e+00,2.239248715341091156e-04,5.987346637994050980e-03,1.638684123754501343e-01
3.833259223029017448e-03,2.402939135208725929e-03,0.000000000000000000e+00,1.680769957602024078e-02,1.347449529731647999e-08,0.000000000000000000e+00,0.000000000000000000e+00,1.809853565646335483e-04,5.558511707931756973e-03,3.925372660160064697e-02
3.772094845771789551e-03,2.348764799535274506e-03,0.000000000000000000e+00,1.621927134692668915e-02,9.680143797652362991e-09,0.000000000000000000e+00,0.000000000000000000e+00,1.139442174462601542e-04,5.318154580891132355e-03,1.680438965559005737e-02
3.511067479848861694e-03,2.404026919975876808e-03,0.000000000000000000e+00,1.572418585419654846e-02,7.977154048433021671e-09,0.000000000000000000e+00,0.000000000000000000e+00,9.770214819582179189e-05,4.872799385339021683e-03,1.293676532804965973e-02
3.468538168817758560e-03,2.330895047634840012e-03,0.000000000000000000e+00,1.557421404868364334e-02,4.989458624038434209e-09,0.000000000000000000e+00,0.000000000000000000e+00,9.022511221701279283e-05,4.579059313982725143e-03,1.071837451308965683e-02
3.434854559600353241e-03,2.360562095418572426e-03,0.000000000000000000e+00,1.550086122006177902e-02,3.704748285926484641e-09,0.000000000000000000e+00,0.000000000000000000e+00,5.642824908136390150e-05,4.377139732241630554e-03,9.884263388812541962e-03
3.664958290755748749e-03,7.364524062722921371e-03,0.000000000000000000e+00,1.533282268792390823e-02,3.137085036186704201e-09,0.000000000000000000e+00,0.000000000000000000e+00,6.275100895436480641e-05,4.558891989290714264e-03,9.755797684192657471e-03
5.446795374155044556e-02,1.657554656267166138e-01,0.000000000000000000e+00,1.621356606483459473e-02,2.240774898965014472e-09,0.000000000000000000e+00,0.000000000000000000e+00,3.924130578525364399e-05,4.017202183604240417e-03,9.661064483225345612e-03
8.163778483867645264e-02,5.451912060379981995e-02,0.000000000000000000e+00,3.357175365090370178e-02,1.792619941376472070e-09,0.000000000000000000e+00,0.000000000000000000e+00,2.799236972350627184e-05,4.100637044757604599e-03,9.410040453076362610e-03
4.691288620233535767e-02,1.768105663359165192e-02,0.000000000000000000e+00,5.481868609786033630e-02,1.224957135725901480e-09,0.000000000000000000e+00,0.000000000000000000e+00,2.111389767378568649e-05,4.105701111257076263e-03,9.112370200455188751e-03
1.685687713325023651e-02,8.658918552100658417e-03,0.000000000000000000e+00,3.136790916323661804e-02,7.768021781373590784e-10,0.000000000000000000e+00,0.000000000000000000e+00,1.733273711579386145e-05,4.103203304111957550e-03,9.401394985616207123e-03
6.710077635943889618e-03,5.847095511853694916e-03,0.000000000000000000e+00,2.258930914103984833e-02,6.572941080307259654e-10,0.000000000000000000e+00,0.000000000000000000e+00,1.239684297615895048e-05,4.011993296444416046e-03,9.296529926359653473e-03
4.555838648229837418e-03,4.294784273952245712e-03,0.000000000000000000e+00,1.742054708302021027e-02,6.274171182596433027e-10,0.000000000000000000e+00,0.000000000000000000e+00,1.144206453318474814e-05,3.959361929446458817e-03,9.379800409078598022e-03
4.326974973082542419e-03,3.895288798958063126e-03,0.000000000000000000e+00,1.689898222684860229e-02,5.377860934352440836e-10,0.000000000000000000e+00,0.000000000000000000e+00,8.105444976536091417e-06,3.934426233172416687e-02,9.268477559089660645e-03
3.491641487926244736e-03,3.643834264948964119e-03,0.000000000000000000e+00,1.607654243707656860e-02,3.286470817709385983e-10,0.000000000000000000e+00,0.000000000000000000e+00,6.474292604252696037e-06,1.347693204879760742e-01,9.172734804451465607e-03
3.287637373432517052e-03,3.519415855407714844e-03,0.000000000000000000e+00,1.539399940520524979e-02,1.493850459999279678e-10,0.000000000000000000e+00,0.000000000000000000e+00,5.266876087262062356e-06,4.411875829100608826e-02,9.219604544341564178e-03
3.004911588504910469e-03,3.424417227506637573e-03,0.000000000000000000e+00,1.525938510894775391e-02,1.195080423510574974e-10,0.000000000000000000e+00,0.000000000000000000e+00,4.799445378012023866e-06,1.835371740162372589e-02,9.073298424482345581e-03
2.612202428281307220e-03,3.325406461954116821e-03,0.000000000000000000e+00,1.526926551014184952e-02,1.493850598777157757e-10,0.000000000000000000e+00,0.000000000000000000e+00,3.541190835676388815e-06,9.124735370278358459e-03,1.047253794968128204e-02
2.361754421144723892e-03,3.306497121229767799e-03,0.000000000000000000e+00,1.496052090078592300e-02,1.195080423510574974e-10,0.000000000000000000e+00,0.000000000000000000e+00,2.654041736604995094e-06,6.655758712440729141e-03,1.156232729554176331e-01
2.084367442876100540e-03,3.287416184321045876e-03,0.000000000000000000e+00,1.479991804808378220e-02,1.195080423510574974e-10,0.000000000000000000e+00,0.000000000000000000e+00,2.097947344736894593e-06,5.753106903284788132e-03,7.420859485864639282e-02
2.083039609715342522e-03,3.176962956786155701e-03,0.000000000000000000e+00,1.718679443001747131e-02,1.195080423510574974e-10,0.000000000000000000e+00,0.000000000000000000e+00,1.526795131212566048e-06,5.645847413688898087e-03,2.486240677535533905e-02
2.066507004201412201e-03,3.332066116854548454e-03,0.000000000000000000e+00,3.768458962440490723e-02,8.963103176329312305e-11,0.000000000000000000e+00,0.000000000000000000e+00,1.285519715565897059e-06,5.351062398403882980e-03,1.378489751368761063e-02
5.353221297264099121e-02,3.264635801315307617e-03,0.000000000000000000e+00,4.470394924283027649e-02,5.975402117552874870e-11,0.000000000000000000e+00,0.000000000000000000e+00,1.020849367705523036e-06,5.197755061089992523e-03,1.318714674562215805e-02
1.068319529294967651e-01,3.192845731973648071e-03,0.000000000000000000e+00,3.868197277188301086e-02,0.000000000000000000e+00,0.000000000000000000e+00,0.000000000000000000e+00,9.857220675257849507e-07,5.026184953749179840e-03,1.079300604760646820e-02
2.999887056648731232e-02,3.166049020364880562e-03,0.000000000000000000e+00,2.057441696524620056e-02,2.987701058776437435e-11,0.000000000000000000e+00,0.000000000000000000e+00,6.694950229757523630e-07,4.962394479662179947e-03,9.538762271404266357e-03
7.451775483787059784e-03,3.199727507308125496e-03,0.000000000000000000e+00,2.017122134566307068e-02,0.000000000000000000e+00,0.000000000000000000e+00,0.000000000000000000e+00,4.775434945258894004e-07,5.035335663706064224e-03,9.139285422861576080e-03
3.630232065916061401e-03,3.183285705745220184e-03,0.000000000000000000e+00,1.879530213773250580e-02,0.000000000000000000e+00,0.000000000000000000e+00,0.000000000000000000e+00,4.159087438893038779e-07,4.864092450588941574e-03,9.120799601078033447e-03
2.605760237202048302e-03,3.120140871033072472e-03,0.000000000000000000e+00,1.559562608599662781e-02,0.000000000000000000e+00,0.000000000000000000e+00,0.000000000000000000e+00,3.239516956909938017e-07,4.667505156248807907e-03,8.939163759350776672e-03
2.206115052103996277e-03,1.391355246305465698e-01,0.000000000000000000e+00,1.551900152117013931e-02,0.000000000000000000e+00,0.000000000000000000e+00,0.000000000000000000e+00,2.696364731491485145e-07,1.104940194636583328e-02,8.942806161940097809e-03
2.004365902394056320e-03,7.384523749351501465e-02,0.000000000000000000e+00,1.472821459174156189e-02,0.000000000000000000e+00,0.000000000000000000e+00,0.000000000000000000e+00,2.026541210398136172e-07,1.134010776877403259e-01,8.914669044315814972e-03
1.863066223450005054e-03,2.177679166197776794e-02,0.000000000000000000e+00,1.451508142054080963e-02,0.000000000000000000e+00,0.000000000000000000e+00,0.000000000000000000e+00,1.749285019059243496e-07,7.243258506059646606e-02,8.797400631010532379e-03
1.741242245770990849e-03,1.033299323171377182e-02,0.000000000000000000e+00,1.462734956294298172e-02,0.000000000000000000e+00,0.000000000000000000e+00,0.000000000000000000e+00,1.391064756717241835e-07,2.790007926523685455e-02,8.525766432285308838e-03
