7.453601360321044922e-01,6.871449947357177734e-01,6.793473362922668457e-01,6.717343330383300781e-01,6.742516160011291504e-01,6.490461230278015137e-01,6.725500822067260742e-01,6.571338176727294922e-01,6.585634350776672363e-01,6.776222586631774902e-01
6.531994938850402832e-01,6.423056125640869141e-01,6.531707048416137695e-01,6.488956212997436523e-01,6.468281745910644531e-01,6.351526379585266113e-01,6.494259238243103027e-01,6.306982636451721191e-01,6.418693065643310547e-01,6.441958546638488770e-01
6.502766609191894531e-01,6.240277290344238281e-01,6.448003649711608887e-01,6.333931684494018555e-01,6.361966133117675781e-01,6.192880272865295410e-01,6.457822918891906738e-01,6.122135519981384277e-01,6.213868856430053711e-01,6.226634979248046875e-01
6.507401466369628906e-01,6.011390089988708496e-01,6.304381489753723145e-01,6.104992032051086426e-01,6.271036863327026367e-01,6.033090353012084961e-01,6.301863193511962891e-01,5.944530367851257324e-01,5.999934673309326172e-01,6.046414971351623535e-01
6.454995274543762207e-01,5.943099260330200195e-01,6.078630089759826660e-01,6.003867983818054199e-01,6.056060791015625000e-01,5.942665338516235352e-01,6.078431010246276855e-01,5.794846415519714355e-01,5.874207615852355957e-01,5.980003476142883301e-01
6.281155943870544434e-01,5.896685123443603516e-01,6.004030704498291016e-01,5.960548520088195801e-01,5.979822278022766113e-01,5.845177769660949707e-01,5.915962457656860352e-01,5.696168541908264160e-01,5.755565762519836426e-01,5.845452547073364258e-01
6.067320108413696289e-01,5.815600752830505371e-01,5.915439724922180176e-01,5.857153534889221191e-01,5.850971341133117676e-01,5.742144584655761719e-01,5.797094106674194336e-01,5.669125318527221680e-01,5.609292387962341309e-01,5.785254836082458496e-01
5.996139049530029297e-01,5.692417025566101074e-01,5.821356177330017090e-01,5.757869482040405273e-01,5.839177966117858887e-01,5.666376352310180664e-01,5.740903019905090332e-01,5.534965395927429199e-01,5.543226599693298340e-01,5.668472051620483398e-01
5.903343558311462402e-01,5.652739405632019043e-01,5.748298764228820801e-01,5.711287260055541992e-01,5.730174779891967773e-01,5.589941740036010742e-01,5.647892355918884277e-01,5.504932403564453125e-01,5.471687912940979004e-01,5.603580474853515625e-01
5.785607695579528809e-01,5.591189265251159668e-01,5.687276721000671387e-01,5.649487376213073730e-01,5.717961788177490234e-01,5.526843070983886719e-01,5.542406439781188965e-01,5.516811013221740723e-01,5.440750718116760254e-01,5.553765296936035156e-01
5.750328898429870605e-01,5.594939589500427246e-01,5.618426203727722168e-01,5.605310797691345215e-01,5.609062910079956055e-01,5.507268309593200684e-01,5.547339320182800293e-01,5.437143445014953613e-01,5.396403670310974121e-01,5.521007180213928223e-01
5.660920739173889160e-01,5.550813078880310059e-01,5.572723746299743652e-01,5.523633360862731934e-01,5.534060001373291016e-01,5.446785688400268555e-01,5.459091067314147949e-01,5.482594370841979980e-01,5.395116209983825684e-01,5.431941151618957520e-01
5.598629117012023926e-01,5.499970912933349609e-01,5.553495883941650391e-01,5.504940152168273926e-01,5.473524928092956543e-01,5.475739240646362305e-01,5.451920628547668457e-01,5.423809885978698730e-01,5.374315977096557617e-01,5.413342118263244629e-01
5.564284920692443848e-01,5.450948476791381836e-01,5.519917607307434082e-01,5.495050549507141113e-01,5.488064885139465332e-01,5.425863862037658691e-01,5.379360914230346680e-01,5.385091304779052734e-01,5.336721539497375488e-01,5.429782271385192871e-01
5.529994964599609375e-01,5.448709130287170410e-01,5.477432012557983398e-01,5.475091934204101562e-01,5.461264848709106445e-01,5.391750335693359375e-01,5.392656326293945312e-01,5.396582484245300293e-01,5.312130451202392578e-01,5.338032841682434082e-01
5.476112365722656250e-01,5.387307405471801758e-01,5.424848794937133789e-01,5.437542796134948730e-01,5.412121415138244629e-01,5.359292626380920410e-01,5.389373302459716797e-01,5.352714657783508301e-01,5.322204828262329102e-01,5.352760553359985352e-01
5.469126105308532715e-01,5.381681919097900391e-01,5.405266880989074707e-01,5.421094298362731934e-01,5.408164858818054199e-01,5.413368344306945801e-01,5.402935147285461426e-01,5.308401584625244141e-01,5.292675495147705078e-01,5.248513817787170410e-01
5.439697504043579102e-01,5.342324972152709961e-01,5.429114103317260742e-01,5.430094599723815918e-01,5.376524329185485840e-01,5.354124307632446289e-01,5.364455580711364746e-01,5.277549624443054199e-01,5.281127095222473145e-01,5.329456925392150879e-01
5.442643761634826660e-01,5.361464619636535645e-01,5.408059954643249512e-01,5.364118814468383789e-01,5.377440452575683594e-01,5.425848960876464844e-01,5.310555696487426758e-01,5.293461084365844727e-01,5.301943421363830566e-01,5.301322937011718750e-01
5.412713289260864258e-01,5.280972719192504883e-01,5.398849248886108398e-01,5.334075093269348145e-01,5.374361872673034668e-01,5.377335548400878906e-01,5.298101902008056641e-01,5.280460119247436523e-01,5.244919061660766602e-01,5.310797691345214844e-01
5.403537750244140625e-01,5.303638577461242676e-01,5.387624502182006836e-01,5.377356410026550293e-01,5.347868204116821289e-01,5.380441546440124512e-01,5.274228453636169434e-01,5.268843770027160645e-01,5.264514088630676270e-01,5.267480611801147461e-01
5.393711924552917480e-01,5.332875847816467285e-01,5.342398881912231445e-01,5.378734469413757324e-01,5.300042033195495605e-01,5.326829552650451660e-01,5.306077599525451660e-01,5.268102884292602539e-01,5.286670923233032227e-01,5.263140797615051270e-01
5.345721840858459473e-01,5.300692319869995117e-01,5.312505960464477539e-01,5.383800268173217773e-01,5.324283838272094727e-01,5.305683612823486328e-01,5.322393178939819336e-01,5.198897719383239746e-01,5.257077813148498535e-01,5.245472788810729980e-01
5.329631567001342773e-01,5.197982192039489746e-01,5.310214161872863770e-01,5.311389565467834473e-01,5.280106067657470703e-01,5.291728973388671875e-01,5.226423144340515137e-01,5.202869176864624023e-01,5.252721905708312988e-01,5.228588581085205078e-01
5.373077392578125000e-01,5.254291892051696777e-01,5.259328484535217285e-01,5.331235527992248535e-01,5.271686911582946777e-01,5.360631346702575684e-01,5.251957178115844727e-01,5.146039128303527832e-01,5.225636959075927734e-01,5.242385268211364746e-01
5.354639887809753418e-01,5.226973295211791992e-01,5.305566191673278809e-01,5.329362154006958008e-01,5.266639590263366699e-01,5.352578759193420410e-01,5.230160951614379883e-01,5.219055414199829102e-01,5.192875266075134277e-01,5.194021463394165039e-01
5.383621454238891602e-01,5.176597833633422852e-01,5.262734293937683105e-01,5.324859619140625000e-01,5.220955014228820801e-01,5.336057543754577637e-01,5.234125852584838867e-01,5.176031589508056641e-01,5.234555006027221680e-01,5.146601200103759766e-01
5.358639955520629883e-01,5.231177210807800293e-01,5.276172757148742676e-01,5.322226881980895996e-01,5.226773023605346680e-01,5.270553827285766602e-01,5.245669484138488770e-01,5.156108140945434570e-01,5.207946896553039551e-01,5.212060809135437012e-01
5.378518700599670410e-01,5.233076810836791992e-01,5.239282846450805664e-01,5.278434753417968750e-01,5.202779769897460938e-01,5.264464616775512695e-01,5.154055356979370117e-01,5.150129199028015137e-01,5.163164138793945312e-01,5.151002407073974609e-01
5.348660945892333984e-01,5.112310051918029785e-01,5.279105901718139648e-01,5.294346809387207031e-01,5.215023159980773926e-01,5.226010680198669434e-01,5.181167125701904297e-01,5.109105110168457031e-01,5.157775282859802246e-01,5.190199017524719238e-01
5.321484208106994629e-01,5.139427781105041504e-01,5.232533216476440430e-01,5.237345695495605469e-01,5.232524275779724121e-01,5.279366970062255859e-01,5.173640251159667969e-01,5.096515417098999023e-01,5.128653645515441895e-01,5.165752768516540527e-01
5.307533740997314453e-01,5.101561546325683594e-01,5.249260067939758301e-01,5.255897641181945801e-01,5.194602608680725098e-01,5.248034596443176270e-01,5.163772702217102051e-01,5.147224664688110352e-01,5.090534687042236328e-01,5.090322494506835938e-01
5.355330109596252441e-01,5.096687674522399902e-01,5.270985364913940430e-01,5.222530364990234375e-01,5.150141119956970215e-01,5.231176018714904785e-01,5.193948149681091309e-01,5.069912075996398926e-01,5.125341415405273438e-01,5.143217444419860840e-01
5.350562930107116699e-01,5.085549950599670410e-01,5.194660425186157227e-01,5.283339023590087891e-01,5.170359611511230469e-01,5.187618136405944824e-01,5.143959522247314453e-01,5.074861049652099609e-01,5.091428756713867188e-01,5.140148997306823730e-01
5.329840183258056641e-01,5.054366588592529297e-01,5.247352719306945801e-01,5.226410031318664551e-01,5.118841528892517090e-01,5.216181874275207520e-01,5.126424431800842285e-01,5.076484084129333496e-01,5.083420872688293457e-01,5.117788314819335938e-01
5.335422158241271973e-01,5.058766007423400879e-01,5.124467015266418457e-01,5.193653106689453125e-01,5.118850469589233398e-01,5.173528194427490234e-01,5.147038102149963379e-01,5.058043003082275391e-01,5.052140951156616211e-01,5.094217061996459961e-01
5.356212854385375977e-01,5.027320981025695801e-01,5.220131278038024902e-01,5.209167003631591797e-01,5.129108428955078125e-01,5.197848081588745117e-01,5.103762745857238770e-01,5.081385374069213867e-01,5.031585097312927246e-01,5.077818632125854492e-01
5.279161334037780762e-01,5.032595992088317871e-01,5.165690183639526367e-01,5.139626264572143555e-01,5.082511305809020996e-01,5.127100348472595215e-01,5.097814798355102539e-01,5.055741667747497559e-01,5.034925341606140137e-01,5.068387985229492188e-01
5.267266631126403809e-01,4.960426688194274902e-01,5.146955847740173340e-01,5.194453597068786621e-01,5.107394456863403320e-01,5.090261697769165039e-01,5.081835985183715820e-01,5.029470324516296387e-01,5.060153007507324219e-01,5.063986778259277344e-01
5.262107253074645996e-01,5.019288659095764160e-01,5.131728053092956543e-01,5.132159590721130371e-01,5.131546854972839355e-01,5.110865831375122070e-01,5.057184100151062012e-01,5.008528232574462891e-01,4.965882003307342529e-01,5.081604719161987305e-01
5.282868742942810059e-01,4.910954833030700684e-01,5.148820281028747559e-01,5.118163824081420898e-01,5.053213238716125488e-01,5.072802901268005371e-01,5.017922520637512207e-01,4.982046484947204590e-01,4.954694807529449463e-01,5.011364221572875977e-01
5.331594944000244141e-01,4.850549101829528809e-01,5.106590986251831055e-01,5.090359449386596680e-01,5.077213644981384277e-01,5.118377208709716797e-01,5.027942657470703125e-01,5.025630593299865723e-01,4.963190853595733643e-01,5.010793805122375488e-01
5.279110074043273926e-01,4.825572073459625244e-01,5.145777463912963867e-01,5.121049284934997559e-01,5.050563812255859375e-01,5.041421055793762207e-01,4.975895881652832031e-01,4.990593791007995605e-01,4.906520545482635498e-01,5.084792375564575195e-01
5.276609659194946289e-01,4.850567877292633057e-01,5.121268630027770996e-01,5.072779059410095215e-01,5.064762234687805176e-01,5.076542496681213379e-01,4.963434338569641113e-01,4.969236254692077637e-01,4.922892451286315918e-01,4.993736147880554199e-01
5.256877541542053223e-01,4.847647249698638916e-01,5.118752717971801758e-01,5.109905004501342773e-01,5.027986168861389160e-01,4.964284598827362061e-01,4.996369481086730957e-01,4.960288107395172119e-01,4.968107342720031738e-01,5.019515156745910645e-01
5.265983343124389648e-01,4.824038743972778320e-01,5.141513347625732422e-01,5.067632198333740234e-01,5.020537972450256348e-01,4.976949095726013184e-01,4.935343861579895020e-01,4.969440996646881104e-01,4.942294359207153320e-01,5.002136826515197754e-01
5.245563983917236328e-01,4.871425628662109375e-01,5.032401084899902344e-01,5.090927481651306152e-01,4.994803965091705322e-01,4.997828006744384766e-01,4.978000521659851074e-01,4.963886737823486328e-01,4.929730296134948730e-01,5.035922527313232422e-01
5.232973694801330566e-01,4.809245765209197998e-01,5.055971145629882812e-01,5.016145110130310059e-01,4.957440495491027832e-01,4.945319890975952148e-01,4.920181035995483398e-01,4.937151670455932617e-01,4.954285621643066406e-01,4.964453876018524170e-01
5.273589491844177246e-01,4.757231771945953369e-01,5.084288120269775391e-01,5.039663910865783691e-01,4.981657266616821289e-01,4.954813122749328613e-01,4.914305806159973145e-01,4.906970262527465820e-01,4.932051301002502441e-01,4.986262023448944092e-01
5.260661840438842773e-01,4.819877743721008301e-01,5.055828690528869629e-01,4.991161227226257324e-01,4.946824014186859131e-01,4.880195260047912598e-01,4.923309683799743652e-01,4.910619854927062988e-01,4.903503060340881348e-01,4.867328703403472900e-01
5.225820541381835938e-01,4.738500416278839111e-01,5.074189901351928711e-01,5.046496987342834473e-01,4.918493628501892090e-01,4.995971322059631348e-01,4.889729321002960205e-01,4.899784028530120850e-01,4.933027029037475586e-01,4.947392940521240234e-01
5.218616127967834473e-01,4.747350215911865234e-01,5.084220767021179199e-01,5.008146762847900391e-01,4.899353086948394775e-01,4.916121065616607666e-01,4.860104322433471680e-01,4.895615279674530029e-01,4.844747781753540039e-01,4.941121637821197510e-01
5.264242887496948242e-01,4.745262861251831055e-01,5.060489773750305176e-01,5.015740394592285156e-01,4.922401309013366699e-01,4.897656142711639404e-01,4.823180735111236572e-01,4.867055416107177734e-01,4.863305687904357910e-01,4.916146695613861084e-01
5.253923535346984863e-01,4.725581705570220947e-01,5.031228661537170410e-01,4.931558370590209961e-01,4.882700145244598389e-01,4.972862899303436279e-01,4.880210757255554199e-01,4.935472011566162109e-01,4.897861182689666748e-01,4.925732910633087158e-01
5.200237631797790527e-01,4.703956544399261475e-01,5.030263066291809082e-01,4.977368116378784180e-01,4.984233081340789795e-01,4.824421703815460205e-01,4.812968969345092773e-01,4.854834973812103271e-01,4.842720329761505127e-01,4.846671223640441895e-01
5.212625861167907715e-01,4.712868630886077881e-01,4.927025139331817627e-01,4.933844804763793945e-01,4.836347997188568115e-01,4.919836819171905518e-01,4.850323796272277832e-01,4.882756769657135010e-01,4.820781648159027100e-01,4.909116327762603760e-01
5.201448798179626465e-01,4.705547690391540527e-01,5.006644725799560547e-01,4.913960695266723633e-01,4.888840019702911377e-01,4.857048690319061279e-01,4.827248454093933105e-01,4.867736995220184326e-01,4.816854000091552734e-01,4.952531158924102783e-01
5.193552970886230469e-01,4.653402268886566162e-01,4.976050257682800293e-01,4.969145655632019043e-01,4.839065372943878174e-01,4.828256070613861084e-01,4.835992753505706787e-01,4.877180457115173340e-01,4.823301732540130615e-01,4.902079105377197266e-01
5.198277831077575684e-01,4.614228010177612305e-01,4.983080923557281494e-01,4.951480925083160400e-01,4.803036749362945557e-01,4.779537618160247803e-01,4.820010066032409668e-01,4.846512675285339355e-01,4.837585985660552979e-01,4.899907708168029785e-01
5.212326645851135254e-01,4.617582261562347412e-01,4.976885616779327393e-01,4.905521273612976074e-01,4.802088737487792969e-01,4.790883064270019531e-01,4.722698330879211426e-01,4.770086407661437988e-01,4.788412451744079590e-01,4.866374731063842773e-01
5.146268010139465332e-01,4.536870419979095459e-01,4.942024648189544678e-01,4.826984405517578125e-01,4.865869581699371338e-01,4.816847145557403564e-01,4.720048308372497559e-01,4.839660823345184326e-01,4.758849740028381348e-01,4.893498122692108154e-01
5.215531587600708008e-01,4.648337066173553467e-01,4.973152875900268555e-01,4.863954782485961914e-01,4.798898398876190186e-01,4.780684709548950195e-01,4.720477461814880371e-01,4.780253171920776367e-01,4.772732853889465332e-01,4.898537397384643555e-01
5.197087526321411133e-01,4.565041661262512207e-01,4.941267073154449463e-01,4.849028587341308594e-01,4.737914204597473145e-01,4.739019870758056641e-01,4.746950864791870117e-01,4.793431460857391357e-01,4.769643843173980713e-01,4.822139739990234375e-01
5.203061103820800781e-01,4.536344408988952637e-01,4.946795403957366943e-01,4.814069271087646484e-01,4.766694307327270508e-01,4.769791066646575928e-01,4.592760503292083740e-01,4.745486676692962646e-01,4.799794256687164307e-01,4.842707216739654541e-01
5.158672332763671875e-01,4.504867494106292725e-01,4.977350831031799316e-01,4.824579954147338867e-01,4.816142618656158447e-01,4.818457365036010742e-01,4.632222056388854980e-01,4.795345962047576904e-01,4.790486395359039307e-01,4.944708943367004395e-01
5.168185234069824219e-01,4.514429569244384766e-01,4.900277554988861084e-01,4.826035797595977783e-01,4.747575819492340088e-01,4.721632897853851318e-01,4.691385328769683838e-01,4.784527420997619629e-01,4.781547486782073975e-01,4.811111092567443848e-01
5.194756388664245605e-01,4.531676769256591797e-01,4.918510913848876953e-01,4.811697304248809814e-01,4.724794626235961914e-01,4.754493236541748047e-01,4.632553458213806152e-01,4.767835736274719238e-01,4.747508764266967773e-01,4.813268780708312988e-01
5.161068439483642578e-01,4.458121359348297119e-01,4.972088932991027832e-01,4.802421629428863525e-01,4.732156097888946533e-01,4.716916680335998535e-01,4.517087340354919434e-01,4.817259013652801514e-01,4.663190543651580811e-01,4.822549223899841309e-01
5.122287869453430176e-01,4.402849376201629639e-01,4.977265298366546631e-01,4.793486595153808594e-01,4.796809554100036621e-01,4.740719497203826904e-01,4.618304073810577393e-01,4.737341403961181641e-01,4.706534147262573242e-01,4.740993678569793701e-01
5.111975669860839844e-01,4.545280635356903076e-01,4.926442205905914307e-01,4.905260205268859863e-01,4.706768095493316650e-01,4.741168320178985596e-01,4.611477255821228027e-01,4.778598546981811523e-01,4.730809032917022705e-01,4.841509163379669189e-01
5.182847380638122559e-01,4.498615860939025879e-01,4.862707853317260742e-01,4.793317615985870361e-01,4.628832638263702393e-01,4.765492975711822510e-01,4.641567468643188477e-01,4.775311052799224854e-01,4.743432700634002686e-01,4.818747937679290771e-01
5.100085139274597168e-01,4.497761130332946777e-01,4.889769554138183594e-01,4.790278971195220947e-01,4.696326553821563721e-01,4.692229628562927246e-01,4.536055922508239746e-01,4.722358286380767822e-01,4.744893908500671387e-01,4.830664992332458496e-01
5.130752921104431152e-01,4.596628248691558838e-01,4.906910657882690430e-01,4.720012247562408447e-01,4.668215513229370117e-01,4.707549214363098145e-01,4.524494707584381104e-01,4.684915840625762939e-01,4.721358418464660645e-01,4.761363863945007324e-01
5.110474228858947754e-01,4.530087113380432129e-01,4.896160364151000977e-01,4.760200977325439453e-01,4.729970395565032959e-01,4.706917107105255127e-01,4.589170515537261963e-01,4.735038876533508301e-01,4.691922068595886230e-01,4.776318669319152832e-01
5.132330656051635742e-01,4.423829913139343262e-01,4.896436035633087158e-01,4.768138527870178223e-01,4.730138480663299561e-01,4.693775177001953125e-01,4.546195566654205322e-01,4.727445244789123535e-01,4.688377082347869873e-01,4.793095290660858154e-01
5.128761529922485352e-01,4.402256906032562256e-01,4.832198619842529297e-01,4.761353433132171631e-01,4.681749343872070312e-01,4.743551313877105713e-01,4.493121504783630371e-01,4.715676903724670410e-01,4.676486849784851074e-01,4.747011661529541016e-01
5.087636709213256836e-01,4.481562674045562744e-01,4.832305312156677246e-01,4.723667204380035400e-01,4.742318689823150635e-01,4.707704186439514160e-01,4.537761807441711426e-01,4.724605083465576172e-01,4.678762853145599365e-01,4.780679643154144287e-01
5.070723891258239746e-01,4.354317486286163330e-01,4.839050769805908203e-01,4.787712097167968750e-01,4.662179946899414062e-01,4.687098264694213867e-01,4.470317363739013672e-01,4.693749547004699707e-01,4.677896797657012939e-01,4.760004580020904541e-01
5.083209276199340820e-01,4.384046792984008789e-01,4.931992888450622559e-01,4.747338294982910156e-01,4.675478935241699219e-01,4.658226072788238525e-01,4.474916756153106689e-01,4.725569486618041992e-01,4.725922644138336182e-01,4.731602668762207031e-01
5.063078403472900391e-01,4.408939778804779053e-01,4.826839566230773926e-01,4.715822339057922363e-01,4.656133353710174561e-01,4.626193940639495850e-01,4.417212605476379395e-01,4.681735634803771973e-01,4.666371643543243408e-01,4.715729951858520508e-01
5.100300908088684082e-01,4.420988261699676514e-01,4.850463867187500000e-01,4.813158810138702393e-01,4.639538526535034180e-01,4.582671523094177246e-01,4.500601291656494141e-01,4.779075384140014648e-01,4.697357118129730225e-01,4.809659421443939209e-01
5.131373405456542969e-01,4.413023293018341064e-01,4.783372282981872559e-01,4.782592952251434326e-01,4.675841629505157471e-01,4.616613686084747314e-01,4.462528228759765625e-01,4.661681950092315674e-01,4.674451351165771484e-01,4.720696508884429932e-01
5.109764337539672852e-01,4.393413066864013672e-01,4.836857914924621582e-01,4.642140567302703857e-01,4.658470153808593750e-01,4.537185430526733398e-01,4.425787627696990967e-01,4.681759476661682129e-01,4.628421366214752197e-01,4.711413979530334473e-01
5.076015591621398926e-01,4.400225579738616943e-01,4.782567024230957031e-01,4.745589196681976318e-01,4.683803021907806396e-01,4.583851695060729980e-01,4.426616430282592773e-01,4.698323607444763184e-01,4.613462984561920166e-01,4.693420231342315674e-01
5.099667906761169434e-01,4.264381229877471924e-01,4.819428026676177979e-01,4.734295308589935303e-01,4.644701182842254639e-01,4.607825279235839844e-01,4.531228840351104736e-01,4.787782132625579834e-01,4.585882127285003662e-01,4.747974276542663574e-01
5.083659887313842773e-01,4.317127764225006104e-01,4.822791218757629395e-01,4.803974032402038574e-01,4.698592424392700195e-01,4.496687650680541992e-01,4.418246150016784668e-01,4.618803262710571289e-01,4.573681354522705078e-01,4.714331328868865967e-01
5.117689967155456543e-01,4.305146336555480957e-01,4.867357909679412842e-01,4.689218699932098389e-01,4.708168208599090576e-01,4.568950235843658447e-01,4.384180903434753418e-01,4.616231620311737061e-01,4.667164981365203857e-01,4.772675037384033203e-01
5.044683814048767090e-01,4.241753816604614258e-01,4.794544577598571777e-01,4.686632752418518066e-01,4.597292244434356689e-01,4.521058201789855957e-01,4.307529926300048828e-01,4.631282687187194824e-01,4.599650800228118896e-01,4.672224819660186768e-01
5.083730816841125488e-01,4.366441667079925537e-01,4.852088689804077148e-01,4.705648422241210938e-01,4.627851843833923340e-01,4.482246041297912598e-01,4.353854358196258545e-01,4.559816420078277588e-01,4.653134644031524658e-01,4.687860310077667236e-01
5.035054087638854980e-01,4.320451319217681885e-01,4.841415286064147949e-01,4.727269709110260010e-01,4.651276469230651855e-01,4.572040140628814697e-01,4.411721527576446533e-01,4.626617133617401123e-01,4.594668745994567871e-01,4.719167053699493408e-01
5.122215151786804199e-01,4.388212859630584717e-01,4.754290282726287842e-01,4.734222590923309326e-01,4.593414068222045898e-01,4.487696588039398193e-01,4.370436966419219971e-01,4.609504640102386475e-01,4.574953019618988037e-01,4.713044166564941406e-01
5.075434446334838867e-01,4.373852908611297607e-01,4.735939204692840576e-01,4.656324684619903564e-01,4.646739959716796875e-01,4.465995132923126221e-01,4.238200783729553223e-01,4.604128897190093994e-01,4.566648602485656738e-01,4.629601240158081055e-01
5.047801733016967773e-01,4.313556849956512451e-01,4.768676757812500000e-01,4.678488075733184814e-01,4.560843706130981445e-01,4.486512839794158936e-01,4.308832585811614990e-01,4.580070376396179199e-01,4.577695429325103760e-01,4.672272503376007080e-01
5.074073672294616699e-01,4.317567348480224609e-01,4.778592288494110107e-01,4.596760869026184082e-01,4.592725336551666260e-01,4.410455524921417236e-01,4.252286553382873535e-01,4.551107585430145264e-01,4.562596380710601807e-01,4.653874337673187256e-01
5.037469863891601562e-01,4.337235093116760254e-01,4.718609452247619629e-01,4.731486737728118896e-01,4.601193368434906006e-01,4.467381238937377930e-01,4.275780022144317627e-01,4.587996304035186768e-01,4.535486996173858643e-01,4.760385453701019287e-01
5.078245997428894043e-01,4.192408621311187744e-01,4.770256876945495605e-01,4.701374173164367676e-01,4.582099914550781250e-01,4.456684291362762451e-01,4.332601130008697510e-01,4.562114477157592773e-01,4.601141810417175293e-01,4.613928496837615967e-01
5.112193226814270020e-01,4.245284795761108398e-01,4.760299026966094971e-01,4.626311957836151123e-01,4.584820568561553955e-01,4.434476494789123535e-01,4.332933127880096436e-01,4.519716203212738037e-01,4.554030299186706543e-01,4.648801982402801514e-01
5.010470151901245117e-01,4.247060120105743408e-01,4.753312170505523682e-01,4.724664092063903809e-01,4.555530548095703125e-01,4.517468214035034180e-01,4.291744828224182129e-01,4.614324569702148438e-01,4.536019563674926758e-01,4.581570625305175781e-01
5.091928243637084961e-01,4.241114258766174316e-01,4.757223129272460938e-01,4.665024876594543457e-01,4.580253958702087402e-01,4.437350630760192871e-01,4.286275207996368408e-01,4.508626163005828857e-01,4.549739956855773926e-01,4.640454053878784180e-01
5.006877183914184570e-01,4.228882491588592529e-01,4.774986207485198975e-01,4.667488932609558105e-01,4.568037092685699463e-01,4.420818090438842773e-01,4.307805597782135010e-01,4.477098584175109863e-01,4.508001506328582764e-01,4.621977806091308594e-01
5.021100044250488281e-01,4.228752255439758301e-01,4.688741564750671387e-01,4.562114179134368896e-01,4.438639879226684570e-01,4.436123967170715332e-01,4.245929121971130371e-01,4.572349488735198975e-01,4.381176233291625977e-01,4.630469381809234619e-01
5.017946958541870117e-01,4.198217689990997314e-01,4.658442437648773193e-01,4.626710712909698486e-01,4.605599343776702881e-01,4.356220662593841553e-01,4.205822646617889404e-01,4.576938152313232422e-01,4.468432664871215820e-01,4.693938791751861572e-01
5.043389797210693359e-01,4.292173683643341064e-01,4.669703245162963867e-01,4.678744375705718994e-01,4.611614048480987549e-01,4.400206208229064941e-01,4.202392101287841797e-01,4.425003230571746826e-01,4.440878629684448242e-01,4.580929279327392578e-01
5.056595802307128906e-01,4.265727996826171875e-01,4.684369862079620361e-01,4.707638323307037354e-01,4.599476456642150879e-01,4.435759186744689941e-01,4.179136455059051514e-01,4.558176398277282715e-01,4.394536018371582031e-01,4.630545973777770996e-01
5.039525032043457031e-01,4.209086894989013672e-01,4.686402082443237305e-01,4.559796154499053955e-01,4.512911736965179443e-01,4.389879703521728516e-01,4.198161661624908447e-01,4.485066831111907959e-01,4.371478855609893799e-01,4.619154334068298340e-01
4.953859448432922363e-01,4.226794242858886719e-01,4.688673019409179688e-01,4.557663798332214355e-01,4.491860866546630859e-01,4.374115467071533203e-01,4.257627129554748535e-01,4.509018659591674805e-01,4.405636787414550781e-01,4.578086137771606445e-01
5.133259296417236328e-01,4.238654077053070068e-01,4.659031033515930176e-01,4.606868624687194824e-01,4.484861493110656738e-01,4.392425119876861572e-01,4.228411912918090820e-01,4.477126896381378174e-01,4.425482153892517090e-01,4.532493650913238525e-01
4.991502463817596436e-01,4.227851927280426025e-01,4.721165001392364502e-01,4.684485793113708496e-01,4.522227942943572998e-01,4.394724071025848389e-01,4.273172914981842041e-01,4.508629441261291504e-01,4.412495791912078857e-01,4.550113976001739502e-01
5.018335580825805664e-01,4.147191941738128662e-01,4.770898222923278809e-01,4.606254696846008301e-01,4.510003030300140381e-01,4.360640645027160645e-01,4.220332205295562744e-01,4.479221701622009277e-01,4.450007379055023193e-01,4.539505541324615479e-01
5.069319009780883789e-01,4.183621704578399658e-01,4.682258069515228271e-01,4.488998353481292725e-01,4.503470361232757568e-01,4.323208332061767578e-01,4.186925888061523438e-01,4.436878859996795654e-01,4.264199137687683105e-01,4.599445462226867676e-01
4.989154636859893799e-01,4.179812967777252197e-01,4.671900272369384766e-01,4.623880088329315186e-01,4.564268290996551514e-01,4.356065094470977783e-01,4.240207970142364502e-01,4.478377401828765869e-01,4.269936382770538330e-01,4.560834169387817383e-01
5.010677576065063477e-01,4.112827181816101074e-01,4.723189473152160645e-01,4.534874558448791504e-01,4.502000808715820312e-01,4.336049258708953857e-01,4.173201918601989746e-01,4.461301565170288086e-01,4.298582077026367188e-01,4.627004563808441162e-01
5.008429884910583496e-01,4.149583876132965088e-01,4.630981683731079102e-01,4.618554413318634033e-01,4.350799322128295898e-01,4.383454620838165283e-01,4.179431200027465820e-01,4.383998215198516846e-01,4.415752887725830078e-01,4.588773250579833984e-01
5.051957368850708008e-01,4.067197144031524658e-01,4.728344678878784180e-01,4.595114290714263916e-01,4.548079073429107666e-01,4.377005398273468018e-01,4.098811745643615723e-01,4.395444393157958984e-01,4.259424805641174316e-01,4.577033221721649170e-01
5.010755062103271484e-01,4.142006337642669678e-01,4.645963013172149658e-01,4.613492190837860107e-01,4.421378970146179199e-01,4.282955527305603027e-01,4.205676913261413574e-01,4.444608688354492188e-01,4.311923086643218994e-01,4.517709314823150635e-01
5.025308132171630859e-01,4.038636982440948486e-01,4.640123844146728516e-01,4.483183920383453369e-01,4.447619020938873291e-01,4.379596114158630371e-01,4.232768118381500244e-01,4.453063905239105225e-01,4.266366958618164062e-01,4.477724432945251465e-01
5.054352283477783203e-01,4.050045609474182129e-01,4.626758098602294922e-01,4.512558877468109131e-01,4.498460292816162109e-01,4.390762448310852051e-01,4.137586653232574463e-01,4.407450854778289795e-01,4.279827773571014404e-01,4.602206051349639893e-01
5.002582073211669922e-01,4.108690023422241211e-01,4.703948795795440674e-01,4.573832750320434570e-01,4.457415044307708740e-01,4.279049038887023926e-01,4.063017666339874268e-01,4.369841217994689941e-01,4.304488599300384521e-01,4.470046758651733398e-01
4.975696802139282227e-01,4.090146124362945557e-01,4.731573760509490967e-01,4.582220315933227539e-01,4.537786841392517090e-01,4.224341809749603271e-01,4.193739891052246094e-01,4.450691640377044678e-01,4.266349971294403076e-01,4.554990530014038086e-01
5.059035420417785645e-01,4.111963510513305664e-01,4.629836082458496094e-01,4.648307561874389648e-01,4.426026642322540283e-01,4.259749948978424072e-01,4.142377376556396484e-01,4.387341141700744629e-01,4.274825155735015869e-01,4.535858929157257080e-01
5.058874487876892090e-01,4.061805307865142822e-01,4.576416611671447754e-01,4.547244012355804443e-01,4.511734843254089355e-01,4.356241822242736816e-01,4.127635955810546875e-01,4.370103180408477783e-01,4.275304973125457764e-01,4.555552303791046143e-01
5.004593729972839355e-01,4.064179360866546631e-01,4.647364020347595215e-01,4.533760845661163330e-01,4.342696070671081543e-01,4.202423095703125000e-01,4.072729945182800293e-01,4.455109238624572754e-01,4.243614673614501953e-01,4.466195106506347656e-01
5.056333541870117188e-01,4.089377820491790771e-01,4.638374447822570801e-01,4.474554955959320068e-01,4.392172694206237793e-01,4.186633527278900146e-01,4.099209904670715332e-01,4.391020536422729492e-01,4.232377409934997559e-01,4.412427246570587158e-01
4.955272376537322998e-01,4.000442922115325928e-01,4.581725597381591797e-01,4.567606151103973389e-01,4.337076842784881592e-01,4.213026165962219238e-01,4.236696958541870117e-01,4.311654865741729736e-01,4.216442108154296875e-01,4.593622982501983643e-01
5.030729174613952637e-01,3.912450671195983887e-01,4.725729227066040039e-01,4.495741128921508789e-01,4.386532008647918701e-01,4.196773469448089600e-01,4.095650017261505127e-01,4.383538663387298584e-01,4.188286960124969482e-01,4.442950189113616943e-01
5.000842213630676270e-01,4.078963994979858398e-01,4.620326757431030273e-01,4.535032212734222412e-01,4.481067657470703125e-01,4.232327640056610107e-01,4.079597294330596924e-01,4.307854175567626953e-01,4.316335320472717285e-01,4.399878382682800293e-01
5.006409287452697754e-01,4.034689664840698242e-01,4.647976458072662354e-01,4.400147199630737305e-01,4.368411898612976074e-01,4.186161756515502930e-01,4.113326370716094971e-01,4.346667230129241943e-01,4.289325475692749023e-01,4.554443359375000000e-01
5.042618513107299805e-01,4.001679420471191406e-01,4.590139687061309814e-01,4.493641257286071777e-01,4.430717527866363525e-01,4.254726767539978027e-01,4.180132150650024414e-01,4.356997907161712646e-01,4.250488579273223877e-01,4.507839083671569824e-01
4.960058927536010742e-01,4.048529267311096191e-01,4.501627087593078613e-01,4.419786334037780762e-01,4.377036392688751221e-01,4.184716045856475830e-01,4.068744182586669922e-01,4.278314411640167236e-01,4.234061241149902344e-01,4.493377208709716797e-01
4.998740851879119873e-01,4.097024202346801758e-01,4.631666839122772217e-01,4.507323503494262695e-01,4.391024410724639893e-01,4.289301037788391113e-01,4.049211442470550537e-01,4.282662570476531982e-01,4.278173744678497314e-01,4.534099698066711426e-01
4.925989508628845215e-01,4.048966765403747559e-01,4.570909142494201660e-01,4.412313401699066162e-01,4.364820718765258789e-01,4.218679666519165039e-01,4.109714329242706299e-01,4.271705150604248047e-01,4.207042455673217773e-01,4.503903388977050781e-01
4.986679553985595703e-01,4.093942940235137939e-01,4.608437418937683105e-01,4.427245259284973145e-01,4.397897124290466309e-01,4.249413609504699707e-01,4.011899232864379883e-01,4.375729560852050781e-01,4.220199286937713623e-01,4.453930556774139404e-01
4.967188239097595215e-01,4.017483294010162354e-01,4.592750072479248047e-01,4.509921371936798096e-01,4.344643950462341309e-01,4.264330565929412842e-01,4.066677689552307129e-01,4.333310127258300781e-01,4.158938229084014893e-01,4.469903409481048584e-01
4.961679577827453613e-01,4.026876091957092285e-01,4.580241441726684570e-01,4.415123760700225830e-01,4.385890662670135498e-01,4.209153354167938232e-01,4.077264070510864258e-01,4.311020076274871826e-01,4.305485188961029053e-01,4.403906464576721191e-01
5.015523433685302734e-01,3.978429436683654785e-01,4.600491523742675781e-01,4.476089775562286377e-01,4.287242889404296875e-01,4.183213114738464355e-01,4.013446271419525146e-01,4.328528344631195068e-01,4.133431017398834229e-01,4.366026222705841064e-01
5.063033103942871094e-01,3.940348029136657715e-01,4.565560221672058105e-01,4.507321715354919434e-01,4.318852722644805908e-01,4.249397516250610352e-01,4.050976634025573730e-01,4.295704066753387451e-01,4.130902886390686035e-01,4.467593431472778320e-01
5.022560954093933105e-01,3.947334587574005127e-01,4.462515711784362793e-01,4.528242945671081543e-01,4.399089515209197998e-01,4.181399643421173096e-01,4.174994230270385742e-01,4.366562962532043457e-01,4.073537290096282959e-01,4.355219900608062744e-01
4.964846670627593994e-01,3.966533541679382324e-01,4.594007432460784912e-01,4.501627385616302490e-01,4.363830983638763428e-01,4.282912611961364746e-01,4.075556397438049316e-01,4.301947355270385742e-01,4.169205427169799805e-01,4.369898438453674316e-01
4.955855607986450195e-01,3.985211253166198730e-01,4.518005251884460449e-01,4.455892741680145264e-01,4.342914819717407227e-01,4.308297634124755859e-01,4.018424749374389648e-01,4.249859750270843506e-01,4.190602302551269531e-01,4.332450628280639648e-01
4.956220388412475586e-01,3.929852843284606934e-01,4.524891674518585205e-01,4.441694915294647217e-01,4.381386935710906982e-01,4.186485111713409424e-01,4.051676988601684570e-01,4.285288453102111816e-01,4.166313707828521729e-01,4.444146752357482910e-01
4.901719987392425537e-01,3.948582410812377930e-01,4.524272978305816650e-01,4.442221522331237793e-01,4.340429604053497314e-01,4.279718995094299316e-01,4.166354238986968994e-01,4.281220436096191406e-01,4.053174257278442383e-01,4.479674994945526123e-01
4.894194006919860840e-01,4.003676176071166992e-01,4.506452083587646484e-01,4.398031532764434814e-01,4.273690581321716309e-01,4.251945316791534424e-01,3.976649045944213867e-01,4.320546090602874756e-01,4.161833226680755615e-01,4.345137178897857666e-01
4.933031201362609863e-01,3.970191180706024170e-01,4.585327804088592529e-01,4.302185773849487305e-01,4.322860538959503174e-01,4.252843558788299561e-01,4.073205888271331787e-01,4.318585991859436035e-01,4.079271852970123291e-01,4.447185397148132324e-01
4.872277379035949707e-01,3.913337886333465576e-01,4.480393230915069580e-01,4.424632489681243896e-01,4.311618208885192871e-01,4.124399721622467041e-01,3.982105255126953125e-01,4.181378483772277832e-01,4.154084920883178711e-01,4.297612607479095459e-01
4.971886277198791504e-01,3.953751921653747559e-01,4.531612098217010498e-01,4.341701567173004150e-01,4.338697791099548340e-01,4.178350567817687988e-01,3.898520171642303467e-01,4.269006550312042236e-01,4.122534990310668945e-01,4.406232237815856934e-01
4.911943376064300537e-01,3.930079340934753418e-01,4.616701900959014893e-01,4.455275535583496094e-01,4.335524737834930420e-01,4.190204441547393799e-01,3.953312039375305176e-01,4.340412914752960205e-01,4.064835309982299805e-01,4.380085766315460205e-01
4.976344406604766846e-01,3.986697494983673096e-01,4.486393034458160400e-01,4.320992529392242432e-01,4.265586137771606445e-01,4.222489595413208008e-01,4.025298357009887695e-01,4.217379391193389893e-01,4.126121401786804199e-01,4.348215162754058838e-01
4.927150309085845947e-01,3.855832219123840332e-01,4.505733251571655273e-01,4.422870576381683350e-01,4.293465614318847656e-01,4.142001569271087646e-01,3.985899984836578369e-01,4.266066551208496094e-01,4.147571921348571777e-01,4.345790445804595947e-01
4.939503073692321777e-01,3.933220505714416504e-01,4.535477161407470703e-01,4.332821071147918701e-01,4.344532787799835205e-01,4.123668372631072998e-01,3.970152139663696289e-01,4.231019616127014160e-01,4.089096188545227051e-01,4.291245341300964355e-01
4.957351088523864746e-01,3.841248154640197754e-01,4.521332085132598877e-01,4.362299442291259766e-01,4.311527907848358154e-01,4.212781786918640137e-01,4.039688706398010254e-01,4.258081614971160889e-01,4.149779975414276123e-01,4.303518533706665039e-01
5.039674043655395508e-01,3.893757760524749756e-01,4.497148394584655762e-01,4.353185594081878662e-01,4.343049228191375732e-01,4.113653004169464111e-01,3.974482417106628418e-01,4.277501404285430908e-01,4.012829959392547607e-01,4.400891065597534180e-01
4.912819862365722656e-01,3.857028782367706299e-01,4.532818198204040527e-01,4.353224039077758789e-01,4.295894205570220947e-01,4.067060947418212891e-01,4.019693136215209961e-01,4.227418005466461182e-01,4.128657579421997070e-01,4.385716617107391357e-01
4.927066564559936523e-01,3.856913149356842041e-01,4.570129215717315674e-01,4.381781220436096191e-01,4.282583892345428467e-01,4.206573367118835449e-01,4.008108079433441162e-01,4.090401530265808105e-01,4.092426002025604248e-01,4.307753145694732666e-01
4.932160377502441406e-01,3.828942775726318359e-01,4.504553973674774170e-01,4.342776536941528320e-01,4.303106963634490967e-01,4.268511831760406494e-01,3.936369121074676514e-01,4.286138415336608887e-01,4.108032584190368652e-01,4.256373345851898193e-01
4.936863780021667480e-01,3.828209638595581055e-01,4.498472809791564941e-01,4.314307868480682373e-01,4.298684000968933105e-01,4.152751863002777100e-01,3.833651244640350342e-01,4.277321100234985352e-01,4.068625271320343018e-01,4.285939931869506836e-01
4.929755926132202148e-01,3.941358327865600586e-01,4.530110359191894531e-01,4.401974380016326904e-01,4.283931255340576172e-01,4.028864800930023193e-01,3.997764289379119873e-01,4.273683726787567139e-01,3.979560732841491699e-01,4.291563332080841064e-01
4.898625612258911133e-01,3.829860389232635498e-01,4.587474465370178223e-01,4.361650943756103516e-01,4.225582182407379150e-01,4.096100032329559326e-01,3.918972611427307129e-01,4.202341437339782715e-01,4.023615419864654541e-01,4.316823184490203857e-01
4.869212210178375244e-01,3.835029602050781250e-01,4.463042914867401123e-01,4.334791004657745361e-01,4.168502986431121826e-01,4.163907170295715332e-01,3.918262124061584473e-01,4.202652573585510254e-01,4.072903990745544434e-01,4.317565560340881348e-01
4.909908473491668701e-01,3.879988193511962891e-01,4.483003020286560059e-01,4.226090013980865479e-01,4.238450825214385986e-01,4.198113679885864258e-01,3.908628821372985840e-01,4.288921058177947998e-01,4.122071564197540283e-01,4.321830272674560547e-01
4.890592992305755615e-01,3.767665922641754150e-01,4.546836614608764648e-01,4.335395693778991699e-01,4.216069579124450684e-01,4.090453386306762695e-01,3.868162333965301514e-01,4.201331436634063721e-01,4.066748321056365967e-01,4.313041269779205322e-01
4.934342205524444580e-01,3.771646618843078613e-01,4.548856317996978760e-01,4.283780455589294434e-01,4.267435967922210693e-01,4.050805866718292236e-01,3.870994746685028076e-01,4.263879060745239258e-01,4.065744578838348389e-01,4.230583906173706055e-01
4.907212853431701660e-01,3.817394077777862549e-01,4.482481181621551514e-01,4.310691952705383301e-01,4.268077909946441650e-01,4.092883467674255371e-01,4.015657901763916016e-01,4.225590527057647705e-01,3.948512077331542969e-01,4.345538914203643799e-01
4.879790246486663818e-01,3.842894732952117920e-01,4.500951170921325684e-01,4.218779504299163818e-01,4.248465299606323242e-01,4.087827205657958984e-01,3.902208209037780762e-01,4.199945330619812012e-01,3.889893591403961182e-01,4.252640008926391602e-01
4.853075146675109863e-01,3.843149244785308838e-01,4.565021991729736328e-01,4.353072345256805420e-01,4.217113256454467773e-01,4.180303812026977539e-01,3.828152418136596680e-01,4.208683669567108154e-01,3.958191275596618652e-01,4.322959780693054199e-01
4.963506460189819336e-01,3.785773515701293945e-01,4.558771848678588867e-01,4.300531744956970215e-01,4.194097220897674561e-01,4.092134833335876465e-01,3.987186253070831299e-01,4.187816977500915527e-01,3.914698660373687744e-01,4.390962719917297363e-01
4.893194735050201416e-01,3.685303926467895508e-01,4.526849389076232910e-01,4.279158115386962891e-01,4.285312891006469727e-01,4.029147028923034668e-01,3.892849981784820557e-01,4.243925511837005615e-01,4.126180410385131836e-01,4.262351393699645996e-01
4.861570596694946289e-01,3.669528365135192871e-01,4.406646788120269775e-01,4.322301149368286133e-01,4.118658900260925293e-01,4.172542989253997803e-01,3.984308838844299316e-01,4.190757572650909424e-01,3.964433670043945312e-01,4.275305569171905518e-01
4.962170720100402832e-01,3.787370622158050537e-01,4.472064673900604248e-01,4.222379028797149658e-01,4.387482106685638428e-01,4.050882756710052490e-01,4.011003077030181885e-01,4.247775673866271973e-01,3.953613340854644775e-01,4.211585521697998047e-01
4.883838295936584473e-01,3.885513842105865479e-01,4.452079534530639648e-01,4.281273186206817627e-01,4.186934232711791992e-01,4.082003235816955566e-01,3.888278901576995850e-01,4.248690307140350342e-01,4.010621309280395508e-01,4.361299276351928711e-01
4.861627221107482910e-01,3.893395960330963135e-01,4.499624073505401611e-01,4.279074966907501221e-01,4.159474670886993408e-01,4.135935604572296143e-01,3.909853696823120117e-01,4.227407276630401611e-01,3.998453617095947266e-01,4.219629466533660889e-01
4.891694784164428711e-01,3.732702136039733887e-01,4.499308168888092041e-01,4.142000079154968262e-01,4.202019572257995605e-01,4.107868373394012451e-01,3.955537080764770508e-01,4.171341359615325928e-01,4.021597504615783691e-01,4.292622506618499756e-01
4.964690804481506348e-01,3.774548768997192383e-01,4.536831080913543701e-01,4.275141060352325439e-01,4.222235679626464844e-01,3.985727727413177490e-01,3.990645110607147217e-01,4.193654656410217285e-01,3.912650048732757568e-01,4.270536899566650391e-01
4.833430349826812744e-01,3.789597451686859131e-01,4.514564871788024902e-01,4.300372898578643799e-01,4.205450415611267090e-01,4.115990400314331055e-01,3.928766846656799316e-01,4.064568281173706055e-01,3.944512605667114258e-01,4.267624020576477051e-01
4.918246269226074219e-01,3.680733740329742432e-01,4.447325468063354492e-01,4.236324131488800049e-01,4.104291200637817383e-01,4.134204983711242676e-01,3.883882761001586914e-01,4.177593290805816650e-01,3.957966566085815430e-01,4.305172562599182129e-01
4.916272163391113281e-01,3.613014519214630127e-01,4.447630643844604492e-01,4.326516985893249512e-01,4.131855070590972900e-01,4.034080505371093750e-01,4.015995562076568604e-01,4.129503667354583740e-01,4.029293656349182129e-01,4.262614250183105469e-01
4.838899970054626465e-01,3.700924813747406006e-01,4.572118520736694336e-01,4.233282208442687988e-01,4.185166954994201660e-01,4.064463973045349121e-01,3.956280052661895752e-01,4.176026284694671631e-01,3.967587947845458984e-01,4.333722889423370361e-01
4.842142462730407715e-01,3.678015768527984619e-01,4.528641998767852783e-01,4.247324466705322266e-01,4.283230900764465332e-01,4.127745330333709717e-01,4.001264274120330811e-01,4.137973785400390625e-01,3.970029950141906738e-01,4.217918217182159424e-01
4.836261272430419922e-01,3.714520335197448730e-01,4.414666593074798584e-01,4.208446741104125977e-01,4.148161411285400391e-01,4.065160751342773438e-01,3.943262398242950439e-01,4.222971796989440918e-01,3.996268212795257568e-01,4.158067107200622559e-01
4.916220307350158691e-01,3.687773346900939941e-01,4.466346800327301025e-01,4.285126924514770508e-01,4.178408980369567871e-01,4.041255414485931396e-01,3.924068808555603027e-01,4.231579303741455078e-01,3.985027968883514404e-01,4.225963652133941650e-01
4.890019893646240234e-01,3.595618903636932373e-01,4.509543180465698242e-01,4.208127558231353760e-01,4.111165404319763184e-01,4.017167985439300537e-01,3.893367052078247070e-01,4.110554456710815430e-01,4.027731418609619141e-01,4.183318316936492920e-01
4.858854711055755615e-01,3.704833388328552246e-01,4.449581205844879150e-01,4.210414290428161621e-01,4.073210656642913818e-01,4.081971943378448486e-01,3.861360251903533936e-01,4.207894206047058105e-01,3.951522111892700195e-01,4.109770655632019043e-01
4.812213778495788574e-01,3.666823804378509521e-01,4.494517147541046143e-01,4.259227514266967773e-01,4.140970408916473389e-01,4.000274538993835449e-01,3.906679451465606689e-01,4.199020862579345703e-01,3.979743123054504395e-01,4.171256422996520996e-01
4.874458909034729004e-01,3.729834556579589844e-01,4.460660219192504883e-01,4.280461072921752930e-01,4.189713597297668457e-01,4.003627002239227295e-01,3.944552242755889893e-01,4.087764620780944824e-01,3.915762007236480713e-01,4.188753664493560791e-01
4.854003190994262695e-01,3.595462441444396973e-01,4.426085054874420166e-01,4.174832105636596680e-01,4.042793810367584229e-01,3.920596241950988770e-01,3.891887366771697998e-01,4.100513756275177002e-01,3.925646841526031494e-01,4.155247211456298828e-01
4.854566752910614014e-01,3.673943877220153809e-01,4.481119811534881592e-01,4.132186472415924072e-01,4.116543233394622803e-01,4.056704342365264893e-01,3.839300572872161865e-01,4.214572608470916748e-01,3.946912586688995361e-01,4.190509915351867676e-01
4.808742702007293701e-01,3.632227480411529541e-01,4.398005008697509766e-01,4.145627617835998535e-01,4.110852479934692383e-01,3.984191119670867920e-01,3.942589163780212402e-01,4.059161543846130371e-01,3.937691152095794678e-01,4.104591608047485352e-01
4.831188917160034180e-01,3.710838556289672852e-01,4.497072994709014893e-01,4.274264872074127197e-01,4.163278639316558838e-01,4.001928865909576416e-01,3.953864872455596924e-01,4.155476987361907959e-01,4.046947360038757324e-01,4.168982207775115967e-01
4.772118031978607178e-01,3.670592308044433594e-01,4.491221308708190918e-01,4.163701832294464111e-01,4.111274480819702148e-01,3.967579007148742676e-01,3.995334506034851074e-01,4.130104780197143555e-01,3.973895311355590820e-01,4.125673472881317139e-01
4.819222390651702881e-01,3.562980890274047852e-01,4.430008232593536377e-01,4.224909245967864990e-01,4.059762954711914062e-01,4.154985547065734863e-01,3.868860900402069092e-01,4.241203665733337402e-01,3.809916079044342041e-01,4.129171669483184814e-01
4.807220697402954102e-01,3.574497401714324951e-01,4.521628916263580322e-01,4.196000397205352783e-01,4.025643765926361084e-01,4.086374938488006592e-01,3.956531286239624023e-01,4.094239473342895508e-01,3.982803821563720703e-01,4.157087802886962891e-01
4.831548929214477539e-01,3.691097199916839600e-01,4.415433406829833984e-01,4.100830256938934326e-01,4.148190617561340332e-01,4.035508036613464355e-01,3.921547532081604004e-01,4.078470468521118164e-01,3.917431235313415527e-01,4.186028540134429932e-01
4.831449985504150391e-01,3.683003485202789307e-01,4.433896243572235107e-01,4.229743182659149170e-01,4.112890660762786865e-01,4.044158458709716797e-01,3.925298750400543213e-01,4.103435277938842773e-01,3.935639560222625732e-01,4.166487157344818115e-01
4.851419031620025635e-01,3.638007938861846924e-01,4.483856260776519775e-01,4.226603209972381592e-01,4.031804203987121582e-01,4.043062925338745117e-01,3.867851197719573975e-01,4.145892858505249023e-01,3.963299989700317383e-01,4.151699542999267578e-01
4.818005263805389404e-01,3.621577620506286621e-01,4.371769428253173828e-01,4.210116267204284668e-01,4.123845398426055908e-01,4.004663228988647461e-01,3.825371861457824707e-01,4.232876598834991455e-01,3.801402747631072998e-01,4.117514491081237793e-01
4.881748557090759277e-01,3.595056831836700439e-01,4.369907975196838379e-01,4.177418053150177002e-01,3.979224562644958496e-01,4.039757847785949707e-01,3.885795474052429199e-01,4.192155599594116211e-01,3.931941688060760498e-01,4.168446362018585205e-01
4.764267802238464355e-01,3.635382354259490967e-01,4.520352184772491455e-01,4.181101322174072266e-01,4.111398756504058838e-01,3.953832685947418213e-01,3.848826289176940918e-01,4.089944064617156982e-01,3.837641179561614990e-01,4.098328948020935059e-01
4.762835800647735596e-01,3.557262718677520752e-01,4.404385089874267578e-01,4.259445965290069580e-01,4.158625304698944092e-01,4.175260663032531738e-01,3.875364661216735840e-01,4.021950066089630127e-01,3.871907293796539307e-01,4.207995235919952393e-01
4.856694340705871582e-01,3.657592236995697021e-01,4.410323500633239746e-01,4.181347787380218506e-01,4.039205312728881836e-01,4.117157161235809326e-01,3.888274133205413818e-01,4.008443653583526611e-01,3.874157667160034180e-01,4.128356277942657471e-01
4.846253097057342529e-01,3.657287657260894775e-01,4.525479376316070557e-01,4.175279736518859863e-01,4.075389206409454346e-01,4.101262688636779785e-01,3.829320371150970459e-01,3.986220359802246094e-01,3.958327472209930420e-01,4.065504968166351318e-01
4.768117964267730713e-01,3.661322593688964844e-01,4.396573305130004883e-01,4.170937538146972656e-01,3.999491631984710693e-01,4.133486151695251465e-01,3.863921463489532471e-01,4.081999659538269043e-01,3.888736665248870850e-01,4.069633781909942627e-01
