6.912597417831420898e-01,6.902601122856140137e-01,6.905173659324645996e-01,6.911706924438476562e-01,6.896948218345642090e-01,6.909729242324829102e-01,6.900597810745239258e-01,6.908178329467773438e-01,6.920991539955139160e-01,6.930223703384399414e-01
6.815947890281677246e-01,6.826949119567871094e-01,6.802386045455932617e-01,6.866149902343750000e-01,6.835374236106872559e-01,6.810743212699890137e-01,6.768794059753417969e-01,6.851497292518615723e-01,6.783709526062011719e-01,6.869588494300842285e-01
6.635183095932006836e-01,6.678792238235473633e-01,6.587667465209960938e-01,6.761291623115539551e-01,6.668176651000976562e-01,6.615962982177734375e-01,6.485352516174316406e-01,6.617931127548217773e-01,6.477785110473632812e-01,6.646965146064758301e-01
6.247957348823547363e-01,6.293660402297973633e-01,6.175912022590637207e-01,6.513704657554626465e-01,6.324011087417602539e-01,6.217509508132934570e-01,6.059867739677429199e-01,6.228544712066650391e-01,5.998319387435913086e-01,6.273797750473022461e-01
5.756745338439941406e-01,5.706478357315063477e-01,5.679830312728881836e-01,6.159611344337463379e-01,5.932958722114562988e-01,5.692704319953918457e-01,5.497325658798217773e-01,5.752103328704833984e-01,5.411025881767272949e-01,5.763937830924987793e-01
5.183414816856384277e-01,5.155059695243835449e-01,5.129721760749816895e-01,5.721194148063659668e-01,5.456229448318481445e-01,5.181504487991333008e-01,4.947935342788696289e-01,5.260045528411865234e-01,4.811368584632873535e-01,5.237998962402343750e-01
4.678352773189544678e-01,4.587872624397277832e-01,4.541917741298675537e-01,5.174371600151062012e-01,4.933104515075683594e-01,4.658732116222381592e-01,4.398662149906158447e-01,4.749025106430053711e-01,4.264374673366546631e-01,4.788629114627838135e-01
4.112483859062194824e-01,4.089586138725280762e-01,4.038588404655456543e-01,4.694454967975616455e-01,4.458041489124298096e-01,4.197319746017456055e-01,3.867598474025726318e-01,4.232085049152374268e-01,3.840008974075317383e-01,4.296221733093261719e-01
3.833556175231933594e-01,3.673239052295684814e-01,3.571244478225708008e-01,4.214044213294982910e-01,4.049326479434967041e-01,3.787184953689575195e-01,3.432347774505615234e-01,3.720833063125610352e-01,3.467757701873779297e-01,3.985771238803863525e-01
3.458376824855804443e-01,3.312740623950958252e-01,3.168530166149139404e-01,3.842058479785919189e-01,3.658691644668579102e-01,3.387356698513031006e-01,3.121552169322967529e-01,3.354194164276123047e-01,3.051346242427825928e-01,3.612285852432250977e-01
3.179485499858856201e-01,3.032701313495635986e-01,2.900005578994750977e-01,3.482154309749603271e-01,3.250312805175781250e-01,3.079591095447540283e-01,2.871508896350860596e-01,3.061351776123046875e-01,2.802249193191528320e-01,3.251819312572479248e-01
2.980169057846069336e-01,2.700987458229064941e-01,2.543220520019531250e-01,3.166682720184326172e-01,2.938086986541748047e-01,2.715162336826324463e-01,2.541293799877166748e-01,2.705715596675872803e-01,2.616595625877380371e-01,3.079368770122528076e-01
2.735825479030609131e-01,2.584387063980102539e-01,2.294377088546752930e-01,2.880587875843048096e-01,2.639245092868804932e-01,2.522088587284088135e-01,2.424555867910385132e-01,2.503454983234405518e-01,2.398537397384643555e-01,2.874652445316314697e-01
2.572292089462280273e-01,2.311276495456695557e-01,2.142961621284484863e-01,2.610189914703369141e-01,2.438478916883468628e-01,2.335357069969177246e-01,2.446860373020172119e-01,2.304700464010238647e-01,2.255107611417770386e-01,2.605580985546112061e-01
2.438901662826538086e-01,2.125175744295120239e-01,1.979812681674957275e-01,2.497896105051040649e-01,2.208008170127868652e-01,2.148180902004241943e-01,2.240189760923385620e-01,2.095626890659332275e-01,1.976820081472396851e-01,2.448540627956390381e-01
2.407988160848617554e-01,1.959453225135803223e-01,1.779558658599853516e-01,2.371660917997360229e-01,2.013058960437774658e-01,2.036355882883071899e-01,2.050745338201522827e-01,1.855763792991638184e-01,1.765402555465698242e-01,2.295247912406921387e-01
2.189444750547409058e-01,1.929622888565063477e-01,1.755213886499404907e-01,2.182271182537078857e-01,1.835039108991622925e-01,1.921106725931167603e-01,1.961365938186645508e-01,1.843979358673095703e-01,1.695467978715896606e-01,2.207570970058441162e-01
1.964690834283828735e-01,1.798502653837203979e-01,1.676583588123321533e-01,2.101080417633056641e-01,1.774880141019821167e-01,1.785580366849899292e-01,1.938428133726119995e-01,1.694814413785934448e-01,1.727847605943679810e-01,2.064347118139266968e-01
1.935458183288574219e-01,1.536829918622970581e-01,1.563759297132492065e-01,1.973127126693725586e-01,1.675585955381393433e-01,1.694472432136535645e-01,1.783470958471298218e-01,1.574123054742813110e-01,1.562692821025848389e-01,1.958817541599273682e-01
2.070509046316146851e-01,1.620911806821823120e-01,1.749483495950698853e-01,1.724146455526351929e-01,1.531713306903839111e-01,1.554848700761795044e-01,1.568001359701156616e-01,1.574853360652923584e-01,1.521796882152557373e-01,1.833627223968505859e-01
1.910950094461441040e-01,1.473814249038696289e-01,1.711201369762420654e-01,1.801861226558685303e-01,1.358232349157333374e-01,1.463118493556976318e-01,1.502176076173782349e-01,1.464862674474716187e-01,1.363670080900192261e-01,1.764104068279266357e-01
1.709388196468353271e-01,1.594597250223159790e-01,1.427159905433654785e-01,1.814642548561096191e-01,1.407354474067687988e-01,1.470032930374145508e-01,1.549882739782333374e-01,1.376048624515533447e-01,1.335008740425109863e-01,1.615395396947860718e-01
1.682684272527694702e-01,1.490008980035781860e-01,1.190452575683593750e-01,1.646927744150161743e-01,1.262411028146743774e-01,1.422982960939407349e-01,1.642823666334152222e-01,1.269460469484329224e-01,1.165803000330924988e-01,1.550066322088241577e-01
1.617042273283004761e-01,1.266988366842269897e-01,1.233112215995788574e-01,1.623569726943969727e-01,1.230828911066055298e-01,1.367059946060180664e-01,1.485276520252227783e-01,9.868533164262771606e-02,1.034607812762260437e-01,1.736368536949157715e-01
1.539089232683181763e-01,1.127629131078720093e-01,1.239491328597068787e-01,1.407950967550277710e-01,1.246988475322723389e-01,1.435445100069046021e-01,1.392964869737625122e-01,9.405963122844696045e-02,1.189802661538124084e-01,1.697816848754882812e-01
1.518165916204452515e-01,1.606997698545455933e-01,1.269149035215377808e-01,1.349474489688873291e-01,1.059843376278877258e-01,1.194863766431808472e-01,1.396177113056182861e-01,1.457425504922866821e-01,1.251343190670013428e-01,1.489625871181488037e-01
1.480672955513000488e-01,1.479492038488388062e-01,1.208193972706794739e-01,1.430760622024536133e-01,1.059338599443435669e-01,1.119321882724761963e-01,1.251507997512817383e-01,1.304592341184616089e-01,1.218415349721908569e-01,1.483426392078399658e-01
1.426835358142852783e-01,1.118758618831634521e-01,1.194058582186698914e-01,1.467190384864807129e-01,1.092698276042938232e-01,1.040422245860099792e-01,1.100336462259292603e-01,9.642450511455535889e-02,9.375914931297302246e-02,1.322479993104934692e-01
1.362890154123306274e-01,1.173849254846572876e-01,1.180218756198883057e-01,1.461726129055023193e-01,1.044339165091514587e-01,1.291133463382720947e-01,1.268653124570846558e-01,7.993005216121673584e-02,8.460736274719238281e-02,1.347955316305160522e-01
1.255149394273757935e-01,1.170424222946166992e-01,1.171784698963165283e-01,1.544733941555023193e-01,8.663205802440643311e-02,1.324352174997329712e-01,1.356218010187149048e-01,7.828350365161895752e-02,1.082038655877113342e-01,1.350165456533432007e-01
1.179496869444847107e-01,1.090444177389144897e-01,1.122311428189277649e-01,1.399357020854949951e-01,7.850412279367446899e-02,1.146974563598632812e-01,1.303716450929641724e-01,1.108882948756217957e-01,1.094046980142593384e-01,1.289141029119491577e-01
1.063954904675483704e-01,1.127908229827880859e-01,1.199534237384796143e-01,1.237055584788322449e-01,7.822915166616439819e-02,8.913902938365936279e-02,1.104974001646041870e-01,1.195951029658317566e-01,8.225762099027633667e-02,1.075063869357109070e-01
1.280336230993270874e-01,1.180356964468955994e-01,9.387067705392837524e-02,1.080631166696548462e-01,1.242976337671279907e-01,7.646874338388442993e-02,8.955821394920349121e-02,9.696659445762634277e-02,8.020825684070587158e-02,1.163403019309043884e-01
1.372795999050140381e-01,1.082819327712059021e-01,9.812541306018829346e-02,1.052563488483428955e-01,1.162842735648155212e-01,9.486922621726989746e-02,7.549539953470230103e-02,6.901942193508148193e-02,7.637617737054824829e-02,1.355046927928924561e-01
1.535987406969070435e-01,1.068420186638832092e-01,8.182905614376068115e-02,1.303665041923522949e-01,7.416874170303344727e-02,1.015148237347602844e-01,8.044002950191497803e-02,6.544052064418792725e-02,8.750909566879272461e-02,1.294957697391510010e-01
1.279855966567993164e-01,1.025255620479583740e-01,9.614920616149902344e-02,1.477427482604980469e-01,6.609067320823669434e-02,1.071769297122955322e-01,1.172912269830703735e-01,7.862146198749542236e-02,9.389235824346542358e-02,1.189022287726402283e-01
1.049692109227180481e-01,7.990483939647674561e-02,9.054031968116760254e-02,1.243036165833473206e-01,4.609468951821327209e-02,1.039210036396980286e-01,1.345971971750259399e-01,1.032003611326217651e-01,8.972439914941787720e-02,1.066108867526054382e-01
8.807846158742904663e-02,7.649064064025878906e-02,1.020176708698272705e-01,1.169715970754623413e-01,4.141107574105262756e-02,8.259176462888717651e-02,1.112582609057426453e-01,9.080219268798828125e-02,7.863271981477737427e-02,8.318581432104110718e-02
6.902742385864257812e-02,1.112661063671112061e-01,1.129880845546722412e-01,1.065930053591728210e-01,6.979133933782577515e-02,6.866736710071563721e-02,6.920267641544342041e-02,8.960778266191482544e-02,7.013729959726333618e-02,8.978486806154251099e-02
7.281032204627990723e-02,1.186087951064109802e-01,8.507999032735824585e-02,1.059867069125175476e-01,1.341695338487625122e-01,4.916410893201828003e-02,5.963215231895446777e-02,6.338664144277572632e-02,7.085555046796798706e-02,9.145903587341308594e-02
1.141358017921447754e-01,1.051910519599914551e-01,6.510750204324722290e-02,1.159260943531990051e-01,1.144622415304183960e-01,7.386627048254013062e-02,5.142611637711524963e-02,5.691107362508773804e-02,6.583273410797119141e-02,9.127146750688552856e-02
1.840347349643707275e-01,9.339570999145507812e-02,6.598216295242309570e-02,1.308431625366210938e-01,6.872434914112091064e-02,1.411114186048507690e-01,5.771607905626296997e-02,8.427208662033081055e-02,5.700160190463066101e-02,1.166518256068229675e-01
1.346419602632522583e-01,8.821138739585876465e-02,8.316107839345932007e-02,1.031366363167762756e-01,5.839519202709197998e-02,7.385082542896270752e-02,1.097893118858337402e-01,8.616812527179718018e-02,7.163909077644348145e-02,9.251859039068222046e-02
8.774533867835998535e-02,9.475811570882797241e-02,9.539283812046051025e-02,9.298383444547653198e-02,4.831095039844512939e-02,7.310360670089721680e-02,1.292616277933120728e-01,7.854581624269485474e-02,7.267898321151733398e-02,9.332404285669326782e-02
6.880419701337814331e-02,8.575160056352615356e-02,8.952394872903823853e-02,9.941346198320388794e-02,5.694856867194175720e-02,7.127577811479568481e-02,8.432770520448684692e-02,6.536250561475753784e-02,7.574001699686050415e-02,8.996175974607467651e-02
6.337340176105499268e-02,8.439803123474121094e-02,6.735380738973617554e-02,1.189440116286277771e-01,9.171245992183685303e-02,4.671389237046241760e-02,6.102836132049560547e-02,6.349226832389831543e-02,6.930284202098846436e-02,8.537676185369491577e-02
7.621989399194717407e-02,6.402526795864105225e-02,9.148781001567840576e-02,1.040128916501998901e-01,9.566856175661087036e-02,3.810409456491470337e-02,5.064173415303230286e-02,6.301622837781906128e-02,6.260494142770767212e-02,7.866376638412475586e-02
1.071881353855133057e-01,5.300956219434738159e-02,7.926578819751739502e-02,9.566848725080490112e-02,7.374050468206405640e-02,4.588371142745018005e-02,5.440163612365722656e-02,4.757522046566009521e-02,5.156724900007247925e-02,7.718564569950103760e-02
1.515918374061584473e-01,5.585255473852157593e-02,6.319069117307662964e-02,1.152010932564735413e-01,4.867300763726234436e-02,1.362336724996566772e-01,7.004913687705993652e-02,4.573355242609977722e-02,6.251697987318038940e-02,6.764223426580429077e-02
1.039370894432067871e-01,8.844375610351562500e-02,6.703017652034759521e-02,9.541089832782745361e-02,4.934216290712356567e-02,1.265974789857864380e-01,7.057439535856246948e-02,8.113753050565719604e-02,6.122037395834922791e-02,7.405688613653182983e-02
8.696667850017547607e-02,9.566374868154525757e-02,6.989691406488418579e-02,9.996663779020309448e-02,4.321981593966484070e-02,5.970596894621849060e-02,7.213843613862991333e-02,1.019994169473648071e-01,5.192070826888084412e-02,9.018274396657943726e-02
6.900710612535476685e-02,7.657594233751296997e-02,5.452475696802139282e-02,9.784715622663497925e-02,4.717824235558509827e-02,3.907348588109016418e-02,7.840388268232345581e-02,7.516835629940032959e-02,6.197237968444824219e-02,1.035838350653648376e-01
6.610527634620666504e-02,6.761784851551055908e-02,5.934495478868484497e-02,9.264408051967620850e-02,6.322063505649566650e-02,2.648898214101791382e-02,7.637149095535278320e-02,6.344497203826904297e-02,4.909591376781463623e-02,7.750568538904190063e-02
9.088399261236190796e-02,7.456059008836746216e-02,7.290442287921905518e-02,1.057586818933486938e-01,7.375307381153106689e-02,2.152125909924507141e-02,5.348422005772590637e-02,4.626039043068885803e-02,4.525581002235412598e-02,6.418609619140625000e-02
1.063059419393539429e-01,5.772000178694725037e-02,6.590838730335235596e-02,9.144204109907150269e-02,7.295751571655273438e-02,2.647612243890762329e-02,4.573243483901023865e-02,5.181973427534103394e-02,3.186537325382232666e-02,4.686154797673225403e-02
9.087754786014556885e-02,5.359913781285285950e-02,6.340467929840087891e-02,8.049800992012023926e-02,6.232235580682754517e-02,1.309756338596343994e-01,5.217146873474121094e-02,7.557594776153564453e-02,3.021427802741527557e-02,4.442472010850906372e-02
6.850992888212203979e-02,5.226363986730575562e-02,5.027060583233833313e-02,6.693144142627716064e-02,5.471459031105041504e-02,1.539296954870223999e-01,6.160956621170043945e-02,6.690195202827453613e-02,2.722569555044174194e-02,5.319786071777343750e-02
5.623380094766616821e-02,8.936007320880889893e-02,3.801589831709861755e-02,7.947436720132827759e-02,5.369269102811813354e-02,6.947594881057739258e-02,8.149557560682296753e-02,7.254295796155929565e-02,1.025317460298538208e-01,7.924909889698028564e-02
6.913305819034576416e-02,8.273258060216903687e-02,6.348048895597457886e-02,1.117415577173233032e-01,4.469907283782958984e-02,3.622561693191528320e-02,5.801602080464363098e-02,5.181808024644851685e-02,1.101172119379043579e-01,1.596486270427703857e-01
7.598149776458740234e-02,6.598203629255294800e-02,8.588288724422454834e-02,1.187654137611389160e-01,4.033430293202400208e-02,2.221041172742843628e-02,5.936083197593688965e-02,4.588413238525390625e-02,5.736903101205825806e-02,8.399923890829086304e-02
1.158651337027549744e-01,7.434077560901641846e-02,8.327570557594299316e-02,9.361555427312850952e-02,3.853221237659454346e-02,1.754268817603588104e-02,4.926211386919021606e-02,5.156555026769638062e-02,2.943031862378120422e-02,4.925820231437683105e-02
8.860123157501220703e-02,5.451825633645057678e-02,5.357826873660087585e-02,9.000874310731887817e-02,5.707935988903045654e-02,1.541686616837978363e-02,4.378539323806762695e-02,5.414783209562301636e-02,1.576991565525531769e-02,3.659427911043167114e-02
8.212902396917343140e-02,4.201458767056465149e-02,4.980516806244850159e-02,9.399427473545074463e-02,7.847557216882705688e-02,1.336867082864046097e-02,3.926277905702590942e-02,7.932349294424057007e-02,1.477484405040740967e-02,3.260853886604309082e-02
7.050227373838424683e-02,4.837481305003166199e-02,4.407813400030136108e-02,1.007290557026863098e-01,5.061042308807373047e-02,1.198558323085308075e-02,6.886000931262969971e-02,6.400528550148010254e-02,5.805099382996559143e-02,5.316940322518348694e-02
5.195803195238113403e-02,6.569278240203857422e-02,3.594163432717323303e-02,1.013739928603172302e-01,3.253489732742309570e-02,1.276233606040477753e-02,6.839032471179962158e-02,5.021103098988533020e-02,1.146614849567413330e-01,1.127560511231422424e-01
3.916204348206520081e-02,7.113123685121536255e-02,6.291224062442779541e-02,6.977040320634841919e-02,2.560590021312236786e-02,2.558791041374206543e-01,4.420818760991096497e-02,3.678681328892707825e-02,7.785008102655410767e-02,1.015513688325881958e-01
3.600560501217842102e-02,4.456159099936485291e-02,7.838213443756103516e-02,5.993874371051788330e-02,1.581719331443309784e-02,1.350834667682647705e-01,2.659586258232593536e-02,3.563312813639640808e-02,3.725619986653327942e-02,4.783412441611289978e-02
7.452028244733810425e-02,4.115031287074089050e-02,6.257660686969757080e-02,6.668625026941299438e-02,2.130673825740814209e-02,5.783766508102416992e-02,2.197429351508617401e-02,2.981116622686386108e-02,2.150559052824974060e-02,3.120305575430393219e-02
1.582164764404296875e-01,3.694112226366996765e-02,4.858811944723129272e-02,6.410728394985198975e-02,6.357886642217636108e-02,3.907863050699234009e-02,2.793861739337444305e-02,3.821593523025512695e-02,1.274833735078573227e-02,3.977228701114654541e-02
1.053499355912208557e-01,4.540816694498062134e-02,4.343867301940917969e-02,1.272504031658172607e-01,1.084957718849182129e-01,2.796687744557857513e-02,6.499493867158889771e-02,8.502086997032165527e-02,9.281628765165805817e-03,6.923352181911468506e-02
5.943021178245544434e-02,4.706139862537384033e-02,3.213213384151458740e-02,1.363995522260665894e-01,7.564570009708404541e-02,1.722656749188899994e-02,1.240989267826080322e-01,7.265318185091018677e-02,7.407365366816520691e-03,7.669580727815628052e-02
3.965129703283309937e-02,7.751584053039550781e-02,4.456642642617225647e-02,8.719329535961151123e-02,6.315614283084869385e-02,1.281442772597074509e-02,8.225756138563156128e-02,6.838128715753555298e-02,4.234551452100276947e-03,6.177106499671936035e-02
3.308270871639251709e-02,8.128128200769424438e-02,6.453381478786468506e-02,7.523767650127410889e-02,4.972568154335021973e-02,1.058112177997827530e-02,3.702601045370101929e-02,4.002984985709190369e-02,3.873415756970643997e-03,4.392476007342338562e-02
2.956547960638999939e-02,4.974574968218803406e-02,5.366929993033409119e-02,7.597690075635910034e-02,2.608325704932212830e-02,8.736394345760345459e-03,2.626319602131843567e-02,3.909369930624961853e-02,2.766547724604606628e-03,4.782999679446220398e-02
2.754111215472221375e-02,3.586697205901145935e-02,5.417903885245323181e-02,7.185897976160049438e-02,2.342629246413707733e-02,8.118415251374244690e-03,2.564397454261779785e-02,2.567120641469955444e-02,2.440358977764844894e-03,4.478228837251663208e-02
2.669663913547992706e-02,2.302169799804687500e-02,5.712741240859031677e-02,7.309542596340179443e-02,1.377237867563962936e-02,7.276540156453847885e-03,2.386474609375000000e-02,1.982115209102630615e-02,2.187165664508938789e-03,4.004133120179176331e-02
1.184866651892662048e-01,2.410418726503849030e-02,5.528359487652778625e-02,6.950437277555465698e-02,1.039461791515350342e-02,1.592025011777877808e-01,1.825289987027645111e-02,4.578919336199760437e-02,1.950135920196771622e-03,4.890450462698936462e-02
1.856757700443267822e-01,3.554418310523033142e-02,4.726881906390190125e-02,7.005416601896286011e-02,1.076359301805496216e-02,2.345336973667144775e-01,1.663128845393657684e-02,6.476709991693496704e-02,1.738940249197185040e-03,5.477789416909217834e-02
7.578805088996887207e-02,4.728785902261734009e-02,2.858950756490230560e-02,7.946617156267166138e-02,1.936905644834041595e-02,6.593438237905502319e-02,1.808572188019752502e-02,6.903760880231857300e-02,1.684533548541367054e-03,6.050174310803413391e-02
4.392401874065399170e-02,6.488510966300964355e-02,2.872429229319095612e-02,9.596949815750122070e-02,1.050750315189361572e-01,3.371303901076316833e-02,1.597187295556068420e-02,5.772891268134117126e-02,1.605855068191885948e-03,6.625368446111679077e-02
4.728112742304801941e-02,6.970182806253433228e-02,5.626949667930603027e-02,7.828923314809799194e-02,1.265258938074111938e-01,2.087544091045856476e-02,1.607266813516616821e-02,4.696244746446609497e-02,1.445155357941985130e-03,3.297840058803558350e-02
3.618597984313964844e-02,3.362199291586875916e-02,5.850306898355484009e-02,7.480405271053314209e-02,7.399370521306991577e-02,1.339200232177972794e-02,1.567092351615428925e-02,4.134086519479751587e-02,1.306291520595550537e-01,2.650645934045314789e-02
4.295724630355834961e-02,2.637986466288566589e-02,6.170620396733283997e-02,7.984531670808792114e-02,3.483377769589424133e-02,9.479925036430358887e-03,1.614508032798767090e-02,3.901502117514610291e-02,2.694177925586700439e-01,2.189269661903381348e-02
3.641832247376441956e-02,2.495445869863033295e-02,3.249907493591308594e-02,7.892208546400070190e-02,1.552114449441432953e-02,8.226195350289344788e-03,2.211703546345233917e-02,2.235702984035015106e-02,9.648050367832183838e-02,3.386643156409263611e-02
5.168429762125015259e-02,2.334637567400932312e-02,3.338331356644630432e-02,6.729158014059066772e-02,7.932408712804317474e-03,6.534731946885585785e-03,3.201359510421752930e-01,2.266461960971355438e-02,4.062518477439880371e-02,5.999030172824859619e-02
8.612580597400665283e-02,5.904138088226318359e-02,3.005514107644557953e-02,7.561194896697998047e-02,5.801001563668251038e-03,5.981228314340114594e-03,1.080252677202224731e-01,3.260133042931556702e-02,2.239263989031314850e-02,6.668202579021453857e-02
1.156481951475143433e-01,5.259352922439575195e-02,3.057726845145225525e-02,7.365653663873672485e-02,5.190178751945495605e-03,5.617248360067605972e-03,4.665889218449592590e-02,6.821268796920776367e-02,1.055749878287315369e-02,6.743082404136657715e-02
6.144232302904129028e-02,2.617798745632171631e-02,3.796963393688201904e-02,6.573905795812606812e-02,6.089143920689821243e-03,5.539026111364364624e-02,2.797410823404788971e-02,3.917779773473739624e-02,7.651794236153364182e-03,4.084341228008270264e-02
3.659943491220474243e-02,3.102754801511764526e-02,5.573881417512893677e-02,5.194147303700447083e-02,5.037977360188961029e-03,2.532190978527069092e-01,2.244912087917327881e-02,5.861088261008262634e-02,6.521577946841716766e-03,3.374258801341056824e-02
2.826093323528766632e-02,4.114590585231781006e-02,7.164177298545837402e-02,5.276734754443168640e-02,4.345536697655916214e-03,1.037900000810623169e-01,2.005163207650184631e-02,3.747848421335220337e-02,3.469329793006181717e-03,3.781266510486602783e-02
2.065447345376014709e-02,2.920367568731307983e-02,4.602850973606109619e-02,5.470606312155723572e-02,5.195863544940948486e-02,4.394598305225372314e-02,2.004801109433174133e-02,3.138193115592002869e-02,3.129762597382068634e-03,3.731968998908996582e-02
1.840604096651077271e-02,3.140084445476531982e-02,3.885527327656745911e-02,5.476923286914825439e-02,2.282636165618896484e-01,2.309520542621612549e-02,1.883667334914207458e-02,3.819346427917480469e-02,3.831105073913931847e-03,6.098527088761329651e-02
1.817096397280693054e-02,3.133054077625274658e-02,3.064643591642379761e-02,8.632475882768630981e-02,9.202369302511215210e-02,1.524746138602495193e-02,1.810300163924694061e-02,4.629170149564743042e-02,1.022643446922302246e-01,4.109284654259681702e-02
1.668716967105865479e-02,2.798298560082912445e-02,3.413991257548332214e-02,1.078814715147018433e-01,3.929311782121658325e-02,1.062118634581565857e-02,1.838202215731143951e-02,5.693178251385688782e-02,2.049019932746887207e-01,3.960964456200599670e-02
1.576038263738155365e-02,2.679608948528766632e-02,5.051036551594734192e-02,7.663780450820922852e-02,2.592207677662372589e-02,7.948729209601879120e-03,2.474479191005229950e-02,4.384833946824073792e-02,7.434104382991790771e-02,2.614521607756614685e-02
3.004098124802112579e-02,4.119220376014709473e-02,5.799781531095504761e-02,5.861809477210044861e-02,2.451273985207080841e-02,7.307079620659351349e-03,2.023573219776153564e-01,2.688006684184074402e-02,2.990222908556461334e-02,2.054061368107795715e-02
2.133511900901794434e-01,4.543640464544296265e-02,2.791205234825611115e-02,5.237687379121780396e-02,2.675217948853969574e-02,3.901686891913414001e-02,8.908583223819732666e-02,1.539715565741062164e-02,1.560702640563249588e-02,3.674855083227157593e-02
1.264265328645706177e-01,5.517226457595825195e-02,2.435259148478507996e-02,5.391446501016616821e-02,3.130325675010681152e-02,1.710834950208663940e-01,4.555652290582656860e-02,1.079342700541019440e-02,1.353298034518957138e-02,4.500972852110862732e-02
6.889265775680541992e-02,2.806202694773674011e-02,1.986341178417205811e-02,6.313709169626235962e-02,4.248772934079170227e-02,8.430674672126770020e-02,2.580756507813930511e-02,9.358076378703117371e-03,2.097339741885662079e-02,7.860777527093887329e-02
3.781251609325408936e-02,2.813509851694107056e-02,4.392364621162414551e-02,7.502775639295578003e-02,3.519818186759948730e-02,3.421064838767051697e-02,2.023576386272907257e-02,8.213211782276630402e-03,6.152962148189544678e-02,5.268786847591400146e-02
3.884935751557350159e-02,2.854676730930805206e-02,5.983304604887962341e-02,7.486349344253540039e-02,2.943466790020465851e-02,1.959155872464179993e-02,2.240086160600185394e-02,7.132563740015029907e-03,1.021019294857978821e-01,2.809082157909870148e-02
3.017984516918659210e-02,3.026651591062545776e-02,5.277569219470024109e-02,6.966572254896163940e-02,3.383238986134529114e-02,1.683184690773487091e-02,2.005052566528320312e-02,6.249055732041597366e-03,3.848512098193168640e-02,1.813275367021560669e-02
2.033547498285770416e-02,2.714409120380878448e-02,2.029941044747829437e-02,7.609878480434417725e-02,4.024322703480720520e-02,1.407752372324466705e-02,1.838038675487041473e-02,2.567338570952415466e-02,2.140838466584682465e-02,1.239805947989225388e-02
1.703105494379997253e-02,2.683087624609470367e-02,1.704463735222816467e-02,5.940099805593490601e-02,3.031316027045249939e-02,1.205274928361177444e-02,1.689717359840869904e-02,1.912716627120971680e-01,1.158994063735008240e-02,1.191392540931701660e-02
1.555107813328504562e-02,1.098312996327877045e-02,1.734720170497894287e-02,5.144191533327102661e-02,1.913552917540073395e-02,6.961262784898281097e-03,1.755741611123085022e-02,8.523896336555480957e-02,6.056487094610929489e-03,1.164389867335557938e-02
1.486427336931228638e-02,8.498483337461948395e-03,1.192963216453790665e-02,4.710799083113670349e-02,3.426081687211990356e-02,5.497779231518507004e-03,1.720771193504333496e-02,3.826783224940299988e-02,7.499143481254577637e-03,1.093767955899238586e-02
1.490078959614038467e-02,1.211575698107481003e-02,1.862273551523685455e-02,5.185193568468093872e-02,4.441489279270172119e-02,4.075904842466115952e-03,2.334960177540779114e-02,2.109595574438571930e-02,9.521081112325191498e-03,3.429292514920234680e-02
1.828955113887786865e-01,6.180268898606300354e-02,6.211101263761520386e-02,5.730324983596801758e-02,3.756601735949516296e-02,3.778088605031371117e-03,2.158557176589965820e-01,1.561086066067218781e-02,3.975174203515052795e-02,1.411299705505371094e-01
1.371941864490509033e-01,7.822977006435394287e-02,7.032038271427154541e-02,6.759385764598846436e-02,5.273753404617309570e-02,3.880322678014636040e-03,1.241740733385086060e-01,1.119466125965118408e-02,1.328798979520797729e-01,7.815504074096679688e-02
5.977753177285194397e-02,2.815465070307254791e-02,5.180294811725616455e-02,5.944309756159782410e-02,2.603679522871971130e-02,1.271601915359497070e-01,4.578664898872375488e-02,1.213695388287305832e-02,7.295857369899749756e-02,2.890285849571228027e-02
3.644611313939094543e-02,1.714153029024600983e-02,1.645218767225742340e-02,8.037298917770385742e-02,1.899247244000434875e-02,1.632513254880905151e-01,3.365492820739746094e-02,3.167217597365379333e-02,2.624184638261795044e-02,1.611372083425521851e-02
2.249808236956596375e-02,1.502384990453720093e-02,9.185035713016986847e-03,7.053750008344650269e-02,1.411437336355447769e-02,5.935141071677207947e-02,2.763635106384754181e-02,8.657918870449066162e-02,1.343814097344875336e-02,1.010723877698183060e-02
1.696544885635375977e-02,1.431228872388601303e-02,8.684877306222915649e-03,5.323323607444763184e-02,1.032922230660915375e-02,2.880732901394367218e-02,2.226945944130420685e-02,6.231895089149475098e-02,7.316860370337963104e-03,1.014746632426977158e-02
1.453610323369503021e-02,2.148730494081974030e-02,1.378957554697990417e-02,3.723772615194320679e-02,9.760312736034393311e-03,1.305121183395385742e-02,2.029452472925186157e-02,3.400648385286331177e-02,4.721917212009429932e-03,9.584655985236167908e-03
1.407603826373815536e-02,2.995301038026809692e-02,6.940482556819915771e-02,3.554837405681610107e-02,1.825951598584651947e-02,8.183526806533336639e-03,2.054102905094623566e-02,1.554380171000957489e-02,4.425230901688337326e-03,8.444674313068389893e-03
1.302101090550422668e-02,5.028917267918586731e-02,5.988925695419311523e-02,3.285831585526466370e-02,6.387341767549514771e-02,6.591149605810642242e-03,1.855560019612312317e-02,9.806087240576744080e-03,2.517048269510269165e-03,8.552456274628639221e-03
1.565342582762241364e-02,1.594415679574012756e-02,3.550009801983833313e-02,3.491985797882080078e-02,1.022791936993598938e-01,5.492113064974546432e-03,1.832899637520313263e-02,8.713618852198123932e-03,2.102796453982591629e-03,1.223571076989173889e-01
1.436452120542526245e-01,1.750543899834156036e-02,2.614074014127254486e-02,3.255020081996917725e-02,4.884349554777145386e-02,4.680703394114971161e-03,2.329189144074916840e-02,8.064711466431617737e-03,1.971501857042312622e-03,9.885577112436294556e-02
1.209958493709564209e-01,2.678566798567771912e-02,1.801106519997119904e-02,5.378017574548721313e-02,2.588371187448501587e-02,4.031506367027759552e-03,1.501158326864242554e-01,7.911522872745990753e-03,1.748109818436205387e-03,3.647514432668685913e-02
5.747183784842491150e-02,3.598964959383010864e-02,3.250456228852272034e-02,1.234366223216056824e-01,9.684851393103599548e-03,3.191884607076644897e-03,1.093275025486946106e-01,7.772001903504133224e-03,1.563685713335871696e-03,2.064112760126590729e-02
3.159389272332191467e-02,2.731079794466495514e-02,2.734030969440937042e-02,1.129918172955513000e-01,4.892121534794569016e-03,2.382461680099368095e-03,4.092944040894508362e-02,6.526401732116937637e-03,2.138295909389853477e-03,1.344958320260047913e-02
2.111157774925231934e-02,1.571702957153320312e-02,3.600566089153289795e-02,7.640394568443298340e-02,3.442402463406324387e-03,2.764936303719878197e-03,2.188956737518310547e-02,6.665549241006374359e-03,2.278122305870056152e-01,1.036216504871845245e-02
2.244568802416324615e-02,1.244032382965087891e-02,2.923170104622840881e-02,5.485755577683448792e-02,2.750306157395243645e-03,2.498567337170243263e-03,1.915848068892955780e-02,1.259399503469467163e-01,9.796006232500076294e-02,8.861153386533260345e-03
2.330272458493709564e-02,9.016141295433044434e-03,3.397238254547119141e-02,5.437009781599044800e-02,3.298804862424731255e-03,2.281421050429344177e-02,1.588323712348937988e-02,1.367660462856292725e-01,2.847070619463920593e-02,7.990304380655288696e-03
1.623830012977123260e-02,1.523347105830907822e-02,2.357034198939800262e-02,4.413159191608428955e-02,2.454851521179080009e-03,2.470086812973022461e-01,1.582776568830013275e-02,4.120888188481330872e-02,1.214254181832075119e-02,9.488522075116634369e-03
1.435588486492633820e-02,4.404910281300544739e-02,2.199882641434669495e-02,3.743644803762435913e-02,1.892236759886145592e-03,7.996419072151184082e-02,1.491643860936164856e-02,1.870982907712459564e-02,6.110657472163438797e-03,8.633114397525787354e-03
1.514904666692018509e-02,4.321045428514480591e-02,1.788578182458877563e-02,3.507260233163833618e-02,3.157537197694182396e-03,3.022677451372146606e-02,1.499602105468511581e-02,1.098183076828718185e-02,3.816184354946017265e-03,2.476724609732627869e-02
5.705140903592109680e-02,3.900425136089324951e-02,3.017158806324005127e-02,3.077169135212898254e-02,3.025572281330823898e-03,1.335992012172937393e-02,1.517381239682435989e-02,9.600939229130744934e-03,3.020595060661435127e-03,1.777650266885757446e-01
1.389368176460266113e-01,1.226344052702188492e-02,4.424416646361351013e-02,3.318214043974876404e-02,4.454515408724546432e-03,6.536624394357204437e-03,1.455624122172594070e-02,8.477142080664634705e-03,2.604939043521881104e-03,7.133694738149642944e-02
8.231175690889358521e-02,5.603397730737924576e-03,2.746379934251308441e-02,7.175662368535995483e-02,3.847672045230865479e-02,4.546166397631168365e-03,1.472851261496543884e-02,7.785177323967218399e-03,2.286263275891542435e-03,2.880990132689476013e-02
3.886097297072410583e-02,7.940426468849182129e-03,2.046787180006504059e-02,1.049651801586151123e-01,2.904999852180480957e-01,3.546279156580567360e-03,6.836561113595962524e-02,7.505880203098058701e-03,2.162081189453601837e-03,1.619090884923934937e-02
2.658706717193126678e-02,1.536680106073617935e-02,3.782375529408454895e-02,6.426807492971420288e-02,7.559663802385330200e-02,2.874906640499830246e-03,1.744509488344192505e-01,7.017045281827449799e-03,2.009992953389883041e-03,1.021919492632150650e-02
1.719891093671321869e-02,2.144200541079044342e-02,2.234921790659427643e-02,5.213223397731781006e-02,2.150432765483856201e-02,2.205132739618420601e-03,7.169187068939208984e-02,6.960032973438501358e-03,1.960271736606955528e-03,8.118361234664916992e-03
1.291765272617340088e-02,3.791922703385353088e-02,1.523491460829973221e-02,4.450301080942153931e-02,1.071013603359460831e-02,1.938246656209230423e-03,3.594099357724189758e-02,2.780245989561080933e-02,1.784573192708194256e-03,1.430911477655172348e-02
1.142641343176364899e-02,4.020911827683448792e-02,1.540190260857343674e-02,4.049987718462944031e-02,5.436124745756387711e-03,2.026494592428207397e-03,2.163473516702651978e-02,1.618723124265670776e-01,1.788801746442914009e-03,1.065980363637208939e-02
1.119982264935970306e-02,3.506378456950187683e-02,1.614627987146377563e-02,3.274998068809509277e-02,4.663895349949598312e-03,2.268102951347827911e-03,1.757179014384746552e-02,6.590180844068527222e-02,1.819972880184650421e-03,2.520458959043025970e-02
1.056309230625629425e-02,2.604379132390022278e-02,1.784104481339454651e-02,2.953307144343852997e-02,3.718655789270997047e-03,1.897993534803390503e-01,1.631747744977474213e-02,4.016060382127761841e-02,1.788040846586227417e-01,6.325955688953399658e-02
8.848397992551326752e-03,1.425234507769346237e-02,1.927738822996616364e-02,2.908241003751754761e-02,3.216668497771024704e-03,1.266588866710662842e-01,1.564344204962253571e-02,1.737666688859462738e-02,1.396665871143341064e-01,6.910489499568939209e-02
1.154784560203552246e-01,4.149264190346002579e-03,3.413508087396621704e-02,3.609008342027664185e-02,2.790259663015604019e-03,4.433871433138847351e-02,1.451944094151258469e-02,1.172780897468328476e-02,4.557882621884346008e-02,2.378162555396556854e-02
1.279999166727066040e-01,2.480094553902745247e-03,3.850532695651054382e-02,8.428131788969039917e-02,2.632252639159560204e-03,1.750149205327033997e-02,1.419723778963088989e-02,9.358008392155170441e-03,1.253859605640172958e-02,2.146549709141254425e-02
5.334337428212165833e-02,1.904334058053791523e-03,2.900684252381324768e-02,8.823630213737487793e-02,2.624438144266605377e-03,9.412501938641071320e-03,1.377820409834384918e-02,7.654480636119842529e-03,5.245486274361610413e-03,1.979427598416805267e-02
3.748650848865509033e-02,1.804021885618567467e-03,1.754030212759971619e-02,5.749008804559707642e-02,2.426376566290855408e-03,5.631845444440841675e-03,1.359540969133377075e-02,7.377773057669401169e-03,3.191296709701418877e-03,1.684076525270938873e-02
1.844329386949539185e-02,1.493645482696592808e-03,2.023097872734069824e-02,4.120682924985885620e-02,2.593439305201172829e-03,4.415632225573062897e-03,1.408493798226118088e-02,6.598713342100381851e-03,2.340358681976795197e-03,1.232102327048778534e-02
1.355332881212234497e-02,1.489869086071848869e-03,2.195294946432113647e-02,2.868202514946460724e-02,2.121250610798597336e-03,3.118167864158749580e-03,1.434728316962718964e-02,6.336230784654617310e-03,2.182789845392107964e-03,8.396933786571025848e-03
1.193091366440057755e-02,1.429315772838890553e-03,2.119748480618000031e-02,2.796171791851520538e-02,2.192383864894509315e-03,2.683842321857810020e-03,1.369377672672271729e-01,6.057275459170341492e-03,1.757395686581730843e-03,6.436021532863378525e-03
1.040387805551290512e-02,1.443531364202499390e-03,1.798299327492713928e-02,2.879951521754264832e-02,9.319502115249633789e-02,2.036947989836335182e-03,1.004486680030822754e-01,6.430343259125947952e-03,1.816129661165177822e-03,6.489041261374950409e-03
9.697876870632171631e-03,1.484734239056706429e-03,3.792243078351020813e-02,4.612661898136138916e-02,2.142395228147506714e-01,1.628575962968170643e-03,4.453689232468605042e-02,1.281561423093080521e-02,1.749142422340810299e-03,1.617009565234184265e-02
9.343000128865242004e-03,1.652345643378794193e-03,2.677970379590988159e-02,6.944529712200164795e-02,6.326617300510406494e-02,1.517833210527896881e-03,2.333653718233108521e-02,1.678127497434616089e-01,1.243737409822642803e-03,9.240550547838211060e-02
8.735085837543010712e-03,9.451650828123092651e-02,2.281765639781951904e-02,8.229288458824157715e-02,2.534920163452625275e-02,1.169470255263149738e-03,1.861361041665077209e-02,7.060441374778747559e-02,1.292208442464470863e-03,4.715004935860633850e-02
8.616958744823932648e-03,1.266783475875854492e-01,9.606665000319480896e-03,5.422634258866310120e-02,1.100506540387868881e-02,1.152498996816575527e-03,1.444277353584766388e-02,3.406395018100738525e-02,1.138749299570918083e-03,2.836635150015354156e-02
4.204612225294113159e-02,4.420385137200355530e-02,1.984777301549911499e-02,3.637336939573287964e-02,6.719057913869619370e-03,5.796295125037431717e-03,1.403938420116901398e-02,1.648050732910633087e-02,9.790306212380528450e-04,2.201751992106437683e-02
2.021052092313766479e-01,2.564438991248607635e-02,2.644963376224040985e-02,3.627649694681167603e-02,5.114469677209854126e-03,2.294448316097259521e-01,1.364011410623788834e-02,1.121086999773979187e-02,9.755491628311574459e-04,1.335236802697181702e-02
6.847943365573883057e-02,1.372374966740608215e-02,3.189329430460929871e-02,3.353025391697883606e-02,4.172049462795257568e-03,9.106329828500747681e-02,1.359222829341888428e-02,8.010613732039928436e-03,1.255686162039637566e-03,9.486962109804153442e-03
2.294469811022281647e-02,4.746834747493267059e-03,2.177215181291103363e-02,2.802048437297344208e-02,3.883619327098131180e-03,3.145346790552139282e-02,1.331998128443956375e-02,6.844440009444952011e-03,1.386321731843054295e-03,5.577000323683023453e-03
1.836293376982212067e-02,2.675314666703343391e-03,1.283294521272182465e-02,4.927380755543708801e-02,3.163548419252038002e-03,1.188702415674924850e-02,1.292961556464433670e-02,6.814234424382448196e-03,1.325672841630876064e-03,4.487571306526660919e-03
1.215975545346736908e-02,2.160151256248354912e-03,6.902297027409076691e-03,7.804162800312042236e-02,2.359720179811120033e-03,6.502452306449413300e-03,1.312211528420448303e-02,6.801203358918428421e-03,1.190027571283280849e-03,4.481564741581678391e-03
1.002172846347093582e-02,1.658725785091519356e-03,4.247331526130437851e-03,5.717490240931510925e-02,3.542950144037604332e-03,3.966771066188812256e-03,1.299109123647212982e-02,6.234494037926197052e-03,7.867603749036788940e-02,4.782786592841148376e-03
8.593183942139148712e-03,1.747713191434741020e-03,1.491403672844171524e-03,3.826920315623283386e-02,4.547356627881526947e-03,2.853635698556900024e-03,1.312110759317874908e-02,5.845282692462205887e-03,2.210722416639328003e-01,6.055349484086036682e-03
7.426066789776086807e-03,1.449470408260822296e-03,1.055292552337050438e-03,3.251739218831062317e-02,1.276285052299499512e-01,2.207835903391242027e-03,1.337662246078252792e-02,5.830323323607444763e-03,4.864686354994773865e-02,1.072344332933425903e-01
8.053317666053771973e-03,1.404790440574288368e-03,8.996349642984569073e-04,3.028608486056327820e-02,9.983489662408828735e-02,1.891523133963346481e-03,1.498179882764816284e-01,5.385229829698801041e-03,2.105836197733879089e-02,7.307901978492736816e-02
1.530780736356973648e-02,1.571336179040372372e-03,7.793547702021896839e-04,3.934295848011970520e-02,5.225169658660888672e-02,1.402594614773988724e-03,1.231583729386329651e-01,5.740509368479251862e-03,1.083678565919399261e-02,2.486306056380271912e-02
1.221372559666633606e-01,1.112256897613406181e-03,7.634058129042387009e-04,3.846273198723793030e-02,2.744513191282749176e-02,1.263313344679772854e-03,4.690063744783401489e-02,5.581739358603954315e-03,7.413138635456562042e-03,7.746934425085783005e-03
1.027356013655662537e-01,1.430273405276238918e-03,6.820287671871483326e-04,3.294087573885917664e-02,1.419316697865724564e-02,8.822195813991129398e-04,2.349914237856864929e-02,5.051608011126518250e-02,5.071776919066905975e-03,4.995051771402359009e-03
3.339376300573348999e-02,1.261460478417575359e-03,6.703500985167920589e-04,4.291764646768569946e-02,6.640562321990728378e-03,6.697720964439213276e-04,1.587832160294055939e-02,2.096917480230331421e-01,5.439183674752712250e-03,4.265645518898963928e-03
1.733797229826450348e-02,1.252944115549325943e-03,6.708026048727333546e-04,4.072160646319389343e-02,4.083085339516401291e-03,5.253161652944982052e-04,1.373952906578779221e-02,5.264203250408172607e-02,3.369733691215515137e-03,3.990685567259788513e-03
1.035655103623867035e-02,1.270401524379849434e-03,6.201827782206237316e-04,5.913306400179862976e-02,3.178080078214406967e-03,3.976626612711697817e-04,1.283600181341171265e-02,1.949945092201232910e-02,2.877317834645509720e-03,3.231528215110301971e-03
7.974888198077678680e-03,5.553156882524490356e-02,6.469909101724624634e-02,5.383193492889404297e-02,2.849546959623694420e-03,4.024546069558709860e-04,1.270572748035192490e-02,1.084270328283309937e-02,2.737651113420724869e-03,2.427794737741351128e-03
6.598343607038259506e-03,1.218810454010963440e-01,1.138404607772827148e-01,4.314785078167915344e-02,2.521693706512451172e-03,2.936513046734035015e-04,1.252166554331779480e-02,9.342343546450138092e-03,2.590931253507733345e-03,2.570364158600568771e-03
6.021966226398944855e-03,3.099596127867698669e-02,2.922160364687442780e-02,5.012136697769165039e-02,2.600728534162044525e-03,2.181083254981786013e-04,1.222678832709789276e-02,8.794038556516170502e-03,2.529792953282594681e-03,1.606909208931028843e-03
6.448305211961269379e-03,1.026249583810567856e-02,7.653719279915094376e-03,3.187951445579528809e-02,2.159298397600650787e-03,1.708922500256448984e-04,1.228403765708208084e-02,6.312369368970394135e-03,2.487575635313987732e-03,3.096642438322305679e-03
6.397407967597246170e-03,4.289126023650169373e-03,2.903934102505445480e-03,2.860179170966148376e-02,2.159587806090712547e-03,1.396239676978439093e-04,1.233719103038311005e-02,5.736333318054676056e-03,2.397580537945032120e-03,1.227230951189994812e-01
4.185042344033718109e-03,2.143400255590677261e-03,1.668484299443662167e-03,3.921864554286003113e-02,2.049501286819577217e-03,1.041918658302165568e-04,1.200726907700300217e-02,5.329171661287546158e-03,2.214032690972089767e-03,7.074289768934249878e-02
4.693667870014905930e-03,1.577253919094800949e-03,5.917442031204700470e-03,4.118603840470314026e-02,1.810905872844159603e-03,8.933945355238392949e-05,1.217460259795188904e-02,5.260591860860586166e-03,2.470985287800431252e-03,2.125483565032482147e-02
8.793211542069911957e-03,1.505586551502346992e-03,6.164997443556785583e-02,4.972994327545166016e-02,1.273732446134090424e-02,6.383020809153094888e-05,1.185956224799156189e-02,5.157436244189739227e-03,4.247662797570228577e-02,1.424419786781072617e-02
1.756781339645385742e-01,1.235457137227058411e-03,5.028443410992622375e-02,4.526227712631225586e-02,1.999798119068145752e-01,5.116012471262365580e-05,1.193243544548749924e-02,5.013298243284225464e-03,2.359691560268402100e-01,1.006700471043586731e-02
1.015252396464347839e-01,1.530871493741869926e-03,1.681530661880970001e-02,3.887373581528663635e-02,8.025437593460083008e-02,3.629655475378967822e-05,1.174180116504430771e-02,5.003277212381362915e-03,6.847102195024490356e-02,5.782558117061853409e-03
3.208082541823387146e-02,1.025850302539765835e-03,1.293250732123851776e-02,3.411525860428810120e-02,2.328389883041381836e-02,3.543051934684626758e-05,1.144928857684135437e-02,5.553940776735544205e-03,2.680397778749465942e-02,3.269501496106386185e-03
1.480232551693916321e-02,1.410035649314522743e-03,6.937548052519559860e-03,4.306876659393310547e-02,1.035544276237487793e-02,3.013112545013427734e-01,1.181772165000438690e-02,6.943318992853164673e-02,7.679457310587167740e-03,2.276311628520488739e-03
1.148347929120063782e-02,8.899095118977129459e-04,1.354179438203573227e-02,4.676820337772369385e-02,5.317969713360071182e-03,1.727040708065032959e-01,1.187396142631769180e-02,1.608851701021194458e-01,3.363179974257946014e-03,1.776709454134106636e-03
8.400838822126388550e-03,1.427659415639936924e-03,2.687662653625011444e-02,4.065849259495735168e-02,3.579629817977547646e-03,5.069888010621070862e-02,1.189184002578258514e-02,6.120688095688819885e-02,2.239875029772520065e-03,1.660266658291220665e-03
6.660204380750656128e-03,2.095237188041210175e-02,2.754579111933708191e-02,3.021175414323806763e-02,3.090963698923587799e-03,1.983791030943393707e-02,1.221363525837659836e-02,2.914858795702457428e-02,1.729758689180016518e-03,4.831279627978801727e-03
6.854947656393051147e-03,1.147315055131912231e-01,3.588260337710380554e-02,2.954381331801414490e-02,2.691825618967413902e-03,8.489903993904590607e-03,1.134706139564514160e-01,1.429838314652442932e-02,1.426927628926932812e-03,1.472030580043792725e-01
6.871146149933338165e-03,4.168821871280670166e-02,2.030497975647449493e-02,2.438423782587051392e-02,2.264159498736262321e-03,4.415432456880807877e-03,2.122744917869567871e-01,1.219368539750576019e-02,1.230276655405759811e-03,6.462089717388153076e-02
6.303852889686822891e-03,1.942544616758823395e-02,7.841557264328002930e-03,2.704562619328498840e-02,2.133778762072324753e-03,2.537283347919583321e-03,5.663922429084777832e-02,1.056450325995683670e-02,1.047423342242836952e-03,2.336535044014453888e-02
7.487548049539327621e-03,1.028018258512020111e-02,7.599392440170049667e-03,3.378936275839805603e-02,1.910193241201341152e-03,1.692629535682499409e-03,2.438042871654033661e-02,9.353620000183582306e-03,9.221466607414186001e-04,8.090612478554248810e-03
6.776878610253334045e-03,6.620012689381837845e-03,6.918820086866617203e-03,4.620339348912239075e-02,1.879222458228468895e-03,1.279991585761308670e-03,1.915027201175689697e-02,8.896926417946815491e-03,1.007094746455550194e-03,8.091356605291366577e-03
8.683134615421295166e-02,3.488873830065131187e-03,1.703179441392421722e-02,7.336413115262985229e-02,1.989608630537986755e-03,9.972980478778481483e-04,1.578602381050586700e-02,8.351115509867668152e-03,9.460860164836049080e-04,3.895235247910022736e-03
1.565828472375869751e-01,3.157468512654304504e-03,4.428412392735481262e-02,4.482510313391685486e-02,2.650165464729070663e-03,7.952550658956170082e-04,1.425254717469215393e-02,8.836471475660800934e-03,8.800421492196619511e-04,2.371560549363493919e-03
4.586048424243927002e-02,2.823654329404234886e-03,4.069355130195617676e-02,3.193835541605949402e-02,2.280217828229069710e-03,6.378682446666061878e-04,1.330316253006458282e-02,8.916303515434265137e-03,9.376699454151093960e-04,1.966859912499785423e-03
1.710483804345130920e-02,2.414778107777237892e-03,3.020825050771236420e-02,2.347874827682971954e-02,3.693582862615585327e-02,5.259384633973240852e-04,1.312471646815538406e-02,7.727085053920745850e-02,8.792983135208487511e-04,1.387008465826511383e-03
9.529531933367252350e-03,2.666506450623273849e-03,1.401363220065832138e-02,2.058655209839344025e-02,2.508067190647125244e-01,4.373472183942794800e-04,1.332965400069952011e-02,9.111240506172180176e-02,9.643173543736338615e-04,1.233116490766406059e-03
5.561277735978364944e-03,1.780517748557031155e-03,7.445046678185462952e-03,2.010757476091384888e-02,6.230711564421653748e-02,3.572518180590122938e-04,1.270991750061511993e-02,5.038535967469215393e-02,1.599439382553100586e-01,7.804420311003923416e-04
4.911339841783046722e-03,2.011022297665476799e-03,1.019650325179100037e-02,1.965016499161720276e-02,1.885375566780567169e-02,2.969992347061634064e-04,1.306522358208894730e-02,1.915855892002582550e-02,1.227728351950645447e-01,6.876827683299779892e-04
4.046628717333078384e-03,1.825608080253005028e-03,5.207839421927928925e-03,1.930468715727329254e-02,9.655523113906383514e-03,2.425735146971419454e-04,1.245340146124362946e-02,1.139485090970993042e-02,3.554141521453857422e-02,4.755137779284268618e-04
3.545656800270080566e-03,1.463526743464171886e-03,1.604686141945421696e-03,1.880422234535217285e-02,5.503964144736528397e-03,1.901008945424109697e-04,1.342009752988815308e-02,7.628268096596002579e-03,1.262972783297300339e-02,3.348697209730744362e-04
3.440106287598609924e-03,1.905057695694267750e-03,1.430597272701561451e-03,1.889674179255962372e-02,3.724802518263459206e-03,1.590179890627041459e-04,7.685749232769012451e-02,7.413725368678569794e-03,4.522398114204406738e-03,2.678784367162734270e-04
4.830350168049335480e-03,1.175249814987182617e-01,3.517660871148109436e-02,9.554695338010787964e-02,3.001044038683176041e-03,1.317188289249315858e-04,1.285815387964248657e-01,6.035131402313709259e-03,3.081061178818345070e-03,2.058835671050474048e-04
5.485386773943901062e-02,5.251869931817054749e-02,4.355448856949806213e-02,1.027182787656784058e-01,2.471224637702107430e-03,1.103790345950983465e-04,5.195315927267074585e-02,5.812034476548433304e-03,1.645427756011486053e-02,1.670932106208056211e-04
1.337142884731292725e-01,2.098448760807514191e-02,1.407673954963684082e-02,5.726489052176475525e-02,2.052329247817397118e-03,8.850264566717669368e-05,2.681743353605270386e-02,4.298701509833335876e-02,5.072442069649696350e-02,1.427273527951911092e-04
5.465319007635116577e-02,7.793801371008157730e-03,6.411849986761808395e-03,3.379512205719947815e-02,2.064856933429837227e-03,7.338070281548425555e-05,1.937318779528141022e-02,7.273159176111221313e-02,4.038038104772567749e-02,1.211178302764892578e-01
