6.606096625328063965e-01,6.593375205993652344e-01,6.563212275505065918e-01,6.526454091072082520e-01,6.549889445304870605e-01,6.616336703300476074e-01,6.572326421737670898e-01,6.579497456550598145e-01,6.541494131088256836e-01,6.534079313278198242e-01
6.409072279930114746e-01,6.435501575469970703e-01,6.350707411766052246e-01,6.177719235420227051e-01,6.316633820533752441e-01,6.440605521202087402e-01,6.369135379791259766e-01,6.400575041770935059e-01,6.214397549629211426e-01,6.196383237838745117e-01
6.120614409446716309e-01,6.122287511825561523e-01,6.040877699851989746e-01,5.823927521705627441e-01,6.030843257904052734e-01,6.237366199493408203e-01,6.108340024948120117e-01,6.110274195671081543e-01,5.823634266853332520e-01,5.812107920646667480e-01
5.698438286781311035e-01,5.918772816658020020e-01,5.746014714241027832e-01,5.413710474967956543e-01,5.782729983329772949e-01,5.869219899177551270e-01,5.925551056861877441e-01,5.818331241607666016e-01,5.457023978233337402e-01,5.557150244712829590e-01
5.425849556922912598e-01,5.724234580993652344e-01,5.452157258987426758e-01,4.994769990444183350e-01,5.528752207756042480e-01,5.469580292701721191e-01,5.638936758041381836e-01,5.439931154251098633e-01,5.090262889862060547e-01,5.276854038238525391e-01
5.093299150466918945e-01,5.538858175277709961e-01,5.190936326980590820e-01,4.613752067089080811e-01,5.284673571586608887e-01,5.217792987823486328e-01,5.371274948120117188e-01,5.104368925094604492e-01,4.764051735401153564e-01,4.944861531257629395e-01
4.671007096767425537e-01,5.327656269073486328e-01,4.861088395118713379e-01,4.267988502979278564e-01,4.945504069328308105e-01,4.848482608795166016e-01,5.126953721046447754e-01,4.769534468650817871e-01,4.442149102687835693e-01,4.589670598506927490e-01
4.361062645912170410e-01,5.125942230224609375e-01,4.563983082771301270e-01,3.978182971477508545e-01,4.661849439144134521e-01,4.644826650619506836e-01,4.917566478252410889e-01,4.412868022918701172e-01,4.163337945938110352e-01,4.313909113407135010e-01
3.991853892803192139e-01,4.910904467105865479e-01,4.250997006893157959e-01,3.732726871967315674e-01,4.379732608795166016e-01,4.389589726924896240e-01,4.611507356166839600e-01,4.100817143917083740e-01,3.831686675548553467e-01,3.954564332962036133e-01
3.649371266365051270e-01,4.628204405307769775e-01,4.000565409660339355e-01,3.558807671070098877e-01,4.113741815090179443e-01,4.109473228454589844e-01,4.316185712814331055e-01,3.813199996948242188e-01,3.581254780292510986e-01,3.770043253898620605e-01
3.372520804405212402e-01,4.467711448669433594e-01,3.812493085861206055e-01,3.310079276561737061e-01,3.930935263633728027e-01,3.875460624694824219e-01,4.139395058155059814e-01,3.626349568367004395e-01,3.351240158081054688e-01,3.590203225612640381e-01
3.194194138050079346e-01,4.253493845462799072e-01,3.528602421283721924e-01,3.181684911251068115e-01,3.698576092720031738e-01,3.676483929157257080e-01,3.943072259426116943e-01,3.335721492767333984e-01,3.084154129028320312e-01,3.327041268348693848e-01
3.000275492668151855e-01,4.111006855964660645e-01,3.353183269500732422e-01,2.917687594890594482e-01,3.474705517292022705e-01,3.442908227443695068e-01,3.639237284660339355e-01,3.277425169944763184e-01,2.892231941223144531e-01,3.210552036762237549e-01
2.770030200481414795e-01,4.013154208660125732e-01,3.209124207496643066e-01,2.816161513328552246e-01,3.350178003311157227e-01,3.398878574371337891e-01,3.591069877147674561e-01,3.018045127391815186e-01,2.813518941402435303e-01,3.068485558032989502e-01
2.633690834045410156e-01,3.870121538639068604e-01,3.055897355079650879e-01,2.810593843460083008e-01,3.161045312881469727e-01,3.294784426689147949e-01,3.425595164299011230e-01,2.912783026695251465e-01,2.562210261821746826e-01,2.959573566913604736e-01
2.559998333454132080e-01,3.707072138786315918e-01,2.859160006046295166e-01,2.462234795093536377e-01,3.017699718475341797e-01,3.157176077365875244e-01,3.308636248111724854e-01,2.777617573738098145e-01,2.566977441310882568e-01,2.870621085166931152e-01
2.395459860563278198e-01,3.662210106849670410e-01,2.810181081295013428e-01,2.461441606283187866e-01,2.965016067028045654e-01,2.899385988712310791e-01,3.167298436164855957e-01,2.726376652717590332e-01,2.491088807582855225e-01,2.622108161449432373e-01
2.259780019521713257e-01,3.545760512351989746e-01,2.783983647823333740e-01,2.379610389471054077e-01,2.802836000919342041e-01,2.872931659221649170e-01,2.968084812164306641e-01,2.524393498897552490e-01,2.348552197217941284e-01,2.631436288356781006e-01
2.290130406618118286e-01,3.508876860141754150e-01,2.480613440275192261e-01,2.274057865142822266e-01,2.660398483276367188e-01,2.833699285984039307e-01,3.035637736320495605e-01,2.487938702106475830e-01,2.164119333028793335e-01,2.662383317947387695e-01
2.087464183568954468e-01,3.364628553390502930e-01,2.451155781745910645e-01,2.224524319171905518e-01,2.638421654701232910e-01,2.724209725856781006e-01,2.810026109218597412e-01,2.290993034839630127e-01,2.091629058122634888e-01,2.421613931655883789e-01
1.923810839653015137e-01,3.398688137531280518e-01,2.436796724796295166e-01,1.966555267572402954e-01,2.521291077136993408e-01,2.619591653347015381e-01,2.824618518352508545e-01,2.240221053361892700e-01,2.017439752817153931e-01,2.511047720909118652e-01
1.982725113630294800e-01,3.271711170673370361e-01,2.398428767919540405e-01,1.938127726316452026e-01,2.526226043701171875e-01,2.532226443290710449e-01,2.709871828556060791e-01,2.445755451917648315e-01,1.906616091728210449e-01,2.335541099309921265e-01
1.880356520414352417e-01,3.173717558383941650e-01,2.280537635087966919e-01,2.002291232347488403e-01,2.424984872341156006e-01,2.595686316490173340e-01,2.531808018684387207e-01,2.299142926931381226e-01,2.013012021780014038e-01,2.203218340873718262e-01
1.684557944536209106e-01,3.134443461894989014e-01,2.169544547796249390e-01,1.884422451257705688e-01,2.216580510139465332e-01,2.500804066658020020e-01,2.665240466594696045e-01,1.975814700126647949e-01,1.869987100362777710e-01,2.236000150442123413e-01
1.845535486936569214e-01,3.123862445354461670e-01,2.119522541761398315e-01,1.785320639610290527e-01,2.300665080547332764e-01,2.253075540065765381e-01,2.480038255453109741e-01,2.014025598764419556e-01,1.766142845153808594e-01,2.306432723999023438e-01
1.632754504680633545e-01,3.130504190921783447e-01,2.206074297428131104e-01,1.848079860210418701e-01,2.246575355529785156e-01,2.254414558410644531e-01,2.439735084772109985e-01,2.083643376827239990e-01,1.747334599494934082e-01,2.090260386466979980e-01
1.656727045774459839e-01,3.005633652210235596e-01,1.963966935873031616e-01,1.735505312681198120e-01,2.087607383728027344e-01,2.276975214481353760e-01,2.344829142093658447e-01,2.133041173219680786e-01,1.739086508750915527e-01,2.022947371006011963e-01
1.796306073665618896e-01,2.893012166023254395e-01,1.961554586887359619e-01,1.666647791862487793e-01,2.174296379089355469e-01,2.122336924076080322e-01,2.336178719997406006e-01,1.932551264762878418e-01,1.690019965171813965e-01,2.120749801397323608e-01
1.635231226682662964e-01,2.857993841171264648e-01,1.943626105785369873e-01,1.676227152347564697e-01,2.161555588245391846e-01,2.266658246517181396e-01,2.379165738821029663e-01,1.832633316516876221e-01,1.651386469602584839e-01,1.816868633031845093e-01
1.553431898355484009e-01,2.946303188800811768e-01,1.939373910427093506e-01,1.628133058547973633e-01,2.080568820238113403e-01,2.076177895069122314e-01,2.264768630266189575e-01,2.028924077749252319e-01,1.612718254327774048e-01,1.921001821756362915e-01
1.576148271560668945e-01,2.847640514373779297e-01,1.982366740703582764e-01,1.532847583293914795e-01,1.924882680177688599e-01,2.156586050987243652e-01,2.078616619110107422e-01,1.852066218852996826e-01,1.657301932573318481e-01,1.946176588535308838e-01
1.525683850049972534e-01,2.874180674552917480e-01,1.871984004974365234e-01,1.474105268716812134e-01,2.003327012062072754e-01,2.066314369440078735e-01,2.193647325038909912e-01,1.849076598882675171e-01,1.661283522844314575e-01,1.792455464601516724e-01
1.439408510923385620e-01,2.824764847755432129e-01,1.826092302799224854e-01,1.497582644224166870e-01,1.970895230770111084e-01,1.984726488590240479e-01,2.185428291559219360e-01,1.804913133382797241e-01,1.523148864507675171e-01,1.769793927669525146e-01
1.493431031703948975e-01,2.689099907875061035e-01,1.881756484508514404e-01,1.349724829196929932e-01,1.902786642313003540e-01,1.899298727512359619e-01,2.075257301330566406e-01,1.755304187536239624e-01,1.527233123779296875e-01,1.841048747301101685e-01
1.416707634925842285e-01,2.781993746757507324e-01,1.776340454816818237e-01,1.313910633325576782e-01,1.942570507526397705e-01,1.998660713434219360e-01,2.163101285696029663e-01,1.703313142061233521e-01,1.506671607494354248e-01,1.663756519556045532e-01
1.357446014881134033e-01,2.803689539432525635e-01,1.771367490291595459e-01,1.311839222908020020e-01,1.792654544115066528e-01,1.863680928945541382e-01,2.008986920118331909e-01,1.701547652482986450e-01,1.336661577224731445e-01,1.694231331348419189e-01
1.397601664066314697e-01,2.607787549495697021e-01,1.677808016538619995e-01,1.477391719818115234e-01,1.843390762805938721e-01,1.975876092910766602e-01,2.123064994812011719e-01,1.669574528932571411e-01,1.379772722721099854e-01,1.729429066181182861e-01
1.318785548210144043e-01,2.645545005798339844e-01,1.618757098913192749e-01,1.441350132226943970e-01,1.928926259279251099e-01,1.792237609624862671e-01,1.889595240354537964e-01,1.781303882598876953e-01,1.437041461467742920e-01,1.572217494249343872e-01
1.407680064439773560e-01,2.544520497322082520e-01,1.643996983766555786e-01,1.491014361381530762e-01,1.978091299533843994e-01,1.792780011892318726e-01,1.800150871276855469e-01,1.545054912567138672e-01,1.375993341207504272e-01,1.756913810968399048e-01
1.263701021671295166e-01,2.584449052810668945e-01,1.531008332967758179e-01,1.166118755936622620e-01,1.698347777128219604e-01,1.761954426765441895e-01,1.910891383886337280e-01,1.620891094207763672e-01,1.476287692785263062e-01,1.514702588319778442e-01
1.226580888032913208e-01,2.639317512512207031e-01,1.712957769632339478e-01,1.304711699485778809e-01,1.679438948631286621e-01,1.784325540065765381e-01,1.879792064428329468e-01,1.615888923406600952e-01,1.231731101870536804e-01,1.605203151702880859e-01
1.319438219070434570e-01,2.548099160194396973e-01,1.509015262126922607e-01,1.318182051181793213e-01,1.604362130165100098e-01,1.906452029943466187e-01,1.902704387903213501e-01,1.536036431789398193e-01,1.296497434377670288e-01,1.472834646701812744e-01
1.242942661046981812e-01,2.577983140945434570e-01,1.507849842309951782e-01,1.220352500677108765e-01,1.705730110406875610e-01,1.850372254848480225e-01,1.770992130041122437e-01,1.482978463172912598e-01,1.431080847978591919e-01,1.361009180545806885e-01
1.290512681007385254e-01,2.498119175434112549e-01,1.588835865259170532e-01,1.279492527246475220e-01,1.656027585268020630e-01,1.651958972215652466e-01,1.764626502990722656e-01,1.520928740501403809e-01,1.307209134101867676e-01,1.522840410470962524e-01
1.194031983613967896e-01,2.515200376510620117e-01,1.473743766546249390e-01,1.136008948087692261e-01,1.557607799768447876e-01,1.657574921846389771e-01,1.701576560735702515e-01,1.557021141052246094e-01,1.299189478158950806e-01,1.383194029331207275e-01
1.168227195739746094e-01,2.492955476045608521e-01,1.516907960176467896e-01,1.142681539058685303e-01,1.720503717660903931e-01,1.656413972377777100e-01,1.734395772218704224e-01,1.510520875453948975e-01,1.213735863566398621e-01,1.303653270006179810e-01
1.202115043997764587e-01,2.426501959562301636e-01,1.451858133077621460e-01,1.170295625925064087e-01,1.577833592891693115e-01,1.608168482780456543e-01,1.717117279767990112e-01,1.495573520660400391e-01,1.178527176380157471e-01,1.395370811223983765e-01
1.140285283327102661e-01,2.604521214962005615e-01,1.363704353570938110e-01,1.288544833660125732e-01,1.496678143739700317e-01,1.637597084045410156e-01,1.730815023183822632e-01,1.428084373474121094e-01,1.235875934362411499e-01,1.422100365161895752e-01
1.167210936546325684e-01,2.447273135185241699e-01,1.342080086469650269e-01,9.695014357566833496e-02,1.543121039867401123e-01,1.596637368202209473e-01,1.791982948780059814e-01,1.420451700687408447e-01,1.253878176212310791e-01,1.290100812911987305e-01
1.139059960842132568e-01,2.449170351028442383e-01,1.451139599084854126e-01,1.098726540803909302e-01,1.475129723548889160e-01,1.719528734683990479e-01,1.595655381679534912e-01,1.416102051734924316e-01,1.230742260813713074e-01,1.360741704702377319e-01
1.008266285061836243e-01,2.309264391660690308e-01,1.371753215789794922e-01,1.162883341312408447e-01,1.469454765319824219e-01,1.756380945444107056e-01,1.633591651916503906e-01,1.385741829872131348e-01,1.135068610310554504e-01,1.264764815568923950e-01
1.095385625958442688e-01,2.374676913022994995e-01,1.340550631284713745e-01,1.005716547369956970e-01,1.666797995567321777e-01,1.506467908620834351e-01,1.551103144884109497e-01,1.431667953729629517e-01,1.167677864432334900e-01,1.312066316604614258e-01
1.122367829084396362e-01,2.453510612249374390e-01,1.283801645040512085e-01,1.103874817490577698e-01,1.545268893241882324e-01,1.499351561069488525e-01,1.633202731609344482e-01,1.487933099269866943e-01,1.107270047068595886e-01,1.113743484020233154e-01
1.104580238461494446e-01,2.277336716651916504e-01,1.311545819044113159e-01,9.956470876932144165e-02,1.505028605461120605e-01,1.433305740356445312e-01,1.660874933004379272e-01,1.447028219699859619e-01,1.112014353275299072e-01,1.333703249692916870e-01
1.187166571617126465e-01,2.327619045972824097e-01,1.284620612859725952e-01,9.221572428941726685e-02,1.382429599761962891e-01,1.390243768692016602e-01,1.641018092632293701e-01,1.300487518310546875e-01,1.133771687746047974e-01,1.177296265959739685e-01
1.032315865159034729e-01,2.363511174917221069e-01,1.327036023139953613e-01,9.573461115360260010e-02,1.328076571226119995e-01,1.447975039482116699e-01,1.551490426063537598e-01,1.252364218235015869e-01,1.085271686315536499e-01,1.262940913438796997e-01
1.085101142525672913e-01,2.333534210920333862e-01,1.242046132683753967e-01,1.103746071457862854e-01,1.537995636463165283e-01,1.527690589427947998e-01,1.539290696382522583e-01,1.405493766069412231e-01,1.143797188997268677e-01,1.303530782461166382e-01
1.135269254446029663e-01,2.337353229522705078e-01,1.201655268669128418e-01,1.020481362938880920e-01,1.542255878448486328e-01,1.452291458845138550e-01,1.571284979581832886e-01,1.305640339851379395e-01,1.139801368117332458e-01,1.350683718919754028e-01
1.003529429435729980e-01,2.340011745691299438e-01,1.190611198544502258e-01,9.679692983627319336e-02,1.559680700302124023e-01,1.629132479429244995e-01,1.531156599521636963e-01,1.427174657583236694e-01,1.015331596136093140e-01,1.186126768589019775e-01
1.018944829702377319e-01,2.340283542871475220e-01,1.226314157247543335e-01,9.133001416921615601e-02,1.450357139110565186e-01,1.470362246036529541e-01,1.524777561426162720e-01,1.213039904832839966e-01,1.006044670939445496e-01,1.035685092210769653e-01
1.109320297837257385e-01,2.234189510345458984e-01,1.057678684592247009e-01,1.058683693408966064e-01,1.444234102964401245e-01,1.484533995389938354e-01,1.333079040050506592e-01,1.232578456401824951e-01,1.172515228390693665e-01,1.132574602961540222e-01
1.003686934709548950e-01,2.262085676193237305e-01,1.388002932071685791e-01,1.092937812209129333e-01,1.257364302873611450e-01,1.398555040359497070e-01,1.431849151849746704e-01,1.291837096214294434e-01,9.030280262231826782e-02,1.178762167692184448e-01
1.118037924170494080e-01,2.235399931669235229e-01,1.211829036474227905e-01,1.062459573149681091e-01,1.213046237826347351e-01,1.472083777189254761e-01,1.694848835468292236e-01,1.202289685606956482e-01,1.059527173638343811e-01,9.722142666578292847e-02
1.079576015472412109e-01,2.228201627731323242e-01,1.108917295932769775e-01,8.862017840147018433e-02,1.449954211711883545e-01,1.470170915126800537e-01,1.386178135871887207e-01,1.198776140809059143e-01,1.021016687154769897e-01,1.035871580243110657e-01
9.807164222002029419e-02,2.226755619049072266e-01,1.141010597348213196e-01,1.123552396893501282e-01,1.415043920278549194e-01,1.448789834976196289e-01,1.563385576009750366e-01,1.246566399931907654e-01,1.045961081981658936e-01,1.161361485719680786e-01
8.686695247888565063e-02,2.212153673171997070e-01,1.099694371223449707e-01,9.628155827522277832e-02,1.349850893020629883e-01,1.431600600481033325e-01,1.391820460557937622e-01,1.216592863202095032e-01,9.764299541711807251e-02,1.100674495100975037e-01
9.400139749050140381e-02,2.286909967660903931e-01,1.110119819641113281e-01,8.712150156497955322e-02,1.305513232946395874e-01,1.380598247051239014e-01,1.194803640246391296e-01,1.299529224634170532e-01,9.892131388187408447e-02,8.908564597368240356e-02
1.081125140190124512e-01,2.112922519445419312e-01,1.244156286120414734e-01,9.309697896242141724e-02,1.276747286319732666e-01,1.363874524831771851e-01,1.567568480968475342e-01,1.113155707716941833e-01,9.477466344833374023e-02,1.103061139583587646e-01
8.468934893608093262e-02,2.115437686443328857e-01,1.169572398066520691e-01,1.032857820391654968e-01,1.370311081409454346e-01,1.344968676567077637e-01,1.704975962638854980e-01,1.150470897555351257e-01,9.880126267671585083e-02,1.071007326245307922e-01
8.726381510496139526e-02,2.157988846302032471e-01,1.084138154983520508e-01,8.527908474206924438e-02,1.264742761850357056e-01,1.326648890972137451e-01,1.328386515378952026e-01,1.214222311973571777e-01,9.229299426078796387e-02,9.771721810102462769e-02
9.492168575525283813e-02,2.159837186336517334e-01,1.062151640653610229e-01,9.343089163303375244e-02,1.182402968406677246e-01,1.418003141880035400e-01,1.371853649616241455e-01,1.049528792500495911e-01,9.589933604001998901e-02,1.045360714197158813e-01
8.051938563585281372e-02,2.117484509944915771e-01,1.051455289125442505e-01,8.040703833103179932e-02,1.242153793573379517e-01,1.422863602638244629e-01,1.299808621406555176e-01,1.105248257517814636e-01,9.131807833909988403e-02,1.026092469692230225e-01
1.048526391386985779e-01,2.164022028446197510e-01,1.021189913153648376e-01,1.030332744121551514e-01,1.317985057830810547e-01,1.313487589359283447e-01,1.372514665126800537e-01,1.101267710328102112e-01,9.673517197370529175e-02,1.008537933230400085e-01
8.514467626810073853e-02,2.082576304674148560e-01,1.017450764775276184e-01,9.244845062494277954e-02,1.242047101259231567e-01,1.159471720457077026e-01,1.253276914358139038e-01,1.151561290025711060e-01,9.269982576370239258e-02,9.537559747695922852e-02
8.172322064638137817e-02,2.109511941671371460e-01,1.074569821357727051e-01,7.815854996442794800e-02,1.282542794942855835e-01,1.263429522514343262e-01,1.293454170227050781e-01,1.142347082495689392e-01,9.695740789175033569e-02,8.827266097068786621e-02
9.803480654954910278e-02,2.142741084098815918e-01,9.851334989070892334e-02,9.300522506237030029e-02,1.272212564945220947e-01,1.343933343887329102e-01,1.337869912385940552e-01,1.072617620229721069e-01,8.730605244636535645e-02,9.889391809701919556e-02
8.475136756896972656e-02,1.988731324672698975e-01,9.791456162929534912e-02,8.989631384611129761e-02,1.252028048038482666e-01,1.257051676511764526e-01,1.274466514587402344e-01,1.054011359810829163e-01,8.733348548412322998e-02,1.025368943810462952e-01
8.790928125381469727e-02,2.122385799884796143e-01,1.025697961449623108e-01,7.779341936111450195e-02,1.267069280147552490e-01,1.165935844182968140e-01,1.305420994758605957e-01,1.195913106203079224e-01,8.874342590570449829e-02,9.124726802110671997e-02
8.657195419073104858e-02,2.038101851940155029e-01,1.054126247763633728e-01,8.655586838722229004e-02,1.114942282438278198e-01,1.335422694683074951e-01,1.365558356046676636e-01,1.138406321406364441e-01,8.252401649951934814e-02,9.771570563316345215e-02
7.945051789283752441e-02,1.990937590599060059e-01,9.818206727504730225e-02,7.541990280151367188e-02,1.148401945829391479e-01,1.138452589511871338e-01,1.181682050228118896e-01,1.015434339642524719e-01,9.739118814468383789e-02,9.462767839431762695e-02
8.902934938669204712e-02,2.023735493421554565e-01,1.077322587370872498e-01,8.162670582532882690e-02,1.303854286670684814e-01,1.255174726247787476e-01,1.276761293411254883e-01,9.456234425306320190e-02,8.359108120203018188e-02,9.672728925943374634e-02
8.832919597625732422e-02,2.103471755981445312e-01,1.087046936154365540e-01,9.231989830732345581e-02,1.214813888072967529e-01,1.183519363403320312e-01,1.374342143535614014e-01,1.079711318016052246e-01,9.237595647573471069e-02,9.335617721080780029e-02
7.820012420415878296e-02,2.082796692848205566e-01,1.080406010150909424e-01,8.138701319694519043e-02,1.054945737123489380e-01,1.116923913359642029e-01,1.166078969836235046e-01,1.007328927516937256e-01,8.892227709293365479e-02,9.335114806890487671e-02
9.446981549263000488e-02,1.997031420469284058e-01,9.524046629667282104e-02,8.332654088735580444e-02,1.253653019666671753e-01,1.102889776229858398e-01,1.293626725673675537e-01,1.001782864332199097e-01,7.442246377468109131e-02,8.711702376604080200e-02
8.412937074899673462e-02,2.050621956586837769e-01,9.397100657224655151e-02,7.562660425901412964e-02,1.090542748570442200e-01,1.094483956694602966e-01,1.062926575541496277e-01,1.029931232333183289e-01,7.805044949054718018e-02,9.273648262023925781e-02
8.150970190763473511e-02,2.132467776536941528e-01,9.401660412549972534e-02,9.147221595048904419e-02,1.182325407862663269e-01,1.294051259756088257e-01,1.201573759317398071e-01,1.021363511681556702e-01,8.994380384683609009e-02,9.140867739915847778e-02
7.937005907297134399e-02,2.037693560123443604e-01,9.922751784324645996e-02,7.102763652801513672e-02,1.098477989435195923e-01,1.243702694773674011e-01,1.297588050365447998e-01,9.430480003356933594e-02,7.339915633201599121e-02,9.147700667381286621e-02
9.057942032814025879e-02,1.995217800140380859e-01,1.022528037428855896e-01,7.879573106765747070e-02,1.179628744721412659e-01,1.120525002479553223e-01,1.211868822574615479e-01,9.520551562309265137e-02,8.282918483018875122e-02,9.334767609834671021e-02
8.063536882400512695e-02,1.921174228191375732e-01,9.295480698347091675e-02,8.526457846164703369e-02,1.189114898443222046e-01,1.087957099080085754e-01,1.230228766798973083e-01,9.971462190151214600e-02,8.423531800508499146e-02,7.881990820169448853e-02
8.224473893642425537e-02,1.949566751718521118e-01,8.764892071485519409e-02,7.760961353778839111e-02,1.118152588605880737e-01,1.183883249759674072e-01,1.218421831727027893e-01,9.756742417812347412e-02,7.900107651948928833e-02,8.999224007129669189e-02
8.330376446247100830e-02,1.977847218513488770e-01,9.269490092992782593e-02,7.854135334491729736e-02,1.242673993110656738e-01,1.148545145988464355e-01,1.280009597539901733e-01,1.034554839134216309e-01,7.287608832120895386e-02,8.515316992998123169e-02
8.281919360160827637e-02,1.832142621278762817e-01,9.971276670694351196e-02,6.734455376863479614e-02,1.161903813481330872e-01,1.293019801378250122e-01,1.085731387138366699e-01,8.158049732446670532e-02,7.542856782674789429e-02,7.186728715896606445e-02
8.833137899637222290e-02,1.882579773664474487e-01,8.901904523372650146e-02,8.128438144922256470e-02,1.068393215537071228e-01,1.144686341285705566e-01,1.154919266700744629e-01,8.827561885118484497e-02,7.976433634757995605e-02,9.339305758476257324e-02
7.945914566516876221e-02,2.017487287521362305e-01,8.489088714122772217e-02,8.347826451063156128e-02,1.121207773685455322e-01,1.167906522750854492e-01,1.170115098357200623e-01,9.251397848129272461e-02,8.686240017414093018e-02,7.698439061641693115e-02
6.522101163864135742e-02,1.978596746921539307e-01,8.930011838674545288e-02,8.916381001472473145e-02,1.017366424202919006e-01,1.123716980218887329e-01,1.344771385192871094e-01,1.050423607230186462e-01,7.696110755205154419e-02,8.086235076189041138e-02
7.732862979173660278e-02,1.883624643087387085e-01,9.531763941049575806e-02,9.320849925279617310e-02,1.033675372600555420e-01,1.128694862127304077e-01,1.145727634429931641e-01,9.566509723663330078e-02,6.931011378765106201e-02,8.566090464591979980e-02
8.970877528190612793e-02,1.867061555385589600e-01,7.734379917383193970e-02,6.567635387182235718e-02,1.112496852874755859e-01,9.786058217287063599e-02,1.160934641957283020e-01,9.148367494344711304e-02,9.322943538427352905e-02,8.094216883182525635e-02
8.222664892673492432e-02,1.963936239480972290e-01,8.586136996746063232e-02,7.353156059980392456e-02,1.128925085067749023e-01,9.815513342618942261e-02,1.170701459050178528e-01,8.015915751457214355e-02,8.152528852224349976e-02,8.936300128698348999e-02
7.785040885210037231e-02,1.972369104623794556e-01,9.369181096553802490e-02,5.415183305740356445e-02,9.811125695705413818e-02,1.028945967555046082e-01,1.087824106216430664e-01,9.040796011686325073e-02,7.460603863000869751e-02,8.399935811758041382e-02
7.140323519706726074e-02,1.992711573839187622e-01,9.885196387767791748e-02,7.656511664390563965e-02,1.082835644483566284e-01,1.104322001338005066e-01,1.167958676815032959e-01,9.168772399425506592e-02,7.613684982061386108e-02,8.084513247013092041e-02
8.697614818811416626e-02,1.874333471059799194e-01,8.824099600315093994e-02,7.341459393501281738e-02,1.137952879071235657e-01,1.175001934170722961e-01,1.130634918808937073e-01,9.109063446521759033e-02,7.689920812845230103e-02,7.420697808265686035e-02
7.746483385562896729e-02,1.773274093866348267e-01,7.951948791742324829e-02,6.312558799982070923e-02,1.102847084403038025e-01,1.066795289516448975e-01,1.177069842815399170e-01,1.025634631514549255e-01,7.164517045021057129e-02,7.708147168159484863e-02
7.308007776737213135e-02,1.889991909265518188e-01,7.456708699464797974e-02,8.485231548547744751e-02,9.605502337217330933e-02,1.057126075029373169e-01,1.149013936519622803e-01,7.934360951185226440e-02,7.720628380775451660e-02,7.217222452163696289e-02
7.044515013694763184e-02,1.934003531932830811e-01,7.322550565004348755e-02,6.790176033973693848e-02,1.022126302123069763e-01,9.934405237436294556e-02,1.159452423453330994e-01,7.062531262636184692e-02,6.360200792551040649e-02,8.646035939455032349e-02
8.162996917963027954e-02,1.874999701976776123e-01,8.909749984741210938e-02,7.775302231311798096e-02,1.159839928150177002e-01,1.024039238691329956e-01,1.148319616913795471e-01,8.917658030986785889e-02,8.288086950778961182e-02,7.845710217952728271e-02
7.156225293874740601e-02,1.827817410230636597e-01,9.109956771135330200e-02,6.809525936841964722e-02,1.078993529081344604e-01,1.036235764622688293e-01,1.061963289976119995e-01,8.981218189001083374e-02,7.614065706729888916e-02,7.187743484973907471e-02
7.122717797756195068e-02,1.799917221069335938e-01,8.293776214122772217e-02,7.079558074474334717e-02,9.897466003894805908e-02,1.014205217361450195e-01,1.068384870886802673e-01,9.981822222471237183e-02,7.648156583309173584e-02,7.530447840690612793e-02
8.238787949085235596e-02,2.043167501688003540e-01,8.780990540981292725e-02,7.019263505935668945e-02,1.064620912075042725e-01,1.053572669625282288e-01,1.022455394268035889e-01,8.803024142980575562e-02,8.194426447153091431e-02,6.924416869878768921e-02
8.305990695953369141e-02,1.915251016616821289e-01,7.886623591184616089e-02,6.771775335073471069e-02,9.667236357927322388e-02,1.056772619485855103e-01,1.127318516373634338e-01,8.791553229093551636e-02,6.853879988193511963e-02,6.712405383586883545e-02
7.693290710449218750e-02,1.800951957702636719e-01,7.507413625717163086e-02,6.403119862079620361e-02,1.122700721025466919e-01,9.933110326528549194e-02,1.094188168644905090e-01,8.680767565965652466e-02,5.886481702327728271e-02,7.400972396135330200e-02
7.101479172706604004e-02,1.748151928186416626e-01,7.840690761804580688e-02,6.194631755352020264e-02,9.941868484020233154e-02,1.054457128047943115e-01,9.337013959884643555e-02,8.919426798820495605e-02,7.936119288206100464e-02,7.046660780906677246e-02
7.518702745437622070e-02,1.884384155273437500e-01,8.684039860963821411e-02,7.295175641775131226e-02,1.039912924170494080e-01,9.524626284837722778e-02,1.026871502399444580e-01,8.061816543340682983e-02,6.445361673831939697e-02,6.758164614439010620e-02
7.867120951414108276e-02,1.786734759807586670e-01,8.916623890399932861e-02,7.268382608890533447e-02,1.058789715170860291e-01,9.980198740959167480e-02,1.031716763973236084e-01,7.602014392614364624e-02,7.229357957839965820e-02,7.403354346752166748e-02
7.674917578697204590e-02,1.840379238128662109e-01,8.380547910928726196e-02,6.701973825693130493e-02,9.535539895296096802e-02,9.957551956176757812e-02,1.122991666197776794e-01,9.550983458757400513e-02,6.572299450635910034e-02,6.602148711681365967e-02
7.240203022956848145e-02,1.774296909570693970e-01,7.330340147018432617e-02,6.430457532405853271e-02,1.021912992000579834e-01,9.915682673454284668e-02,9.640138596296310425e-02,8.481456339359283447e-02,7.619187980890274048e-02,6.771814823150634766e-02
6.629959493875503540e-02,1.842669993638992310e-01,7.697086036205291748e-02,7.580530643463134766e-02,9.832236170768737793e-02,1.051909327507019043e-01,9.474231302738189697e-02,8.249192684888839722e-02,7.260903716087341309e-02,6.850638240575790405e-02
6.278448551893234253e-02,1.781590729951858521e-01,8.041441440582275391e-02,6.804503500461578369e-02,9.787383675575256348e-02,1.030557230114936829e-01,9.844590723514556885e-02,9.035184234380722046e-02,7.013083249330520630e-02,7.502945512533187866e-02
7.423525303602218628e-02,1.793715208768844604e-01,8.301191031932830811e-02,5.733531713485717773e-02,1.112267300486564636e-01,8.957145363092422485e-02,9.276447445154190063e-02,8.716991543769836426e-02,6.931808590888977051e-02,7.132484018802642822e-02
8.337914198637008667e-02,1.762520521879196167e-01,8.004456758499145508e-02,7.315124571323394775e-02,8.648440986871719360e-02,9.644196927547454834e-02,8.966491371393203735e-02,7.656582444906234741e-02,7.837106287479400635e-02,5.919464305043220520e-02
5.985281243920326233e-02,1.881457865238189697e-01,7.134769856929779053e-02,6.493910402059555054e-02,9.890342503786087036e-02,7.954154908657073975e-02,1.044882833957672119e-01,8.409288525581359863e-02,6.551597267389297485e-02,6.416103988885879517e-02
7.165456563234329224e-02,1.749513149261474609e-01,7.855148613452911377e-02,6.777518242597579956e-02,1.002090573310852051e-01,9.721071273088455200e-02,1.081975921988487244e-01,7.869849354028701782e-02,6.577137857675552368e-02,7.587727159261703491e-02
6.655537337064743042e-02,1.833387017250061035e-01,8.847131580114364624e-02,5.836614593863487244e-02,9.589619934558868408e-02,1.086096987128257751e-01,9.608063846826553345e-02,8.729279041290283203e-02,6.904198974370956421e-02,6.607571989297866821e-02
7.226204872131347656e-02,1.840329915285110474e-01,8.083975315093994141e-02,6.753403693437576294e-02,9.331832081079483032e-02,1.066258773207664490e-01,1.008732914924621582e-01,8.487755805253982544e-02,8.004626631736755371e-02,6.511094421148300171e-02
6.623218953609466553e-02,1.740930080413818359e-01,6.699110567569732666e-02,7.194613665342330933e-02,9.048496186733245850e-02,1.049222052097320557e-01,1.133770719170570374e-01,8.712538331747055054e-02,6.612773984670639038e-02,7.811057567596435547e-02
6.573805212974548340e-02,1.682778894901275635e-01,8.234982192516326904e-02,6.010387092828750610e-02,9.189084917306900024e-02,1.006351858377456665e-01,9.875773638486862183e-02,8.796094357967376709e-02,7.913114130496978760e-02,5.987294018268585205e-02
6.038546189665794373e-02,1.657629162073135376e-01,7.085056602954864502e-02,6.287451833486557007e-02,9.374433010816574097e-02,8.962800353765487671e-02,9.449250996112823486e-02,8.802880346775054932e-02,6.583729386329650879e-02,6.642469018697738647e-02
8.078483492136001587e-02,1.797363609075546265e-01,7.416331022977828979e-02,6.040931493043899536e-02,8.859400451183319092e-02,9.186279773712158203e-02,8.637365698814392090e-02,7.935240119695663452e-02,6.473353505134582520e-02,7.673251628875732422e-02
6.795453280210494995e-02,1.644866913557052612e-01,7.869405299425125122e-02,5.727975815534591675e-02,8.627100288867950439e-02,9.097115695476531982e-02,9.037998318672180176e-02,8.388558775186538696e-02,6.447391211986541748e-02,6.580729037523269653e-02
7.412850111722946167e-02,1.697881072759628296e-01,6.488510966300964355e-02,6.407148391008377075e-02,9.380204230546951294e-02,8.327755331993103027e-02,9.086777269840240479e-02,8.203311264514923096e-02,6.286561489105224609e-02,6.091851741075515747e-02
6.998188793659210205e-02,1.741848737001419067e-01,7.425595819950103760e-02,6.652123481035232544e-02,1.017297357320785522e-01,8.812268823385238647e-02,1.084293648600578308e-01,7.186094671487808228e-02,5.855457484722137451e-02,6.567750126123428345e-02
5.713783204555511475e-02,1.732049584388732910e-01,6.787968426942825317e-02,6.034264713525772095e-02,8.601683378219604492e-02,8.699011802673339844e-02,9.157864749431610107e-02,7.409103959798812866e-02,6.662666797637939453e-02,6.673938035964965820e-02
7.528258115053176880e-02,1.682398319244384766e-01,6.655120104551315308e-02,5.638139322400093079e-02,9.338896721601486206e-02,9.712944924831390381e-02,8.579953759908676147e-02,7.893823832273483276e-02,6.679578870534896851e-02,5.787667259573936462e-02
6.425213813781738281e-02,1.686369776725769043e-01,7.601863145828247070e-02,6.456730514764785767e-02,8.988139033317565918e-02,1.068796664476394653e-01,9.633103013038635254e-02,7.127372920513153076e-02,5.795271694660186768e-02,6.811879575252532959e-02
6.423142552375793457e-02,1.692573726177215576e-01,6.197183579206466675e-02,6.335141509771347046e-02,7.851468771696090698e-02,1.049876809120178223e-01,9.903714060783386230e-02,7.404486835002899170e-02,6.168217584490776062e-02,7.746677100658416748e-02
6.271631270647048950e-02,1.649305075407028198e-01,6.575491279363632202e-02,6.084843352437019348e-02,1.018398404121398926e-01,9.205596148967742920e-02,9.782380610704421997e-02,7.294774800539016724e-02,7.232616096735000610e-02,5.830970406532287598e-02
6.579836457967758179e-02,1.683596968650817871e-01,7.071842998266220093e-02,6.597641855478286743e-02,8.673812448978424072e-02,8.680824935436248779e-02,8.828748017549514771e-02,8.357329666614532471e-02,6.004341691732406616e-02,5.767331644892692566e-02
6.091777980327606201e-02,1.638311594724655151e-01,7.720417529344558716e-02,5.573933199048042297e-02,8.613689243793487549e-02,8.167459070682525635e-02,1.002357527613639832e-01,7.805970311164855957e-02,6.079256162047386169e-02,6.040449440479278564e-02
6.376294046640396118e-02,1.667993217706680298e-01,6.770583987236022949e-02,5.994919687509536743e-02,8.507533371448516846e-02,8.324906975030899048e-02,9.220097959041595459e-02,7.502486556768417358e-02,7.142142206430435181e-02,6.477825343608856201e-02
6.393614411354064941e-02,1.749951094388961792e-01,6.701947003602981567e-02,5.953256040811538696e-02,8.855953067541122437e-02,8.217336237430572510e-02,9.068872034549713135e-02,7.300268113613128662e-02,5.517763271927833557e-02,5.978789180517196655e-02
6.485630571842193604e-02,1.598035991191864014e-01,6.968461722135543823e-02,5.854177102446556091e-02,9.091383218765258789e-02,8.647793531417846680e-02,7.823271304368972778e-02,6.988307833671569824e-02,6.408570706844329834e-02,5.456130206584930420e-02
5.667704716324806213e-02,1.679518520832061768e-01,7.370822876691818237e-02,6.135857850313186646e-02,8.499168604612350464e-02,9.453318268060684204e-02,1.011293306946754456e-01,6.731009483337402344e-02,6.712529063224792480e-02,6.682851165533065796e-02
7.028185576200485229e-02,1.566172242164611816e-01,7.424802333116531372e-02,5.217938125133514404e-02,8.733421564102172852e-02,7.707995176315307617e-02,9.374821931123733521e-02,7.604095339775085449e-02,6.863803416490554810e-02,6.146707758307456970e-02
6.161837652325630188e-02,1.674667000770568848e-01,6.394342333078384399e-02,6.305372714996337891e-02,8.423765003681182861e-02,8.760189265012741089e-02,8.782743662595748901e-02,7.636161148548126221e-02,6.540659815073013306e-02,5.341756716370582581e-02
6.095364317297935486e-02,1.629176288843154907e-01,7.100024074316024780e-02,6.388611346483230591e-02,9.216021001338958740e-02,9.588632732629776001e-02,9.606906771659851074e-02,6.761606037616729736e-02,6.919860839843750000e-02,5.241110548377037048e-02
6.788025796413421631e-02,1.585941910743713379e-01,7.752295583486557007e-02,5.418099090456962585e-02,9.614618122577667236e-02,8.322687447071075439e-02,7.538965344429016113e-02,7.533314079046249390e-02,6.790922582149505615e-02,5.903133004903793335e-02
5.536242201924324036e-02,1.554137617349624634e-01,6.294738501310348511e-02,5.016965791583061218e-02,8.188901841640472412e-02,8.170812577009201050e-02,9.514228999614715576e-02,7.774456590414047241e-02,5.852669477462768555e-02,5.277813971042633057e-02
5.543798208236694336e-02,1.606999188661575317e-01,6.656853854656219482e-02,6.042955815792083740e-02,9.006516635417938232e-02,8.163601160049438477e-02,9.676689654588699341e-02,8.087430149316787720e-02,6.343559175729751587e-02,5.886523053050041199e-02
6.635989248752593994e-02,1.721196174621582031e-01,6.583335250616073608e-02,6.389576196670532227e-02,7.928901910781860352e-02,8.833114802837371826e-02,9.957522898912429810e-02,6.922412663698196411e-02,5.616573616862297058e-02,5.634374544024467468e-02
5.820195004343986511e-02,1.572829782962799072e-01,6.925168633460998535e-02,6.432063877582550049e-02,9.733204543590545654e-02,7.923874258995056152e-02,8.296215534210205078e-02,6.026607751846313477e-02,6.565234810113906860e-02,5.687006562948226929e-02
6.500589847564697266e-02,1.564832031726837158e-01,6.540790945291519165e-02,4.852947592735290527e-02,8.417129516601562500e-02,7.536567747592926025e-02,7.873399555683135986e-02,6.587289273738861084e-02,6.289158761501312256e-02,5.627350509166717529e-02
6.641378998756408691e-02,1.612089872360229492e-01,8.423718065023422241e-02,5.041326582431793213e-02,8.120155334472656250e-02,9.817907214164733887e-02,9.979180246591567993e-02,7.227341085672378540e-02,6.597760319709777832e-02,6.773303449153900146e-02
6.520345062017440796e-02,1.577948480844497681e-01,7.836838811635971069e-02,7.582696527242660522e-02,8.904968947172164917e-02,8.441967517137527466e-02,9.460909664630889893e-02,6.268050521612167358e-02,6.889379769563674927e-02,5.927292630076408386e-02
6.643942743539810181e-02,1.627745479345321655e-01,6.439157575368881226e-02,6.901298463344573975e-02,8.159437030553817749e-02,8.259434998035430908e-02,7.974733412265777588e-02,7.489880174398422241e-02,6.186418607831001282e-02,6.303229928016662598e-02
5.571380257606506348e-02,1.645681858062744141e-01,6.055584549903869629e-02,5.778457969427108765e-02,8.643647283315658569e-02,7.919840514659881592e-02,8.065354824066162109e-02,7.632867246866226196e-02,5.729943141341209412e-02,4.878352954983711243e-02
5.369575694203376770e-02,1.616981327533721924e-01,6.494914740324020386e-02,4.915011301636695862e-02,8.557106554508209229e-02,8.068426698446273804e-02,8.652382344007492065e-02,7.782422006130218506e-02,6.697431951761245728e-02,5.107358843088150024e-02
5.626131221652030945e-02,1.530599296092987061e-01,6.331857293844223022e-02,6.144777685403823853e-02,9.238317608833312988e-02,8.605401217937469482e-02,8.684772998094558716e-02,6.642700731754302979e-02,5.971860885620117188e-02,4.767743870615959167e-02
5.942495167255401611e-02,1.586693078279495239e-01,6.670734286308288574e-02,5.028839409351348877e-02,7.871566712856292725e-02,7.904800772666931152e-02,8.261194080114364624e-02,7.567612826824188232e-02,5.744364485144615173e-02,6.126093864440917969e-02
6.780535727739334106e-02,1.529696285724639893e-01,7.617012411355972290e-02,4.666014760732650757e-02,8.329965174198150635e-02,8.295840770006179810e-02,8.031218498945236206e-02,7.097812741994857788e-02,5.505834519863128662e-02,6.225887313485145569e-02
5.833382904529571533e-02,1.619701981544494629e-01,6.298553943634033203e-02,5.894500389695167542e-02,8.226262032985687256e-02,7.534766197204589844e-02,9.093122929334640503e-02,6.019360199570655823e-02,7.297988981008529663e-02,4.894526302814483643e-02
5.906208604574203491e-02,1.552816182374954224e-01,6.963335722684860229e-02,5.300394818186759949e-02,8.718663454055786133e-02,9.847927838563919067e-02,9.136345982551574707e-02,6.131827458739280701e-02,6.112529337406158447e-02,5.257944762706756592e-02
6.131862476468086243e-02,1.447668224573135376e-01,6.616020202636718750e-02,6.332474946975708008e-02,7.980161905288696289e-02,8.026970177888870239e-02,9.110686928033828735e-02,6.359519809484481812e-02,5.961249768733978271e-02,5.120560899376869202e-02
7.105930894613265991e-02,1.492041498422622681e-01,6.742452085018157959e-02,5.506269633769989014e-02,8.047746866941452026e-02,8.455183357000350952e-02,7.088869810104370117e-02,6.799337267875671387e-02,6.883967667818069458e-02,6.173931062221527100e-02
5.713421851396560669e-02,1.495580673217773438e-01,6.551599502563476562e-02,4.591145738959312439e-02,8.310725539922714233e-02,7.492990791797637939e-02,8.207537233829498291e-02,6.677226722240447998e-02,5.140271410346031189e-02,5.702104419469833374e-02
5.356568098068237305e-02,1.577160507440567017e-01,7.094189524650573730e-02,5.576009303331375122e-02,8.054470270872116089e-02,7.824335247278213501e-02,8.881830424070358276e-02,6.581343710422515869e-02,5.848642438650131226e-02,5.426876991987228394e-02
5.221987143158912659e-02,1.399694234132766724e-01,6.296575069427490234e-02,5.162591859698295593e-02,8.079598844051361084e-02,7.924848049879074097e-02,9.918013960123062134e-02,7.049247622489929199e-02,5.916244909167289734e-02,6.299037486314773560e-02
6.185442954301834106e-02,1.469587981700897217e-01,5.673735961318016052e-02,5.165112763643264771e-02,7.861179113388061523e-02,8.387850970029830933e-02,9.583614766597747803e-02,6.655214726924896240e-02,5.432825908064842224e-02,6.301445513963699341e-02
5.288907885551452637e-02,1.548884063959121704e-01,5.934643000364303589e-02,4.530325159430503845e-02,9.286880493164062500e-02,7.306129485368728638e-02,8.655147254467010498e-02,7.293588668107986450e-02,6.831132620573043823e-02,5.543344095349311829e-02
6.644076108932495117e-02,1.613752841949462891e-01,6.904630362987518311e-02,5.754894390702247620e-02,7.349149137735366821e-02,8.468782156705856323e-02,8.353606611490249634e-02,5.816044658422470093e-02,6.321047991514205933e-02,5.162729322910308838e-02
5.545375123620033264e-02,1.470065265893936157e-01,7.772438973188400269e-02,6.309713423252105713e-02,8.143340796232223511e-02,8.237394690513610840e-02,8.966565132141113281e-02,6.693729758262634277e-02,6.359125673770904541e-02,5.445571616291999817e-02
5.815862491726875305e-02,1.516320258378982544e-01,5.891383066773414612e-02,5.419209599494934082e-02,7.842516154050827026e-02,6.962456554174423218e-02,7.540887594223022461e-02,7.716064155101776123e-02,5.078931897878646851e-02,5.131136253476142883e-02
6.228429451584815979e-02,1.541798263788223267e-01,5.736612528562545776e-02,4.855024442076683044e-02,7.810568809509277344e-02,7.029911875724792480e-02,8.247104287147521973e-02,5.522451922297477722e-02,5.399353057146072388e-02,6.226679310202598572e-02
5.894044786691665649e-02,1.421533524990081787e-01,6.649550050497055054e-02,5.222662165760993958e-02,7.825142145156860352e-02,7.769518345594406128e-02,1.013749018311500549e-01,6.026843190193176270e-02,6.653661280870437622e-02,5.478821694850921631e-02
5.637592449784278870e-02,1.469354331493377686e-01,6.562469899654388428e-02,4.991371184587478638e-02,8.003793656826019287e-02,7.408304512500762939e-02,7.500884681940078735e-02,6.588841974735260010e-02,5.750307813286781311e-02,4.362654685974121094e-02
5.480717867612838745e-02,1.495233029127120972e-01,6.457492709159851074e-02,5.090247839689254761e-02,8.203034102916717529e-02,7.970533519983291626e-02,8.190624415874481201e-02,6.608627736568450928e-02,5.516548454761505127e-02,4.946009442210197449e-02
6.403785198926925659e-02,1.476068198680877686e-01,6.125138700008392334e-02,4.895462095737457275e-02,7.761338353157043457e-02,7.246920466423034668e-02,6.962178647518157959e-02,6.213761493563652039e-02,5.439848452806472778e-02,5.908356979489326477e-02
5.593319609761238098e-02,1.322661340236663818e-01,5.949420854449272156e-02,4.420779645442962646e-02,7.382639497518539429e-02,8.775565773248672485e-02,9.302622079849243164e-02,6.676678359508514404e-02,5.744008719921112061e-02,5.077237263321876526e-02
6.074010580778121948e-02,1.343499571084976196e-01,6.344798952341079712e-02,5.392245948314666748e-02,9.121897816658020020e-02,7.598388195037841797e-02,7.737381011247634888e-02,7.302307337522506714e-02,6.451906263828277588e-02,5.671713128685951233e-02
5.344420298933982849e-02,1.301624178886413574e-01,6.319425255060195923e-02,5.759704858064651489e-02,8.214749395847320557e-02,7.792305946350097656e-02,7.517223805189132690e-02,6.127218157052993774e-02,5.992013216018676758e-02,5.220385268330574036e-02
6.351102888584136963e-02,1.495451778173446655e-01,5.956583470106124878e-02,6.015051156282424927e-02,7.181952893733978271e-02,7.445611059665679932e-02,8.532939851284027100e-02,6.134449318051338196e-02,4.669936373829841614e-02,5.463014170527458191e-02
5.643099546432495117e-02,1.293862611055374146e-01,5.377889797091484070e-02,4.084822535514831543e-02,7.424951344728469849e-02,7.415630668401718140e-02,7.475202530622482300e-02,7.808315008878707886e-02,6.604140251874923706e-02,5.659282580018043518e-02
5.393785983324050903e-02,1.303629726171493530e-01,7.846233248710632324e-02,5.707783997058868408e-02,7.788644731044769287e-02,6.924773752689361572e-02,7.739485800266265869e-02,5.837031081318855286e-02,5.261803790926933289e-02,5.081938207149505615e-02
5.362029373645782471e-02,1.350787132978439331e-01,7.070772349834442139e-02,6.850163638591766357e-02,7.824390381574630737e-02,8.169446140527725220e-02,7.911530137062072754e-02,5.242214351892471313e-02,5.734525620937347412e-02,5.296571180224418640e-02
4.911937192082405090e-02,1.253925263881683350e-01,6.678003817796707153e-02,5.261020734906196594e-02,7.169339060783386230e-02,8.005609363317489624e-02,7.627759128808975220e-02,5.398480594158172607e-02,5.589015036821365356e-02,3.810438886284828186e-02
5.177619680762290955e-02,1.218743324279785156e-01,7.277684658765792847e-02,4.907885193824768066e-02,7.670716941356658936e-02,7.476375252008438110e-02,8.841178566217422485e-02,6.120031327009201050e-02,5.790490657091140747e-02,5.155789107084274292e-02
5.898285284638404846e-02,1.350574195384979248e-01,4.893823713064193726e-02,5.704063177108764648e-02,7.080838829278945923e-02,7.059699296951293945e-02,7.705885171890258789e-02,6.027526408433914185e-02,5.377700179815292358e-02,4.628784582018852234e-02
5.857197940349578857e-02,1.283507943153381348e-01,5.598822981119155884e-02,5.646965280175209045e-02,8.056361228227615356e-02,8.040095120668411255e-02,7.307974994182586670e-02,6.272617727518081665e-02,5.088301375508308411e-02,5.313197150826454163e-02
5.336150154471397400e-02,1.250153183937072754e-01,5.519218370318412781e-02,5.688732489943504333e-02,7.656795531511306763e-02,8.398706465959548950e-02,8.217066526412963867e-02,7.695163041353225708e-02,5.704656243324279785e-02,5.029890313744544983e-02
5.667665600776672363e-02,1.130255609750747681e-01,7.105240225791931152e-02,4.920003935694694519e-02,8.320710808038711548e-02,7.656695693731307983e-02,7.460935413837432861e-02,6.738842278718948364e-02,6.126466393470764160e-02,4.902269318699836731e-02
5.875923112034797668e-02,1.433487683534622192e-01,6.033547967672348022e-02,4.167721047997474670e-02,8.576313406229019165e-02,6.950608640909194946e-02,8.160776644945144653e-02,5.658921226859092712e-02,5.102998390793800354e-02,5.355970934033393860e-02
4.958174005150794983e-02,1.255270540714263916e-01,6.204272806644439697e-02,5.564059317111968994e-02,6.758692115545272827e-02,7.363032549619674683e-02,7.803584635257720947e-02,6.732295453548431396e-02,4.802996665239334106e-02,4.190893843770027161e-02
5.647958815097808838e-02,1.274430751800537109e-01,5.105097964406013489e-02,5.277507379651069641e-02,6.960885226726531982e-02,6.753426045179367065e-02,7.640992105007171631e-02,6.149585545063018799e-02,4.849347844719886780e-02,5.890065059065818787e-02
5.223915725946426392e-02,1.202380806207656860e-01,5.515899881720542908e-02,6.220325082540512085e-02,8.421123772859573364e-02,8.036885410547256470e-02,7.517070323228836060e-02,6.145350635051727295e-02,4.627049714326858521e-02,4.922723770141601562e-02
5.814667046070098877e-02,1.191936284303665161e-01,6.536433845758438110e-02,6.401071697473526001e-02,7.752057909965515137e-02,7.555557042360305786e-02,6.459519267082214355e-02,6.805197149515151978e-02,7.277598977088928223e-02,5.153322592377662659e-02
4.931141436100006104e-02,1.121431365609169006e-01,5.852662399411201477e-02,4.942644387483596802e-02,8.045183122158050537e-02,7.598853111267089844e-02,7.635589689016342163e-02,6.092761829495429993e-02,5.589375272393226624e-02,4.438327997922897339e-02
5.043122917413711548e-02,1.330242902040481567e-01,6.765921413898468018e-02,3.772486746311187744e-02,7.398787140846252441e-02,6.277877092361450195e-02,8.164700120687484741e-02,6.832556426525115967e-02,4.962803050875663757e-02,5.585310980677604675e-02
6.278630346059799194e-02,1.286815553903579712e-01,6.780080497264862061e-02,5.027461051940917969e-02,7.654350250959396362e-02,8.102619647979736328e-02,8.665404468774795532e-02,7.117484509944915771e-02,4.922582581639289856e-02,4.258624464273452759e-02
4.993147403001785278e-02,1.054817065596580505e-01,5.701158568263053894e-02,5.615253373980522156e-02,8.318618685007095337e-02,6.691207736730575562e-02,6.204148754477500916e-02,6.235266104340553284e-02,5.346334353089332581e-02,5.478347465395927429e-02
4.816946759819984436e-02,1.209589689970016479e-01,5.375548824667930603e-02,5.708227679133415222e-02,7.388316839933395386e-02,6.637122482061386108e-02,7.554638385772705078e-02,4.508329927921295166e-02,5.680749937891960144e-02,4.928433895111083984e-02
5.508401617407798767e-02,1.208982467651367188e-01,5.909035354852676392e-02,4.041796922683715820e-02,6.182149425148963928e-02,8.044443279504776001e-02,7.945406436920166016e-02,6.785859912633895874e-02,5.697784572839736938e-02,4.415224865078926086e-02
5.890035629272460938e-02,1.068172156810760498e-01,6.228273734450340271e-02,5.511518940329551697e-02,7.064935564994812012e-02,6.552194058895111084e-02,8.327326923608779907e-02,6.441409885883331299e-02,6.414737552404403687e-02,4.853674396872520447e-02
