5.415617227554321289e-01,5.390428304672241211e-01,5.214105844497680664e-01,5.372796058654785156e-01,5.307304859161376953e-01,5.327455997467041016e-01,5.241813659667968750e-01,5.372796058654785156e-01,5.390428304672241211e-01,5.302267074584960938e-01
5.516372919082641602e-01,5.460957288742065430e-01,5.574307441711425781e-01,5.458438396453857422e-01,5.335012674331665039e-01,5.395466089248657227e-01,5.433249473571777344e-01,5.508816242218017578e-01,5.375314950942993164e-01,5.370277166366577148e-01
5.826196670532226562e-01,5.712846517562866211e-01,5.909320116043090820e-01,5.632241964340209961e-01,5.612090826034545898e-01,5.541561841964721680e-01,5.884131193161010742e-01,5.617128610610961914e-01,5.622166395187377930e-01,5.455919504165649414e-01
6.234257221221923828e-01,6.105793714523315430e-01,6.294710040092468262e-01,5.972292423248291016e-01,6.002519130706787109e-01,5.697733163833618164e-01,6.256926655769348145e-01,5.924433469772338867e-01,5.962216854095458984e-01,5.612090826034545898e-01
6.602014899253845215e-01,6.420654654502868652e-01,6.584382653236389160e-01,6.329974532127380371e-01,6.362720131874084473e-01,6.073048114776611328e-01,6.649873852729797363e-01,6.133501529693603516e-01,6.279596686363220215e-01,5.957179069519042969e-01
6.921914219856262207e-01,6.758186221122741699e-01,6.911838650703430176e-01,6.745591759681701660e-01,6.778337359428405762e-01,6.267002224922180176e-01,6.901763081550598145e-01,6.382871270179748535e-01,6.579344868659973145e-01,6.226700544357299805e-01
7.241813540458679199e-01,6.947103142738342285e-01,7.148614525794982910e-01,7.007556557655334473e-01,7.090680003166198730e-01,6.596977114677429199e-01,7.198992371559143066e-01,6.657430529594421387e-01,6.861460804939270020e-01,6.584382653236389160e-01
7.460957169532775879e-01,7.161208987236022949e-01,7.410579323768615723e-01,7.342569231986999512e-01,7.314861416816711426e-01,6.853904128074645996e-01,7.397984862327575684e-01,6.934508681297302246e-01,7.130982279777526855e-01,6.795969605445861816e-01
7.586901783943176270e-01,7.335012555122375488e-01,7.743073105812072754e-01,7.637279629707336426e-01,7.465994954109191895e-01,6.972292065620422363e-01,7.619647383689880371e-01,7.141057848930358887e-01,7.297229170799255371e-01,7.105793356895446777e-01
7.816120982170104980e-01,7.534005045890808105e-01,7.783375382423400879e-01,7.753148674964904785e-01,7.629722952842712402e-01,7.113350033760070801e-01,7.831234335899353027e-01,7.385390400886535645e-01,7.534005045890808105e-01,7.256926894187927246e-01
7.926952242851257324e-01,7.549118399620056152e-01,7.977330088615417480e-01,7.826196551322937012e-01,7.760705351829528809e-01,7.362720370292663574e-01,7.926952242851257324e-01,7.549118399620056152e-01,7.695214152336120605e-01,7.488664984703063965e-01
8.002519011497497559e-01,7.712846398353576660e-01,8.108312487602233887e-01,7.929471135139465332e-01,7.831234335899353027e-01,7.496221661567687988e-01,8.085642457008361816e-01,7.536523938179016113e-01,7.871536612510681152e-01,7.622166275978088379e-01
8.015113472938537598e-01,7.869017720222473145e-01,8.241813778877258301e-01,8.070529103279113770e-01,7.979848980903625488e-01,7.612090706825256348e-01,8.103274703025817871e-01,7.743073105812072754e-01,7.934508919715881348e-01,7.662468552589416504e-01
8.178841471672058105e-01,7.904282212257385254e-01,8.307304978370666504e-01,8.118388056755065918e-01,8.085642457008361816e-01,7.634760737419128418e-01,8.216624855995178223e-01,7.848866581916809082e-01,7.997481226921081543e-01,7.901763319969177246e-01
8.158690333366394043e-01,8.027707934379577637e-01,8.367758393287658691e-01,8.224181532859802246e-01,8.158690333366394043e-01,7.657430768013000488e-01,8.314861655235290527e-01,7.884131073951721191e-01,8.108312487602233887e-01,7.921914458274841309e-01
8.254408240318298340e-01,8.080604672431945801e-01,8.473551869392395020e-01,8.340050578117370605e-01,8.191435933113098145e-01,7.798488736152648926e-01,8.380352854728698730e-01,7.843828797340393066e-01,8.267002701759338379e-01,7.984886765480041504e-01
8.304786086082458496e-01,8.151133656501770020e-01,8.614609837532043457e-01,8.438287377357482910e-01,8.267002701759338379e-01,7.929471135139465332e-01,8.440806269645690918e-01,8.047859072685241699e-01,8.272040486335754395e-01,8.120906949043273926e-01
8.420655131340026855e-01,8.214105963706970215e-01,8.624685406684875488e-01,8.415617346763610840e-01,8.277078270912170410e-01,7.911838889122009277e-01,8.418136239051818848e-01,8.141058087348937988e-01,8.254408240318298340e-01,8.133501410484313965e-01
8.498740792274475098e-01,8.163728117942810059e-01,8.591939806938171387e-01,8.498740792274475098e-01,8.370277285575866699e-01,8.030226826667785645e-01,8.511335253715515137e-01,8.095718026161193848e-01,8.400503993034362793e-01,8.264483809471130371e-01
8.483627438545227051e-01,8.246851563453674316e-01,8.712846636772155762e-01,8.506297469139099121e-01,8.408060669898986816e-01,8.042821288108825684e-01,8.586902022361755371e-01,8.289672732353210449e-01,8.463476300239562988e-01,8.178841471672058105e-01
8.554156422615051270e-01,8.395466208457946777e-01,8.690176606178283691e-01,8.488665223121643066e-01,8.460957407951354980e-01,8.098236918449401855e-01,8.576826453208923340e-01,8.216624855995178223e-01,8.521410822868347168e-01,8.319899439811706543e-01
8.561713099479675293e-01,8.415617346763610840e-01,8.785893917083740234e-01,8.619647622108459473e-01,8.465995192527770996e-01,8.088161349296569824e-01,8.634760975837707520e-01,8.216624855995178223e-01,8.554156422615051270e-01,8.352645039558410645e-01
8.637279868125915527e-01,8.435768485069274902e-01,8.780856132507324219e-01,8.602015376091003418e-01,8.564231991767883301e-01,8.191435933113098145e-01,8.584383130073547363e-01,8.405541777610778809e-01,8.564231991767883301e-01,8.309823870658874512e-01
8.644836544990539551e-01,8.546599745750427246e-01,8.765742778778076172e-01,8.685138821601867676e-01,8.599496483802795410e-01,8.216624855995178223e-01,8.717884421348571777e-01,8.390428423881530762e-01,8.564231991767883301e-01,8.352645039558410645e-01
8.740554451942443848e-01,8.551637530326843262e-01,8.889168500900268555e-01,8.629723191261291504e-01,8.581864237785339355e-01,8.272040486335754395e-01,8.808563947677612305e-01,8.433249592781066895e-01,8.632242083549499512e-01,8.433249592781066895e-01
8.758186101913452148e-01,8.586902022361755371e-01,8.881611824035644531e-01,8.783375024795532227e-01,8.654912114143371582e-01,8.188917040824890137e-01,8.717884421348571777e-01,8.478589653968811035e-01,8.675063252449035645e-01,8.493703007698059082e-01
8.750629425048828125e-01,8.634760975837707520e-01,8.926951885223388672e-01,8.750629425048828125e-01,8.657431006431579590e-01,8.340050578117370605e-01,8.725441098213195801e-01,8.486146330833435059e-01,8.644836544990539551e-01,8.471032977104187012e-01
8.801007270812988281e-01,8.612090945243835449e-01,8.889168500900268555e-01,8.743073344230651855e-01,8.712846636772155762e-01,8.332493901252746582e-01,8.853904008865356445e-01,8.559194207191467285e-01,8.675063252449035645e-01,8.534005284309387207e-01
8.790931701660156250e-01,8.619647622108459473e-01,8.926951885223388672e-01,8.891687393188476562e-01,8.773299455642700195e-01,8.370277285575866699e-01,8.851385116577148438e-01,8.536524176597595215e-01,8.732997775077819824e-01,8.503778576850891113e-01
8.785893917083740234e-01,8.717884421348571777e-01,8.972291946411132812e-01,8.818639516830444336e-01,8.707808852195739746e-01,8.400503993034362793e-01,8.816120624542236328e-01,8.589420914649963379e-01,8.765742778778076172e-01,8.589420914649963379e-01
8.843828439712524414e-01,8.682619929313659668e-01,8.982367515563964844e-01,8.813601732254028320e-01,8.803526163101196289e-01,8.468514084815979004e-01,8.954659700393676758e-01,8.564231991767883301e-01,8.765742778778076172e-01,8.586902022361755371e-01
8.826196193695068359e-01,8.750629425048828125e-01,9.035264253616333008e-01,8.889168500900268555e-01,8.788412809371948242e-01,8.486146330833435059e-01,8.937027454376220703e-01,8.695214390754699707e-01,8.851385116577148438e-01,8.614609837532043457e-01
8.967254161834716797e-01,8.758186101913452148e-01,8.954659700393676758e-01,8.811082839965820312e-01,8.765742778778076172e-01,8.324937224388122559e-01,8.858941793441772461e-01,8.680101037025451660e-01,8.818639516830444336e-01,8.639798760414123535e-01
8.931989669799804688e-01,8.811082839965820312e-01,9.050377607345581055e-01,8.813601732254028320e-01,8.690176606178283691e-01,8.455919623374938965e-01,9.037783145904541016e-01,8.659949898719787598e-01,8.803526163101196289e-01,8.627204298973083496e-01
8.987405300140380859e-01,8.768261671066284180e-01,9.015113115310668945e-01,8.974810838699340820e-01,8.811082839965820312e-01,8.503778576850891113e-01,8.964735269546508789e-01,8.692695498466491699e-01,8.916876316070556641e-01,8.707808852195739746e-01
8.841309547424316406e-01,8.738035559654235840e-01,9.007556438446044922e-01,8.944584131240844727e-01,8.919395208358764648e-01,8.486146330833435059e-01,8.984886407852172852e-01,8.788412809371948242e-01,8.906800746917724609e-01,8.657431006431579590e-01
8.906800746917724609e-01,8.793450593948364258e-01,9.075566530227661133e-01,8.934508562088012695e-01,8.911838531494140625e-01,8.551637530326843262e-01,8.962216377258300781e-01,8.768261671066284180e-01,8.780856132507324219e-01,8.765742778778076172e-01
8.911838531494140625e-01,8.921914100646972656e-01,9.012594223022460938e-01,8.982367515563964844e-01,8.904281854629516602e-01,8.629723191261291504e-01,8.989924192428588867e-01,8.662468791007995605e-01,8.994961977005004883e-01,8.720403313636779785e-01
8.994961977005004883e-01,8.942065238952636719e-01,8.982367515563964844e-01,8.891687393188476562e-01,8.977329730987548828e-01,8.594458699226379395e-01,9.065490961074829102e-01,8.745592236518859863e-01,8.959697484970092773e-01,8.760704994201660156e-01
9.005037546157836914e-01,8.863979578018188477e-01,9.209067821502685547e-01,9.057934284210205078e-01,8.982367515563964844e-01,8.624685406684875488e-01,9.110831022262573242e-01,8.748111128807067871e-01,8.919395208358764648e-01,8.758186101913452148e-01
8.987405300140380859e-01,8.828715085983276367e-01,9.080604314804077148e-01,9.110831022262573242e-01,8.914357423782348633e-01,8.692695498466491699e-01,9.065490961074829102e-01,8.778337240219116211e-01,9.015113115310668945e-01,8.768261671066284180e-01
9.017632007598876953e-01,8.962216377258300781e-01,9.025188684463500977e-01,8.994961977005004883e-01,8.954659700393676758e-01,8.685138821601867676e-01,9.057934284210205078e-01,8.851385116577148438e-01,8.944584131240844727e-01,8.801007270812988281e-01
9.015113115310668945e-01,8.947103023529052734e-01,9.103274345397949219e-01,9.103274345397949219e-01,8.957178592681884766e-01,8.717884421348571777e-01,9.002518653869628906e-01,8.823677301406860352e-01,8.972291946411132812e-01,8.813601732254028320e-01
9.057934284210205078e-01,9.005037546157836914e-01,9.110831022262573242e-01,9.047858715057373047e-01,9.022669792175292969e-01,8.748111128807067871e-01,9.113349914550781250e-01,8.853904008865356445e-01,9.037783145904541016e-01,8.843828439712524414e-01
9.052896499633789062e-01,8.982367515563964844e-01,9.090679883956909180e-01,9.052896499633789062e-01,8.942065238952636719e-01,8.732997775077819824e-01,9.171284437179565430e-01,8.841309547424316406e-01,9.025188684463500977e-01,8.909319639205932617e-01
9.090679883956909180e-01,8.989924192428588867e-01,9.153652191162109375e-01,9.083123207092285156e-01,9.037783145904541016e-01,8.808563947677612305e-01,9.178841114044189453e-01,8.869017362594604492e-01,9.050377607345581055e-01,8.833752870559692383e-01
9.078085422515869141e-01,9.057934284210205078e-01,9.123425483703613281e-01,9.100755453109741211e-01,9.030226469039916992e-01,8.722922205924987793e-01,9.186397790908813477e-01,8.866498470306396484e-01,9.030226469039916992e-01,8.982367515563964844e-01
9.080604314804077148e-01,9.075566530227661133e-01,9.153652191162109375e-01,9.100755453109741211e-01,9.007556438446044922e-01,8.823677301406860352e-01,9.120906591415405273e-01,8.869017362594604492e-01,8.959697484970092773e-01,8.861460685729980469e-01
9.095717668533325195e-01,8.999999761581420898e-01,9.173803329467773438e-01,9.120906591415405273e-01,9.088160991668701172e-01,8.858941793441772461e-01,9.161208868026733398e-01,8.909319639205932617e-01,9.093198776245117188e-01,8.899244070053100586e-01
9.130982160568237305e-01,9.040302038192749023e-01,9.143576622009277344e-01,9.103274345397949219e-01,9.060453176498413086e-01,8.823677301406860352e-01,9.158689975738525391e-01,8.896725177764892578e-01,9.120906591415405273e-01,8.949621915817260742e-01
9.085642099380493164e-01,9.035264253616333008e-01,9.128463268280029297e-01,9.166246652603149414e-01,9.065490961074829102e-01,8.811082839965820312e-01,9.229218959808349609e-01,8.886649608612060547e-01,9.128463268280029297e-01,8.901762962341308594e-01
9.151133298873901367e-01,9.057934284210205078e-01,9.158689975738525391e-01,9.151133298873901367e-01,9.103274345397949219e-01,8.826196193695068359e-01,9.183878898620605469e-01,8.889168500900268555e-01,8.979848623275756836e-01,8.992443084716796875e-01
9.110831022262573242e-01,9.143576622009277344e-01,9.171284437179565430e-01,9.100755453109741211e-01,9.118387699127197266e-01,8.823677301406860352e-01,9.176322221755981445e-01,8.974810838699340820e-01,9.133501052856445312e-01,9.052896499633789062e-01
9.158689975738525391e-01,9.110831022262573242e-01,9.136019945144653320e-01,9.120906591415405273e-01,9.148614406585693359e-01,8.869017362594604492e-01,9.234256744384765625e-01,8.929470777511596680e-01,9.110831022262573242e-01,9.005037546157836914e-01
9.216624498367309570e-01,9.118387699127197266e-01,9.125944375991821289e-01,9.224181175231933594e-01,9.204030036926269531e-01,8.818639516830444336e-01,9.264483451843261719e-01,8.874055147171020508e-01,9.141057729721069336e-01,8.974810838699340820e-01
9.246851205825805664e-01,9.148614406585693359e-01,9.156171083450317383e-01,9.231737852096557617e-01,9.115868806838989258e-01,8.952140808105468750e-01,9.193954467773437500e-01,8.916876316070556641e-01,9.186397790908813477e-01,9.012594223022460938e-01
9.181360006332397461e-01,9.136019945144653320e-01,9.224181175231933594e-01,9.158689975738525391e-01,9.138538837432861328e-01,8.911838531494140625e-01,9.211586713790893555e-01,8.969773054122924805e-01,9.133501052856445312e-01,9.025188684463500977e-01
9.201511144638061523e-01,9.055415391921997070e-01,9.279596805572509766e-01,9.118387699127197266e-01,9.186397790908813477e-01,8.959697484970092773e-01,9.312342405319213867e-01,8.959697484970092773e-01,9.168765544891357422e-01,9.040302038192749023e-01
9.221662282943725586e-01,9.136019945144653320e-01,9.279596805572509766e-01,9.219143390655517578e-01,9.146095514297485352e-01,8.881611824035644531e-01,9.337531328201293945e-01,8.984886407852172852e-01,9.133501052856445312e-01,9.040302038192749023e-01
9.188916683197021484e-01,9.148614406585693359e-01,9.214105606079101562e-01,9.241813421249389648e-01,9.166246652603149414e-01,8.977329730987548828e-01,9.256926774978637695e-01,8.997480869293212891e-01,9.115868806838989258e-01,9.105793237686157227e-01
9.173803329467773438e-01,9.161208868026733398e-01,9.214105606079101562e-01,9.269521236419677734e-01,9.188916683197021484e-01,8.949621915817260742e-01,9.249370098114013672e-01,8.969773054122924805e-01,9.204030036926269531e-01,9.042820930480957031e-01
9.261964559555053711e-01,9.171284437179565430e-01,9.269521236419677734e-01,9.279596805572509766e-01,9.173803329467773438e-01,8.944584131240844727e-01,9.287153482437133789e-01,9.052896499633789062e-01,9.166246652603149414e-01,9.050377607345581055e-01
9.304785728454589844e-01,9.146095514297485352e-01,9.201511144638061523e-01,9.264483451843261719e-01,9.168765544891357422e-01,8.937027454376220703e-01,9.287153482437133789e-01,9.025188684463500977e-01,9.231737852096557617e-01,9.052896499633789062e-01
9.188916683197021484e-01,9.196473360061645508e-01,9.244332313537597656e-01,9.279596805572509766e-01,9.168765544891357422e-01,9.037783145904541016e-01,9.357682466506958008e-01,8.987405300140380859e-01,9.211586713790893555e-01,9.115868806838989258e-01
9.289672374725341797e-01,9.103274345397949219e-01,9.234256744384765625e-01,9.239294528961181641e-01,9.191435575485229492e-01,9.052896499633789062e-01,9.309823513031005859e-01,8.999999761581420898e-01,9.234256744384765625e-01,9.068009853363037109e-01
9.236775636672973633e-01,9.148614406585693359e-01,9.211586713790893555e-01,9.234256744384765625e-01,9.264483451843261719e-01,8.957178592681884766e-01,9.352644681930541992e-01,9.030226469039916992e-01,9.186397790908813477e-01,9.123425483703613281e-01
9.249370098114013672e-01,9.166246652603149414e-01,9.261964559555053711e-01,9.256926774978637695e-01,9.259445667266845703e-01,9.025188684463500977e-01,9.314861297607421875e-01,9.085642099380493164e-01,9.173803329467773438e-01,9.143576622009277344e-01
9.256926774978637695e-01,9.153652191162109375e-01,9.246851205825805664e-01,9.307304620742797852e-01,9.115868806838989258e-01,8.952140808105468750e-01,9.297229051589965820e-01,9.080604314804077148e-01,9.196473360061645508e-01,9.123425483703613281e-01
9.246851205825805664e-01,9.251888990402221680e-01,9.234256744384765625e-01,9.297229051589965820e-01,9.241813421249389648e-01,9.045339822769165039e-01,9.317380189895629883e-01,9.090679883956909180e-01,9.254407882690429688e-01,9.093198776245117188e-01
9.234256744384765625e-01,9.158689975738525391e-01,9.231737852096557617e-01,9.292191267013549805e-01,9.269521236419677734e-01,8.979848623275756836e-01,9.370276927947998047e-01,9.042820930480957031e-01,9.284634590148925781e-01,9.171284437179565430e-01
9.269521236419677734e-01,9.267002344131469727e-01,9.292191267013549805e-01,9.221662282943725586e-01,9.209067821502685547e-01,9.136019945144653320e-01,9.397984743118286133e-01,9.073047637939453125e-01,9.259445667266845703e-01,9.130982160568237305e-01
9.251888990402221680e-01,9.264483451843261719e-01,9.249370098114013672e-01,9.251888990402221680e-01,9.219143390655517578e-01,8.984886407852172852e-01,9.410579204559326172e-01,9.088160991668701172e-01,9.284634590148925781e-01,9.078085422515869141e-01
9.239294528961181641e-01,9.221662282943725586e-01,9.272040128707885742e-01,9.297229051589965820e-01,9.279596805572509766e-01,9.141057729721069336e-01,9.365239143371582031e-01,9.083123207092285156e-01,9.307304620742797852e-01,9.211586713790893555e-01
9.304785728454589844e-01,9.267002344131469727e-01,9.312342405319213867e-01,9.317380189895629883e-01,9.314861297607421875e-01,9.070528745651245117e-01,9.392946958541870117e-01,9.100755453109741211e-01,9.264483451843261719e-01,9.146095514297485352e-01
9.277077913284301758e-01,9.267002344131469727e-01,9.307304620742797852e-01,9.312342405319213867e-01,9.264483451843261719e-01,9.178841114044189453e-01,9.352644681930541992e-01,9.080604314804077148e-01,9.284634590148925781e-01,9.191435575485229492e-01
9.319899082183837891e-01,9.277077913284301758e-01,9.224181175231933594e-01,9.327455759048461914e-01,9.236775636672973633e-01,9.080604314804077148e-01,9.370276927947998047e-01,9.171284437179565430e-01,9.269521236419677734e-01,9.221662282943725586e-01
9.355163574218750000e-01,9.277077913284301758e-01,9.299747943878173828e-01,9.307304620742797852e-01,9.209067821502685547e-01,9.040302038192749023e-01,9.443324804306030273e-01,9.183878898620605469e-01,9.277077913284301758e-01,9.211586713790893555e-01
9.309823513031005859e-01,9.289672374725341797e-01,9.335012435913085938e-01,9.322417974472045898e-01,9.261964559555053711e-01,9.118387699127197266e-01,9.440805912017822266e-01,9.085642099380493164e-01,9.279596805572509766e-01,9.214105606079101562e-01
9.294710159301757812e-01,9.314861297607421875e-01,9.289672374725341797e-01,9.355163574218750000e-01,9.340050220489501953e-01,9.125944375991821289e-01,9.440805912017822266e-01,9.168765544891357422e-01,9.297229051589965820e-01,9.211586713790893555e-01
9.279596805572509766e-01,9.254407882690429688e-01,9.307304620742797852e-01,9.382871389389038086e-01,9.302266836166381836e-01,9.123425483703613281e-01,9.380352497100830078e-01,9.206548929214477539e-01,9.294710159301757812e-01,9.264483451843261719e-01
9.304785728454589844e-01,9.299747943878173828e-01,9.269521236419677734e-01,9.342569112777709961e-01,9.191435575485229492e-01,9.118387699127197266e-01,9.342569112777709961e-01,9.115868806838989258e-01,9.304785728454589844e-01,9.206548929214477539e-01
9.355163574218750000e-01,9.304785728454589844e-01,9.279596805572509766e-01,9.337531328201293945e-01,9.254407882690429688e-01,9.211586713790893555e-01,9.435768127441406250e-01,9.133501052856445312e-01,9.282115697860717773e-01,9.216624498367309570e-01
9.312342405319213867e-01,9.254407882690429688e-01,9.370276927947998047e-01,9.322417974472045898e-01,9.324936866760253906e-01,9.209067821502685547e-01,9.481108188629150391e-01,9.105793237686157227e-01,9.329974651336669922e-01,9.254407882690429688e-01
9.342569112777709961e-01,9.342569112777709961e-01,9.277077913284301758e-01,9.335012435913085938e-01,9.274559020996093750e-01,9.166246652603149414e-01,9.390428066253662109e-01,9.120906591415405273e-01,9.355163574218750000e-01,9.244332313537597656e-01
9.360201358795166016e-01,9.335012435913085938e-01,9.319899082183837891e-01,9.410579204559326172e-01,9.350125789642333984e-01,9.166246652603149414e-01,9.405541419982910156e-01,9.171284437179565430e-01,9.335012435913085938e-01,9.294710159301757812e-01
9.370276927947998047e-01,9.342569112777709961e-01,9.282115697860717773e-01,9.327455759048461914e-01,9.380352497100830078e-01,9.095717668533325195e-01,9.531486034393310547e-01,9.219143390655517578e-01,9.365239143371582031e-01,9.256926774978637695e-01
9.362720251083374023e-01,9.256926774978637695e-01,9.319899082183837891e-01,9.455919265747070312e-01,9.329974651336669922e-01,9.153652191162109375e-01,9.471032619476318359e-01,9.125944375991821289e-01,9.362720251083374023e-01,9.251888990402221680e-01
9.342569112777709961e-01,9.345088005065917969e-01,9.314861297607421875e-01,9.385390281677246094e-01,9.319899082183837891e-01,9.070528745651245117e-01,9.481108188629150391e-01,9.173803329467773438e-01,9.249370098114013672e-01,9.264483451843261719e-01
9.433249235153198242e-01,9.385390281677246094e-01,9.312342405319213867e-01,9.365239143371582031e-01,9.392946958541870117e-01,9.130982160568237305e-01,9.468513727188110352e-01,9.249370098114013672e-01,9.372795820236206055e-01,9.269521236419677734e-01
9.403022527694702148e-01,9.445843696594238281e-01,9.327455759048461914e-01,9.387909173965454102e-01,9.392946958541870117e-01,9.153652191162109375e-01,9.448362588882446289e-01,9.234256744384765625e-01,9.390428066253662109e-01,9.246851205825805664e-01
9.355163574218750000e-01,9.342569112777709961e-01,9.294710159301757812e-01,9.430730342864990234e-01,9.304785728454589844e-01,9.193954467773437500e-01,9.453400373458862305e-01,9.166246652603149414e-01,9.322417974472045898e-01,9.322417974472045898e-01
9.307304620742797852e-01,9.375314712524414062e-01,9.327455759048461914e-01,9.380352497100830078e-01,9.329974651336669922e-01,9.141057729721069336e-01,9.488664865493774414e-01,9.236775636672973633e-01,9.345088005065917969e-01,9.241813421249389648e-01
9.329974651336669922e-01,9.357682466506958008e-01,9.357682466506958008e-01,9.418135881423950195e-01,9.372795820236206055e-01,9.143576622009277344e-01,9.443324804306030273e-01,9.214105606079101562e-01,9.332493543624877930e-01,9.329974651336669922e-01
9.403022527694702148e-01,9.403022527694702148e-01,9.284634590148925781e-01,9.433249235153198242e-01,9.380352497100830078e-01,9.201511144638061523e-01,9.415616989135742188e-01,9.211586713790893555e-01,9.387909173965454102e-01,9.241813421249389648e-01
9.403022527694702148e-01,9.345088005065917969e-01,9.272040128707885742e-01,9.428211450576782227e-01,9.350125789642333984e-01,9.163727760314941406e-01,9.483627080917358398e-01,9.196473360061645508e-01,9.327455759048461914e-01,9.269521236419677734e-01
9.455919265747070312e-01,9.329974651336669922e-01,9.337531328201293945e-01,9.403022527694702148e-01,9.355163574218750000e-01,9.226700067520141602e-01,9.468513727188110352e-01,9.219143390655517578e-01,9.377833604812622070e-01,9.279596805572509766e-01
9.370276927947998047e-01,9.410579204559326172e-01,9.367758035659790039e-01,9.448362588882446289e-01,9.382871389389038086e-01,9.261964559555053711e-01,9.433249235153198242e-01,9.261964559555053711e-01,9.319899082183837891e-01,9.355163574218750000e-01
9.405541419982910156e-01,9.314861297607421875e-01,9.350125789642333984e-01,9.453400373458862305e-01,9.428211450576782227e-01,9.181360006332397461e-01,9.491183757781982422e-01,9.246851205825805664e-01,9.425692558288574219e-01,9.294710159301757812e-01
9.435768127441406250e-01,9.362720251083374023e-01,9.314861297607421875e-01,9.458438158035278320e-01,9.309823513031005859e-01,9.181360006332397461e-01,9.493702650070190430e-01,9.277077913284301758e-01,9.377833604812622070e-01,9.337531328201293945e-01
9.395465850830078125e-01,9.377833604812622070e-01,9.314861297607421875e-01,9.392946958541870117e-01,9.408060312271118164e-01,9.231737852096557617e-01,9.473551511764526367e-01,9.287153482437133789e-01,9.415616989135742188e-01,9.332493543624877930e-01
9.430730342864990234e-01,9.362720251083374023e-01,9.375314712524414062e-01,9.481108188629150391e-01,9.347606897354125977e-01,9.216624498367309570e-01,9.455919265747070312e-01,9.209067821502685547e-01,9.433249235153198242e-01,9.367758035659790039e-01
9.397984743118286133e-01,9.425692558288574219e-01,9.314861297607421875e-01,9.440805912017822266e-01,9.433249235153198242e-01,9.141057729721069336e-01,9.413098096847534180e-01,9.287153482437133789e-01,9.395465850830078125e-01,9.397984743118286133e-01
9.430730342864990234e-01,9.433249235153198242e-01,9.362720251083374023e-01,9.448362588882446289e-01,9.440805912017822266e-01,9.226700067520141602e-01,9.513853788375854492e-01,9.279596805572509766e-01,9.443324804306030273e-01,9.307304620742797852e-01
9.460957050323486328e-01,9.395465850830078125e-01,9.345088005065917969e-01,9.440805912017822266e-01,9.415616989135742188e-01,9.216624498367309570e-01,9.435768127441406250e-01,9.299747943878173828e-01,9.413098096847534180e-01,9.350125789642333984e-01
9.430730342864990234e-01,9.428211450576782227e-01,9.362720251083374023e-01,9.413098096847534180e-01,9.357682466506958008e-01,9.231737852096557617e-01,9.448362588882446289e-01,9.216624498367309570e-01,9.413098096847534180e-01,9.435768127441406250e-01
9.408060312271118164e-01,9.403022527694702148e-01,9.332493543624877930e-01,9.521410465240478516e-01,9.403022527694702148e-01,9.211586713790893555e-01,9.493702650070190430e-01,9.256926774978637695e-01,9.362720251083374023e-01,9.319899082183837891e-01
9.443324804306030273e-01,9.410579204559326172e-01,9.312342405319213867e-01,9.423173666000366211e-01,9.420654773712158203e-01,9.274559020996093750e-01,9.493702650070190430e-01,9.261964559555053711e-01,9.420654773712158203e-01,9.357682466506958008e-01
9.425692558288574219e-01,9.423173666000366211e-01,9.337531328201293945e-01,9.405541419982910156e-01,9.435768127441406250e-01,9.314861297607421875e-01,9.473551511764526367e-01,9.221662282943725586e-01,9.418135881423950195e-01,9.289672374725341797e-01
9.433249235153198242e-01,9.355163574218750000e-01,9.367758035659790039e-01,9.473551511764526367e-01,9.453400373458862305e-01,9.236775636672973633e-01,9.498740434646606445e-01,9.274559020996093750e-01,9.430730342864990234e-01,9.423173666000366211e-01
9.476070404052734375e-01,9.410579204559326172e-01,9.392946958541870117e-01,9.486145973205566406e-01,9.425692558288574219e-01,9.244332313537597656e-01,9.488664865493774414e-01,9.309823513031005859e-01,9.400503635406494141e-01,9.413098096847534180e-01
9.430730342864990234e-01,9.408060312271118164e-01,9.347606897354125977e-01,9.403022527694702148e-01,9.418135881423950195e-01,9.241813421249389648e-01,9.536523818969726562e-01,9.312342405319213867e-01,9.473551511764526367e-01,9.377833604812622070e-01
9.435768127441406250e-01,9.445843696594238281e-01,9.337531328201293945e-01,9.463475942611694336e-01,9.405541419982910156e-01,9.289672374725341797e-01,9.546599388122558594e-01,9.234256744384765625e-01,9.423173666000366211e-01,9.362720251083374023e-01
9.453400373458862305e-01,9.415616989135742188e-01,9.355163574218750000e-01,9.425692558288574219e-01,9.440805912017822266e-01,9.314861297607421875e-01,9.528967142105102539e-01,9.309823513031005859e-01,9.392946958541870117e-01,9.385390281677246094e-01
9.528967142105102539e-01,9.418135881423950195e-01,9.370276927947998047e-01,9.443324804306030273e-01,9.405541419982910156e-01,9.249370098114013672e-01,9.511334896087646484e-01,9.307304620742797852e-01,9.463475942611694336e-01,9.362720251083374023e-01
9.435768127441406250e-01,9.478589296340942383e-01,9.395465850830078125e-01,9.453400373458862305e-01,9.382871389389038086e-01,9.261964559555053711e-01,9.554156064987182617e-01,9.309823513031005859e-01,9.397984743118286133e-01,9.403022527694702148e-01
9.478589296340942383e-01,9.443324804306030273e-01,9.382871389389038086e-01,9.496221542358398438e-01,9.430730342864990234e-01,9.297229051589965820e-01,9.536523818969726562e-01,9.302266836166381836e-01,9.496221542358398438e-01,9.435768127441406250e-01
9.420654773712158203e-01,9.460957050323486328e-01,9.360201358795166016e-01,9.430730342864990234e-01,9.433249235153198242e-01,9.239294528961181641e-01,9.579344987869262695e-01,9.322417974472045898e-01,9.511334896087646484e-01,9.387909173965454102e-01
9.531486034393310547e-01,9.438287019729614258e-01,9.430730342864990234e-01,9.473551511764526367e-01,9.430730342864990234e-01,9.289672374725341797e-01,9.584382772445678711e-01,9.317380189895629883e-01,9.486145973205566406e-01,9.420654773712158203e-01
9.468513727188110352e-01,9.476070404052734375e-01,9.365239143371582031e-01,9.468513727188110352e-01,9.448362588882446289e-01,9.254407882690429688e-01,9.536523818969726562e-01,9.314861297607421875e-01,9.473551511764526367e-01,9.385390281677246094e-01
9.506297111511230469e-01,9.448362588882446289e-01,9.350125789642333984e-01,9.483627080917358398e-01,9.523929357528686523e-01,9.382871389389038086e-01,9.518891572952270508e-01,9.335012435913085938e-01,9.460957050323486328e-01,9.382871389389038086e-01
9.400503635406494141e-01,9.443324804306030273e-01,9.395465850830078125e-01,9.544080495834350586e-01,9.428211450576782227e-01,9.367758035659790039e-01,9.546599388122558594e-01,9.272040128707885742e-01,9.478589296340942383e-01,9.365239143371582031e-01
9.460957050323486328e-01,9.453400373458862305e-01,9.428211450576782227e-01,9.460957050323486328e-01,9.413098096847534180e-01,9.274559020996093750e-01,9.549118280410766602e-01,9.304785728454589844e-01,9.488664865493774414e-01,9.405541419982910156e-01
9.450881481170654297e-01,9.478589296340942383e-01,9.357682466506958008e-01,9.488664865493774414e-01,9.400503635406494141e-01,9.287153482437133789e-01,9.498740434646606445e-01,9.347606897354125977e-01,9.453400373458862305e-01,9.423173666000366211e-01
9.443324804306030273e-01,9.382871389389038086e-01,9.332493543624877930e-01,9.463475942611694336e-01,9.493702650070190430e-01,9.322417974472045898e-01,9.584382772445678711e-01,9.337531328201293945e-01,9.423173666000366211e-01,9.455919265747070312e-01
9.443324804306030273e-01,9.468513727188110352e-01,9.370276927947998047e-01,9.488664865493774414e-01,9.473551511764526367e-01,9.370276927947998047e-01,9.599496126174926758e-01,9.274559020996093750e-01,9.400503635406494141e-01,9.400503635406494141e-01
9.455919265747070312e-01,9.460957050323486328e-01,9.342569112777709961e-01,9.546599388122558594e-01,9.478589296340942383e-01,9.342569112777709961e-01,9.521410465240478516e-01,9.307304620742797852e-01,9.506297111511230469e-01,9.453400373458862305e-01
9.478589296340942383e-01,9.493702650070190430e-01,9.392946958541870117e-01,9.423173666000366211e-01,9.430730342864990234e-01,9.312342405319213867e-01,9.579344987869262695e-01,9.335012435913085938e-01,9.493702650070190430e-01,9.523929357528686523e-01
9.483627080917358398e-01,9.481108188629150391e-01,9.390428066253662109e-01,9.546599388122558594e-01,9.423173666000366211e-01,9.345088005065917969e-01,9.506297111511230469e-01,9.332493543624877930e-01,9.503778219223022461e-01,9.448362588882446289e-01
9.506297111511230469e-01,9.438287019729614258e-01,9.332493543624877930e-01,9.501259326934814453e-01,9.518891572952270508e-01,9.372795820236206055e-01,9.544080495834350586e-01,9.380352497100830078e-01,9.463475942611694336e-01,9.433249235153198242e-01
9.493702650070190430e-01,9.516372680664062500e-01,9.443324804306030273e-01,9.498740434646606445e-01,9.483627080917358398e-01,9.347606897354125977e-01,9.546599388122558594e-01,9.360201358795166016e-01,9.445843696594238281e-01,9.463475942611694336e-01
9.478589296340942383e-01,9.455919265747070312e-01,9.365239143371582031e-01,9.511334896087646484e-01,9.473551511764526367e-01,9.312342405319213867e-01,9.549118280410766602e-01,9.340050220489501953e-01,9.503778219223022461e-01,9.473551511764526367e-01
9.556674957275390625e-01,9.435768127441406250e-01,9.418135881423950195e-01,9.539042711257934570e-01,9.430730342864990234e-01,9.400503635406494141e-01,9.539042711257934570e-01,9.345088005065917969e-01,9.455919265747070312e-01,9.473551511764526367e-01
9.486145973205566406e-01,9.471032619476318359e-01,9.440805912017822266e-01,9.476070404052734375e-01,9.433249235153198242e-01,9.380352497100830078e-01,9.559193849563598633e-01,9.357682466506958008e-01,9.498740434646606445e-01,9.488664865493774414e-01
9.486145973205566406e-01,9.549118280410766602e-01,9.493702650070190430e-01,9.468513727188110352e-01,9.478589296340942383e-01,9.367758035659790039e-01,9.571788311004638672e-01,9.299747943878173828e-01,9.483627080917358398e-01,9.430730342864990234e-01
9.523929357528686523e-01,9.513853788375854492e-01,9.430730342864990234e-01,9.523929357528686523e-01,9.443324804306030273e-01,9.319899082183837891e-01,9.539042711257934570e-01,9.400503635406494141e-01,9.513853788375854492e-01,9.397984743118286133e-01
9.516372680664062500e-01,9.516372680664062500e-01,9.367758035659790039e-01,9.521410465240478516e-01,9.571788311004638672e-01,9.377833604812622070e-01,9.541561603546142578e-01,9.282115697860717773e-01,9.513853788375854492e-01,9.428211450576782227e-01
9.498740434646606445e-01,9.473551511764526367e-01,9.438287019729614258e-01,9.476070404052734375e-01,9.506297111511230469e-01,9.327455759048461914e-01,9.614609479904174805e-01,9.362720251083374023e-01,9.498740434646606445e-01,9.460957050323486328e-01
9.516372680664062500e-01,9.460957050323486328e-01,9.410579204559326172e-01,9.498740434646606445e-01,9.478589296340942383e-01,9.385390281677246094e-01,9.531486034393310547e-01,9.317380189895629883e-01,9.460957050323486328e-01,9.440805912017822266e-01
9.493702650070190430e-01,9.453400373458862305e-01,9.463475942611694336e-01,9.508816003799438477e-01,9.463475942611694336e-01,9.445843696594238281e-01,9.534004926681518555e-01,9.372795820236206055e-01,9.516372680664062500e-01,9.491183757781982422e-01
9.433249235153198242e-01,9.503778219223022461e-01,9.498740434646606445e-01,9.486145973205566406e-01,9.516372680664062500e-01,9.385390281677246094e-01,9.589420557022094727e-01,9.453400373458862305e-01,9.460957050323486328e-01,9.468513727188110352e-01
9.544080495834350586e-01,9.465994834899902344e-01,9.463475942611694336e-01,9.516372680664062500e-01,9.488664865493774414e-01,9.400503635406494141e-01,9.541561603546142578e-01,9.342569112777709961e-01,9.506297111511230469e-01,9.476070404052734375e-01
9.523929357528686523e-01,9.491183757781982422e-01,9.478589296340942383e-01,9.534004926681518555e-01,9.523929357528686523e-01,9.438287019729614258e-01,9.549118280410766602e-01,9.380352497100830078e-01,9.410579204559326172e-01,9.513853788375854492e-01
9.498740434646606445e-01,9.506297111511230469e-01,9.526448249816894531e-01,9.496221542358398438e-01,9.511334896087646484e-01,9.413098096847534180e-01,9.589420557022094727e-01,9.322417974472045898e-01,9.518891572952270508e-01,9.478589296340942383e-01
9.498740434646606445e-01,9.513853788375854492e-01,9.458438158035278320e-01,9.536523818969726562e-01,9.488664865493774414e-01,9.370276927947998047e-01,9.576826095581054688e-01,9.340050220489501953e-01,9.458438158035278320e-01,9.397984743118286133e-01
9.544080495834350586e-01,9.473551511764526367e-01,9.481108188629150391e-01,9.498740434646606445e-01,9.541561603546142578e-01,9.413098096847534180e-01,9.576826095581054688e-01,9.397984743118286133e-01,9.476070404052734375e-01,9.471032619476318359e-01
9.503778219223022461e-01,9.511334896087646484e-01,9.423173666000366211e-01,9.546599388122558594e-01,9.491183757781982422e-01,9.438287019729614258e-01,9.574307203292846680e-01,9.309823513031005859e-01,9.465994834899902344e-01,9.481108188629150391e-01
9.571788311004638672e-01,9.531486034393310547e-01,9.450881481170654297e-01,9.518891572952270508e-01,9.493702650070190430e-01,9.362720251083374023e-01,9.659949541091918945e-01,9.397984743118286133e-01,9.584382772445678711e-01,9.496221542358398438e-01
9.546599388122558594e-01,9.511334896087646484e-01,9.450881481170654297e-01,9.551637172698974609e-01,9.559193849563598633e-01,9.428211450576782227e-01,9.617128372192382812e-01,9.370276927947998047e-01,9.511334896087646484e-01,9.534004926681518555e-01
9.503778219223022461e-01,9.455919265747070312e-01,9.473551511764526367e-01,9.549118280410766602e-01,9.496221542358398438e-01,9.408060312271118164e-01,9.581863880157470703e-01,9.390428066253662109e-01,9.534004926681518555e-01,9.503778219223022461e-01
9.566750526428222656e-01,9.518891572952270508e-01,9.473551511764526367e-01,9.559193849563598633e-01,9.506297111511230469e-01,9.392946958541870117e-01,9.556674957275390625e-01,9.438287019729614258e-01,9.513853788375854492e-01,9.465994834899902344e-01
9.528967142105102539e-01,9.473551511764526367e-01,9.413098096847534180e-01,9.506297111511230469e-01,9.506297111511230469e-01,9.367758035659790039e-01,9.624685049057006836e-01,9.430730342864990234e-01,9.491183757781982422e-01,9.453400373458862305e-01
9.511334896087646484e-01,9.549118280410766602e-01,9.465994834899902344e-01,9.531486034393310547e-01,9.536523818969726562e-01,9.390428066253662109e-01,9.609571695327758789e-01,9.425692558288574219e-01,9.468513727188110352e-01,9.463475942611694336e-01
9.526448249816894531e-01,9.564231634140014648e-01,9.503778219223022461e-01,9.523929357528686523e-01,9.460957050323486328e-01,9.448362588882446289e-01,9.604533910751342773e-01,9.375314712524414062e-01,9.554156064987182617e-01,9.566750526428222656e-01
9.503778219223022461e-01,9.476070404052734375e-01,9.455919265747070312e-01,9.541561603546142578e-01,9.571788311004638672e-01,9.397984743118286133e-01,9.549118280410766602e-01,9.350125789642333984e-01,9.493702650070190430e-01,9.511334896087646484e-01
9.584382772445678711e-01,9.496221542358398438e-01,9.468513727188110352e-01,9.473551511764526367e-01,9.539042711257934570e-01,9.460957050323486328e-01,9.612090587615966797e-01,9.382871389389038086e-01,9.516372680664062500e-01,9.546599388122558594e-01
9.569269418716430664e-01,9.483627080917358398e-01,9.380352497100830078e-01,9.534004926681518555e-01,9.526448249816894531e-01,9.415616989135742188e-01,9.639798402786254883e-01,9.337531328201293945e-01,9.579344987869262695e-01,9.496221542358398438e-01
9.521410465240478516e-01,9.619647264480590820e-01,9.453400373458862305e-01,9.531486034393310547e-01,9.596977233886718750e-01,9.408060312271118164e-01,9.541561603546142578e-01,9.443324804306030273e-01,9.566750526428222656e-01,9.471032619476318359e-01
9.576826095581054688e-01,9.561712741851806641e-01,9.501259326934814453e-01,9.503778219223022461e-01,9.496221542358398438e-01,9.403022527694702148e-01,9.647355079650878906e-01,9.355163574218750000e-01,9.521410465240478516e-01,9.468513727188110352e-01
9.534004926681518555e-01,9.506297111511230469e-01,9.460957050323486328e-01,9.503778219223022461e-01,9.513853788375854492e-01,9.395465850830078125e-01,9.649873971939086914e-01,9.367758035659790039e-01,9.528967142105102539e-01,9.576826095581054688e-01
9.579344987869262695e-01,9.523929357528686523e-01,9.455919265747070312e-01,9.534004926681518555e-01,9.544080495834350586e-01,9.438287019729614258e-01,9.607052803039550781e-01,9.410579204559326172e-01,9.511334896087646484e-01,9.566750526428222656e-01
9.596977233886718750e-01,9.508816003799438477e-01,9.476070404052734375e-01,9.566750526428222656e-01,9.539042711257934570e-01,9.428211450576782227e-01,9.627203941345214844e-01,9.360201358795166016e-01,9.589420557022094727e-01,9.511334896087646484e-01
9.513853788375854492e-01,9.513853788375854492e-01,9.476070404052734375e-01,9.458438158035278320e-01,9.511334896087646484e-01,9.481108188629150391e-01,9.536523818969726562e-01,9.355163574218750000e-01,9.478589296340942383e-01,9.508816003799438477e-01
9.574307203292846680e-01,9.549118280410766602e-01,9.458438158035278320e-01,9.574307203292846680e-01,9.478589296340942383e-01,9.410579204559326172e-01,9.682619571685791016e-01,9.360201358795166016e-01,9.554156064987182617e-01,9.574307203292846680e-01
9.609571695327758789e-01,9.526448249816894531e-01,9.440805912017822266e-01,9.559193849563598633e-01,9.498740434646606445e-01,9.448362588882446289e-01,9.609571695327758789e-01,9.392946958541870117e-01,9.579344987869262695e-01,9.465994834899902344e-01
9.629722833633422852e-01,9.539042711257934570e-01,9.581863880157470703e-01,9.546599388122558594e-01,9.549118280410766602e-01,9.382871389389038086e-01,9.609571695327758789e-01,9.377833604812622070e-01,9.531486034393310547e-01,9.559193849563598633e-01
9.458438158035278320e-01,9.531486034393310547e-01,9.508816003799438477e-01,9.516372680664062500e-01,9.589420557022094727e-01,9.448362588882446289e-01,9.624685049057006836e-01,9.428211450576782227e-01,9.544080495834350586e-01,9.574307203292846680e-01
9.551637172698974609e-01,9.586901664733886719e-01,9.445843696594238281e-01,9.534004926681518555e-01,9.589420557022094727e-01,9.433249235153198242e-01,9.624685049057006836e-01,9.410579204559326172e-01,9.561712741851806641e-01,9.523929357528686523e-01
9.559193849563598633e-01,9.506297111511230469e-01,9.539042711257934570e-01,9.534004926681518555e-01,9.488664865493774414e-01,9.453400373458862305e-01,9.680100679397583008e-01,9.423173666000366211e-01,9.486145973205566406e-01,9.566750526428222656e-01
9.564231634140014648e-01,9.493702650070190430e-01,9.523929357528686523e-01,9.501259326934814453e-01,9.528967142105102539e-01,9.468513727188110352e-01,9.599496126174926758e-01,9.425692558288574219e-01,9.531486034393310547e-01,9.546599388122558594e-01
9.581863880157470703e-01,9.556674957275390625e-01,9.513853788375854492e-01,9.556674957275390625e-01,9.544080495834350586e-01,9.453400373458862305e-01,9.576826095581054688e-01,9.385390281677246094e-01,9.501259326934814453e-01,9.541561603546142578e-01
9.571788311004638672e-01,9.574307203292846680e-01,9.486145973205566406e-01,9.559193849563598633e-01,9.571788311004638672e-01,9.516372680664062500e-01,9.675062894821166992e-01,9.430730342864990234e-01,9.486145973205566406e-01,9.516372680664062500e-01
9.627203941345214844e-01,9.594458341598510742e-01,9.536523818969726562e-01,9.551637172698974609e-01,9.579344987869262695e-01,9.425692558288574219e-01,9.680100679397583008e-01,9.410579204559326172e-01,9.584382772445678711e-01,9.513853788375854492e-01
9.559193849563598633e-01,9.511334896087646484e-01,9.460957050323486328e-01,9.594458341598510742e-01,9.528967142105102539e-01,9.453400373458862305e-01,9.602015018463134766e-01,9.443324804306030273e-01,9.589420557022094727e-01,9.602015018463134766e-01
9.594458341598510742e-01,9.571788311004638672e-01,9.438287019729614258e-01,9.523929357528686523e-01,9.569269418716430664e-01,9.526448249816894531e-01,9.659949541091918945e-01,9.460957050323486328e-01,9.596977233886718750e-01,9.521410465240478516e-01
9.586901664733886719e-01,9.569269418716430664e-01,9.478589296340942383e-01,9.536523818969726562e-01,9.566750526428222656e-01,9.440805912017822266e-01,9.629722833633422852e-01,9.443324804306030273e-01,9.536523818969726562e-01,9.508816003799438477e-01
9.526448249816894531e-01,9.596977233886718750e-01,9.488664865493774414e-01,9.596977233886718750e-01,9.518891572952270508e-01,9.508816003799438477e-01,9.549118280410766602e-01,9.453400373458862305e-01,9.521410465240478516e-01,9.556674957275390625e-01
9.581863880157470703e-01,9.556674957275390625e-01,9.521410465240478516e-01,9.546599388122558594e-01,9.521410465240478516e-01,9.496221542358398438e-01,9.682619571685791016e-01,9.486145973205566406e-01,9.534004926681518555e-01,9.544080495834350586e-01
9.581863880157470703e-01,9.536523818969726562e-01,9.511334896087646484e-01,9.602015018463134766e-01,9.591939449310302734e-01,9.471032619476318359e-01,9.685138463973999023e-01,9.450881481170654297e-01,9.554156064987182617e-01,9.576826095581054688e-01
9.617128372192382812e-01,9.541561603546142578e-01,9.528967142105102539e-01,9.569269418716430664e-01,9.551637172698974609e-01,9.390428066253662109e-01,9.609571695327758789e-01,9.435768127441406250e-01,9.518891572952270508e-01,9.604533910751342773e-01
9.498740434646606445e-01,9.609571695327758789e-01,9.488664865493774414e-01,9.614609479904174805e-01,9.569269418716430664e-01,9.481108188629150391e-01,9.591939449310302734e-01,9.410579204559326172e-01,9.541561603546142578e-01,9.503778219223022461e-01
9.584382772445678711e-01,9.549118280410766602e-01,9.508816003799438477e-01,9.564231634140014648e-01,9.559193849563598633e-01,9.506297111511230469e-01,9.664987325668334961e-01,9.435768127441406250e-01,9.564231634140014648e-01,9.607052803039550781e-01
9.551637172698974609e-01,9.607052803039550781e-01,9.483627080917358398e-01,9.539042711257934570e-01,9.609571695327758789e-01,9.471032619476318359e-01,9.657430648803710938e-01,9.483627080917358398e-01,9.571788311004638672e-01,9.428211450576782227e-01
9.566750526428222656e-01,9.536523818969726562e-01,9.493702650070190430e-01,9.576826095581054688e-01,9.561712741851806641e-01,9.453400373458862305e-01,9.607052803039550781e-01,9.430730342864990234e-01,9.596977233886718750e-01,9.518891572952270508e-01
9.594458341598510742e-01,9.536523818969726562e-01,9.559193849563598633e-01,9.589420557022094727e-01,9.561712741851806641e-01,9.471032619476318359e-01,9.697732925415039062e-01,9.463475942611694336e-01,9.551637172698974609e-01,9.571788311004638672e-01
9.607052803039550781e-01,9.554156064987182617e-01,9.511334896087646484e-01,9.617128372192382812e-01,9.564231634140014648e-01,9.481108188629150391e-01,9.632241725921630859e-01,9.450881481170654297e-01,9.576826095581054688e-01,9.541561603546142578e-01
9.670025110244750977e-01,9.559193849563598633e-01,9.534004926681518555e-01,9.602015018463134766e-01,9.576826095581054688e-01,9.476070404052734375e-01,9.639798402786254883e-01,9.443324804306030273e-01,9.566750526428222656e-01,9.571788311004638672e-01
9.609571695327758789e-01,9.554156064987182617e-01,9.518891572952270508e-01,9.574307203292846680e-01,9.564231634140014648e-01,9.496221542358398438e-01,9.624685049057006836e-01,9.440805912017822266e-01,9.521410465240478516e-01,9.579344987869262695e-01
9.574307203292846680e-01,9.549118280410766602e-01,9.473551511764526367e-01,9.591939449310302734e-01,9.556674957275390625e-01,9.498740434646606445e-01,9.644836187362670898e-01,9.448362588882446289e-01,9.566750526428222656e-01,9.586901664733886719e-01
9.602015018463134766e-01,9.607052803039550781e-01,9.521410465240478516e-01,9.571788311004638672e-01,9.591939449310302734e-01,9.513853788375854492e-01,9.629722833633422852e-01,9.435768127441406250e-01,9.614609479904174805e-01,9.531486034393310547e-01
9.619647264480590820e-01,9.569269418716430664e-01,9.523929357528686523e-01,9.589420557022094727e-01,9.576826095581054688e-01,9.511334896087646484e-01,9.680100679397583008e-01,9.481108188629150391e-01,9.564231634140014648e-01,9.534004926681518555e-01
9.586901664733886719e-01,9.566750526428222656e-01,9.503778219223022461e-01,9.571788311004638672e-01,9.574307203292846680e-01,9.483627080917358398e-01,9.664987325668334961e-01,9.440805912017822266e-01,9.511334896087646484e-01,9.602015018463134766e-01
9.594458341598510742e-01,9.554156064987182617e-01,9.556674957275390625e-01,9.571788311004638672e-01,9.541561603546142578e-01,9.420654773712158203e-01,9.596977233886718750e-01,9.430730342864990234e-01,9.586901664733886719e-01,9.556674957275390625e-01
9.571788311004638672e-01,9.584382772445678711e-01,9.554156064987182617e-01,9.566750526428222656e-01,9.622166156768798828e-01,9.468513727188110352e-01,9.612090587615966797e-01,9.468513727188110352e-01,9.518891572952270508e-01,9.596977233886718750e-01
9.602015018463134766e-01,9.551637172698974609e-01,9.581863880157470703e-01,9.619647264480590820e-01,9.617128372192382812e-01,9.506297111511230469e-01,9.700251817703247070e-01,9.488664865493774414e-01,9.579344987869262695e-01,9.551637172698974609e-01
9.596977233886718750e-01,9.586901664733886719e-01,9.423173666000366211e-01,9.614609479904174805e-01,9.561712741851806641e-01,9.486145973205566406e-01,9.680100679397583008e-01,9.433249235153198242e-01,9.609571695327758789e-01,9.564231634140014648e-01
9.566750526428222656e-01,9.576826095581054688e-01,9.486145973205566406e-01,9.604533910751342773e-01,9.523929357528686523e-01,9.476070404052734375e-01,9.647355079650878906e-01,9.493702650070190430e-01,9.546599388122558594e-01,9.551637172698974609e-01
9.589420557022094727e-01,9.579344987869262695e-01,9.476070404052734375e-01,9.591939449310302734e-01,9.586901664733886719e-01,9.473551511764526367e-01,9.604533910751342773e-01,9.453400373458862305e-01,9.526448249816894531e-01,9.604533910751342773e-01
9.622166156768798828e-01,9.627203941345214844e-01,9.521410465240478516e-01,9.591939449310302734e-01,9.551637172698974609e-01,9.460957050323486328e-01,9.654911756515502930e-01,9.491183757781982422e-01,9.624685049057006836e-01,9.544080495834350586e-01
9.624685049057006836e-01,9.523929357528686523e-01,9.528967142105102539e-01,9.602015018463134766e-01,9.609571695327758789e-01,9.476070404052734375e-01,9.607052803039550781e-01,9.481108188629150391e-01,9.566750526428222656e-01,9.566750526428222656e-01
9.541561603546142578e-01,9.594458341598510742e-01,9.544080495834350586e-01,9.551637172698974609e-01,9.624685049057006836e-01,9.423173666000366211e-01,9.647355079650878906e-01,9.455919265747070312e-01,9.604533910751342773e-01,9.544080495834350586e-01
