6.904457807540893555e-01,6.909239888191223145e-01,6.940919160842895508e-01,6.923576593399047852e-01,6.917104721069335938e-01,6.916024088859558105e-01,6.924334764480590820e-01,6.902673840522766113e-01,6.917509436607360840e-01,6.920230388641357422e-01
6.818959712982177734e-01,6.826271414756774902e-01,6.847538352012634277e-01,6.859012246131896973e-01,6.909439563751220703e-01,6.882774233818054199e-01,6.861774921417236328e-01,6.846004128456115723e-01,6.879505515098571777e-01,6.914063096046447754e-01
6.686019301414489746e-01,6.704084873199462891e-01,6.681907773017883301e-01,6.758700013160705566e-01,6.818476319313049316e-01,6.837223768234252930e-01,6.641757488250732422e-01,6.746782660484313965e-01,6.791452169418334961e-01,6.886208653450012207e-01
6.407316327095031738e-01,6.447354555130004883e-01,6.407192945480346680e-01,6.555812954902648926e-01,6.592056155204772949e-01,6.741837263107299805e-01,6.378943920135498047e-01,6.648154854774475098e-01,6.585204005241394043e-01,6.832535266876220703e-01
6.060711741447448730e-01,6.152848601341247559e-01,6.114554405212402344e-01,6.245958209037780762e-01,6.244038939476013184e-01,6.561268568038940430e-01,6.015855669975280762e-01,6.433836817741394043e-01,6.343261003494262695e-01,6.655627489089965820e-01
5.747438073158264160e-01,5.764536261558532715e-01,5.778084993362426758e-01,5.873401165008544922e-01,5.830491185188293457e-01,6.379541158676147461e-01,5.759939551353454590e-01,6.180342435836791992e-01,6.022064685821533203e-01,6.383060812950134277e-01
5.369336009025573730e-01,5.378061532974243164e-01,5.425491333007812500e-01,5.542225837707519531e-01,5.405149459838867188e-01,6.097859740257263184e-01,5.349201560020446777e-01,5.872927308082580566e-01,5.671375989913940430e-01,6.083900332450866699e-01
4.981158673763275146e-01,5.096080303192138672e-01,5.113194584846496582e-01,5.148817896842956543e-01,5.057412385940551758e-01,5.848495960235595703e-01,5.112947821617126465e-01,5.578251481056213379e-01,5.310413837432861328e-01,5.797033905982971191e-01
4.759145975112915039e-01,4.807267785072326660e-01,4.744986295700073242e-01,4.737972617149353027e-01,4.810841679573059082e-01,5.584942698478698730e-01,4.834102094173431396e-01,5.303937196731567383e-01,5.024236440658569336e-01,5.392735004425048828e-01
4.414512217044830322e-01,4.492585957050323486e-01,4.557051062583923340e-01,4.538971781730651855e-01,4.562790691852569580e-01,5.385821461677551270e-01,4.546751379966735840e-01,4.974414706230163574e-01,4.823357760906219482e-01,5.148941278457641602e-01
4.288842678070068359e-01,4.425218105316162109e-01,4.300313889980316162e-01,4.382733404636383057e-01,4.426383674144744873e-01,5.153539180755615234e-01,4.339164793491363525e-01,4.816882610321044922e-01,4.522413313388824463e-01,4.790110290050506592e-01
4.113371372222900391e-01,4.198183715343475342e-01,4.121834635734558105e-01,4.183113873004913330e-01,4.236736595630645752e-01,4.980010986328125000e-01,4.172501564025878906e-01,4.651007652282714844e-01,4.364762604236602783e-01,4.590287804603576660e-01
3.908676207065582275e-01,4.057028591632843018e-01,3.875029385089874268e-01,3.899684846401214600e-01,3.946196734905242920e-01,4.764524698257446289e-01,4.026095867156982422e-01,4.368560910224914551e-01,4.110398292541503906e-01,4.520998001098632812e-01
3.686244189739227295e-01,3.931497037410736084e-01,3.786571025848388672e-01,3.895289301872253418e-01,3.825828731060028076e-01,4.512037634849548340e-01,3.812972903251647949e-01,4.363953769207000732e-01,4.086953699588775635e-01,4.087127149105072021e-01
3.767245411872863770e-01,3.666401207447052002e-01,3.630441725254058838e-01,3.727842569351196289e-01,3.728705644607543945e-01,4.608039855957031250e-01,3.634489476680755615e-01,4.186527132987976074e-01,3.900631070137023926e-01,3.971453309059143066e-01
3.557411134243011475e-01,3.686021864414215088e-01,3.531475067138671875e-01,3.531655371189117432e-01,3.619039356708526611e-01,4.295889437198638916e-01,3.585110604763031006e-01,4.225252568721771240e-01,3.734355270862579346e-01,3.915460705757141113e-01
3.477654159069061279e-01,3.616111278533935547e-01,3.279062807559967041e-01,3.416916728019714355e-01,3.559744656085968018e-01,4.153325557708740234e-01,3.532926738262176514e-01,4.018350243568420410e-01,3.666583597660064697e-01,3.716170489788055420e-01
3.308765888214111328e-01,3.459699451923370361e-01,3.236790597438812256e-01,3.437652587890625000e-01,3.425875306129455566e-01,4.121907353401184082e-01,3.427361845970153809e-01,3.898442685604095459e-01,3.580421209335327148e-01,3.719673454761505127e-01
3.178783357143402100e-01,3.563996553421020508e-01,3.281948566436767578e-01,3.328747749328613281e-01,3.309027254581451416e-01,4.009253680706024170e-01,3.369251787662506104e-01,3.807733654975891113e-01,3.471698164939880371e-01,3.457545340061187744e-01
3.206245899200439453e-01,3.402405679225921631e-01,3.097470998764038086e-01,3.301495313644409180e-01,3.258903920650482178e-01,3.988244533538818359e-01,3.240045607089996338e-01,3.638790547847747803e-01,3.363146185874938965e-01,3.514338433742523193e-01
3.068883121013641357e-01,3.289591968059539795e-01,3.090842068195343018e-01,3.316036164760589600e-01,3.237401545047760010e-01,3.882504105567932129e-01,3.140120208263397217e-01,3.676835894584655762e-01,3.256410360336303711e-01,3.383351266384124756e-01
2.991343438625335693e-01,3.230937421321868896e-01,2.884133756160736084e-01,3.098773062229156494e-01,3.188026249408721924e-01,3.835746347904205322e-01,3.075991570949554443e-01,3.637144267559051514e-01,3.166602849960327148e-01,3.246138989925384521e-01
2.980379462242126465e-01,3.217782676219940186e-01,2.866930365562438965e-01,3.023699223995208740e-01,3.094839155673980713e-01,3.762084841728210449e-01,3.101957738399505615e-01,3.500541448593139648e-01,3.199147582054138184e-01,3.289986848831176758e-01
2.934800088405609131e-01,3.071090877056121826e-01,2.932173609733581543e-01,2.904487848281860352e-01,2.920375466346740723e-01,3.633954226970672607e-01,2.948890030384063721e-01,3.412998318672180176e-01,3.093850612640380859e-01,3.243800103664398193e-01
2.780217528343200684e-01,3.023283779621124268e-01,2.768748998641967773e-01,2.934533357620239258e-01,2.974893748760223389e-01,3.478945195674896240e-01,2.720451354980468750e-01,3.293659687042236328e-01,3.004922866821289062e-01,3.154304921627044678e-01
2.821022272109985352e-01,2.955487668514251709e-01,2.762608528137207031e-01,2.862319350242614746e-01,2.773319482803344727e-01,3.579295277595520020e-01,2.813383936882019043e-01,3.248783349990844727e-01,3.047350645065307617e-01,3.055052459239959717e-01
2.814981639385223389e-01,2.887967228889465332e-01,2.712422311305999756e-01,2.896496653556823730e-01,2.887026965618133545e-01,3.365334570407867432e-01,2.832683920860290527e-01,3.161285817623138428e-01,2.966160774230957031e-01,3.051317632198333740e-01
2.675460875034332275e-01,2.940219342708587646e-01,2.780105769634246826e-01,2.856276333332061768e-01,2.829622924327850342e-01,3.354533910751342773e-01,2.676963806152343750e-01,3.152147233486175537e-01,2.901418507099151611e-01,3.022276461124420166e-01
2.718686759471893311e-01,2.940014302730560303e-01,2.661730647087097168e-01,2.638956010341644287e-01,2.688865661621093750e-01,3.363933563232421875e-01,2.611764073371887207e-01,3.193348348140716553e-01,2.846202552318572998e-01,2.973895967006683350e-01
2.710430324077606201e-01,2.796143889427185059e-01,2.614362835884094238e-01,2.659772634506225586e-01,2.689032852649688721e-01,3.316486179828643799e-01,2.672237753868103027e-01,3.149522542953491211e-01,2.832402586936950684e-01,2.775862812995910645e-01
2.551318109035491943e-01,2.787323892116546631e-01,2.470629960298538208e-01,2.622844874858856201e-01,2.627567946910858154e-01,3.187477290630340576e-01,2.506930232048034668e-01,3.079452812671661377e-01,2.790484428405761719e-01,2.752481997013092041e-01
2.599386572837829590e-01,2.736162245273590088e-01,2.418697774410247803e-01,2.575919330120086670e-01,2.664431333541870117e-01,3.178071975708007812e-01,2.506100535392761230e-01,3.006295263767242432e-01,2.782388925552368164e-01,2.847486138343811035e-01
2.485291808843612671e-01,2.689028084278106689e-01,2.549637854099273682e-01,2.628964185714721680e-01,2.678110003471374512e-01,3.291597068309783936e-01,2.550004422664642334e-01,2.909378707408905029e-01,2.717584371566772461e-01,2.892970740795135498e-01
2.407037317752838135e-01,2.672184109687805176e-01,2.372524887323379517e-01,2.646226882934570312e-01,2.771743834018707275e-01,3.175438642501831055e-01,2.286438047885894775e-01,2.885152399539947510e-01,2.661157846450805664e-01,2.770580649375915527e-01
2.319987118244171143e-01,2.609671056270599365e-01,2.471996992826461792e-01,2.430870831012725830e-01,2.596211135387420654e-01,3.131467401981353760e-01,2.404389232397079468e-01,2.926799654960632324e-01,2.573609054088592529e-01,2.616960406303405762e-01
2.479857206344604492e-01,2.762145102024078369e-01,2.421219795942306519e-01,2.450839430093765259e-01,2.418399900197982788e-01,3.014321327209472656e-01,2.334296107292175293e-01,2.787261009216308594e-01,2.530835270881652832e-01,2.758572697639465332e-01
2.495910078287124634e-01,2.628318369388580322e-01,2.305364757776260376e-01,2.477646768093109131e-01,2.461527585983276367e-01,2.988969683647155762e-01,2.390224039554595947e-01,2.761845290660858154e-01,2.745210528373718262e-01,2.591030299663543701e-01
2.478625029325485229e-01,2.414332330226898193e-01,2.417584210634231567e-01,2.477643638849258423e-01,2.427237927913665771e-01,2.881267070770263672e-01,2.365580797195434570e-01,2.858380079269409180e-01,2.457743138074874878e-01,2.624252736568450928e-01
2.331545948982238770e-01,2.388576716184616089e-01,2.430737763643264771e-01,2.514373660087585449e-01,2.374595403671264648e-01,2.972127497196197510e-01,2.252081334590911865e-01,2.743266224861145020e-01,2.439276725053787231e-01,2.511419355869293213e-01
2.266844063997268677e-01,2.380331903696060181e-01,2.086293101310729980e-01,2.298366725444793701e-01,2.320072501897811890e-01,2.928864061832427979e-01,2.133551388978958130e-01,2.785280048847198486e-01,2.532098591327667236e-01,2.513378262519836426e-01
2.380057275295257568e-01,2.537822425365447998e-01,2.306778877973556519e-01,2.226860821247100830e-01,2.434143871068954468e-01,2.814689576625823975e-01,2.215719372034072876e-01,2.771434485912322998e-01,2.377319186925888062e-01,2.689040899276733398e-01
2.252962142229080200e-01,2.327840030193328857e-01,2.296364307403564453e-01,2.398989349603652954e-01,2.415598779916763306e-01,2.821452915668487549e-01,2.237724214792251587e-01,2.610208094120025635e-01,2.378337383270263672e-01,2.531860172748565674e-01
2.262384891510009766e-01,2.371471673250198364e-01,2.296586781740188599e-01,2.131942510604858398e-01,2.351862043142318726e-01,2.774259150028228760e-01,2.296823561191558838e-01,2.751292288303375244e-01,2.404755502939224243e-01,2.564459145069122314e-01
2.246403843164443970e-01,2.331836670637130737e-01,2.263629883527755737e-01,2.386301755905151367e-01,2.285044938325881958e-01,2.667672932147979736e-01,2.150509208440780640e-01,2.557646334171295166e-01,2.362346053123474121e-01,2.437888979911804199e-01
2.121360898017883301e-01,2.234661579132080078e-01,2.286438494920730591e-01,2.298014461994171143e-01,2.389578670263290405e-01,2.671843469142913818e-01,2.073786705732345581e-01,2.672787010669708252e-01,2.433564662933349609e-01,2.364930510520935059e-01
2.047991454601287842e-01,2.347466796636581421e-01,2.148922830820083618e-01,2.297887206077575684e-01,2.281944006681442261e-01,2.643183767795562744e-01,1.953226178884506226e-01,2.613932788372039795e-01,2.338174432516098022e-01,2.437860369682312012e-01
2.152342200279235840e-01,2.203576117753982544e-01,2.184639275074005127e-01,2.237852513790130615e-01,2.253942787647247314e-01,2.699852585792541504e-01,2.011576145887374878e-01,2.654247879981994629e-01,2.204520255327224731e-01,2.253820300102233887e-01
2.180338799953460693e-01,2.103660851716995239e-01,2.071084380149841309e-01,2.190860509872436523e-01,2.269598543643951416e-01,2.568216621875762939e-01,2.015654295682907104e-01,2.650627791881561279e-01,2.439126372337341309e-01,2.397667765617370605e-01
2.101192027330398560e-01,2.321235835552215576e-01,2.128912359476089478e-01,2.194262742996215820e-01,2.226985543966293335e-01,2.465212494134902954e-01,2.101994752883911133e-01,2.508819103240966797e-01,2.279246449470520020e-01,2.366132438182830811e-01
2.040828466415405273e-01,2.268700301647186279e-01,2.194584757089614868e-01,2.214175313711166382e-01,2.181705832481384277e-01,2.572293281555175781e-01,2.009910196065902710e-01,2.457572519779205322e-01,2.164416015148162842e-01,2.352944016456604004e-01
2.114725112915039062e-01,2.258045077323913574e-01,2.175381630659103394e-01,2.114394903182983398e-01,2.178205102682113647e-01,2.557865083217620850e-01,1.833405643701553345e-01,2.534072399139404297e-01,2.170884311199188232e-01,2.354849278926849365e-01
2.018389403820037842e-01,2.164719551801681519e-01,2.098831236362457275e-01,2.029181271791458130e-01,1.991267353296279907e-01,2.561000883579254150e-01,1.952317953109741211e-01,2.511400878429412842e-01,2.372047454118728638e-01,2.241019308567047119e-01
2.073365896940231323e-01,2.106518447399139404e-01,2.112942785024642944e-01,2.094148248434066772e-01,2.120312899351119995e-01,2.516755163669586182e-01,1.988439857959747314e-01,2.372214794158935547e-01,2.125984281301498413e-01,2.047457396984100342e-01
2.046989351511001587e-01,2.071629911661148071e-01,2.122498750686645508e-01,2.142818570137023926e-01,2.038704901933670044e-01,2.464683651924133301e-01,1.866266131401062012e-01,2.503078579902648926e-01,2.181653678417205811e-01,2.228689938783645630e-01
1.934339404106140137e-01,2.189685553312301636e-01,2.132196873426437378e-01,2.043981701135635376e-01,2.014995068311691284e-01,2.615346610546112061e-01,1.745163500308990479e-01,2.520469129085540771e-01,2.110442221164703369e-01,2.250336855649948120e-01
1.847881078720092773e-01,2.057415395975112915e-01,2.109064161777496338e-01,1.985802054405212402e-01,2.045803815126419067e-01,2.364834398031234741e-01,1.946596950292587280e-01,2.462778538465499878e-01,2.052033990621566772e-01,2.209572494029998779e-01
1.962286382913589478e-01,1.964460164308547974e-01,2.004155665636062622e-01,2.090940773487091064e-01,2.083297669887542725e-01,2.304023206233978271e-01,1.953560858964920044e-01,2.411647886037826538e-01,2.086756676435470581e-01,2.197610884904861450e-01
1.962931603193283081e-01,2.209234535694122314e-01,1.883930563926696777e-01,2.187952697277069092e-01,1.885882616043090820e-01,2.279427200555801392e-01,1.798333674669265747e-01,2.439174354076385498e-01,1.978180706501007080e-01,2.281970083713531494e-01
2.000636160373687744e-01,1.986966580152511597e-01,1.932232528924942017e-01,1.918808221817016602e-01,2.044553011655807495e-01,2.455087304115295410e-01,1.618114858865737915e-01,2.445250749588012695e-01,2.145580947399139404e-01,2.100803256034851074e-01
1.946834623813629150e-01,2.025598883628845215e-01,1.967477500438690186e-01,1.904279440641403198e-01,1.965953111648559570e-01,2.299278825521469116e-01,1.656108796596527100e-01,2.304092794656753540e-01,2.125362455844879150e-01,2.011421769857406616e-01
1.933256834745407104e-01,1.907919198274612427e-01,1.982221156358718872e-01,1.877845227718353271e-01,1.895776540040969849e-01,2.270808964967727661e-01,1.763444840908050537e-01,2.357258796691894531e-01,1.987288594245910645e-01,2.181913703680038452e-01
1.769747436046600342e-01,1.959396749734878540e-01,1.832690984010696411e-01,1.888162642717361450e-01,1.990409344434738159e-01,2.231647074222564697e-01,1.768220514059066772e-01,2.308514565229415894e-01,2.121253162622451782e-01,2.032512575387954712e-01
1.739480495452880859e-01,2.005439847707748413e-01,2.035571485757827759e-01,1.888938695192337036e-01,2.003519833087921143e-01,2.333224266767501831e-01,1.823880076408386230e-01,2.275022566318511963e-01,1.880502551794052124e-01,2.063856422901153564e-01
1.946587115526199341e-01,1.880136132240295410e-01,1.913478523492813110e-01,1.870617717504501343e-01,2.028785794973373413e-01,2.156987935304641724e-01,1.667700111865997314e-01,2.322254627943038940e-01,1.958316266536712646e-01,1.916091740131378174e-01
1.731600314378738403e-01,2.060669809579849243e-01,1.867368370294570923e-01,1.947929114103317261e-01,1.941531449556350708e-01,2.100613266229629517e-01,1.706032902002334595e-01,2.275946736335754395e-01,1.967950463294982910e-01,2.165416777133941650e-01
1.852947026491165161e-01,1.988368034362792969e-01,1.970922350883483887e-01,1.899787783622741699e-01,1.860413998365402222e-01,2.325734794139862061e-01,1.637477427721023560e-01,2.343127727508544922e-01,1.973029077053070068e-01,2.030889838933944702e-01
1.756844520568847656e-01,1.918477118015289307e-01,1.860358268022537231e-01,1.857498586177825928e-01,1.743435561656951904e-01,2.191444039344787598e-01,1.698821187019348145e-01,2.311198115348815918e-01,2.064295411109924316e-01,1.908367574214935303e-01
1.787766367197036743e-01,2.010730803012847900e-01,1.883987635374069214e-01,1.798777580261230469e-01,2.050952315330505371e-01,2.203054130077362061e-01,1.777276843786239624e-01,2.213675230741500854e-01,1.957015842199325562e-01,1.964057534933090210e-01
1.801797300577163696e-01,1.771505177021026611e-01,1.944318860769271851e-01,1.861309856176376343e-01,1.829038709402084351e-01,2.085625976324081421e-01,1.767828911542892456e-01,2.102797180414199829e-01,1.887116134166717529e-01,1.980984061956405640e-01
1.825917214155197144e-01,1.982927471399307251e-01,1.895320713520050049e-01,1.764647066593170166e-01,1.717005819082260132e-01,2.199564725160598755e-01,1.630570739507675171e-01,2.280727624893188477e-01,1.777667701244354248e-01,1.891865432262420654e-01
1.746799051761627197e-01,1.774030774831771851e-01,1.833319365978240967e-01,1.897150427103042603e-01,1.886678785085678101e-01,1.954147666692733765e-01,1.475810110569000244e-01,2.197955697774887085e-01,1.886814981698989868e-01,2.008113265037536621e-01
1.767174601554870605e-01,1.849969327449798584e-01,1.822921335697174072e-01,1.902739405632019043e-01,1.887511312961578369e-01,2.194310873746871948e-01,1.501976251602172852e-01,2.227730005979537964e-01,1.794946193695068359e-01,2.094694972038269043e-01
1.884408891201019287e-01,1.926606595516204834e-01,1.824611723423004150e-01,1.722625195980072021e-01,1.763370782136917114e-01,2.042556852102279663e-01,1.618516445159912109e-01,2.174581736326217651e-01,1.730252653360366821e-01,1.891335844993591309e-01
1.747954636812210083e-01,1.760275959968566895e-01,1.745069921016693115e-01,1.741421669721603394e-01,1.729616522789001465e-01,2.115187942981719971e-01,1.560397893190383911e-01,2.160579711198806763e-01,1.762431859970092773e-01,1.955698728561401367e-01
1.726441681385040283e-01,1.743355989456176758e-01,1.802181303501129150e-01,1.721880286931991577e-01,1.835239827632904053e-01,1.890746057033538818e-01,1.643263101577758789e-01,2.223982512950897217e-01,1.769464164972305298e-01,1.870270818471908569e-01
1.684360355138778687e-01,1.775272190570831299e-01,1.851251870393753052e-01,1.758455336093902588e-01,1.874974668025970459e-01,2.109399735927581787e-01,1.614847928285598755e-01,2.065389305353164673e-01,1.852620989084243774e-01,1.730432212352752686e-01
1.575825214385986328e-01,1.731343716382980347e-01,1.711162775754928589e-01,1.761600077152252197e-01,1.878384500741958618e-01,2.179197520017623901e-01,1.439571678638458252e-01,2.092385888099670410e-01,1.821164488792419434e-01,1.924216151237487793e-01
1.653425842523574829e-01,1.772862821817398071e-01,1.665456742048263550e-01,1.743080168962478638e-01,1.801193654537200928e-01,2.049489319324493408e-01,1.481176763772964478e-01,2.177491337060928345e-01,1.865320354700088501e-01,1.819094419479370117e-01
1.702380925416946411e-01,1.695802062749862671e-01,1.812927573919296265e-01,1.698132455348968506e-01,1.701842248439788818e-01,1.949235945940017700e-01,1.522013247013092041e-01,2.078075259923934937e-01,1.767764836549758911e-01,1.840476244688034058e-01
1.777000129222869873e-01,1.796158850193023682e-01,1.701101064682006836e-01,1.715545505285263062e-01,1.713488548994064331e-01,1.966131776571273804e-01,1.554582715034484863e-01,1.976230591535568237e-01,1.695859581232070923e-01,1.794939935207366943e-01
1.759179830551147461e-01,1.660388261079788208e-01,1.718351840972900391e-01,1.673316508531570435e-01,1.937646269798278809e-01,2.062539309263229370e-01,1.681650578975677490e-01,2.089697122573852539e-01,1.753287762403488159e-01,1.768968999385833740e-01
1.534582078456878662e-01,1.664097011089324951e-01,1.778275966644287109e-01,1.713713705539703369e-01,1.845220476388931274e-01,1.837277263402938843e-01,1.347862780094146729e-01,2.138723731040954590e-01,1.746800392866134644e-01,1.718794554471969604e-01
1.758195161819458008e-01,1.867228150367736816e-01,1.527359783649444580e-01,1.774815768003463745e-01,1.634610146284103394e-01,1.841496974229812622e-01,1.433352082967758179e-01,2.222682088613510132e-01,1.639439910650253296e-01,1.773651540279388428e-01
1.623868346214294434e-01,1.636825352907180786e-01,1.739391237497329712e-01,1.813053041696548462e-01,1.672423928976058960e-01,2.046429812908172607e-01,1.481039077043533325e-01,2.114810943603515625e-01,1.608697026968002319e-01,1.844358444213867188e-01
1.733555197715759277e-01,1.634098291397094727e-01,1.744150072336196899e-01,1.594275832176208496e-01,1.606753319501876831e-01,1.941808015108108521e-01,1.565196961164474487e-01,1.996611207723617554e-01,1.684442162513732910e-01,1.649399101734161377e-01
1.639996618032455444e-01,1.651735305786132812e-01,1.714437603950500488e-01,1.712657213211059570e-01,1.566488295793533325e-01,2.021280378103256226e-01,1.302922368049621582e-01,2.037536501884460449e-01,1.678392142057418823e-01,1.776710599660873413e-01
1.548446714878082275e-01,1.853010207414627075e-01,1.663726717233657837e-01,1.471010744571685791e-01,1.661051213741302490e-01,1.901226192712783813e-01,1.383461505174636841e-01,2.131433486938476562e-01,1.612620502710342407e-01,1.802517473697662354e-01
1.603012084960937500e-01,1.723436266183853149e-01,1.691156625747680664e-01,1.612189710140228271e-01,1.672432869672775269e-01,2.006825804710388184e-01,1.454534530639648438e-01,2.017055898904800415e-01,1.837389320135116577e-01,1.765974909067153931e-01
1.429090648889541626e-01,1.640696674585342407e-01,1.614377051591873169e-01,1.676447093486785889e-01,1.585900932550430298e-01,1.968845278024673462e-01,1.395653933286666870e-01,1.950032263994216919e-01,1.542491316795349121e-01,1.709233522415161133e-01
1.547174304723739624e-01,1.423325091600418091e-01,1.598775833845138550e-01,1.692833304405212402e-01,1.581846028566360474e-01,2.023829072713851929e-01,1.439413279294967651e-01,1.927354633808135986e-01,1.631834506988525391e-01,1.675173640251159668e-01
1.582097411155700684e-01,1.734346747398376465e-01,1.731988191604614258e-01,1.518665701150894165e-01,1.705852448940277100e-01,1.904545128345489502e-01,1.435970216989517212e-01,2.038870304822921753e-01,1.747172623872756958e-01,1.636205911636352539e-01
1.767346709966659546e-01,1.498709470033645630e-01,1.669185459613800049e-01,1.612342000007629395e-01,1.711936444044113159e-01,1.964273750782012939e-01,1.389591991901397705e-01,1.958989351987838745e-01,1.652072072029113770e-01,1.823928505182266235e-01
1.632160246372222900e-01,1.652784645557403564e-01,1.544048637151718140e-01,1.593719571828842163e-01,1.533362865447998047e-01,1.847300082445144653e-01,1.373291313648223877e-01,2.063614130020141602e-01,1.705777794122695923e-01,1.583831012248992920e-01
1.505637466907501221e-01,1.565601825714111328e-01,1.640456765890121460e-01,1.521923243999481201e-01,1.497944891452789307e-01,1.945603042840957642e-01,1.425713002681732178e-01,1.940294504165649414e-01,1.590115427970886230e-01,1.749491542577743530e-01
1.495325714349746704e-01,1.620855629444122314e-01,1.732059717178344727e-01,1.622108072042465210e-01,1.577141731977462769e-01,1.945922225713729858e-01,1.402908414602279663e-01,1.996028423309326172e-01,1.710992008447647095e-01,1.684390157461166382e-01
1.498464494943618774e-01,1.579183936119079590e-01,1.646751016378402710e-01,1.585006415843963623e-01,1.655515134334564209e-01,1.821007877588272095e-01,1.350096017122268677e-01,1.973445564508438110e-01,1.621958315372467041e-01,1.706171482801437378e-01
1.560601890087127686e-01,1.488875597715377808e-01,1.557091176509857178e-01,1.466977447271347046e-01,1.574018895626068115e-01,1.777000129222869873e-01,1.471526622772216797e-01,1.929535120725631714e-01,1.624747961759567261e-01,1.491370350122451782e-01
1.423939764499664307e-01,1.628197878599166870e-01,1.626266688108444214e-01,1.507494300603866577e-01,1.480488777160644531e-01,1.885277777910232544e-01,1.284057945013046265e-01,1.874853074550628662e-01,1.485513597726821899e-01,1.579234600067138672e-01
1.438184976577758789e-01,1.557886600494384766e-01,1.532515138387680054e-01,1.518609821796417236e-01,1.635599881410598755e-01,1.838835626840591431e-01,1.275280416011810303e-01,1.785065233707427979e-01,1.738333404064178467e-01,1.623430252075195312e-01
1.533593833446502686e-01,1.616361886262893677e-01,1.568356156349182129e-01,1.601142287254333496e-01,1.498203575611114502e-01,1.801853328943252563e-01,1.368886679410934448e-01,1.871201395988464355e-01,1.556069701910018921e-01,1.686199158430099487e-01
1.450292170047760010e-01,1.541004627943038940e-01,1.563963294029235840e-01,1.465095579624176025e-01,1.584045439958572388e-01,1.768230348825454712e-01,1.468264162540435791e-01,1.939499527215957642e-01,1.493909806013107300e-01,1.669661253690719604e-01
1.626352369785308838e-01,1.473203599452972412e-01,1.672978103160858154e-01,1.505126208066940308e-01,1.443429291248321533e-01,1.903367936611175537e-01,1.465232670307159424e-01,1.818841695785522461e-01,1.595659852027893066e-01,1.486799865961074829e-01
1.445493251085281372e-01,1.497556865215301514e-01,1.532307267189025879e-01,1.483714133501052856e-01,1.417250037193298340e-01,1.797326952219009399e-01,1.284659653902053833e-01,1.876223385334014893e-01,1.407210230827331543e-01,1.634224504232406616e-01
1.471638530492782593e-01,1.509561091661453247e-01,1.639389246702194214e-01,1.490712165832519531e-01,1.510755419731140137e-01,1.784886717796325684e-01,1.440467834472656250e-01,1.824947744607925415e-01,1.568658649921417236e-01,1.548204571008682251e-01
1.558899283409118652e-01,1.456683129072189331e-01,1.539667695760726929e-01,1.534402966499328613e-01,1.531445682048797607e-01,1.748106777667999268e-01,1.385354101657867432e-01,1.908294558525085449e-01,1.487748324871063232e-01,1.488007307052612305e-01
1.403557956218719482e-01,1.534342169761657715e-01,1.595666706562042236e-01,1.368604302406311035e-01,1.563648134469985962e-01,1.806150823831558228e-01,1.271471679210662842e-01,1.830195188522338867e-01,1.587859094142913818e-01,1.626866012811660767e-01
1.348103135824203491e-01,1.508993804454803467e-01,1.583329588174819946e-01,1.514895707368850708e-01,1.525631994009017944e-01,1.734135746955871582e-01,1.276962906122207642e-01,1.874607801437377930e-01,1.454025655984878540e-01,1.612312346696853638e-01
1.516065001487731934e-01,1.550240218639373779e-01,1.583522111177444458e-01,1.651072949171066284e-01,1.503989100456237793e-01,1.665773242712020874e-01,1.326635628938674927e-01,1.962389945983886719e-01,1.432398110628128052e-01,1.655310988426208496e-01
1.433472037315368652e-01,1.549975872039794922e-01,1.536842584609985352e-01,1.499345004558563232e-01,1.451824903488159180e-01,1.724732965230941772e-01,1.341303437948226929e-01,1.865414530038833618e-01,1.517611145973205566e-01,1.474633067846298218e-01
1.419399976730346680e-01,1.510452479124069214e-01,1.492296010255813599e-01,1.430964171886444092e-01,1.507235616445541382e-01,1.739583462476730347e-01,1.335653066635131836e-01,1.722017228603363037e-01,1.494789123535156250e-01,1.447546184062957764e-01
1.441934853792190552e-01,1.521477699279785156e-01,1.524238139390945435e-01,1.567807048559188843e-01,1.414490789175033569e-01,1.729827970266342163e-01,1.219719126820564270e-01,1.748617589473724365e-01,1.409211903810501099e-01,1.555396914482116699e-01
1.467282474040985107e-01,1.409456729888916016e-01,1.491958051919937134e-01,1.493850201368331909e-01,1.515788584947586060e-01,1.719526648521423340e-01,1.218394041061401367e-01,1.871685087680816650e-01,1.466097682714462280e-01,1.494866311550140381e-01
1.416517198085784912e-01,1.539026796817779541e-01,1.530838608741760254e-01,1.525982469320297241e-01,1.370370239019393921e-01,1.643807739019393921e-01,1.170479655265808105e-01,1.799423694610595703e-01,1.483138501644134521e-01,1.500308960676193237e-01
1.320688426494598389e-01,1.453679054975509644e-01,1.482365131378173828e-01,1.442265063524246216e-01,1.498359292745590210e-01,1.838472485542297363e-01,1.379051804542541504e-01,1.717429906129837036e-01,1.469892263412475586e-01,1.566960066556930542e-01
1.358780413866043091e-01,1.327541768550872803e-01,1.400433480739593506e-01,1.383872479200363159e-01,1.577727794647216797e-01,1.757117211818695068e-01,1.386101543903350830e-01,1.744846999645233154e-01,1.578134000301361084e-01,1.462963968515396118e-01
1.317133307456970215e-01,1.464670598506927490e-01,1.433732658624649048e-01,1.439276486635208130e-01,1.500859409570693970e-01,1.622607707977294922e-01,1.247874945402145386e-01,1.861343532800674438e-01,1.419168561697006226e-01,1.350912600755691528e-01
1.459532827138900757e-01,1.457534581422805786e-01,1.517553329467773438e-01,1.459220945835113525e-01,1.445246636867523193e-01,1.716648489236831665e-01,1.120179742574691772e-01,1.757920235395431519e-01,1.292462050914764404e-01,1.493068933486938477e-01
1.261407434940338135e-01,1.458153724670410156e-01,1.372579783201217651e-01,1.407194584608078003e-01,1.497057527303695679e-01,1.569207757711410522e-01,1.121995523571968079e-01,1.736570149660110474e-01,1.412260085344314575e-01,1.463229209184646606e-01
1.337290257215499878e-01,1.479283720254898071e-01,1.598559916019439697e-01,1.415700167417526245e-01,1.410080790519714355e-01,1.761415004730224609e-01,1.153707057237625122e-01,1.759249866008758545e-01,1.369274556636810303e-01,1.487813591957092285e-01
1.321477442979812622e-01,1.550775319337844849e-01,1.513075977563858032e-01,1.431701332330703735e-01,1.222645342350006104e-01,1.551470905542373657e-01,1.225191578269004822e-01,1.715974062681198120e-01,1.459862887859344482e-01,1.495884805917739868e-01
1.488989144563674927e-01,1.438367664813995361e-01,1.525161713361740112e-01,1.276739835739135742e-01,1.431059241294860840e-01,1.515876799821853638e-01,1.183093190193176270e-01,1.841311603784561157e-01,1.363973617553710938e-01,1.549311429262161255e-01
1.327061653137207031e-01,1.407496184110641479e-01,1.507810503244400024e-01,1.475579589605331421e-01,1.486434340476989746e-01,1.713140010833740234e-01,1.298825293779373169e-01,1.829503625631332397e-01,1.422302722930908203e-01,1.478741616010665894e-01
1.390074044466018677e-01,1.410897374153137207e-01,1.542992293834686279e-01,1.387111693620681763e-01,1.478018164634704590e-01,1.832169741392135620e-01,1.338521391153335571e-01,1.684035360813140869e-01,1.426934599876403809e-01,1.414810866117477417e-01
1.397035717964172363e-01,1.479594111442565918e-01,1.566965728998184204e-01,1.359016895294189453e-01,1.354830265045166016e-01,1.669966280460357666e-01,1.147229149937629700e-01,1.726285368204116821e-01,1.509533226490020752e-01,1.413007229566574097e-01
1.353593766689300537e-01,1.422888189554214478e-01,1.463151574134826660e-01,1.447340697050094604e-01,1.414222866296768188e-01,1.461684405803680420e-01,1.095425635576248169e-01,1.830545663833618164e-01,1.617777198553085327e-01,1.518104225397109985e-01
1.409573853015899658e-01,1.360124796628952026e-01,1.549164205789566040e-01,1.365477740764617920e-01,1.287696659564971924e-01,1.571054160594940186e-01,1.308203041553497314e-01,1.678595989942550659e-01,1.383086293935775757e-01,1.350616961717605591e-01
1.301132440567016602e-01,1.364185661077499390e-01,1.497811824083328247e-01,1.523247510194778442e-01,1.414739042520523071e-01,1.618801355361938477e-01,1.249334067106246948e-01,1.803151369094848633e-01,1.313446909189224243e-01,1.190670505166053772e-01
1.328069567680358887e-01,1.446034908294677734e-01,1.461515277624130249e-01,1.321908980607986450e-01,1.518114507198333740e-01,1.598612666130065918e-01,1.286488771438598633e-01,1.710850596427917480e-01,1.389459371566772461e-01,1.459116637706756592e-01
1.232073009014129639e-01,1.382431387901306152e-01,1.517210304737091064e-01,1.370318084955215454e-01,1.321303099393844604e-01,1.487709730863571167e-01,1.148020550608634949e-01,1.614805161952972412e-01,1.393576115369796753e-01,1.453056931495666504e-01
1.297479718923568726e-01,1.312539875507354736e-01,1.402448862791061401e-01,1.408840417861938477e-01,1.388039886951446533e-01,1.540381759405136108e-01,1.155259981751441956e-01,1.665942817926406860e-01,1.451773941516876221e-01,1.311540156602859497e-01
1.364152431488037109e-01,1.384748369455337524e-01,1.496947407722473145e-01,1.320746541023254395e-01,1.378010660409927368e-01,1.545456349849700928e-01,1.181514337658882141e-01,1.692094057798385620e-01,1.308585256338119507e-01,1.339164972305297852e-01
1.239454597234725952e-01,1.451349407434463501e-01,1.396556347608566284e-01,1.287246346473693848e-01,1.435956507921218872e-01,1.431894898414611816e-01,1.163247004151344299e-01,1.674751341342926025e-01,1.392902731895446777e-01,1.344785541296005249e-01
1.360178738832473755e-01,1.315378844738006592e-01,1.471019834280014038e-01,1.359067410230636597e-01,1.387260258197784424e-01,1.526355147361755371e-01,1.199146136641502380e-01,1.669095605611801147e-01,1.371217370033264160e-01,1.295617818832397461e-01
1.350650787353515625e-01,1.166523247957229614e-01,1.258057951927185059e-01,1.440276503562927246e-01,1.322490274906158447e-01,1.562174558639526367e-01,1.129350140690803528e-01,1.742527335882186890e-01,1.358734518289566040e-01,1.304010748863220215e-01
1.185443326830863953e-01,1.306597143411636353e-01,1.452645212411880493e-01,1.316368579864501953e-01,1.423359513282775879e-01,1.537708342075347900e-01,1.166124343872070312e-01,1.614053100347518921e-01,1.350037008523941040e-01,1.460941433906555176e-01
1.211896985769271851e-01,1.296915709972381592e-01,1.433703601360321045e-01,1.333824545145034790e-01,1.213769614696502686e-01,1.538313329219818115e-01,1.251036822795867920e-01,1.804053783416748047e-01,1.259395182132720947e-01,1.379403322935104370e-01
1.311579942703247070e-01,1.384743750095367432e-01,1.429100781679153442e-01,1.399678736925125122e-01,1.272088438272476196e-01,1.478786915540695190e-01,1.055195108056068420e-01,1.648110151290893555e-01,1.309796124696731567e-01,1.340302228927612305e-01
1.192886531352996826e-01,1.397038847208023071e-01,1.397117078304290771e-01,1.383689641952514648e-01,1.352608799934387207e-01,1.485160589218139648e-01,1.261066794395446777e-01,1.753641813993453979e-01,1.435851007699966431e-01,1.420960128307342529e-01
1.291311830282211304e-01,1.404585838317871094e-01,1.374142020940780640e-01,1.342221945524215698e-01,1.402018964290618896e-01,1.346226036548614502e-01,1.302152872085571289e-01,1.622711271047592163e-01,1.236276030540466309e-01,1.282952874898910522e-01
1.461230963468551636e-01,1.275455355644226074e-01,1.344217807054519653e-01,1.356098651885986328e-01,1.310835182666778564e-01,1.483711600303649902e-01,1.112336516380310059e-01,1.482867598533630371e-01,1.361125558614730835e-01,1.342701762914657593e-01
1.195492520928382874e-01,1.345884501934051514e-01,1.458071023225784302e-01,1.342032551765441895e-01,1.354228705167770386e-01,1.425774097442626953e-01,1.167602241039276123e-01,1.659008115530014038e-01,1.313188523054122925e-01,1.295482516288757324e-01
1.196414530277252197e-01,1.326226294040679932e-01,1.367907226085662842e-01,1.306902766227722168e-01,1.318965852260589600e-01,1.401250064373016357e-01,1.200558170676231384e-01,1.591877341270446777e-01,1.509757786989212036e-01,1.185510829091072083e-01
1.310334950685501099e-01,1.320100575685501099e-01,1.320701837539672852e-01,1.309226751327514648e-01,1.299400925636291504e-01,1.505772024393081665e-01,1.161631643772125244e-01,1.764435619115829468e-01,1.347876191139221191e-01,1.342618614435195923e-01
1.231087148189544678e-01,1.323360502719879150e-01,1.442651301622390747e-01,1.243738755583763123e-01,1.355038136243820190e-01,1.501008421182632446e-01,1.123749390244483948e-01,1.736773401498794556e-01,1.345117986202239990e-01,1.387516558170318604e-01
1.191551759839057922e-01,1.299154162406921387e-01,1.335337460041046143e-01,1.308231949806213379e-01,1.283658146858215332e-01,1.389648169279098511e-01,1.152296662330627441e-01,1.608831435441970825e-01,1.336176842451095581e-01,1.320075243711471558e-01
1.265486180782318115e-01,1.294793933629989624e-01,1.499247550964355469e-01,1.397704482078552246e-01,1.275191009044647217e-01,1.396121084690093994e-01,1.128980889916419983e-01,1.710963845252990723e-01,1.309627294540405273e-01,1.267861276865005493e-01
1.191969811916351318e-01,1.310856044292449951e-01,1.417568475008010864e-01,1.329124122858047485e-01,1.303133070468902588e-01,1.572203338146209717e-01,9.653882682323455811e-02,1.576750725507736206e-01,1.156077682971954346e-01,1.255426555871963501e-01
1.199394986033439636e-01,1.318283826112747192e-01,1.371087431907653809e-01,1.267304569482803345e-01,1.131007224321365356e-01,1.374910473823547363e-01,9.738117456436157227e-02,1.680466532707214355e-01,1.385570317506790161e-01,1.299493461847305298e-01
1.294997036457061768e-01,1.439575850963592529e-01,1.343126744031906128e-01,1.294526457786560059e-01,1.271281242370605469e-01,1.407718956470489502e-01,1.084556579589843750e-01,1.616033166646957397e-01,1.279725879430770874e-01,1.289531886577606201e-01
1.127654984593391418e-01,1.313660442829132080e-01,1.310939788818359375e-01,1.244559884071350098e-01,1.219618767499923706e-01,1.448285579681396484e-01,1.190411224961280823e-01,1.544914841651916504e-01,1.276380270719528198e-01,1.329107284545898438e-01
1.235666349530220032e-01,1.359015107154846191e-01,1.440272480249404907e-01,1.337496489286422729e-01,1.278922557830810547e-01,1.620910465717315674e-01,1.017263606190681458e-01,1.514880359172821045e-01,1.290973573923110962e-01,1.319571137428283691e-01
1.293795406818389893e-01,1.225386634469032288e-01,1.396052837371826172e-01,1.242050006985664368e-01,1.287768930196762085e-01,1.461158692836761475e-01,1.044989079236984253e-01,1.513200104236602783e-01,1.377627551555633545e-01,1.359061300754547119e-01
1.230242401361465454e-01,1.134894713759422302e-01,1.324313879013061523e-01,1.395265907049179077e-01,1.357609629631042480e-01,1.378988325595855713e-01,1.090769097208976746e-01,1.591528505086898804e-01,1.208759248256683350e-01,1.169281229376792908e-01
1.238411217927932739e-01,1.364852637052536011e-01,1.345404684543609619e-01,1.271909773349761963e-01,1.079211607575416565e-01,1.458977311849594116e-01,1.254725456237792969e-01,1.652412712574005127e-01,1.399577707052230835e-01,1.254931539297103882e-01
1.119724437594413757e-01,1.263782531023025513e-01,1.336761713027954102e-01,1.408524364233016968e-01,1.254290789365768433e-01,1.380956470966339111e-01,1.029615774750709534e-01,1.630190461874008179e-01,1.274984031915664673e-01,1.162696182727813721e-01
1.131513565778732300e-01,1.257743537425994873e-01,1.474664509296417236e-01,1.400691866874694824e-01,1.265098750591278076e-01,1.411588937044143677e-01,1.032121554017066956e-01,1.694318503141403198e-01,1.184007897973060608e-01,1.312109529972076416e-01
1.177680045366287231e-01,1.100376099348068237e-01,1.465235799551010132e-01,1.278775185346603394e-01,1.110484972596168518e-01,1.464138478040695190e-01,1.158013045787811279e-01,1.506887078285217285e-01,1.167223230004310608e-01,1.361866891384124756e-01
1.187025755643844604e-01,1.172824651002883911e-01,1.241001635789871216e-01,1.293354183435440063e-01,1.255662143230438232e-01,1.506764888763427734e-01,9.792510420083999634e-02,1.683126986026763916e-01,1.256093084812164307e-01,1.353937387466430664e-01
1.231868118047714233e-01,1.306580752134323120e-01,1.335388123989105225e-01,1.363634169101715088e-01,1.275384575128555298e-01,1.401782631874084473e-01,9.614720940589904785e-02,1.628861278295516968e-01,1.305829286575317383e-01,1.144097819924354553e-01
1.109380125999450684e-01,1.335006356239318848e-01,1.296935826539993286e-01,1.214422285556793213e-01,1.175166592001914978e-01,1.328880190849304199e-01,9.765527397394180298e-02,1.542007327079772949e-01,1.263145953416824341e-01,1.148010268807411194e-01
1.136041060090065002e-01,1.288196295499801636e-01,1.381966024637222290e-01,1.200807243585586548e-01,1.194310411810874939e-01,1.386998593807220459e-01,9.715455770492553711e-02,1.604704409837722778e-01,1.084940209984779358e-01,1.303980052471160889e-01
1.253259181976318359e-01,1.277129501104354858e-01,1.322808116674423218e-01,1.421179622411727905e-01,1.216295585036277771e-01,1.296601295471191406e-01,1.218573525547981262e-01,1.646606773138046265e-01,1.282596439123153687e-01,1.327172964811325073e-01
1.180411279201507568e-01,1.226673349738121033e-01,1.401003301143646240e-01,1.196365803480148315e-01,1.341504305601119995e-01,1.359418481588363647e-01,8.723740279674530029e-02,1.561623215675354004e-01,1.207211762666702271e-01,1.147511601448059082e-01
1.068855226039886475e-01,1.239413172006607056e-01,1.376978754997253418e-01,1.223590373992919922e-01,1.264169812202453613e-01,1.387235820293426514e-01,1.163021773099899292e-01,1.577195227146148682e-01,1.139774993062019348e-01,1.280548125505447388e-01
9.941004216670989990e-02,1.277510225772857666e-01,1.165803894400596619e-01,1.318064481019973755e-01,1.152646392583847046e-01,1.450532078742980957e-01,1.154512465000152588e-01,1.614284366369247437e-01,1.235755532979965210e-01,1.179394945502281189e-01
1.313734650611877441e-01,1.164471432566642761e-01,1.309790611267089844e-01,1.300510317087173462e-01,1.071308478713035583e-01,1.334480494260787964e-01,1.042223572731018066e-01,1.531716883182525635e-01,1.176923066377639771e-01,1.212358549237251282e-01
1.129083484411239624e-01,1.089230552315711975e-01,1.518263369798660278e-01,1.238681375980377197e-01,1.146797090768814087e-01,1.419575214385986328e-01,1.122825369238853455e-01,1.530478000640869141e-01,1.194715872406959534e-01,1.202607825398445129e-01
1.125130280852317810e-01,1.258597224950790405e-01,1.248602420091629028e-01,1.218668296933174133e-01,1.331221461296081543e-01,1.328399628400802612e-01,9.641411900520324707e-02,1.489955335855484009e-01,1.358779072761535645e-01,1.166927218437194824e-01
1.133647114038467407e-01,1.266117990016937256e-01,1.253779679536819458e-01,1.286491006612777710e-01,1.230017468333244324e-01,1.291804164648056030e-01,1.110414564609527588e-01,1.480555832386016846e-01,1.144691482186317444e-01,1.165725663304328918e-01
1.152516603469848633e-01,1.182730495929718018e-01,1.344168037176132202e-01,1.269657015800476074e-01,1.125858426094055176e-01,1.341588497161865234e-01,1.109247207641601562e-01,1.585588604211807251e-01,1.356568038463592529e-01,1.164218187332153320e-01
1.102679446339607239e-01,1.091953665018081665e-01,1.328721791505813599e-01,1.201279237866401672e-01,1.194975450634956360e-01,1.283861100673675537e-01,9.659790247678756714e-02,1.494884788990020752e-01,1.348346173763275146e-01,1.292333453893661499e-01
1.052482873201370239e-01,1.106627881526947021e-01,1.230997741222381592e-01,1.245627179741859436e-01,1.131399720907211304e-01,1.346959620714187622e-01,9.286720305681228638e-02,1.508617848157882690e-01,1.078977286815643311e-01,1.267338544130325317e-01
1.150862053036689758e-01,1.204556375741958618e-01,1.337833255529403687e-01,1.145815253257751465e-01,1.234929040074348450e-01,1.290189027786254883e-01,1.127236261963844299e-01,1.549700051546096802e-01,1.121253445744514465e-01,1.127328798174858093e-01
1.118716374039649963e-01,1.115358695387840271e-01,1.473613828420639038e-01,1.319484859704971313e-01,1.059931516647338867e-01,1.307909488677978516e-01,9.082350879907608032e-02,1.421858370304107666e-01,1.071449294686317444e-01,1.201945990324020386e-01
1.087212562561035156e-01,1.114049032330513000e-01,1.389208287000656128e-01,1.338476836681365967e-01,1.108467802405357361e-01,1.396503001451492310e-01,9.959021955728530884e-02,1.485643982887268066e-01,1.134882569313049316e-01,1.218940094113349915e-01
1.129280477762222290e-01,1.147200018167495728e-01,1.320169121026992798e-01,1.133689433336257935e-01,1.200671121478080750e-01,1.224372461438179016e-01,1.115261390805244446e-01,1.472691595554351807e-01,1.171297207474708557e-01,1.197798401117324829e-01
1.082047745585441589e-01,1.112890243530273438e-01,1.278172433376312256e-01,1.231001466512680054e-01,1.269389837980270386e-01,1.249271631240844727e-01,9.434110671281814575e-02,1.398690938949584961e-01,1.177728697657585144e-01,1.158151030540466309e-01
1.156252920627593994e-01,1.164588630199432373e-01,1.197535097599029541e-01,1.159557402133941650e-01,1.098543033003807068e-01,1.347898095846176147e-01,9.656899422407150269e-02,1.489246785640716553e-01,1.186543554067611694e-01,1.167382001876831055e-01
1.013610586524009705e-01,1.183939054608345032e-01,1.211746782064437866e-01,1.260429620742797852e-01,1.164689287543296814e-01,1.401110887527465820e-01,1.078657805919647217e-01,1.488014608621597290e-01,1.233748123049736023e-01,1.029042527079582214e-01
1.297741532325744629e-01,1.166475415229797363e-01,1.302825361490249634e-01,1.065824478864669800e-01,1.081700921058654785e-01,1.308106631040573120e-01,1.055344939231872559e-01,1.475885659456253052e-01,1.177590936422348022e-01,1.235552802681922913e-01
1.108699217438697815e-01,1.193200871348381042e-01,1.368111968040466309e-01,1.212392896413803101e-01,1.147365570068359375e-01,1.248254999518394470e-01,9.383742511272430420e-02,1.489248573780059814e-01,1.193601563572883606e-01,1.064963787794113159e-01
1.194630339741706848e-01,1.149854138493537903e-01,1.424367427825927734e-01,1.232428476214408875e-01,1.054011434316635132e-01,1.279728114604949951e-01,9.628336876630783081e-02,1.398929804563522339e-01,1.135987788438796997e-01,1.419280171394348145e-01
1.179946213960647583e-01,1.172299236059188843e-01,1.353424042463302612e-01,1.228421032428741455e-01,1.175747662782669067e-01,1.325203180313110352e-01,1.192762553691864014e-01,1.495859920978546143e-01,1.076551154255867004e-01,1.206231787800788879e-01
1.094655543565750122e-01,1.228921487927436829e-01,1.258991509675979614e-01,1.207427829504013062e-01,1.151312813162803650e-01,1.279660910367965698e-01,8.620680123567581177e-02,1.515921354293823242e-01,1.098432391881942749e-01,1.127610802650451660e-01
1.015703827142715454e-01,1.137648969888687134e-01,1.258296668529510498e-01,1.123926937580108643e-01,1.162234619259834290e-01,1.247534900903701782e-01,9.770044684410095215e-02,1.461793482303619385e-01,1.113123819231987000e-01,1.165426596999168396e-01
8.541510999202728271e-02,1.193561032414436340e-01,1.240312978625297546e-01,1.137952730059623718e-01,1.049549952149391174e-01,1.311508715152740479e-01,9.337232261896133423e-02,1.513548642396926880e-01,1.129229515790939331e-01,1.137446016073226929e-01
1.135309264063835144e-01,1.145053580403327942e-01,1.250703930854797363e-01,1.162932366132736206e-01,1.045224294066429138e-01,1.195548921823501587e-01,1.014919951558113098e-01,1.481239944696426392e-01,1.216906234622001648e-01,1.132553815841674805e-01
1.132360696792602539e-01,1.212522983551025391e-01,1.364688426256179810e-01,1.130049601197242737e-01,1.190860792994499207e-01,1.275448352098464966e-01,8.999229967594146729e-02,1.415685415267944336e-01,1.137134283781051636e-01,1.040238216519355774e-01
1.009991541504859924e-01,1.098932996392250061e-01,1.307060271501541138e-01,1.139173880219459534e-01,1.088155135512351990e-01,1.216594353318214417e-01,9.668882936239242554e-02,1.435920447111129761e-01,1.048713773488998413e-01,1.251068264245986938e-01
1.058518812060356140e-01,1.098004132509231567e-01,1.208755448460578918e-01,1.176827400922775269e-01,1.188229992985725403e-01,1.140389740467071533e-01,9.225582331418991089e-02,1.379509568214416504e-01,1.126745343208312988e-01,1.244334876537322998e-01
1.104114651679992676e-01,1.168577149510383606e-01,1.288215368986129761e-01,1.221090331673622131e-01,1.169344633817672729e-01,1.303410381078720093e-01,9.946946799755096436e-02,1.410157531499862671e-01,1.177542060613632202e-01,1.014656797051429749e-01
1.075290888547897339e-01,1.110305711627006531e-01,1.188802868127822876e-01,1.130019277334213257e-01,1.219543293118476868e-01,1.379845291376113892e-01,1.101061180233955383e-01,1.525168120861053467e-01,1.139060407876968384e-01,1.130562871694564819e-01
1.120805963873863220e-01,1.106911003589630127e-01,1.214742437005043030e-01,1.257224678993225098e-01,1.039549633860588074e-01,1.280676424503326416e-01,1.027090996503829956e-01,1.378221511840820312e-01,1.179170832037925720e-01,1.043229028582572937e-01
1.061564609408378601e-01,1.133328825235366821e-01,1.149847432971000671e-01,1.212073713541030884e-01,1.100920662283897400e-01,1.218395605683326721e-01,9.005170315504074097e-02,1.410524547100067139e-01,1.135079413652420044e-01,1.146480962634086609e-01
1.099259704351425171e-01,1.152344495058059692e-01,1.431715488433837891e-01,1.064271777868270874e-01,1.119053363800048828e-01,1.172828897833824158e-01,8.842924982309341431e-02,1.485652178525924683e-01,1.024853661656379700e-01,1.115074604749679565e-01
1.235145106911659241e-01,1.065459325909614563e-01,1.280713528394699097e-01,1.099839657545089722e-01,1.199020147323608398e-01,1.253940612077713013e-01,1.009112372994422913e-01,1.389996856451034546e-01,1.212007775902748108e-01,1.194786280393600464e-01
1.059337183833122253e-01,1.132699251174926758e-01,1.279148310422897339e-01,1.178099960088729858e-01,1.150773614645004272e-01,1.368242055177688599e-01,1.103812903165817261e-01,1.459736526012420654e-01,1.226002350449562073e-01,1.038561612367630005e-01
1.021590232849121094e-01,1.024462282657623291e-01,1.317151337862014771e-01,1.136996373534202576e-01,1.202927157282829285e-01,1.297663599252700806e-01,9.202247858047485352e-02,1.425924897193908691e-01,1.109864562749862671e-01,1.214409098029136658e-01
1.006336510181427002e-01,1.266723722219467163e-01,1.270558834075927734e-01,1.129263341426849365e-01,1.049044579267501831e-01,1.311057955026626587e-01,1.000008434057235718e-01,1.386661678552627563e-01,1.111135035753250122e-01,1.118860766291618347e-01
1.181056648492813110e-01,1.041934117674827576e-01,1.206990852952003479e-01,1.296371966600418091e-01,9.825559705495834351e-02,1.341514289379119873e-01,1.032993197441101074e-01,1.472614854574203491e-01,1.116490364074707031e-01,1.099758297204971313e-01
