5.292191505432128906e-01,5.196473598480224609e-01,5.143576860427856445e-01,5.226700305938720703e-01,5.211586952209472656e-01,5.254408121109008789e-01,5.216624736785888672e-01,5.319899320602416992e-01,5.327455997467041016e-01,5.304785966873168945e-01
5.430730581283569336e-01,5.395466089248657227e-01,5.332493782043457031e-01,5.342569351196289062e-01,5.183879137039184570e-01,5.352644920349121094e-01,5.362720489501953125e-01,5.312342643737792969e-01,5.193954706192016602e-01,5.277078151702880859e-01
5.410579442977905273e-01,5.430730581283569336e-01,5.355163812637329102e-01,5.340050458908081055e-01,5.282115936279296875e-01,5.350126028060913086e-01,5.435768365859985352e-01,5.352644920349121094e-01,5.287153720855712891e-01,5.443325042724609375e-01
5.425692796707153320e-01,5.430730581283569336e-01,5.362720489501953125e-01,5.360201597213745117e-01,5.335012674331665039e-01,5.362720489501953125e-01,5.418136119842529297e-01,5.352644920349121094e-01,5.299748182296752930e-01,5.425692796707153320e-01
5.435768365859985352e-01,5.430730581283569336e-01,5.347607135772705078e-01,5.365239381790161133e-01,5.352644920349121094e-01,5.365239381790161133e-01,5.428211688995361328e-01,5.408060550689697266e-01,5.319899320602416992e-01,5.425692796707153320e-01
5.425692796707153320e-01,5.423173904418945312e-01,5.360201597213745117e-01,5.370277166366577148e-01,5.355163812637329102e-01,5.362720489501953125e-01,5.425692796707153320e-01,5.372796058654785156e-01,5.329974889755249023e-01,5.430730581283569336e-01
5.465995073318481445e-01,5.415617227554321289e-01,5.360201597213745117e-01,5.367758274078369141e-01,5.410579442977905273e-01,5.362720489501953125e-01,5.425692796707153320e-01,5.387909412384033203e-01,5.357682704925537109e-01,5.443325042724609375e-01
5.443325042724609375e-01,5.425692796707153320e-01,5.360201597213745117e-01,5.367758274078369141e-01,5.392947196960449219e-01,5.362720489501953125e-01,5.425692796707153320e-01,5.387909412384033203e-01,5.294710397720336914e-01,5.448362827301025391e-01
5.493702888488769531e-01,5.465995073318481445e-01,5.355163812637329102e-01,5.365239381790161133e-01,5.392947196960449219e-01,5.362720489501953125e-01,5.425692796707153320e-01,5.390428304672241211e-01,5.360201597213745117e-01,5.443325042724609375e-01
5.528967380523681641e-01,5.508816242218017578e-01,5.350126028060913086e-01,5.367758274078369141e-01,5.400503873825073242e-01,5.362720489501953125e-01,5.425692796707153320e-01,5.382871627807617188e-01,5.360201597213745117e-01,5.438287258148193359e-01
5.634760856628417969e-01,5.569269657135009766e-01,5.360201597213745117e-01,5.367758274078369141e-01,5.408060550689697266e-01,5.362720489501953125e-01,5.425692796707153320e-01,5.362720489501953125e-01,5.362720489501953125e-01,5.460957288742065430e-01
5.644836425781250000e-01,5.596977472305297852e-01,5.360201597213745117e-01,5.367758274078369141e-01,5.403022766113281250e-01,5.362720489501953125e-01,5.425692796707153320e-01,5.382871627807617188e-01,5.362720489501953125e-01,5.443325042724609375e-01
5.662468671798706055e-01,5.534005165100097656e-01,5.360201597213745117e-01,5.367758274078369141e-01,5.392947196960449219e-01,5.362720489501953125e-01,5.425692796707153320e-01,5.387909412384033203e-01,5.340050458908081055e-01,5.508816242218017578e-01
5.629723072052001953e-01,5.722922086715698242e-01,5.360201597213745117e-01,5.367758274078369141e-01,5.405541658401489258e-01,5.362720489501953125e-01,5.425692796707153320e-01,5.385390520095825195e-01,5.350126028060913086e-01,5.536524057388305664e-01
5.770781040191650391e-01,5.637279748916625977e-01,5.360201597213745117e-01,5.367758274078369141e-01,5.410579442977905273e-01,5.362720489501953125e-01,5.425692796707153320e-01,5.387909412384033203e-01,5.430730581283569336e-01,5.544080734252929688e-01
5.763224363327026367e-01,5.702770948410034180e-01,5.360201597213745117e-01,5.367758274078369141e-01,5.377833843231201172e-01,5.362720489501953125e-01,5.425692796707153320e-01,5.387909412384033203e-01,5.566750764846801758e-01,5.483627319335937500e-01
5.818639993667602539e-01,5.745592117309570312e-01,5.360201597213745117e-01,5.367758274078369141e-01,5.420655012130737305e-01,5.362720489501953125e-01,5.425692796707153320e-01,5.387909412384033203e-01,5.521410703659057617e-01,5.637279748916625977e-01
5.798488855361938477e-01,5.801007747650146484e-01,5.360201597213745117e-01,5.367758274078369141e-01,5.501259565353393555e-01,5.367758274078369141e-01,5.425692796707153320e-01,5.387909412384033203e-01,5.501259565353393555e-01,5.599496364593505859e-01
5.861461162567138672e-01,5.788413286209106445e-01,5.360201597213745117e-01,5.367758274078369141e-01,5.561712980270385742e-01,5.362720489501953125e-01,5.425692796707153320e-01,5.297229290008544922e-01,5.531486272811889648e-01,5.785894393920898438e-01
5.871536731719970703e-01,5.869017839431762695e-01,5.360201597213745117e-01,5.367758274078369141e-01,5.541561841964721680e-01,5.362720489501953125e-01,5.425692796707153320e-01,5.481108427047729492e-01,5.609571933746337891e-01,5.715365409851074219e-01
5.979849100112915039e-01,5.831234455108642578e-01,5.360201597213745117e-01,5.370277166366577148e-01,5.599496364593505859e-01,5.362720489501953125e-01,5.425692796707153320e-01,5.347607135772705078e-01,5.581864118576049805e-01,5.717884302139282227e-01
5.899244546890258789e-01,5.848866701126098633e-01,5.360201597213745117e-01,5.367758274078369141e-01,5.680100917816162109e-01,5.362720489501953125e-01,5.423173904418945312e-01,5.360201597213745117e-01,5.664987564086914062e-01,5.790932178497314453e-01
6.017632484436035156e-01,5.924433469772338867e-01,5.360201597213745117e-01,5.367758274078369141e-01,5.531486272811889648e-01,5.362720489501953125e-01,5.425692796707153320e-01,5.536524057388305664e-01,5.639798641204833984e-01,5.697733163833618164e-01
5.954660177230834961e-01,5.826196670532226562e-01,5.360201597213745117e-01,5.367758274078369141e-01,5.717884302139282227e-01,5.362720489501953125e-01,5.425692796707153320e-01,5.579345226287841797e-01,5.801007747650146484e-01,5.755667686462402344e-01
5.997481346130371094e-01,5.813602209091186523e-01,5.360201597213745117e-01,5.367758274078369141e-01,5.637279748916625977e-01,5.362720489501953125e-01,5.425692796707153320e-01,5.617128610610961914e-01,5.581864118576049805e-01,5.828715562820434570e-01
6.027708053588867188e-01,5.967254638671875000e-01,5.360201597213745117e-01,5.367758274078369141e-01,5.629723072052001953e-01,5.362720489501953125e-01,5.425692796707153320e-01,5.720403194427490234e-01,5.775818824768066406e-01,5.823677778244018555e-01
6.108312606811523438e-01,5.914357900619506836e-01,5.360201597213745117e-01,5.367758274078369141e-01,5.836272239685058594e-01,5.362720489501953125e-01,5.425692796707153320e-01,5.617128610610961914e-01,5.778337717056274414e-01,5.891687870025634766e-01
6.007556915283203125e-01,5.924433469772338867e-01,5.360201597213745117e-01,5.367758274078369141e-01,5.730478763580322266e-01,5.362720489501953125e-01,5.425692796707153320e-01,5.773299932479858398e-01,5.836272239685058594e-01,5.896725654602050781e-01
6.123425960540771484e-01,5.992443561553955078e-01,5.360201597213745117e-01,5.367758274078369141e-01,5.654911994934082031e-01,5.362720489501953125e-01,5.425692796707153320e-01,5.664987564086914062e-01,5.904282331466674805e-01,5.964735746383666992e-01
6.133501529693603516e-01,5.964735746383666992e-01,5.360201597213745117e-01,5.367758274078369141e-01,5.803526639938354492e-01,5.362720489501953125e-01,5.425692796707153320e-01,5.644836425781250000e-01,5.843828916549682617e-01,5.909320116043090820e-01
6.123425960540771484e-01,6.118388175964355469e-01,5.360201597213745117e-01,5.367758274078369141e-01,5.833753347396850586e-01,5.362720489501953125e-01,5.425692796707153320e-01,5.596977472305297852e-01,5.770781040191650391e-01,5.984886884689331055e-01
6.158690452575683594e-01,6.007556915283203125e-01,5.360201597213745117e-01,5.367758274078369141e-01,5.843828916549682617e-01,5.362720489501953125e-01,5.425692796707153320e-01,5.758186578750610352e-01,5.735516548156738281e-01,6.002519130706787109e-01
6.171284914016723633e-01,6.037783622741699219e-01,5.360201597213745117e-01,5.367758274078369141e-01,5.745592117309570312e-01,5.362720489501953125e-01,5.425692796707153320e-01,5.770781040191650391e-01,5.869017839431762695e-01,5.997481346130371094e-01
6.221662759780883789e-01,6.075567007064819336e-01,5.360201597213745117e-01,5.367758274078369141e-01,5.838791131973266602e-01,5.362720489501953125e-01,5.425692796707153320e-01,5.783375501632690430e-01,5.775818824768066406e-01,6.010075807571411133e-01
6.254407763481140137e-01,6.085642576217651367e-01,5.360201597213745117e-01,5.367758274078369141e-01,5.866498947143554688e-01,5.362720489501953125e-01,5.425692796707153320e-01,5.806045532226562500e-01,5.843828916549682617e-01,6.093199253082275391e-01
6.226700544357299805e-01,6.035264730453491211e-01,5.360201597213745117e-01,5.367758274078369141e-01,5.962216854095458984e-01,5.362720489501953125e-01,5.425692796707153320e-01,5.806045532226562500e-01,5.876574516296386719e-01,6.032745838165283203e-01
6.098237037658691406e-01,6.098237037658691406e-01,5.360201597213745117e-01,5.367758274078369141e-01,5.853904485702514648e-01,5.362720489501953125e-01,5.425692796707153320e-01,5.760705471038818359e-01,5.861461162567138672e-01,6.113350391387939453e-01
6.284634470939636230e-01,6.173803806304931641e-01,5.360201597213745117e-01,5.367758274078369141e-01,5.947103500366210938e-01,5.362720489501953125e-01,5.425692796707153320e-01,5.790932178497314453e-01,5.848866701126098633e-01,6.118388175964355469e-01
6.292191147804260254e-01,6.098237037658691406e-01,5.360201597213745117e-01,5.367758274078369141e-01,5.808564424514770508e-01,5.362720489501953125e-01,5.425692796707153320e-01,5.959697961807250977e-01,5.816121101379394531e-01,6.136020421981811523e-01
6.294710040092468262e-01,6.214106082916259766e-01,5.360201597213745117e-01,5.367758274078369141e-01,5.919395685195922852e-01,5.362720489501953125e-01,5.425692796707153320e-01,5.785894393920898438e-01,5.924433469772338867e-01,6.128463745117187500e-01
6.292191147804260254e-01,6.100755929946899414e-01,5.360201597213745117e-01,5.367758274078369141e-01,5.979849100112915039e-01,5.362720489501953125e-01,5.425692796707153320e-01,5.926952362060546875e-01,5.914357900619506836e-01,6.206549406051635742e-01
6.342568993568420410e-01,6.148614883422851562e-01,5.360201597213745117e-01,5.367758274078369141e-01,5.967254638671875000e-01,5.362720489501953125e-01,5.425692796707153320e-01,5.727959871292114258e-01,5.896725654602050781e-01,6.272040009498596191e-01
6.370276808738708496e-01,6.105793714523315430e-01,5.360201597213745117e-01,5.367758274078369141e-01,5.871536731719970703e-01,5.362720489501953125e-01,5.425692796707153320e-01,5.795969963073730469e-01,5.891687870025634766e-01,6.229219436645507812e-01
6.423173546791076660e-01,6.143577098846435547e-01,5.360201597213745117e-01,5.367758274078369141e-01,5.869017839431762695e-01,5.362720489501953125e-01,5.425692796707153320e-01,5.904282331466674805e-01,5.954660177230834961e-01,6.256926655769348145e-01
6.408060193061828613e-01,6.176322698593139648e-01,5.360201597213745117e-01,5.367758274078369141e-01,5.964735746383666992e-01,5.362720489501953125e-01,5.425692796707153320e-01,5.801007747650146484e-01,5.934509038925170898e-01,6.347606778144836426e-01
6.375314593315124512e-01,6.161209344863891602e-01,5.360201597213745117e-01,5.367758274078369141e-01,6.017632484436035156e-01,5.362720489501953125e-01,5.425692796707153320e-01,5.826196670532226562e-01,5.926952362060546875e-01,6.350125670433044434e-01
6.350125670433044434e-01,6.224181652069091797e-01,5.360201597213745117e-01,5.367758274078369141e-01,5.866498947143554688e-01,5.362720489501953125e-01,5.425692796707153320e-01,5.987405776977539062e-01,5.952141284942626953e-01,6.294710040092468262e-01
6.347606778144836426e-01,6.173803806304931641e-01,5.360201597213745117e-01,5.367758274078369141e-01,6.010075807571411133e-01,5.362720489501953125e-01,5.425692796707153320e-01,5.949622392654418945e-01,6.002519130706787109e-01,6.279596686363220215e-01
6.408060193061828613e-01,6.302266716957092285e-01,5.360201597213745117e-01,5.367758274078369141e-01,5.916876792907714844e-01,5.362720489501953125e-01,5.425692796707153320e-01,5.967254638671875000e-01,6.017632484436035156e-01,6.403022408485412598e-01
6.463475823402404785e-01,6.297228932380676270e-01,5.360201597213745117e-01,5.367758274078369141e-01,5.997481346130371094e-01,5.362720489501953125e-01,5.425692796707153320e-01,5.929471254348754883e-01,5.962216854095458984e-01,6.277077794075012207e-01
6.518891453742980957e-01,6.289672255516052246e-01,5.360201597213745117e-01,5.367758274078369141e-01,5.954660177230834961e-01,5.362720489501953125e-01,5.425692796707153320e-01,6.055415868759155273e-01,6.022670269012451172e-01,6.372795701026916504e-01
6.594458222389221191e-01,6.277077794075012207e-01,5.360201597213745117e-01,5.367758274078369141e-01,6.032745838165283203e-01,5.362720489501953125e-01,5.425692796707153320e-01,5.962216854095458984e-01,6.075567007064819336e-01,6.256926655769348145e-01
6.473551392555236816e-01,6.375314593315124512e-01,5.360201597213745117e-01,5.367758274078369141e-01,5.992443561553955078e-01,5.362720489501953125e-01,5.425692796707153320e-01,5.952141284942626953e-01,6.085642576217651367e-01,6.350125670433044434e-01
6.612090468406677246e-01,6.221662759780883789e-01,5.360201597213745117e-01,5.367758274078369141e-01,5.931990146636962891e-01,5.362720489501953125e-01,5.425692796707153320e-01,6.022670269012451172e-01,6.025189161300659180e-01,6.304785609245300293e-01
6.591939330101013184e-01,6.335012316703796387e-01,5.360201597213745117e-01,5.365239381790161133e-01,6.052896976470947266e-01,5.362720489501953125e-01,5.425692796707153320e-01,5.977330207824707031e-01,6.052896976470947266e-01,6.382871270179748535e-01
6.607052683830261230e-01,6.297228932380676270e-01,5.360201597213745117e-01,5.367758274078369141e-01,5.992443561553955078e-01,5.362720489501953125e-01,5.425692796707153320e-01,6.015113592147827148e-01,6.125944852828979492e-01,6.448362469673156738e-01
6.586901545524597168e-01,6.332493424415588379e-01,5.360201597213745117e-01,5.367758274078369141e-01,6.052896976470947266e-01,5.362720489501953125e-01,5.425692796707153320e-01,6.060453653335571289e-01,6.075567007064819336e-01,6.453400254249572754e-01
6.637279391288757324e-01,6.382871270179748535e-01,5.360201597213745117e-01,5.367758274078369141e-01,5.924433469772338867e-01,5.362720489501953125e-01,5.425692796707153320e-01,6.027708053588867188e-01,6.057934761047363281e-01,6.395465731620788574e-01
6.612090468406677246e-01,6.486145853996276855e-01,5.360201597213745117e-01,5.367758274078369141e-01,6.128463745117187500e-01,5.362720489501953125e-01,5.425692796707153320e-01,6.078085899353027344e-01,6.138539314270019531e-01,6.408060193061828613e-01
6.667506098747253418e-01,6.294710040092468262e-01,5.360201597213745117e-01,5.367758274078369141e-01,6.143577098846435547e-01,5.362720489501953125e-01,5.425692796707153320e-01,6.138539314270019531e-01,6.040302515029907227e-01,6.430730223655700684e-01
6.591939330101013184e-01,6.395465731620788574e-01,5.360201597213745117e-01,5.367758274078369141e-01,5.929471254348754883e-01,5.362720489501953125e-01,5.425692796707153320e-01,6.103274822235107422e-01,6.078085899353027344e-01,6.380352377891540527e-01
6.544080376625061035e-01,6.481108069419860840e-01,5.360201597213745117e-01,5.367758274078369141e-01,6.055415868759155273e-01,5.362720489501953125e-01,5.425692796707153320e-01,6.078085899353027344e-01,6.108312606811523438e-01,6.410579085350036621e-01
6.722921729087829590e-01,6.342568993568420410e-01,5.360201597213745117e-01,5.367758274078369141e-01,6.136020421981811523e-01,5.362720489501953125e-01,5.425692796707153320e-01,6.105793714523315430e-01,6.158690452575683594e-01,6.435768008232116699e-01
6.707808375358581543e-01,6.342568993568420410e-01,5.360201597213745117e-01,5.367758274078369141e-01,6.133501529693603516e-01,5.362720489501953125e-01,5.425692796707153320e-01,6.075567007064819336e-01,6.209068298339843750e-01,6.423173546791076660e-01
6.672543883323669434e-01,6.418135762214660645e-01,5.360201597213745117e-01,5.367758274078369141e-01,6.151133775711059570e-01,5.362720489501953125e-01,5.425692796707153320e-01,6.148614883422851562e-01,6.098237037658691406e-01,6.390427947044372559e-01
6.652392745018005371e-01,6.438286900520324707e-01,5.360201597213745117e-01,5.367758274078369141e-01,6.196473836898803711e-01,5.362720489501953125e-01,5.425692796707153320e-01,6.068010330200195312e-01,6.191436052322387695e-01,6.375314593315124512e-01
6.801007390022277832e-01,6.463475823402404785e-01,5.360201597213745117e-01,5.367758274078369141e-01,6.146095991134643555e-01,5.362720489501953125e-01,5.425692796707153320e-01,6.118388175964355469e-01,6.201511621475219727e-01,6.511334776878356934e-01
6.705289483070373535e-01,6.486145853996276855e-01,5.360201597213745117e-01,5.367758274078369141e-01,6.133501529693603516e-01,5.362720489501953125e-01,5.425692796707153320e-01,6.158690452575683594e-01,6.186398267745971680e-01,6.571788191795349121e-01
6.715365052223205566e-01,6.574307084083557129e-01,5.360201597213745117e-01,5.367758274078369141e-01,6.329974532127380371e-01,5.362720489501953125e-01,5.425692796707153320e-01,6.075567007064819336e-01,6.269521117210388184e-01,6.423173546791076660e-01
6.806045174598693848e-01,6.549118161201477051e-01,5.360201597213745117e-01,5.367758274078369141e-01,6.183879375457763672e-01,5.362720489501953125e-01,5.425692796707153320e-01,6.120907068252563477e-01,6.183879375457763672e-01,6.428211331367492676e-01
6.695213913917541504e-01,6.561712622642517090e-01,5.360201597213745117e-01,5.367758274078369141e-01,6.292191147804260254e-01,5.362720489501953125e-01,5.425692796707153320e-01,6.125944852828979492e-01,6.234257221221923828e-01,6.435768008232116699e-01
6.793450713157653809e-01,6.539042592048645020e-01,5.360201597213745117e-01,5.367758274078369141e-01,6.204030513763427734e-01,5.362720489501953125e-01,5.425692796707153320e-01,6.103274822235107422e-01,6.178841590881347656e-01,6.518891453742980957e-01
6.795969605445861816e-01,6.591939330101013184e-01,5.360201597213745117e-01,5.367758274078369141e-01,6.148614883422851562e-01,5.362720489501953125e-01,5.425692796707153320e-01,6.133501529693603516e-01,6.110831499099731445e-01,6.455919146537780762e-01
6.833752989768981934e-01,6.554155945777893066e-01,5.360201597213745117e-01,5.367758274078369141e-01,6.375314593315124512e-01,5.362720489501953125e-01,5.425692796707153320e-01,6.057934761047363281e-01,6.292191147804260254e-01,6.506296992301940918e-01
6.846347451210021973e-01,6.634760499000549316e-01,5.360201597213745117e-01,5.367758274078369141e-01,6.244332790374755859e-01,5.362720489501953125e-01,5.425692796707153320e-01,6.206549406051635742e-01,6.279596686363220215e-01,6.478589177131652832e-01
6.901763081550598145e-01,6.702770590782165527e-01,5.360201597213745117e-01,5.367758274078369141e-01,6.340050101280212402e-01,5.362720489501953125e-01,5.423173904418945312e-01,6.120907068252563477e-01,6.254407763481140137e-01,6.511334776878356934e-01
6.866498589515686035e-01,6.528967022895812988e-01,5.360201597213745117e-01,5.367758274078369141e-01,6.327455639839172363e-01,5.362720489501953125e-01,5.425692796707153320e-01,6.125944852828979492e-01,6.345087885856628418e-01,6.420654654502868652e-01
6.881611943244934082e-01,6.556674838066101074e-01,5.360201597213745117e-01,5.367758274078369141e-01,6.241813898086547852e-01,5.362720489501953125e-01,5.425692796707153320e-01,6.216624975204467773e-01,6.254407763481140137e-01,6.493702530860900879e-01
6.858941912651062012e-01,6.735516190528869629e-01,5.360201597213745117e-01,5.367758274078369141e-01,6.304785609245300293e-01,5.362720489501953125e-01,5.425692796707153320e-01,6.183879375457763672e-01,6.352644562721252441e-01,6.496221423149108887e-01
6.801007390022277832e-01,6.785894036293029785e-01,5.360201597213745117e-01,5.367758274078369141e-01,6.370276808738708496e-01,5.362720489501953125e-01,5.425692796707153320e-01,6.178841590881347656e-01,6.352644562721252441e-01,6.544080376625061035e-01
6.863979697227478027e-01,6.710327267646789551e-01,5.360201597213745117e-01,5.367758274078369141e-01,6.337531208992004395e-01,5.362720489501953125e-01,5.425692796707153320e-01,6.138539314270019531e-01,6.309823393821716309e-01,6.501259207725524902e-01
6.909319758415222168e-01,6.775818467140197754e-01,5.360201597213745117e-01,5.367758274078369141e-01,6.372795701026916504e-01,5.362720489501953125e-01,5.425692796707153320e-01,6.259445548057556152e-01,6.272040009498596191e-01,6.478589177131652832e-01
6.904281973838806152e-01,6.732997298240661621e-01,5.360201597213745117e-01,5.367758274078369141e-01,6.387909054756164551e-01,5.362720489501953125e-01,5.425692796707153320e-01,6.309823393821716309e-01,6.365239024162292480e-01,6.589420437812805176e-01
7.060453295707702637e-01,6.765742897987365723e-01,5.360201597213745117e-01,5.367758274078369141e-01,6.423173546791076660e-01,5.362720489501953125e-01,5.425692796707153320e-01,6.178841590881347656e-01,6.289672255516052246e-01,6.546599268913269043e-01
6.989924311637878418e-01,6.823677420616149902e-01,5.360201597213745117e-01,5.367758274078369141e-01,6.337531208992004395e-01,5.362720489501953125e-01,5.425692796707153320e-01,6.211587190628051758e-01,6.400503516197204590e-01,6.506296992301940918e-01
6.962216496467590332e-01,6.828715205192565918e-01,5.360201597213745117e-01,5.367758274078369141e-01,6.372795701026916504e-01,5.362720489501953125e-01,5.425692796707153320e-01,6.196473836898803711e-01,6.410579085350036621e-01,6.581863760948181152e-01
7.030226588249206543e-01,6.725440621376037598e-01,5.360201597213745117e-01,5.367758274078369141e-01,6.423173546791076660e-01,5.362720489501953125e-01,5.425692796707153320e-01,6.264483332633972168e-01,6.362720131874084473e-01,6.493702530860900879e-01
7.002518773078918457e-01,6.783375144004821777e-01,5.360201597213745117e-01,5.367758274078369141e-01,6.420654654502868652e-01,5.362720489501953125e-01,5.425692796707153320e-01,6.267002224922180176e-01,6.410579085350036621e-01,6.531485915184020996e-01
7.060453295707702637e-01,6.720402836799621582e-01,5.360201597213745117e-01,5.367758274078369141e-01,6.481108069419860840e-01,5.362720489501953125e-01,5.425692796707153320e-01,6.287153363227844238e-01,6.312342286109924316e-01,6.604533791542053223e-01
7.070528864860534668e-01,6.818639636039733887e-01,5.360201597213745117e-01,5.367758274078369141e-01,6.367757916450500488e-01,5.362720489501953125e-01,5.425692796707153320e-01,6.390427947044372559e-01,6.410579085350036621e-01,6.541561484336853027e-01
7.052896618843078613e-01,6.831234097480773926e-01,5.360201597213745117e-01,5.367758274078369141e-01,6.403022408485412598e-01,5.362720489501953125e-01,5.425692796707153320e-01,6.365239024162292480e-01,6.420654654502868652e-01,6.705289483070373535e-01
6.843828558921813965e-01,6.894206404685974121e-01,5.360201597213745117e-01,5.367758274078369141e-01,6.423173546791076660e-01,5.362720489501953125e-01,5.425692796707153320e-01,6.324936747550964355e-01,6.277077794075012207e-01,6.498740315437316895e-01
6.979848742485046387e-01,6.914357542991638184e-01,5.360201597213745117e-01,5.367758274078369141e-01,6.518891453742980957e-01,5.362720489501953125e-01,5.425692796707153320e-01,6.292191147804260254e-01,6.322417855262756348e-01,6.594458222389221191e-01
6.957178711891174316e-01,6.788412928581237793e-01,5.360201597213745117e-01,5.367758274078369141e-01,6.440805792808532715e-01,5.362720489501953125e-01,5.425692796707153320e-01,6.292191147804260254e-01,6.443324685096740723e-01,6.654911637306213379e-01
6.866498589515686035e-01,6.795969605445861816e-01,5.360201597213745117e-01,5.367758274078369141e-01,6.511334776878356934e-01,5.362720489501953125e-01,5.425692796707153320e-01,6.425692439079284668e-01,6.435768008232116699e-01,6.627203822135925293e-01
6.949622035026550293e-01,6.851385235786437988e-01,5.360201597213745117e-01,5.367758274078369141e-01,6.496221423149108887e-01,5.362720489501953125e-01,5.425692796707153320e-01,6.382871270179748535e-01,6.317380070686340332e-01,6.602014899253845215e-01
6.937027573585510254e-01,6.911838650703430176e-01,5.360201597213745117e-01,5.367758274078369141e-01,6.433249115943908691e-01,5.362720489501953125e-01,5.425692796707153320e-01,6.491183638572692871e-01,6.463475823402404785e-01,6.659949421882629395e-01
7.060453295707702637e-01,6.801007390022277832e-01,5.360201597213745117e-01,5.367758274078369141e-01,6.554155945777893066e-01,5.362720489501953125e-01,5.425692796707153320e-01,6.355163455009460449e-01,6.465994715690612793e-01,6.561712622642517090e-01
7.025188803672790527e-01,6.952140927314758301e-01,5.360201597213745117e-01,5.367758274078369141e-01,6.486145853996276855e-01,5.362720489501953125e-01,5.425692796707153320e-01,6.602014899253845215e-01,6.460956931114196777e-01,6.607052683830261230e-01
7.103274464607238770e-01,6.861460804939270020e-01,5.360201597213745117e-01,5.367758274078369141e-01,6.503778100013732910e-01,5.362720489501953125e-01,5.425692796707153320e-01,6.516372561454772949e-01,6.405541300773620605e-01,6.602014899253845215e-01
7.146095633506774902e-01,6.853904128074645996e-01,5.360201597213745117e-01,5.367758274078369141e-01,6.473551392555236816e-01,5.362720489501953125e-01,5.425692796707153320e-01,6.501259207725524902e-01,6.561712622642517090e-01,6.707808375358581543e-01
7.060453295707702637e-01,6.881611943244934082e-01,5.360201597213745117e-01,5.367758274078369141e-01,6.556674838066101074e-01,5.362720489501953125e-01,5.425692796707153320e-01,6.511334776878356934e-01,6.549118161201477051e-01,6.702770590782165527e-01
7.057934403419494629e-01,6.906800866127014160e-01,5.360201597213745117e-01,5.367758274078369141e-01,6.523929238319396973e-01,5.362720489501953125e-01,5.425692796707153320e-01,6.544080376625061035e-01,6.443324685096740723e-01,6.639798283576965332e-01
7.073047757148742676e-01,6.906800866127014160e-01,5.360201597213745117e-01,5.367758274078369141e-01,6.491183638572692871e-01,5.362720489501953125e-01,5.425692796707153320e-01,6.483626961708068848e-01,6.536523699760437012e-01,6.614609360694885254e-01
6.989924311637878418e-01,6.909319758415222168e-01,5.360201597213745117e-01,5.367758274078369141e-01,6.584382653236389160e-01,5.362720489501953125e-01,5.425692796707153320e-01,6.584382653236389160e-01,6.586901545524597168e-01,6.680100560188293457e-01
7.113350033760070801e-01,6.919395327568054199e-01,5.360201597213745117e-01,5.367758274078369141e-01,6.594458222389221191e-01,5.362720489501953125e-01,5.425692796707153320e-01,6.619647145271301270e-01,6.503778100013732910e-01,6.680100560188293457e-01
7.115868926048278809e-01,6.994962096214294434e-01,5.360201597213745117e-01,5.367758274078369141e-01,6.589420437812805176e-01,5.362720489501953125e-01,5.425692796707153320e-01,6.534004807472229004e-01,6.586901545524597168e-01,6.604533791542053223e-01
7.025188803672790527e-01,6.911838650703430176e-01,5.360201597213745117e-01,5.367758274078369141e-01,6.581863760948181152e-01,5.362720489501953125e-01,5.425692796707153320e-01,6.531485915184020996e-01,6.559193730354309082e-01,6.561712622642517090e-01
7.052896618843078613e-01,6.906800866127014160e-01,5.360201597213745117e-01,5.367758274078369141e-01,6.481108069419860840e-01,5.362720489501953125e-01,5.425692796707153320e-01,6.685138344764709473e-01,6.561712622642517090e-01,6.715365052223205566e-01
7.100755572319030762e-01,6.992443203926086426e-01,5.360201597213745117e-01,5.367758274078369141e-01,6.652392745018005371e-01,5.362720489501953125e-01,5.425692796707153320e-01,6.584382653236389160e-01,6.607052683830261230e-01,6.596977114677429199e-01
7.002518773078918457e-01,6.924433112144470215e-01,5.360201597213745117e-01,5.367758274078369141e-01,6.574307084083557129e-01,5.362720489501953125e-01,5.425692796707153320e-01,6.589420437812805176e-01,6.576825976371765137e-01,6.727959513664245605e-01
7.040302157402038574e-01,7.007556557655334473e-01,5.360201597213745117e-01,5.367758274078369141e-01,6.554155945777893066e-01,5.362720489501953125e-01,5.425692796707153320e-01,6.571788191795349121e-01,6.516372561454772949e-01,6.690176129341125488e-01
7.143576741218566895e-01,6.879093050956726074e-01,5.360201597213745117e-01,5.367758274078369141e-01,6.528967022895812988e-01,5.362720489501953125e-01,5.425692796707153320e-01,6.617128252983093262e-01,6.617128252983093262e-01,6.748110651969909668e-01
7.095717787742614746e-01,7.017632126808166504e-01,5.360201597213745117e-01,5.367758274078369141e-01,6.627203822135925293e-01,5.362720489501953125e-01,5.425692796707153320e-01,6.596977114677429199e-01,6.607052683830261230e-01,6.576825976371765137e-01
7.070528864860534668e-01,6.959697604179382324e-01,5.360201597213745117e-01,5.367758274078369141e-01,6.649873852729797363e-01,5.362720489501953125e-01,5.425692796707153320e-01,6.685138344764709473e-01,6.586901545524597168e-01,6.584382653236389160e-01
7.083123326301574707e-01,6.949622035026550293e-01,5.360201597213745117e-01,5.367758274078369141e-01,6.700251698493957520e-01,5.362720489501953125e-01,5.425692796707153320e-01,6.599496006965637207e-01,6.677581667900085449e-01,6.712846159934997559e-01
7.156171202659606934e-01,7.050377726554870605e-01,5.360201597213745117e-01,5.367758274078369141e-01,6.677581667900085449e-01,5.362720489501953125e-01,5.425692796707153320e-01,6.705289483070373535e-01,6.652392745018005371e-01,6.627203822135925293e-01
7.209067940711975098e-01,7.148614525794982910e-01,5.360201597213745117e-01,5.367758274078369141e-01,6.612090468406677246e-01,5.362720489501953125e-01,5.425692796707153320e-01,6.647354960441589355e-01,6.607052683830261230e-01,6.642317175865173340e-01
7.057934403419494629e-01,6.919395327568054199e-01,5.360201597213745117e-01,5.367758274078369141e-01,6.785894036293029785e-01,5.362720489501953125e-01,5.425692796707153320e-01,6.949622035026550293e-01,6.617128252983093262e-01,6.727959513664245605e-01
7.148614525794982910e-01,7.047858834266662598e-01,5.360201597213745117e-01,5.367758274078369141e-01,6.687657237052917480e-01,5.362720489501953125e-01,5.425692796707153320e-01,6.700251698493957520e-01,6.624684929847717285e-01,6.634760499000549316e-01
6.997480988502502441e-01,7.141057848930358887e-01,5.360201597213745117e-01,5.367758274078369141e-01,6.702770590782165527e-01,5.362720489501953125e-01,5.425692796707153320e-01,6.813601851463317871e-01,6.566750407218933105e-01,6.639798283576965332e-01
7.188916802406311035e-01,7.027707695960998535e-01,5.360201597213745117e-01,5.367758274078369141e-01,6.617128252983093262e-01,5.362720489501953125e-01,5.425692796707153320e-01,6.637279391288757324e-01,6.780856251716613770e-01,6.732997298240661621e-01
7.138538956642150879e-01,7.012594342231750488e-01,5.360201597213745117e-01,5.367758274078369141e-01,6.680100560188293457e-01,5.362720489501953125e-01,5.425692796707153320e-01,6.841309666633605957e-01,6.659949421882629395e-01,6.654911637306213379e-01
7.183879017829895020e-01,6.999999880790710449e-01,5.360201597213745117e-01,5.367758274078369141e-01,6.745591759681701660e-01,5.362720489501953125e-01,5.425692796707153320e-01,6.672543883323669434e-01,6.642317175865173340e-01,6.637279391288757324e-01
7.103274464607238770e-01,7.070528864860534668e-01,5.360201597213745117e-01,5.367758274078369141e-01,6.690176129341125488e-01,5.362720489501953125e-01,5.425692796707153320e-01,6.798488497734069824e-01,6.649873852729797363e-01,6.614609360694885254e-01
7.128463387489318848e-01,7.090680003166198730e-01,5.360201597213745117e-01,5.367758274078369141e-01,6.836271882057189941e-01,5.362720489501953125e-01,5.425692796707153320e-01,6.700251698493957520e-01,6.607052683830261230e-01,6.743072867393493652e-01
7.173803448677062988e-01,7.113350033760070801e-01,5.360201597213745117e-01,5.367758274078369141e-01,6.743072867393493652e-01,5.362720489501953125e-01,5.425692796707153320e-01,6.722921729087829590e-01,6.700251698493957520e-01,6.647354960441589355e-01
7.153652310371398926e-01,7.163727879524230957e-01,5.360201597213745117e-01,5.367758274078369141e-01,6.793450713157653809e-01,5.362720489501953125e-01,5.425692796707153320e-01,6.821158528327941895e-01,6.705289483070373535e-01,6.700251698493957520e-01
7.161208987236022949e-01,7.073047757148742676e-01,5.360201597213745117e-01,5.367758274078369141e-01,6.717883944511413574e-01,5.362720489501953125e-01,5.425692796707153320e-01,6.881611943244934082e-01,6.735516190528869629e-01,6.740553975105285645e-01
7.125944495201110840e-01,7.035264372825622559e-01,5.360201597213745117e-01,5.367758274078369141e-01,6.861460804939270020e-01,5.362720489501953125e-01,5.425692796707153320e-01,6.670024991035461426e-01,6.702770590782165527e-01,6.758186221122741699e-01
7.183879017829895020e-01,7.010075449943542480e-01,5.360201597213745117e-01,5.367758274078369141e-01,6.735516190528869629e-01,5.362720489501953125e-01,5.425692796707153320e-01,6.851385235786437988e-01,6.705289483070373535e-01,6.657430529594421387e-01
7.216624617576599121e-01,7.128463387489318848e-01,5.360201597213745117e-01,5.367758274078369141e-01,6.821158528327941895e-01,5.362720489501953125e-01,5.425692796707153320e-01,6.803526282310485840e-01,6.675062775611877441e-01,6.758186221122741699e-01
7.206549048423767090e-01,7.156171202659606934e-01,5.360201597213745117e-01,5.367758274078369141e-01,6.821158528327941895e-01,5.362720489501953125e-01,5.425692796707153320e-01,6.795969605445861816e-01,6.758186221122741699e-01,6.803526282310485840e-01
7.284634709358215332e-01,7.183879017829895020e-01,5.360201597213745117e-01,5.367758274078369141e-01,6.707808375358581543e-01,5.362720489501953125e-01,5.425692796707153320e-01,6.916876435279846191e-01,6.715365052223205566e-01,6.775818467140197754e-01
7.193954586982727051e-01,7.221662402153015137e-01,5.360201597213745117e-01,5.367758274078369141e-01,6.753148436546325684e-01,5.362720489501953125e-01,5.425692796707153320e-01,6.909319758415222168e-01,6.720402836799621582e-01,6.745591759681701660e-01
7.193954586982727051e-01,7.219143509864807129e-01,5.360201597213745117e-01,5.367758274078369141e-01,6.778337359428405762e-01,5.362720489501953125e-01,5.425692796707153320e-01,6.801007390022277832e-01,6.712846159934997559e-01,6.798488497734069824e-01
7.264483571052551270e-01,7.068009972572326660e-01,5.360201597213745117e-01,5.367758274078369141e-01,6.707808375358581543e-01,5.362720489501953125e-01,5.425692796707153320e-01,6.886649727821350098e-01,6.740553975105285645e-01,6.687657237052917480e-01
7.120906710624694824e-01,7.080604434013366699e-01,5.360201597213745117e-01,5.367758274078369141e-01,6.722921729087829590e-01,5.362720489501953125e-01,5.425692796707153320e-01,6.738035082817077637e-01,6.697732806205749512e-01,6.793450713157653809e-01
7.125944495201110840e-01,7.078085541725158691e-01,5.360201597213745117e-01,5.367758274078369141e-01,6.773299574851989746e-01,5.362720489501953125e-01,5.425692796707153320e-01,6.879093050956726074e-01,6.778337359428405762e-01,6.717883944511413574e-01
7.224181294441223145e-01,7.158690094947814941e-01,5.360201597213745117e-01,5.367758274078369141e-01,6.778337359428405762e-01,5.362720489501953125e-01,5.425692796707153320e-01,6.909319758415222168e-01,6.861460804939270020e-01,6.727959513664245605e-01
7.168765664100646973e-01,7.188916802406311035e-01,5.360201597213745117e-01,5.367758274078369141e-01,6.838790774345397949e-01,5.362720489501953125e-01,5.425692796707153320e-01,6.974810957908630371e-01,6.705289483070373535e-01,6.642317175865173340e-01
7.277078032493591309e-01,7.153652310371398926e-01,5.360201597213745117e-01,5.367758274078369141e-01,6.869017481803894043e-01,5.362720489501953125e-01,5.425692796707153320e-01,6.846347451210021973e-01,6.856423020362854004e-01,6.775818467140197754e-01
7.176322340965270996e-01,7.209067940711975098e-01,5.360201597213745117e-01,5.367758274078369141e-01,6.869017481803894043e-01,5.362720489501953125e-01,5.425692796707153320e-01,6.972292065620422363e-01,6.770780682563781738e-01,6.753148436546325684e-01
7.272040247917175293e-01,7.261964678764343262e-01,5.360201597213745117e-01,5.367758274078369141e-01,6.942065358161926270e-01,5.362720489501953125e-01,5.425692796707153320e-01,6.937027573585510254e-01,6.785894036293029785e-01,6.785894036293029785e-01
7.277078032493591309e-01,7.186397910118103027e-01,5.360201597213745117e-01,5.367758274078369141e-01,6.798488497734069824e-01,5.362720489501953125e-01,5.425692796707153320e-01,6.929470896720886230e-01,6.808564066886901855e-01,6.831234097480773926e-01
7.224181294441223145e-01,7.173803448677062988e-01,5.360201597213745117e-01,5.367758274078369141e-01,6.831234097480773926e-01,5.362720489501953125e-01,5.425692796707153320e-01,6.967254281044006348e-01,6.891687512397766113e-01,6.735516190528869629e-01
7.168765664100646973e-01,7.226700186729431152e-01,5.360201597213745117e-01,5.367758274078369141e-01,6.745591759681701660e-01,5.362720489501953125e-01,5.425692796707153320e-01,6.904281973838806152e-01,6.851385235786437988e-01,6.851385235786437988e-01
7.239294648170471191e-01,7.209067940711975098e-01,5.360201597213745117e-01,5.367758274078369141e-01,6.831234097480773926e-01,5.362720489501953125e-01,5.425692796707153320e-01,6.826196312904357910e-01,6.838790774345397949e-01,6.795969605445861816e-01
7.272040247917175293e-01,7.173803448677062988e-01,5.360201597213745117e-01,5.367758274078369141e-01,6.906800866127014160e-01,5.362720489501953125e-01,5.425692796707153320e-01,6.939546465873718262e-01,6.760705113410949707e-01,6.743072867393493652e-01
7.178841233253479004e-01,7.289672493934631348e-01,5.360201597213745117e-01,5.367758274078369141e-01,6.828715205192565918e-01,5.362720489501953125e-01,5.425692796707153320e-01,6.989924311637878418e-01,6.896725296974182129e-01,6.848866343498229980e-01
7.143576741218566895e-01,7.090680003166198730e-01,5.360201597213745117e-01,5.367758274078369141e-01,6.833752989768981934e-01,5.362720489501953125e-01,5.425692796707153320e-01,6.982367634773254395e-01,6.879093050956726074e-01,6.738035082817077637e-01
7.272040247917175293e-01,7.178841233253479004e-01,5.360201597213745117e-01,5.367758274078369141e-01,6.861460804939270020e-01,5.362720489501953125e-01,5.425692796707153320e-01,6.979848742485046387e-01,6.869017481803894043e-01,6.821158528327941895e-01
7.198992371559143066e-01,7.204030156135559082e-01,5.360201597213745117e-01,5.367758274078369141e-01,6.874055266380310059e-01,5.362720489501953125e-01,5.425692796707153320e-01,6.929470896720886230e-01,6.929470896720886230e-01,6.740553975105285645e-01
7.226700186729431152e-01,7.113350033760070801e-01,5.360201597213745117e-01,5.367758274078369141e-01,6.937027573585510254e-01,5.362720489501953125e-01,5.425692796707153320e-01,6.909319758415222168e-01,6.876574158668518066e-01,6.798488497734069824e-01
7.229219079017639160e-01,7.355163693428039551e-01,5.360201597213745117e-01,5.367758274078369141e-01,6.811082959175109863e-01,5.362720489501953125e-01,5.425692796707153320e-01,6.944584250450134277e-01,6.911838650703430176e-01,6.851385235786437988e-01
7.324936985969543457e-01,7.204030156135559082e-01,5.360201597213745117e-01,5.367758274078369141e-01,6.969773173332214355e-01,5.362720489501953125e-01,5.425692796707153320e-01,6.934508681297302246e-01,6.904281973838806152e-01,6.828715205192565918e-01
7.146095633506774902e-01,7.256926894187927246e-01,5.360201597213745117e-01,5.367758274078369141e-01,6.826196312904357910e-01,5.362720489501953125e-01,5.425692796707153320e-01,6.858941912651062012e-01,6.967254281044006348e-01,6.939546465873718262e-01
7.193954586982727051e-01,7.234256863594055176e-01,5.360201597213745117e-01,5.367758274078369141e-01,6.939546465873718262e-01,5.362720489501953125e-01,5.425692796707153320e-01,6.911838650703430176e-01,6.866498589515686035e-01,6.788412928581237793e-01
7.231737971305847168e-01,7.181360125541687012e-01,5.360201597213745117e-01,5.367758274078369141e-01,6.934508681297302246e-01,5.362720489501953125e-01,5.425692796707153320e-01,7.020151019096374512e-01,6.959697604179382324e-01,6.866498589515686035e-01
7.214105725288391113e-01,7.176322340965270996e-01,5.360201597213745117e-01,5.367758274078369141e-01,6.937027573585510254e-01,5.362720489501953125e-01,5.425692796707153320e-01,6.899244189262390137e-01,7.040302157402038574e-01,6.801007390022277832e-01
7.146095633506774902e-01,7.299748063087463379e-01,5.360201597213745117e-01,5.367758274078369141e-01,6.924433112144470215e-01,5.362720489501953125e-01,5.425692796707153320e-01,7.108312249183654785e-01,6.944584250450134277e-01,6.896725296974182129e-01
7.176322340965270996e-01,7.244332432746887207e-01,5.360201597213745117e-01,5.367758274078369141e-01,6.964735388755798340e-01,5.362720489501953125e-01,5.425692796707153320e-01,6.964735388755798340e-01,7.010075449943542480e-01,6.823677420616149902e-01
7.244332432746887207e-01,7.292191386222839355e-01,5.360201597213745117e-01,5.367758274078369141e-01,6.952140927314758301e-01,5.362720489501953125e-01,5.425692796707153320e-01,6.871536374092102051e-01,6.989924311637878418e-01,6.879093050956726074e-01
7.314861416816711426e-01,7.292191386222839355e-01,5.360201597213745117e-01,5.367758274078369141e-01,6.977329850196838379e-01,5.362720489501953125e-01,5.425692796707153320e-01,7.030226588249206543e-01,6.886649727821350098e-01,6.954659819602966309e-01
7.193954586982727051e-01,7.256926894187927246e-01,5.360201597213745117e-01,5.367758274078369141e-01,6.967254281044006348e-01,5.362720489501953125e-01,5.425692796707153320e-01,7.035264372825622559e-01,6.939546465873718262e-01,6.894206404685974121e-01
7.216624617576599121e-01,7.345088124275207520e-01,5.360201597213745117e-01,5.367758274078369141e-01,6.929470896720886230e-01,5.362720489501953125e-01,5.425692796707153320e-01,6.934508681297302246e-01,7.012594342231750488e-01,6.851385235786437988e-01
7.211586833000183105e-01,7.136020064353942871e-01,5.360201597213745117e-01,5.367758274078369141e-01,6.977329850196838379e-01,5.362720489501953125e-01,5.425692796707153320e-01,7.030226588249206543e-01,7.015113234519958496e-01,6.919395327568054199e-01
7.299748063087463379e-01,7.340050339698791504e-01,5.360201597213745117e-01,5.367758274078369141e-01,6.886649727821350098e-01,5.362720489501953125e-01,5.425692796707153320e-01,7.055415511131286621e-01,7.055415511131286621e-01,6.813601851463317871e-01
7.246851325035095215e-01,7.221662402153015137e-01,5.360201597213745117e-01,5.367758274078369141e-01,6.858941912651062012e-01,5.362720489501953125e-01,5.425692796707153320e-01,7.098236680030822754e-01,7.060453295707702637e-01,6.899244189262390137e-01
7.345088124275207520e-01,7.229219079017639160e-01,5.360201597213745117e-01,5.367758274078369141e-01,6.858941912651062012e-01,5.362720489501953125e-01,5.425692796707153320e-01,7.045339941978454590e-01,6.914357542991638184e-01,6.881611943244934082e-01
7.249370217323303223e-01,7.231737971305847168e-01,5.360201597213745117e-01,5.367758274078369141e-01,6.947103142738342285e-01,5.362720489501953125e-01,5.425692796707153320e-01,7.042821049690246582e-01,7.068009972572326660e-01,6.775818467140197754e-01
7.309823632240295410e-01,7.297229170799255371e-01,5.360201597213745117e-01,5.367758274078369141e-01,7.002518773078918457e-01,5.362720489501953125e-01,5.425692796707153320e-01,7.095717787742614746e-01,7.065491080284118652e-01,6.969773173332214355e-01
7.249370217323303223e-01,7.269521355628967285e-01,5.360201597213745117e-01,5.367758274078369141e-01,7.065491080284118652e-01,5.362720489501953125e-01,5.425692796707153320e-01,7.130982279777526855e-01,7.032745480537414551e-01,6.853904128074645996e-01
7.282115817070007324e-01,7.433249354362487793e-01,5.360201597213745117e-01,5.367758274078369141e-01,6.999999880790710449e-01,5.362720489501953125e-01,5.425692796707153320e-01,7.078085541725158691e-01,7.030226588249206543e-01,6.861460804939270020e-01
7.216624617576599121e-01,7.307304739952087402e-01,5.360201597213745117e-01,5.367758274078369141e-01,6.962216496467590332e-01,5.362720489501953125e-01,5.425692796707153320e-01,7.100755572319030762e-01,7.047858834266662598e-01,6.838790774345397949e-01
7.397984862327575684e-01,7.340050339698791504e-01,5.360201597213745117e-01,5.367758274078369141e-01,6.866498589515686035e-01,5.362720489501953125e-01,5.425692796707153320e-01,7.143576741218566895e-01,6.982367634773254395e-01,6.942065358161926270e-01
7.204030156135559082e-01,7.324936985969543457e-01,5.360201597213745117e-01,5.367758274078369141e-01,7.022669911384582520e-01,5.362720489501953125e-01,5.425692796707153320e-01,7.115868926048278809e-01,6.974810957908630371e-01,6.984886527061462402e-01
7.299748063087463379e-01,7.236775755882263184e-01,5.360201597213745117e-01,5.367758274078369141e-01,6.967254281044006348e-01,5.362720489501953125e-01,5.425692796707153320e-01,7.178841233253479004e-01,7.090680003166198730e-01,6.999999880790710449e-01
7.264483571052551270e-01,7.282115817070007324e-01,5.360201597213745117e-01,5.367758274078369141e-01,7.065491080284118652e-01,5.362720489501953125e-01,5.425692796707153320e-01,7.073047757148742676e-01,7.007556557655334473e-01,7.040302157402038574e-01
7.284634709358215332e-01,7.332493662834167480e-01,5.360201597213745117e-01,5.367758274078369141e-01,7.027707695960998535e-01,5.362720489501953125e-01,5.425692796707153320e-01,7.125944495201110840e-01,7.168765664100646973e-01,6.962216496467590332e-01
7.347607016563415527e-01,7.355163693428039551e-01,5.360201597213745117e-01,5.367758274078369141e-01,6.939546465873718262e-01,5.362720489501953125e-01,5.425692796707153320e-01,7.120906710624694824e-01,7.065491080284118652e-01,7.022669911384582520e-01
7.317380309104919434e-01,7.309823632240295410e-01,5.360201597213745117e-01,5.367758274078369141e-01,7.017632126808166504e-01,5.362720489501953125e-01,5.425692796707153320e-01,7.166246771812438965e-01,7.027707695960998535e-01,6.962216496467590332e-01
7.279596924781799316e-01,7.264483571052551270e-01,5.360201597213745117e-01,5.367758274078369141e-01,6.987405419349670410e-01,5.362720489501953125e-01,5.425692796707153320e-01,7.171284556388854980e-01,7.098236680030822754e-01,7.050377726554870605e-01
7.335012555122375488e-01,7.329974770545959473e-01,5.360201597213745117e-01,5.367758274078369141e-01,7.078085541725158691e-01,5.362720489501953125e-01,5.425692796707153320e-01,7.176322340965270996e-01,7.136020064353942871e-01,7.035264372825622559e-01
7.380352616310119629e-01,7.337531447410583496e-01,5.360201597213745117e-01,5.367758274078369141e-01,7.083123326301574707e-01,5.362720489501953125e-01,5.425692796707153320e-01,7.251889109611511230e-01,7.148614525794982910e-01,7.088161110877990723e-01
7.277078032493591309e-01,7.335012555122375488e-01,5.360201597213745117e-01,5.367758274078369141e-01,7.060453295707702637e-01,5.362720489501953125e-01,5.425692796707153320e-01,7.209067940711975098e-01,7.156171202659606934e-01,7.025188803672790527e-01
7.251889109611511230e-01,7.392947077751159668e-01,5.360201597213745117e-01,5.367758274078369141e-01,7.040302157402038574e-01,5.362720489501953125e-01,5.425692796707153320e-01,7.204030156135559082e-01,7.178841233253479004e-01,7.115868926048278809e-01
7.345088124275207520e-01,7.297229170799255371e-01,5.360201597213745117e-01,5.367758274078369141e-01,7.085642218589782715e-01,5.362720489501953125e-01,5.425692796707153320e-01,7.209067940711975098e-01,7.176322340965270996e-01,6.972292065620422363e-01
7.332493662834167480e-01,7.425692677497863770e-01,5.360201597213745117e-01,5.367758274078369141e-01,7.055415511131286621e-01,5.362720489501953125e-01,5.425692796707153320e-01,7.297229170799255371e-01,7.226700186729431152e-01,7.108312249183654785e-01
7.224181294441223145e-01,7.246851325035095215e-01,5.360201597213745117e-01,5.367758274078369141e-01,7.163727879524230957e-01,5.362720489501953125e-01,5.425692796707153320e-01,7.141057848930358887e-01,7.206549048423767090e-01,6.982367634773254395e-01
7.272040247917175293e-01,7.314861416816711426e-01,5.360201597213745117e-01,5.367758274078369141e-01,7.047858834266662598e-01,5.362720489501953125e-01,5.425692796707153320e-01,7.171284556388854980e-01,7.231737971305847168e-01,7.002518773078918457e-01
7.350125908851623535e-01,7.307304739952087402e-01,5.360201597213745117e-01,5.367758274078369141e-01,7.125944495201110840e-01,5.362720489501953125e-01,5.425692796707153320e-01,7.249370217323303223e-01,7.251889109611511230e-01,7.153652310371398926e-01
7.355163693428039551e-01,7.309823632240295410e-01,5.360201597213745117e-01,5.367758274078369141e-01,7.070528864860534668e-01,5.362720489501953125e-01,5.425692796707153320e-01,7.340050339698791504e-01,7.181360125541687012e-01,7.125944495201110840e-01
7.440806031227111816e-01,7.302266955375671387e-01,5.360201597213745117e-01,5.367758274078369141e-01,7.050377726554870605e-01,5.362720489501953125e-01,5.425692796707153320e-01,7.259445786476135254e-01,7.181360125541687012e-01,7.068009972572326660e-01
7.342569231986999512e-01,7.410579323768615723e-01,5.360201597213745117e-01,5.367758274078369141e-01,7.209067940711975098e-01,5.362720489501953125e-01,5.425692796707153320e-01,7.138538956642150879e-01,7.261964678764343262e-01,7.045339941978454590e-01
7.448362708091735840e-01,7.408060431480407715e-01,5.360201597213745117e-01,5.367758274078369141e-01,7.143576741218566895e-01,5.362720489501953125e-01,5.425692796707153320e-01,7.256926894187927246e-01,7.362720370292663574e-01,7.040302157402038574e-01
7.463476061820983887e-01,7.367758154869079590e-01,5.360201597213745117e-01,5.367758274078369141e-01,7.042821049690246582e-01,5.362720489501953125e-01,5.425692796707153320e-01,7.100755572319030762e-01,7.360201478004455566e-01,7.118387818336486816e-01
7.345088124275207520e-01,7.241813540458679199e-01,5.360201597213745117e-01,5.367758274078369141e-01,7.211586833000183105e-01,5.362720489501953125e-01,5.425692796707153320e-01,7.317380309104919434e-01,7.254408001899719238e-01,7.050377726554870605e-01
7.337531447410583496e-01,7.299748063087463379e-01,5.360201597213745117e-01,5.367758274078369141e-01,7.244332432746887207e-01,5.362720489501953125e-01,5.425692796707153320e-01,7.274559140205383301e-01,7.380352616310119629e-01,6.972292065620422363e-01
7.463476061820983887e-01,7.445843815803527832e-01,5.360201597213745117e-01,5.367758274078369141e-01,7.068009972572326660e-01,5.362720489501953125e-01,5.425692796707153320e-01,7.171284556388854980e-01,7.322418093681335449e-01,7.128463387489318848e-01
