7.020043730735778809e-01,6.967535614967346191e-01,7.024587988853454590e-01,7.386597990989685059e-01,8.314439654350280762e-01,6.951705217361450195e-01,7.138980031013488770e-01,7.660297751426696777e-01,7.091916799545288086e-01,7.082604169845581055e-01
6.898061633110046387e-01,6.908258795738220215e-01,6.918594837188720703e-01,6.919197440147399902e-01,6.953313946723937988e-01,6.913557052612304688e-01,6.907247304916381836e-01,6.924830675125122070e-01,6.926095485687255859e-01,6.919110417366027832e-01
6.889846920967102051e-01,6.901267170906066895e-01,6.918125152587890625e-01,6.912424564361572266e-01,6.923121809959411621e-01,6.907525658607482910e-01,6.903194785118103027e-01,6.908364295959472656e-01,6.914402246475219727e-01,6.895347237586975098e-01
6.893983483314514160e-01,6.896902322769165039e-01,6.911806464195251465e-01,6.913065314292907715e-01,6.919293403625488281e-01,6.907922029495239258e-01,6.913846135139465332e-01,6.918603777885437012e-01,6.927568912506103516e-01,6.893265843391418457e-01
6.900375485420227051e-01,6.894583702087402344e-01,6.905786991119384766e-01,6.907467246055603027e-01,6.900331377983093262e-01,6.907330155372619629e-01,6.895920038223266602e-01,6.911729574203491211e-01,6.906782984733581543e-01,6.895706057548522949e-01
6.879944801330566406e-01,6.877979636192321777e-01,6.909869909286499023e-01,6.906293630599975586e-01,6.911019682884216309e-01,6.907403469085693359e-01,6.898356080055236816e-01,6.914546489715576172e-01,6.908244490623474121e-01,6.899729967117309570e-01
6.861207485198974609e-01,6.885640621185302734e-01,6.909813284873962402e-01,6.907055974006652832e-01,6.892444491386413574e-01,6.906704902648925781e-01,6.899276971817016602e-01,6.908664107322692871e-01,6.905347704887390137e-01,6.891521215438842773e-01
6.864985227584838867e-01,6.875629425048828125e-01,6.907002329826354980e-01,6.907431483268737793e-01,6.899081468582153320e-01,6.905801892280578613e-01,6.898316740989685059e-01,6.908352375030517578e-01,6.895006299018859863e-01,6.890197396278381348e-01
6.860101222991943359e-01,6.858436465263366699e-01,6.914284229278564453e-01,6.907846331596374512e-01,6.902523636817932129e-01,6.907557249069213867e-01,6.897931098937988281e-01,6.904441118240356445e-01,6.894201040267944336e-01,6.886274814605712891e-01
6.848577857017517090e-01,6.853583455085754395e-01,6.910292506217956543e-01,6.905863881111145020e-01,6.897891163825988770e-01,6.907483935356140137e-01,6.897149085998535156e-01,6.903585195541381836e-01,6.886607408523559570e-01,6.880948543548583984e-01
6.844682693481445312e-01,6.847079396247863770e-01,6.910994648933410645e-01,6.907323002815246582e-01,6.896678805351257324e-01,6.907332539558410645e-01,6.897885203361511230e-01,6.904627680778503418e-01,6.884703636169433594e-01,6.871100068092346191e-01
6.831330657005310059e-01,6.852176189422607422e-01,6.908074021339416504e-01,6.905212998390197754e-01,6.905297636985778809e-01,6.907280683517456055e-01,6.895942687988281250e-01,6.896935701370239258e-01,6.889503598213195801e-01,6.889636516571044922e-01
6.812983155250549316e-01,6.839959621429443359e-01,6.906841993331909180e-01,6.906931996345520020e-01,6.894229650497436523e-01,6.905814409255981445e-01,6.897833943367004395e-01,6.892135143280029297e-01,6.861079335212707520e-01,6.859807968139648438e-01
6.835666298866271973e-01,6.818814873695373535e-01,6.906919479370117188e-01,6.907590031623840332e-01,6.885060667991638184e-01,6.908418536186218262e-01,6.896283030509948730e-01,6.905847191810607910e-01,6.863934397697448730e-01,6.863168478012084961e-01
6.811001896858215332e-01,6.813230514526367188e-01,6.907037496566772461e-01,6.906415224075317383e-01,6.889255046844482422e-01,6.907063722610473633e-01,6.902526021003723145e-01,6.897618174552917480e-01,6.865219473838806152e-01,6.849926710128784180e-01
6.789466738700866699e-01,6.819631457328796387e-01,6.907194852828979492e-01,6.907303929328918457e-01,6.885831952095031738e-01,6.906968355178833008e-01,6.898943781852722168e-01,6.889828443527221680e-01,6.852083802223205566e-01,6.854200363159179688e-01
6.763385534286499023e-01,6.789122819900512695e-01,6.906898021697998047e-01,6.905732750892639160e-01,6.869595646858215332e-01,6.907219886779785156e-01,6.899788975715637207e-01,6.871302127838134766e-01,6.844863295555114746e-01,6.817336082458496094e-01
6.764712929725646973e-01,6.776390671730041504e-01,6.907263398170471191e-01,6.907463669776916504e-01,6.859351396560668945e-01,6.908860802650451660e-01,6.896980404853820801e-01,6.871336102485656738e-01,6.857188344001770020e-01,6.820878386497497559e-01
6.749351024627685547e-01,6.760531067848205566e-01,6.906642317771911621e-01,6.905221939086914062e-01,6.859802603721618652e-01,6.906763315200805664e-01,6.897672414779663086e-01,6.881014108657836914e-01,6.841221451759338379e-01,6.783536672592163086e-01
6.733034849166870117e-01,6.732996106147766113e-01,6.906669139862060547e-01,6.907684206962585449e-01,6.846254467964172363e-01,6.907197833061218262e-01,6.898042559623718262e-01,6.854246258735656738e-01,6.822241544723510742e-01,6.781854629516601562e-01
6.688267588615417480e-01,6.730726957321166992e-01,6.906745433807373047e-01,6.907426714897155762e-01,6.838798522949218750e-01,6.907810568809509277e-01,6.897619366645812988e-01,6.870523691177368164e-01,6.825323104858398438e-01,6.790749430656433105e-01
6.683071255683898926e-01,6.730036139488220215e-01,6.907727718353271484e-01,6.907265186309814453e-01,6.825911998748779297e-01,6.906189918518066406e-01,6.899134516716003418e-01,6.861932277679443359e-01,6.808904409408569336e-01,6.763854026794433594e-01
6.642650365829467773e-01,6.710101366043090820e-01,6.906855702400207520e-01,6.906844377517700195e-01,6.841688752174377441e-01,6.907742023468017578e-01,6.896684765815734863e-01,6.830545067787170410e-01,6.796796917915344238e-01,6.780056357383728027e-01
6.662681698799133301e-01,6.714646220207214355e-01,6.906469464302062988e-01,6.906042098999023438e-01,6.788507699966430664e-01,6.906083226203918457e-01,6.897600293159484863e-01,6.822439432144165039e-01,6.779718399047851562e-01,6.759174466133117676e-01
6.648875474929809570e-01,6.727140545845031738e-01,6.906328201293945312e-01,6.907450556755065918e-01,6.807650923728942871e-01,6.907236576080322266e-01,6.898387670516967773e-01,6.814945936203002930e-01,6.788483858108520508e-01,6.737494468688964844e-01
6.653587222099304199e-01,6.671440601348876953e-01,6.907399892807006836e-01,6.907529830932617188e-01,6.793304681777954102e-01,6.906774044036865234e-01,6.898033022880554199e-01,6.784923076629638672e-01,6.749255061149597168e-01,6.758466958999633789e-01
6.617706418037414551e-01,6.683143377304077148e-01,6.906620860099792480e-01,6.906423568725585938e-01,6.756815314292907715e-01,6.908449530601501465e-01,6.897258758544921875e-01,6.798630952835083008e-01,6.768220067024230957e-01,6.695429086685180664e-01
6.637014150619506836e-01,6.682456135749816895e-01,6.906757950782775879e-01,6.906859278678894043e-01,6.771511435508728027e-01,6.906709671020507812e-01,6.896996498107910156e-01,6.758252978324890137e-01,6.707571148872375488e-01,6.717482209205627441e-01
6.603775024414062500e-01,6.657397747039794922e-01,6.906910538673400879e-01,6.906929016113281250e-01,6.786374449729919434e-01,6.906681060791015625e-01,6.897245645523071289e-01,6.789953708648681641e-01,6.708775162696838379e-01,6.666818261146545410e-01
6.612936258316040039e-01,6.661769747734069824e-01,6.906870603561401367e-01,6.906518936157226562e-01,6.757254004478454590e-01,6.906589865684509277e-01,6.896762847900390625e-01,6.771091222763061523e-01,6.752637624740600586e-01,6.701989769935607910e-01
6.578573584556579590e-01,6.649629473686218262e-01,6.906697750091552734e-01,6.907008886337280273e-01,6.746242642402648926e-01,6.906720995903015137e-01,6.898048520088195801e-01,6.795363426208496094e-01,6.752558350563049316e-01,6.659974455833435059e-01
6.578811407089233398e-01,6.645379662513732910e-01,6.907209157943725586e-01,6.905453801155090332e-01,6.716471910476684570e-01,6.906462311744689941e-01,6.897873282432556152e-01,6.749708652496337891e-01,6.729065179824829102e-01,6.673620939254760742e-01
6.562557220458984375e-01,6.616501808166503906e-01,6.906722784042358398e-01,6.906645894050598145e-01,6.751641631126403809e-01,6.907110810279846191e-01,6.896789669990539551e-01,6.753298044204711914e-01,6.722698807716369629e-01,6.643369793891906738e-01
6.557627916336059570e-01,6.592885851860046387e-01,6.907132267951965332e-01,6.907230019569396973e-01,6.717492341995239258e-01,6.906960010528564453e-01,6.897997260093688965e-01,6.759709119796752930e-01,6.756454706192016602e-01,6.668560504913330078e-01
6.497992873191833496e-01,6.586433649063110352e-01,6.907051205635070801e-01,6.906633973121643066e-01,6.734004616737365723e-01,6.906905770301818848e-01,6.896818280220031738e-01,6.718377470970153809e-01,6.710314750671386719e-01,6.611130833625793457e-01
6.514664292335510254e-01,6.606039404869079590e-01,6.906595230102539062e-01,6.905835270881652832e-01,6.677130460739135742e-01,6.906360983848571777e-01,6.897417902946472168e-01,6.729832291603088379e-01,6.723604798316955566e-01,6.620555520057678223e-01
6.571160554885864258e-01,6.553551554679870605e-01,6.907187104225158691e-01,6.906799077987670898e-01,6.737496852874755859e-01,6.906450390815734863e-01,6.897717714309692383e-01,6.741356253623962402e-01,6.722846031188964844e-01,6.606128215789794922e-01
6.490009427070617676e-01,6.582317352294921875e-01,6.906670928001403809e-01,6.905680298805236816e-01,6.685154438018798828e-01,6.906405687332153320e-01,6.896471977233886719e-01,6.727867126464843750e-01,6.736202836036682129e-01,6.598404645919799805e-01
6.496089100837707520e-01,6.533022522926330566e-01,6.906091570854187012e-01,6.906287074089050293e-01,6.721894145011901855e-01,6.906763911247253418e-01,6.896599531173706055e-01,6.670019030570983887e-01,6.725901365280151367e-01,6.579608917236328125e-01
6.484226584434509277e-01,6.521303057670593262e-01,6.906700134277343750e-01,6.906149387359619141e-01,6.709538698196411133e-01,6.906788349151611328e-01,6.898156404495239258e-01,6.747711896896362305e-01,6.693681478500366211e-01,6.570274233818054199e-01
6.465537548065185547e-01,6.524983644485473633e-01,6.906718611717224121e-01,6.904687881469726562e-01,6.688733696937561035e-01,6.905987858772277832e-01,6.897696852684020996e-01,6.714483499526977539e-01,6.713645458221435547e-01,6.572721600532531738e-01
6.422253251075744629e-01,6.519125699996948242e-01,6.906718611717224121e-01,6.905611157417297363e-01,6.689579486846923828e-01,6.906929016113281250e-01,6.896390318870544434e-01,6.745351552963256836e-01,6.703935265541076660e-01,6.524258852005004883e-01
6.433775424957275391e-01,6.497172117233276367e-01,6.906501650810241699e-01,6.906046867370605469e-01,6.710510849952697754e-01,6.906507015228271484e-01,6.897725462913513184e-01,6.713363528251647949e-01,6.703349947929382324e-01,6.532240509986877441e-01
6.405642628669738770e-01,6.457560658454895020e-01,6.906355023384094238e-01,6.906343102455139160e-01,6.688813567161560059e-01,6.907625794410705566e-01,6.897065043449401855e-01,6.690375208854675293e-01,6.689798831939697266e-01,6.504197716712951660e-01
6.401053071022033691e-01,6.464753150939941406e-01,6.907238364219665527e-01,6.905713081359863281e-01,6.701066493988037109e-01,6.906003355979919434e-01,6.897194385528564453e-01,6.720149517059326172e-01,6.697791814804077148e-01,6.472893357276916504e-01
6.399306058883666992e-01,6.485511660575866699e-01,6.906307935714721680e-01,6.906118392944335938e-01,6.688572168350219727e-01,6.907242536544799805e-01,6.896958351135253906e-01,6.722137928009033203e-01,6.664274930953979492e-01,6.459805369377136230e-01
6.411503553390502930e-01,6.433243751525878906e-01,6.906619071960449219e-01,6.905870437622070312e-01,6.699086427688598633e-01,6.906757950782775879e-01,6.897159814834594727e-01,6.678205728530883789e-01,6.689469218254089355e-01,6.467658281326293945e-01
6.413188576698303223e-01,6.439293026924133301e-01,6.906542778015136719e-01,6.905791759490966797e-01,6.658078432083129883e-01,6.906418204307556152e-01,6.897010207176208496e-01,6.655786037445068359e-01,6.693874001502990723e-01,6.480342745780944824e-01
6.332907080650329590e-01,6.411824822425842285e-01,6.906926035881042480e-01,6.905857920646667480e-01,6.691421866416931152e-01,6.906194686889648438e-01,6.897351145744323730e-01,6.681274771690368652e-01,6.666733622550964355e-01,6.447944641113281250e-01
6.337167024612426758e-01,6.399918794631958008e-01,6.907004117965698242e-01,6.905869841575622559e-01,6.650535464286804199e-01,6.906203627586364746e-01,6.897366046905517578e-01,6.677826046943664551e-01,6.663985848426818848e-01,6.469686031341552734e-01
6.316784620285034180e-01,6.382147073745727539e-01,6.906681060791015625e-01,6.905750036239624023e-01,6.678690910339355469e-01,6.905694603919982910e-01,6.896960735321044922e-01,6.637184023857116699e-01,6.665374040603637695e-01,6.416226029396057129e-01
6.249930858612060547e-01,6.392711997032165527e-01,6.906861662864685059e-01,6.905998587608337402e-01,6.632896065711975098e-01,6.906352043151855469e-01,6.896997094154357910e-01,6.680464744567871094e-01,6.626039743423461914e-01,6.493249535560607910e-01
6.296428442001342773e-01,6.373047828674316406e-01,6.906257271766662598e-01,6.905992627143859863e-01,6.599614620208740234e-01,6.906607151031494141e-01,6.897351741790771484e-01,6.664696931838989258e-01,6.615881919860839844e-01,6.461894512176513672e-01
6.224087476730346680e-01,6.410893797874450684e-01,6.907184123992919922e-01,6.905726790428161621e-01,6.642356514930725098e-01,6.906492114067077637e-01,6.896878480911254883e-01,6.633890867233276367e-01,6.647626161575317383e-01,6.447784304618835449e-01
6.266117691993713379e-01,6.339377760887145996e-01,6.906753182411193848e-01,6.907603740692138672e-01,6.623525023460388184e-01,6.906303763389587402e-01,6.897018551826477051e-01,6.659272313117980957e-01,6.630587577819824219e-01,6.429060101509094238e-01
6.237211823463439941e-01,6.345238685607910156e-01,6.907153725624084473e-01,6.905841231346130371e-01,6.614197492599487305e-01,6.906181573867797852e-01,6.896529793739318848e-01,6.585820317268371582e-01,6.616981029510498047e-01,6.358503103256225586e-01
6.228892803192138672e-01,6.284679174423217773e-01,6.907145380973815918e-01,6.905273795127868652e-01,6.626521944999694824e-01,6.906763315200805664e-01,6.897892355918884277e-01,6.621816158294677734e-01,6.613547801971435547e-01,6.387498378753662109e-01
6.199170351028442383e-01,6.243216395378112793e-01,6.906694173812866211e-01,6.906054615974426270e-01,6.645832061767578125e-01,6.906475424766540527e-01,6.897072792053222656e-01,6.607508063316345215e-01,6.595156788825988770e-01,6.344883441925048828e-01
6.178243160247802734e-01,6.258481740951538086e-01,6.907030940055847168e-01,6.905661821365356445e-01,6.585339903831481934e-01,6.906266808509826660e-01,6.897983551025390625e-01,6.614878177642822266e-01,6.587435007095336914e-01,6.404871344566345215e-01
6.153415441513061523e-01,6.305797100067138672e-01,6.906778812408447266e-01,6.905426383018493652e-01,6.590453386306762695e-01,6.906232833862304688e-01,6.896882653236389160e-01,6.564354300498962402e-01,6.607792973518371582e-01,6.354866623878479004e-01
6.146923303604125977e-01,6.244467496871948242e-01,6.906331181526184082e-01,6.905342340469360352e-01,6.601000428199768066e-01,6.906729936599731445e-01,6.897267103195190430e-01,6.569262146949768066e-01,6.585545539855957031e-01,6.349148750305175781e-01
6.157990694046020508e-01,6.243332624435424805e-01,6.906760931015014648e-01,6.906195282936096191e-01,6.572166681289672852e-01,6.906362175941467285e-01,6.895857453346252441e-01,6.597818136215209961e-01,6.575762033462524414e-01,6.372720003128051758e-01
6.106570363044738770e-01,6.267573237419128418e-01,6.907212138175964355e-01,6.905965805053710938e-01,6.553483605384826660e-01,6.906663179397583008e-01,6.897056698799133301e-01,6.546091437339782715e-01,6.520034074783325195e-01,6.354039311408996582e-01
6.077477931976318359e-01,6.274145841598510742e-01,6.907148957252502441e-01,6.905927062034606934e-01,6.528639197349548340e-01,6.906297206878662109e-01,6.896829009056091309e-01,6.580531597137451172e-01,6.525105237960815430e-01,6.358676552772521973e-01
6.096513867378234863e-01,6.186463832855224609e-01,6.906579732894897461e-01,6.906182765960693359e-01,6.517644524574279785e-01,6.906549930572509766e-01,6.897540688514709473e-01,6.550157070159912109e-01,6.528257727622985840e-01,6.376183032989501953e-01
6.082352995872497559e-01,6.229861378669738770e-01,6.906474828720092773e-01,6.905787587165832520e-01,6.501061916351318359e-01,6.906605362892150879e-01,6.897038221359252930e-01,6.555121541023254395e-01,6.526808142662048340e-01,6.390712261199951172e-01
5.987420678138732910e-01,6.170675158500671387e-01,6.906509399414062500e-01,6.906007528305053711e-01,6.534174680709838867e-01,6.905952095985412598e-01,6.897202134132385254e-01,6.539055705070495605e-01,6.514313220977783203e-01,6.341508030891418457e-01
6.060831546783447266e-01,6.182907819747924805e-01,6.906437277793884277e-01,6.905924677848815918e-01,6.524561047554016113e-01,6.906490325927734375e-01,6.896979212760925293e-01,6.523361802101135254e-01,6.517621874809265137e-01,6.229993700981140137e-01
6.031432151794433594e-01,6.136947870254516602e-01,6.907295584678649902e-01,6.906071305274963379e-01,6.465338468551635742e-01,6.906725764274597168e-01,6.896861195564270020e-01,6.541353464126586914e-01,6.515070796012878418e-01,6.362316012382507324e-01
6.055390238761901855e-01,6.118799448013305664e-01,6.906701922416687012e-01,6.905679702758789062e-01,6.476588249206542969e-01,6.906279325485229492e-01,6.896537542343139648e-01,6.547946333885192871e-01,6.515330672264099121e-01,6.325109004974365234e-01
6.121311187744140625e-01,6.134588122367858887e-01,6.907040476799011230e-01,6.905962228775024414e-01,6.424020528793334961e-01,6.906533241271972656e-01,6.896107792854309082e-01,6.533195972442626953e-01,6.485391259193420410e-01,6.296502351760864258e-01
5.969696044921875000e-01,6.094940900802612305e-01,6.906521916389465332e-01,6.905509233474731445e-01,6.480407118797302246e-01,6.906529664993286133e-01,6.896330714225769043e-01,6.507825851440429688e-01,6.504676342010498047e-01,6.312133073806762695e-01
5.941398739814758301e-01,6.071846485137939453e-01,6.906421780586242676e-01,6.905499100685119629e-01,6.488035321235656738e-01,6.906285881996154785e-01,6.896541714668273926e-01,6.534982919692993164e-01,6.507680416107177734e-01,6.313652992248535156e-01
5.976893901824951172e-01,6.061788201332092285e-01,6.906526684761047363e-01,6.905706524848937988e-01,6.402831673622131348e-01,6.906363964080810547e-01,6.895951628684997559e-01,6.543074846267700195e-01,6.430211663246154785e-01,6.335843205451965332e-01
5.884736776351928711e-01,6.017758846282958984e-01,6.907084584236145020e-01,6.906095743179321289e-01,6.413872838020324707e-01,6.906600594520568848e-01,6.897495985031127930e-01,6.511771082878112793e-01,6.466652154922485352e-01,6.332331299781799316e-01
5.893475413322448730e-01,6.024967432022094727e-01,6.906905770301818848e-01,6.905193328857421875e-01,6.408635973930358887e-01,6.906085014343261719e-01,6.896890401840209961e-01,6.488152742385864258e-01,6.464742422103881836e-01,6.277142167091369629e-01
5.941400527954101562e-01,6.079115271568298340e-01,6.907184123992919922e-01,6.905877590179443359e-01,6.407359242439270020e-01,6.906243562698364258e-01,6.897541284561157227e-01,6.516520380973815918e-01,6.411137580871582031e-01,6.363881230354309082e-01
5.940128564834594727e-01,6.034526824951171875e-01,6.907272934913635254e-01,6.905612349510192871e-01,6.441335678100585938e-01,6.906433701515197754e-01,6.896999478340148926e-01,6.499917507171630859e-01,6.422764658927917480e-01,6.310980916023254395e-01
5.890501737594604492e-01,5.992855429649353027e-01,6.907033920288085938e-01,6.905367970466613770e-01,6.411333084106445312e-01,6.906763315200805664e-01,6.896681785583496094e-01,6.466783285140991211e-01,6.405360698699951172e-01,6.258885264396667480e-01
5.886986851692199707e-01,5.911228060722351074e-01,6.906356811523437500e-01,6.905195713043212891e-01,6.357823610305786133e-01,6.906848549842834473e-01,6.896936893463134766e-01,6.429160237312316895e-01,6.438218951225280762e-01,6.247833371162414551e-01
5.861755609512329102e-01,5.991532206535339355e-01,6.907606124877929688e-01,6.906300783157348633e-01,6.349919438362121582e-01,6.906270980834960938e-01,6.896268129348754883e-01,6.428575515747070312e-01,6.431841254234313965e-01,6.301952600479125977e-01
5.867088437080383301e-01,5.875241756439208984e-01,6.906666159629821777e-01,6.905636191368103027e-01,6.340203881263732910e-01,6.906285285949707031e-01,6.896795034408569336e-01,6.414154171943664551e-01,6.406781077384948730e-01,6.264441609382629395e-01
5.908967256546020508e-01,5.940640568733215332e-01,6.907238960266113281e-01,6.905813217163085938e-01,6.325029730796813965e-01,6.906337141990661621e-01,6.897026300430297852e-01,6.391115784645080566e-01,6.387520432472229004e-01,6.247393488883972168e-01
5.760580301284790039e-01,5.880799293518066406e-01,6.906662583351135254e-01,6.905514001846313477e-01,6.263584494590759277e-01,6.906868815422058105e-01,6.896833777427673340e-01,6.464874744415283203e-01,6.407968401908874512e-01,6.226850748062133789e-01
5.829358696937561035e-01,5.873994827270507812e-01,6.906077265739440918e-01,6.905882358551025391e-01,6.298075914382934570e-01,6.906579732894897461e-01,6.897239089012145996e-01,6.425679326057434082e-01,6.382720470428466797e-01,6.289215683937072754e-01
5.850088596343994141e-01,5.854262709617614746e-01,6.907325983047485352e-01,6.905924081802368164e-01,6.241437792778015137e-01,6.906188130378723145e-01,6.896102428436279297e-01,6.416516900062561035e-01,6.296681165695190430e-01,6.189570426940917969e-01
5.776197910308837891e-01,5.948385000228881836e-01,6.907308101654052734e-01,6.905971765518188477e-01,6.276465654373168945e-01,6.906728148460388184e-01,6.897037029266357422e-01,6.433821916580200195e-01,6.371460556983947754e-01,6.302282810211181641e-01
5.812215805053710938e-01,5.885244011878967285e-01,6.906827688217163086e-01,6.905528903007507324e-01,6.227498650550842285e-01,6.906453371047973633e-01,6.896626949310302734e-01,6.391504406929016113e-01,6.297516226768493652e-01,6.222434639930725098e-01
5.792206525802612305e-01,5.918977260589599609e-01,6.906681060791015625e-01,6.905528306961059570e-01,6.200596690177917480e-01,6.906025409698486328e-01,6.896860599517822266e-01,6.386192440986633301e-01,6.341584324836730957e-01,6.196659803390502930e-01
5.784323215484619141e-01,5.805492401123046875e-01,6.906134486198425293e-01,6.905719041824340820e-01,6.230099797248840332e-01,6.906424164772033691e-01,6.896436214447021484e-01,6.338828802108764648e-01,6.338398456573486328e-01,6.298931837081909180e-01
5.744827985763549805e-01,5.911412835121154785e-01,6.906493902206420898e-01,6.905248165130615234e-01,6.220641136169433594e-01,6.906704306602478027e-01,6.896715164184570312e-01,6.303111314773559570e-01,6.305578947067260742e-01,6.167597174644470215e-01
5.884310603141784668e-01,5.840731263160705566e-01,6.906641721725463867e-01,6.905734539031982422e-01,6.204016804695129395e-01,6.906261444091796875e-01,6.896415948867797852e-01,6.355085372924804688e-01,6.381296515464782715e-01,6.245393753051757812e-01
5.765537619590759277e-01,5.772731900215148926e-01,6.906493306159973145e-01,6.905640363693237305e-01,6.115567088127136230e-01,6.906130313873291016e-01,6.896001100540161133e-01,6.352816224098205566e-01,6.367135643959045410e-01,6.239369511604309082e-01
5.746511220932006836e-01,5.848087072372436523e-01,6.907459497451782227e-01,6.906042695045471191e-01,6.162794232368469238e-01,6.906116008758544922e-01,6.895989775657653809e-01,6.339824199676513672e-01,6.291813254356384277e-01,6.172804832458496094e-01
5.840939283370971680e-01,5.898055434226989746e-01,6.906790137290954590e-01,6.905825138092041016e-01,6.165776252746582031e-01,6.906212568283081055e-01,6.897006630897521973e-01,6.263295412063598633e-01,6.265868544578552246e-01,6.156371831893920898e-01
5.752370953559875488e-01,5.835281014442443848e-01,6.906647086143493652e-01,6.905668973922729492e-01,6.149268150329589844e-01,6.906739473342895508e-01,6.896641850471496582e-01,6.255082488059997559e-01,6.349899172782897949e-01,6.179924011230468750e-01
5.765558481216430664e-01,5.810062289237976074e-01,6.906962394714355469e-01,6.905426383018493652e-01,6.179065704345703125e-01,6.906338334083557129e-01,6.896642446517944336e-01,6.224299669265747070e-01,6.251187920570373535e-01,6.180396080017089844e-01
5.707846879959106445e-01,5.849946141242980957e-01,6.906495094299316406e-01,6.905366182327270508e-01,6.103418469429016113e-01,6.906224489212036133e-01,6.896302103996276855e-01,6.264633536338806152e-01,6.250078082084655762e-01,6.191234588623046875e-01
5.726715922355651855e-01,5.689035654067993164e-01,6.907158493995666504e-01,6.905954480171203613e-01,6.157975792884826660e-01,6.906754970550537109e-01,6.896255016326904297e-01,6.145744919776916504e-01,6.239341497421264648e-01,6.188706755638122559e-01
5.662453174591064453e-01,5.754755139350891113e-01,6.907586455345153809e-01,6.905821561813354492e-01,6.120772957801818848e-01,6.906519532203674316e-01,6.896113157272338867e-01,6.170646548271179199e-01,6.248891353607177734e-01,6.220604181289672852e-01
5.695294141769409180e-01,5.745211839675903320e-01,6.907329559326171875e-01,6.906648278236389160e-01,6.117000579833984375e-01,6.906544566154479980e-01,6.896480917930603027e-01,6.245141029357910156e-01,6.168498396873474121e-01,6.133028864860534668e-01
5.665637254714965820e-01,5.785010457038879395e-01,6.906668543815612793e-01,6.905496120452880859e-01,6.079813838005065918e-01,6.906795501708984375e-01,6.896367669105529785e-01,6.184475421905517578e-01,6.242313981056213379e-01,6.138250231742858887e-01
5.643607974052429199e-01,5.728553533554077148e-01,6.906912326812744141e-01,6.905515193939208984e-01,6.119075417518615723e-01,6.906231641769409180e-01,6.896511316299438477e-01,6.161240339279174805e-01,6.265516877174377441e-01,6.170254349708557129e-01
5.693131089210510254e-01,5.676287412643432617e-01,6.906557083129882812e-01,6.906011104583740234e-01,6.104308962821960449e-01,6.906194090843200684e-01,6.896619200706481934e-01,6.144451498985290527e-01,6.188532710075378418e-01,6.194322705268859863e-01
5.713667869567871094e-01,5.718814730644226074e-01,6.907061934471130371e-01,6.905719041824340820e-01,6.035965681076049805e-01,6.907072067260742188e-01,6.896577477455139160e-01,6.135002970695495605e-01,6.144266128540039062e-01,6.170039772987365723e-01
5.631310939788818359e-01,5.714638233184814453e-01,6.907274127006530762e-01,6.906152367591857910e-01,6.032149791717529297e-01,6.906197667121887207e-01,6.896659731864929199e-01,6.138554215431213379e-01,6.144682168960571289e-01,6.135737299919128418e-01
5.657283663749694824e-01,5.685539245605468750e-01,6.906663775444030762e-01,6.905992627143859863e-01,5.989222526550292969e-01,6.906051635742187500e-01,6.896271705627441406e-01,6.158835291862487793e-01,6.155074238777160645e-01,6.191834211349487305e-01
5.686292648315429688e-01,5.726957321166992188e-01,6.906465291976928711e-01,6.905882358551025391e-01,6.045903563499450684e-01,6.906083822250366211e-01,6.896661520004272461e-01,6.144764423370361328e-01,6.175669431686401367e-01,6.190956830978393555e-01
5.768801569938659668e-01,5.720993876457214355e-01,6.906622648239135742e-01,6.905809640884399414e-01,6.031718850135803223e-01,6.906439661979675293e-01,6.896638274192810059e-01,6.079922914505004883e-01,6.132238507270812988e-01,6.158142089843750000e-01
5.651827454566955566e-01,5.672522783279418945e-01,6.906645298004150391e-01,6.906248927116394043e-01,5.974159240722656250e-01,6.906275749206542969e-01,6.896464228630065918e-01,6.121405363082885742e-01,6.169732213020324707e-01,6.165952086448669434e-01
5.697572231292724609e-01,5.662769675254821777e-01,6.906500458717346191e-01,6.906098723411560059e-01,5.979452729225158691e-01,6.906042695045471191e-01,6.896773576736450195e-01,6.117979288101196289e-01,6.118167638778686523e-01,6.128422021865844727e-01
5.674926638603210449e-01,5.654953122138977051e-01,6.906837224960327148e-01,6.906116008758544922e-01,6.022872924804687500e-01,6.906365752220153809e-01,6.896587014198303223e-01,6.063957810401916504e-01,6.190199851989746094e-01,6.167559623718261719e-01
5.594819784164428711e-01,5.671719908714294434e-01,6.907032728195190430e-01,6.905685067176818848e-01,5.974633693695068359e-01,6.906264424324035645e-01,6.896667480468750000e-01,6.050279736518859863e-01,6.153919696807861328e-01,6.106438636779785156e-01
5.656829476356506348e-01,5.634292364120483398e-01,6.906546950340270996e-01,6.905387043952941895e-01,5.884506702423095703e-01,6.906470656394958496e-01,6.896737813949584961e-01,6.012551188468933105e-01,6.081316471099853516e-01,6.146910786628723145e-01
5.657501220703125000e-01,5.686603188514709473e-01,6.906148791313171387e-01,6.905550360679626465e-01,5.901785492897033691e-01,6.906409263610839844e-01,6.895961165428161621e-01,5.999735593795776367e-01,6.117431521415710449e-01,6.163443922996520996e-01
5.625374913215637207e-01,5.626181960105895996e-01,6.906480789184570312e-01,6.905688643455505371e-01,6.014287471771240234e-01,6.906326413154602051e-01,6.896703243255615234e-01,6.085147261619567871e-01,6.101270318031311035e-01,6.073039770126342773e-01
5.557923913002014160e-01,5.577213168144226074e-01,6.907120347023010254e-01,6.905717253684997559e-01,5.908803939819335938e-01,6.906032562255859375e-01,6.896948814392089844e-01,6.056816577911376953e-01,6.103541851043701172e-01,6.144796013832092285e-01
5.538028478622436523e-01,5.547800660133361816e-01,6.906434893608093262e-01,6.906151175498962402e-01,5.914950370788574219e-01,6.906754374504089355e-01,6.896411180496215820e-01,6.052140593528747559e-01,6.069988012313842773e-01,6.119840741157531738e-01
5.628800988197326660e-01,5.662432312965393066e-01,6.906862258911132812e-01,6.905667781829833984e-01,5.856351852416992188e-01,6.906229853630065918e-01,6.896716952323913574e-01,5.919321775436401367e-01,6.097768545150756836e-01,6.075484752655029297e-01
5.606491565704345703e-01,5.569934844970703125e-01,6.906043887138366699e-01,6.906005740165710449e-01,5.919651985168457031e-01,6.906258463859558105e-01,6.896267533302307129e-01,6.008927822113037109e-01,6.105082035064697266e-01,6.164066195487976074e-01
5.688301324844360352e-01,5.503284931182861328e-01,6.907292604446411133e-01,6.905799508094787598e-01,5.899228453636169434e-01,6.906352639198303223e-01,6.896409988403320312e-01,5.951990485191345215e-01,6.154536008834838867e-01,6.133166551589965820e-01
5.548267960548400879e-01,5.585557818412780762e-01,6.906835436820983887e-01,6.906132698059082031e-01,5.916093587875366211e-01,6.906195282936096191e-01,6.897022128105163574e-01,5.983873009681701660e-01,6.002280116081237793e-01,6.059791445732116699e-01
5.590212941169738770e-01,5.530465245246887207e-01,6.907017230987548828e-01,6.904993653297424316e-01,5.934107303619384766e-01,6.906155943870544434e-01,6.896827816963195801e-01,5.886656641960144043e-01,6.044299602508544922e-01,6.080610156059265137e-01
5.467527508735656738e-01,5.595916509628295898e-01,6.906594038009643555e-01,6.905757188796997070e-01,5.862578153610229492e-01,6.906266808509826660e-01,6.896544694900512695e-01,6.003613471984863281e-01,6.035634279251098633e-01,6.172439455986022949e-01
5.571029186248779297e-01,5.511917471885681152e-01,6.906866431236267090e-01,6.906433701515197754e-01,5.918983817100524902e-01,6.906544566154479980e-01,6.896657347679138184e-01,5.953707695007324219e-01,6.009728312492370605e-01,6.153569817543029785e-01
5.550748109817504883e-01,5.460483431816101074e-01,6.906830072402954102e-01,6.905587315559387207e-01,5.787326693534851074e-01,6.906380653381347656e-01,6.896127462387084961e-01,6.003527641296386719e-01,6.039350628852844238e-01,6.065825819969177246e-01
5.607590079307556152e-01,5.546194911003112793e-01,6.906678080558776855e-01,6.905678510665893555e-01,5.885916948318481445e-01,6.906512379646301270e-01,6.896655559539794922e-01,5.910522937774658203e-01,5.997319221496582031e-01,6.079478859901428223e-01
5.594574809074401855e-01,5.465744733810424805e-01,6.906649470329284668e-01,6.904948353767395020e-01,5.918316245079040527e-01,6.906621456146240234e-01,6.896665692329406738e-01,5.845074057579040527e-01,6.031987667083740234e-01,6.100327372550964355e-01
5.573416352272033691e-01,5.508660078048706055e-01,6.906700730323791504e-01,6.905604004859924316e-01,5.844951868057250977e-01,6.906819343566894531e-01,6.897146105766296387e-01,5.851257443428039551e-01,6.005176305770874023e-01,6.033980846405029297e-01
5.576028227806091309e-01,5.608690977096557617e-01,6.906660795211791992e-01,6.905863881111145020e-01,5.726810693740844727e-01,6.906332373619079590e-01,6.896192431449890137e-01,5.969140529632568359e-01,6.025310158729553223e-01,6.054754257202148438e-01
5.590006113052368164e-01,5.516119003295898438e-01,6.906648278236389160e-01,6.905617117881774902e-01,5.846394896507263184e-01,6.906425356864929199e-01,6.896482110023498535e-01,5.889381766319274902e-01,5.977963805198669434e-01,6.125972867012023926e-01
5.506736636161804199e-01,5.506051778793334961e-01,6.906684041023254395e-01,6.905828714370727539e-01,5.794063210487365723e-01,6.906936168670654297e-01,6.896245479583740234e-01,5.896702408790588379e-01,5.975606441497802734e-01,6.005185842514038086e-01
5.555463433265686035e-01,5.465227961540222168e-01,6.906836032867431641e-01,6.906198859214782715e-01,5.736467838287353516e-01,6.906350255012512207e-01,6.896077394485473633e-01,5.936516523361206055e-01,5.992941856384277344e-01,6.073612570762634277e-01
5.401126742362976074e-01,5.511770844459533691e-01,6.906757950782775879e-01,6.905523538589477539e-01,5.914306640625000000e-01,6.906580924987792969e-01,6.896745562553405762e-01,5.866452455520629883e-01,5.989721417427062988e-01,6.015506386756896973e-01
5.505187511444091797e-01,5.412213206291198730e-01,6.906847357749938965e-01,6.906273365020751953e-01,5.851677060127258301e-01,6.906356215476989746e-01,6.896594166755676270e-01,5.792239904403686523e-01,5.990782976150512695e-01,6.013988256454467773e-01
5.562180876731872559e-01,5.435460209846496582e-01,6.906746029853820801e-01,6.905413866043090820e-01,5.789282917976379395e-01,6.906647682189941406e-01,6.896398067474365234e-01,5.923028588294982910e-01,5.966439247131347656e-01,6.065741181373596191e-01
5.477159023284912109e-01,5.520350337028503418e-01,6.906697750091552734e-01,6.906219124794006348e-01,5.830143690109252930e-01,6.906124949455261230e-01,6.896715164184570312e-01,5.853818655014038086e-01,5.933943390846252441e-01,6.117956042289733887e-01
5.546776056289672852e-01,5.437695384025573730e-01,6.907149553298950195e-01,6.905782818794250488e-01,5.812343358993530273e-01,6.907209157943725586e-01,6.896630525588989258e-01,5.897516608238220215e-01,5.956550240516662598e-01,6.016774773597717285e-01
5.582202672958374023e-01,5.496672987937927246e-01,6.907146573066711426e-01,6.905871033668518066e-01,5.699913501739501953e-01,6.906402111053466797e-01,6.897109746932983398e-01,5.770417451858520508e-01,5.980193614959716797e-01,6.022151708602905273e-01
5.509289503097534180e-01,5.521646142005920410e-01,6.906312704086303711e-01,6.905960440635681152e-01,5.775867104530334473e-01,6.905981302261352539e-01,6.897048950195312500e-01,5.873287320137023926e-01,5.803043842315673828e-01,6.003403663635253906e-01
5.568956732749938965e-01,5.471166372299194336e-01,6.906963586807250977e-01,6.905879974365234375e-01,5.798498392105102539e-01,6.906061768531799316e-01,6.896220445632934570e-01,5.783886313438415527e-01,5.958811044692993164e-01,6.089886426925659180e-01
5.484179258346557617e-01,5.445240139961242676e-01,6.907210350036621094e-01,6.905956268310546875e-01,5.755301713943481445e-01,6.906308531761169434e-01,6.896216869354248047e-01,5.883788466453552246e-01,5.852211713790893555e-01,6.061019897460937500e-01
5.511990785598754883e-01,5.404688119888305664e-01,6.906714439392089844e-01,6.906023621559143066e-01,5.758090019226074219e-01,6.906287074089050293e-01,6.895852684974670410e-01,5.790292620658874512e-01,5.869008898735046387e-01,6.006166934967041016e-01
5.448430180549621582e-01,5.397722125053405762e-01,6.906888484954833984e-01,6.905896067619323730e-01,5.675625205039978027e-01,6.906017661094665527e-01,6.896135807037353516e-01,5.857443809509277344e-01,5.924193263053894043e-01,5.990191698074340820e-01
5.478284358978271484e-01,5.418043136596679688e-01,6.906299591064453125e-01,6.905357837677001953e-01,5.670096874237060547e-01,6.906351447105407715e-01,6.895561814308166504e-01,5.805007219314575195e-01,5.864614248275756836e-01,5.956124067306518555e-01
5.512233376502990723e-01,5.362306237220764160e-01,6.906950473785400391e-01,6.905499100685119629e-01,5.746884346008300781e-01,6.906949877738952637e-01,6.896496415138244629e-01,5.756664872169494629e-01,5.804002881050109863e-01,6.015628576278686523e-01
5.569716691970825195e-01,5.373686552047729492e-01,6.906558275222778320e-01,6.905606389045715332e-01,5.722922682762145996e-01,6.905732154846191406e-01,6.896449327468872070e-01,5.732076168060302734e-01,5.841180682182312012e-01,6.002089977264404297e-01
5.505156517028808594e-01,5.409460663795471191e-01,6.907418370246887207e-01,6.905480027198791504e-01,5.784491896629333496e-01,6.906621456146240234e-01,6.896993517875671387e-01,5.833944082260131836e-01,5.856206417083740234e-01,5.966812372207641602e-01
5.453934669494628906e-01,5.409306287765502930e-01,6.907238364219665527e-01,6.905938982963562012e-01,5.703611373901367188e-01,6.906358599662780762e-01,6.895721554756164551e-01,5.803044438362121582e-01,5.910993218421936035e-01,6.028338670730590820e-01
5.496242046356201172e-01,5.371469259262084961e-01,6.906647682189941406e-01,6.905980110168457031e-01,5.738849639892578125e-01,6.906190514564514160e-01,6.896352171897888184e-01,5.740267634391784668e-01,5.841156244277954102e-01,6.005862355232238770e-01
5.507304072380065918e-01,5.537191033363342285e-01,6.906586289405822754e-01,6.905815005302429199e-01,5.685288310050964355e-01,6.906452775001525879e-01,6.896317005157470703e-01,5.723494887351989746e-01,5.756430029869079590e-01,6.035365462303161621e-01
5.507661700248718262e-01,5.389277338981628418e-01,6.906487941741943359e-01,6.905599832534790039e-01,5.763896107673645020e-01,6.906211376190185547e-01,6.896780729293823242e-01,5.781068205833435059e-01,5.831543803215026855e-01,5.981603860855102539e-01
5.545229911804199219e-01,5.377967357635498047e-01,6.906989216804504395e-01,6.905995011329650879e-01,5.702193379402160645e-01,6.906213164329528809e-01,6.896703243255615234e-01,5.743155479431152344e-01,5.774427652359008789e-01,5.975952744483947754e-01
5.424772500991821289e-01,5.459266304969787598e-01,6.906743049621582031e-01,6.905445456504821777e-01,5.694896578788757324e-01,6.906228065490722656e-01,6.896840929985046387e-01,5.791643261909484863e-01,5.800688862800598145e-01,5.947695970535278320e-01
5.462251305580139160e-01,5.290502905845642090e-01,6.906778812408447266e-01,6.905447244644165039e-01,5.720958709716796875e-01,6.906594038009643555e-01,6.895506381988525391e-01,5.742609500885009766e-01,5.844504237174987793e-01,5.985692739486694336e-01
5.387181043624877930e-01,5.305715799331665039e-01,6.906598806381225586e-01,6.906133890151977539e-01,5.595636963844299316e-01,6.906771063804626465e-01,6.896310448646545410e-01,5.769041776657104492e-01,5.786345601081848145e-01,5.971144437789916992e-01
5.550650358200073242e-01,5.406916737556457520e-01,6.906707286834716797e-01,6.905113458633422852e-01,5.677234530448913574e-01,6.906526088714599609e-01,6.896212697029113770e-01,5.811185240745544434e-01,5.754227638244628906e-01,5.908833742141723633e-01
5.501219034194946289e-01,5.348642468452453613e-01,6.905848979949951172e-01,6.905782818794250488e-01,5.646135807037353516e-01,6.906711459159851074e-01,6.896658539772033691e-01,5.822157859802246094e-01,5.757920145988464355e-01,5.959290862083435059e-01
5.462974905967712402e-01,5.464644432067871094e-01,6.906616091728210449e-01,6.905094385147094727e-01,5.639714598655700684e-01,6.906304955482482910e-01,6.896378993988037109e-01,5.699059367179870605e-01,5.774364471435546875e-01,5.906856060028076172e-01
5.560590028762817383e-01,5.320580005645751953e-01,6.906527280807495117e-01,6.905483603477478027e-01,5.614436864852905273e-01,6.906426548957824707e-01,6.896159648895263672e-01,5.775423049926757812e-01,5.698016285896301270e-01,6.003932356834411621e-01
5.506991147994995117e-01,5.264760851860046387e-01,6.907436847686767578e-01,6.905425786972045898e-01,5.649290680885314941e-01,6.906803846359252930e-01,6.896409392356872559e-01,5.640661120414733887e-01,5.685299634933471680e-01,5.896385312080383301e-01
5.445342063903808594e-01,5.383405685424804688e-01,6.906090974807739258e-01,6.905349493026733398e-01,5.610452890396118164e-01,6.906592249870300293e-01,6.896298527717590332e-01,5.767313241958618164e-01,5.675428509712219238e-01,5.963339209556579590e-01
5.429120063781738281e-01,5.287855863571166992e-01,6.906690597534179688e-01,6.905398964881896973e-01,5.611342787742614746e-01,6.906397342681884766e-01,6.896374821662902832e-01,5.751283764839172363e-01,5.643362402915954590e-01,5.913410782814025879e-01
5.403859615325927734e-01,5.338177680969238281e-01,6.906729340553283691e-01,6.905778646469116211e-01,5.631553530693054199e-01,6.906545162200927734e-01,6.896507143974304199e-01,5.674266219139099121e-01,5.713170766830444336e-01,5.809498429298400879e-01
5.519741773605346680e-01,5.384014248847961426e-01,6.906555294990539551e-01,6.905492544174194336e-01,5.524523854255676270e-01,6.906356811523437500e-01,6.896389126777648926e-01,5.650983452796936035e-01,5.691161155700683594e-01,5.882394313812255859e-01
5.495685935020446777e-01,5.231542587280273438e-01,6.907149553298950195e-01,6.906048059463500977e-01,5.615257620811462402e-01,6.906764507293701172e-01,6.896286010742187500e-01,5.772277116775512695e-01,5.611376166343688965e-01,5.921960473060607910e-01
5.519155263900756836e-01,5.447502136230468750e-01,6.906517744064331055e-01,6.905254125595092773e-01,5.605844855308532715e-01,6.906173229217529297e-01,6.896879673004150391e-01,5.676780343055725098e-01,5.618612766265869141e-01,5.900300741195678711e-01
5.391415357589721680e-01,5.285410881042480469e-01,6.906992793083190918e-01,6.906048059463500977e-01,5.619527697563171387e-01,6.906308531761169434e-01,6.896584630012512207e-01,5.692623257637023926e-01,5.595568418502807617e-01,5.905549526214599609e-01
5.425104498863220215e-01,5.420380234718322754e-01,6.907036304473876953e-01,6.905475854873657227e-01,5.633909702301025391e-01,6.905703544616699219e-01,6.896460652351379395e-01,5.538791418075561523e-01,5.664823055267333984e-01,5.855046510696411133e-01
5.430292487144470215e-01,5.365797877311706543e-01,6.906569600105285645e-01,6.905990839004516602e-01,5.734121203422546387e-01,6.906734108924865723e-01,6.895799636840820312e-01,5.643424391746520996e-01,5.723946690559387207e-01,5.908715128898620605e-01
5.450152158737182617e-01,5.315104722976684570e-01,6.907244920730590820e-01,6.906222701072692871e-01,5.613318085670471191e-01,6.906522512435913086e-01,6.896587014198303223e-01,5.559411048889160156e-01,5.617300868034362793e-01,5.974031686782836914e-01
5.354936122894287109e-01,5.258221030235290527e-01,6.906718611717224121e-01,6.906132698059082031e-01,5.616913437843322754e-01,6.905788779258728027e-01,6.897006630897521973e-01,5.608294606208801270e-01,5.589380264282226562e-01,5.793131589889526367e-01
5.440955758094787598e-01,5.313917994499206543e-01,6.906441450119018555e-01,6.905600428581237793e-01,5.554990172386169434e-01,6.906926035881042480e-01,6.896648406982421875e-01,5.527306199073791504e-01,5.550284981727600098e-01,5.837761163711547852e-01
5.331975221633911133e-01,5.270853638648986816e-01,6.906658411026000977e-01,6.905435323715209961e-01,5.519149899482727051e-01,6.906616091728210449e-01,6.896156668663024902e-01,5.516342520713806152e-01,5.618955492973327637e-01,5.901517868041992188e-01
5.391934514045715332e-01,5.252012014389038086e-01,6.906583309173583984e-01,6.905288696289062500e-01,5.552517771720886230e-01,6.906273365020751953e-01,6.896579861640930176e-01,5.524696707725524902e-01,5.624921917915344238e-01,5.879617929458618164e-01
5.302970409393310547e-01,5.206025242805480957e-01,6.906804442405700684e-01,6.906675100326538086e-01,5.632844567298889160e-01,6.906522512435913086e-01,6.896331906318664551e-01,5.499826669692993164e-01,5.645795464515686035e-01,5.872732400894165039e-01
5.521718859672546387e-01,5.289877653121948242e-01,6.906710267066955566e-01,6.905812621116638184e-01,5.540751218795776367e-01,6.906688809394836426e-01,6.897506713867187500e-01,5.499793291091918945e-01,5.649510025978088379e-01,5.804929137229919434e-01
5.378595590591430664e-01,5.384039878845214844e-01,6.907231807708740234e-01,6.905660033226013184e-01,5.562741756439208984e-01,6.906130909919738770e-01,6.896339654922485352e-01,5.482910871505737305e-01,5.470607876777648926e-01,5.755830407142639160e-01
5.428594350814819336e-01,5.224002003669738770e-01,6.907019615173339844e-01,6.905966401100158691e-01,5.520514249801635742e-01,6.906405091285705566e-01,6.896331906318664551e-01,5.514401197433471680e-01,5.609847307205200195e-01,5.723846554756164551e-01
5.428326725959777832e-01,5.252186059951782227e-01,6.907526850700378418e-01,6.905417442321777344e-01,5.556616783142089844e-01,6.906618475914001465e-01,6.896654367446899414e-01,5.479516386985778809e-01,5.507304668426513672e-01,5.804146528244018555e-01
5.373975038528442383e-01,5.207418799400329590e-01,6.906539797782897949e-01,6.905674338340759277e-01,5.561667084693908691e-01,6.906419992446899414e-01,6.896250844001770020e-01,5.572823286056518555e-01,5.569670200347900391e-01,5.773887634277343750e-01
5.401892662048339844e-01,5.260751843452453613e-01,6.906240582466125488e-01,6.906589269638061523e-01,5.480360984802246094e-01,6.905713081359863281e-01,6.896862983703613281e-01,5.418135523796081543e-01,5.582394599914550781e-01,5.788879990577697754e-01
5.348709225654602051e-01,5.263105034828186035e-01,6.907055974006652832e-01,6.906092166900634766e-01,5.560875535011291504e-01,6.906200647354125977e-01,6.896250247955322266e-01,5.496126413345336914e-01,5.493933558464050293e-01,5.811001062393188477e-01
5.375170111656188965e-01,5.265848040580749512e-01,6.906777620315551758e-01,6.905801296234130859e-01,5.444468855857849121e-01,6.906671524047851562e-01,6.896390318870544434e-01,5.434624552726745605e-01,5.452637076377868652e-01,5.779236555099487305e-01
5.331599712371826172e-01,5.305570363998413086e-01,6.906853318214416504e-01,6.905511021614074707e-01,5.548923015594482422e-01,6.906390190124511719e-01,6.895591616630554199e-01,5.458849072456359863e-01,5.500391125679016113e-01,5.693119764328002930e-01
5.372977256774902344e-01,5.239812135696411133e-01,6.906691193580627441e-01,6.905929446220397949e-01,5.502610802650451660e-01,6.906189322471618652e-01,6.896722912788391113e-01,5.483818054199218750e-01,5.425587296485900879e-01,5.712032318115234375e-01
5.393565893173217773e-01,5.182986855506896973e-01,6.906213760375976562e-01,6.905489563941955566e-01,5.527845025062561035e-01,6.906730532646179199e-01,6.895881891250610352e-01,5.483320355415344238e-01,5.415976047515869141e-01,5.680909752845764160e-01
5.263704657554626465e-01,5.287677645683288574e-01,6.906650662422180176e-01,6.905928254127502441e-01,5.498428940773010254e-01,6.906866431236267090e-01,6.896211504936218262e-01,5.430081486701965332e-01,5.399710536003112793e-01,5.707196593284606934e-01
5.298438668251037598e-01,5.153793692588806152e-01,6.906794905662536621e-01,6.905257105827331543e-01,5.515760779380798340e-01,6.906386613845825195e-01,6.896410584449768066e-01,5.336846709251403809e-01,5.395708084106445312e-01,5.681667327880859375e-01
5.390856862068176270e-01,5.316780209541320801e-01,6.907189488410949707e-01,6.905556917190551758e-01,5.371667146682739258e-01,6.906951665878295898e-01,6.896612644195556641e-01,5.515643358230590820e-01,5.354970693588256836e-01,5.712184906005859375e-01
5.326814651489257812e-01,5.244303345680236816e-01,6.906437277793884277e-01,6.905498504638671875e-01,5.493461489677429199e-01,6.906469464302062988e-01,6.896582245826721191e-01,5.437375307083129883e-01,5.344216823577880859e-01,5.685999393463134766e-01
5.296153426170349121e-01,5.271280407905578613e-01,6.906810998916625977e-01,6.906022429466247559e-01,5.477517247200012207e-01,6.906677484512329102e-01,6.896554231643676758e-01,5.378831624984741211e-01,5.406900644302368164e-01,5.630087256431579590e-01
5.233672261238098145e-01,5.268939137458801270e-01,6.907040476799011230e-01,6.905778050422668457e-01,5.502481460571289062e-01,6.905968189239501953e-01,6.896598339080810547e-01,5.354564785957336426e-01,5.343592166900634766e-01,5.614643096923828125e-01
5.257076621055603027e-01,5.243834853172302246e-01,6.907072663307189941e-01,6.905418634414672852e-01,5.476910471916198730e-01,6.906880140304565430e-01,6.897218823432922363e-01,5.266252756118774414e-01,5.471944212913513184e-01,5.673395991325378418e-01
5.304578542709350586e-01,5.129274129867553711e-01,6.907324790954589844e-01,6.905511021614074707e-01,5.388189554214477539e-01,6.906657218933105469e-01,6.896258592605590820e-01,5.465754270553588867e-01,5.222201943397521973e-01,5.729539990425109863e-01
5.269827842712402344e-01,5.190608501434326172e-01,6.906780600547790527e-01,6.905736923217773438e-01,5.407549142837524414e-01,6.907122135162353516e-01,6.896218061447143555e-01,5.390991568565368652e-01,5.264996886253356934e-01,5.725994706153869629e-01
5.216114521026611328e-01,5.219677090644836426e-01,6.906847357749938965e-01,6.905403733253479004e-01,5.500696301460266113e-01,6.906118988990783691e-01,6.896796226501464844e-01,5.488843917846679688e-01,5.280749201774597168e-01,5.603611469268798828e-01
5.344653725624084473e-01,5.290477871894836426e-01,6.906479001045227051e-01,6.905323863029479980e-01,5.355181097984313965e-01,6.906313300132751465e-01,6.896577477455139160e-01,5.350306034088134766e-01,5.352291464805603027e-01,5.695195198059082031e-01
5.376904606819152832e-01,5.257264375686645508e-01,6.906700730323791504e-01,6.905522942543029785e-01,5.298051834106445312e-01,6.906648874282836914e-01,6.896485090255737305e-01,5.415922999382019043e-01,5.187277793884277344e-01,5.730128288269042969e-01
5.220206975936889648e-01,5.190096497535705566e-01,6.906676888465881348e-01,6.905274987220764160e-01,5.435698032379150391e-01,6.906423568725585938e-01,6.896516680717468262e-01,5.472172498703002930e-01,5.273455381393432617e-01,5.601174235343933105e-01
